 
       ==============================================
       |                                            |
       |                 C R E S T                  |
       |                                            |
       |  Conformer-Rotamer Ensemble Sampling Tool  |
       |          based on the GFN methods          |
       |             P.Pracht, S.Grimme             |
       |          Universitaet Bonn, MCTC           |
       ==============================================
       Version 2.12,   Thu 19. Mai 16:32:32 CEST 2022
  Using the xTB program. Compatible with xTB version 6.4.0
 
   Cite work conducted with this code as

   • P.Pracht, F.Bohle, S.Grimme, PCCP, 2020, 22, 7169-7192.
   • S.Grimme, JCTC, 2019, 15, 2847-2862.

   and for works involving QCG as

   • S.Spicher, C.Plett, P.Pracht, A.Hansen, S.Grimme,
     JCTC, 2022, 18 (5), 3174-3189.
 
   with help from:
   C.Bannwarth, F.Bohle, S.Ehlert, S.Grimme,
   C.Plett, P.Pracht, S.Spicher
 
   This program is distributed in the hope that it will be useful,
   but WITHOUT ANY WARRANTY; without even the implied warranty of
   MERCHANTABILITY or FITNESS FOR A PARTICULAR PURPOSE.

 Command line input:
 > crest 00013_r_0.xyz -T 28 -gfn2 -chrg 0 -uhf 0 -rthr 0.25 -shake 1 --mdlen 0.5

  -T 28 (CPUs/Threads selected)
  -gfn2 : Use of GFN2-xTB requested.
  -chrg 0
  -uhf 0
  -rthr 0.25
  --mdlen 0.5 (MD length in ps)
 
 -------------------------
 xTB Geometry Optimization
 -------------------------
 Geometry successfully optimized.
 
------------------------------------------------
Generating MTD length from a flexibility measure
------------------------------------------------
 Calculating WBOs... done.
 Calculating NCI flexibility... done.
     covalent flexibility measure :   0.072
 non-covalent flexibility measure :   0.667
 flexibility measure :   0.125
 t(MTD) / ps set by command line  :     0.5
 t(MTD) / ps    :     0.5
 Σ(t(MTD)) / ps :     7.0 (14 MTDs)
 
-------------------------------------
Starting a trial MTD to test settings
-------------------------------------
 Estimated runtime for one MTD (0.5 ps) on a single thread: 1 min 18 sec
 Estimated runtime for a batch of 14 MTDs on 28 threads: 39 sec
 
 list of Vbias parameters applied:
$metadyn    0.00300   1.300
$metadyn    0.00150   1.300
$metadyn    0.00075   1.300
$metadyn    0.00300   0.780
$metadyn    0.00150   0.780
$metadyn    0.00075   0.780
$metadyn    0.00300   0.468
$metadyn    0.00150   0.468
$metadyn    0.00075   0.468
$metadyn    0.00300   0.281
$metadyn    0.00150   0.281
$metadyn    0.00075   0.281
$metadyn    0.00100   0.100
$metadyn    0.00500   0.800
 
*******************************************************************************************
**                        N E W    I T E R A T I O N    C Y C L E                        **
*******************************************************************************************
 
========================================
            MTD Iteration  1
========================================
 
     ========================================
     |         Meta-MD (MTD) Sampling       |
     ========================================
 
Starting Meta-MD   1 with the settings:
     MD time /ps        :     0.5
     dt /fs             :     5.0
     dumpstep(trj) /fs  :     100
     dumpstep(Vbias)/ps :     1.0
     Vbias factor k /Eh :  0.1800
     Vbias exp α /bohr⁻²:    1.30
Starting Meta-MD   2 with the settings:
     MD time /ps        :     0.5
     dt /fs             :     5.0
     dumpstep(trj) /fs  :     100
     dumpstep(Vbias)/ps :     1.0
     Vbias factor k /Eh :  0.0900
     Vbias exp α /bohr⁻²:    1.30
Starting Meta-MD   4 with the settings:
     MD time /ps        :     0.5
     dt /fs             :     5.0
     dumpstep(trj) /fs  :     100
     dumpstep(Vbias)/ps :     1.0
     Vbias factor k /Eh :  0.1800
     Vbias exp α /bohr⁻²:    0.78
Starting Meta-MD   5 with the settings:
     MD time /ps        :     0.5
     dt /fs             :     5.0
     dumpstep(trj) /fs  :     100
     dumpstep(Vbias)/ps :     1.0
     Vbias factor k /Eh :  0.0900
     Vbias exp α /bohr⁻²:    0.78
Starting Meta-MD   6 with the settings:
     MD time /ps        :     0.5
     dt /fs             :     5.0
     dumpstep(trj) /fs  :     100
     dumpstep(Vbias)/ps :     1.0
     Vbias factor k /Eh :  0.0450
     Vbias exp α /bohr⁻²:    0.78
Starting Meta-MD  14 with the settings:
     MD time /ps        :     0.5
     dt /fs             :     5.0
     dumpstep(trj) /fs  :     100
     dumpstep(Vbias)/ps :     1.0
     Vbias factor k /Eh :  0.3000
     Vbias exp α /bohr⁻²:    0.80
Starting Meta-MD   7 with the settings:
     MD time /ps        :     0.5
     dt /fs             :     5.0
     dumpstep(trj) /fs  :     100
     dumpstep(Vbias)/ps :     1.0
     Vbias factor k /Eh :  0.1800
     Vbias exp α /bohr⁻²:    0.47
Starting Meta-MD   8 with the settings:
     MD time /ps        :     0.5
     dt /fs             :     5.0
     dumpstep(trj) /fs  :     100
     dumpstep(Vbias)/ps :     1.0
     Vbias factor k /Eh :  0.0900
     Vbias exp α /bohr⁻²:    0.47
Starting Meta-MD   9 with the settings:
     MD time /ps        :     0.5
     dt /fs             :     5.0
     dumpstep(trj) /fs  :     100
     dumpstep(Vbias)/ps :     1.0
     Vbias factor k /Eh :  0.0450
     Vbias exp α /bohr⁻²:    0.47
Starting Meta-MD  10 with the settings:
     MD time /ps        :     0.5
     dt /fs             :     5.0
     dumpstep(trj) /fs  :     100
     dumpstep(Vbias)/ps :     1.0
     Vbias factor k /Eh :  0.1800
     Vbias exp α /bohr⁻²:    0.28
Starting Meta-MD  11 with the settings:
     MD time /ps        :     0.5
     dt /fs             :     5.0
     dumpstep(trj) /fs  :     100
     dumpstep(Vbias)/ps :     1.0
     Vbias factor k /Eh :  0.0900
     Vbias exp α /bohr⁻²:    0.28
Starting Meta-MD  13 with the settings:
     MD time /ps        :     0.5
     dt /fs             :     5.0
     dumpstep(trj) /fs  :     100
     dumpstep(Vbias)/ps :     1.0
     Vbias factor k /Eh :  0.0600
     Vbias exp α /bohr⁻²:    0.10
Starting Meta-MD  12 with the settings:
     MD time /ps        :     0.5
     dt /fs             :     5.0
     dumpstep(trj) /fs  :     100
     dumpstep(Vbias)/ps :     1.0
     Vbias factor k /Eh :  0.0450
     Vbias exp α /bohr⁻²:    0.28
Starting Meta-MD   3 with the settings:
     MD time /ps        :     0.5
     dt /fs             :     5.0
     dumpstep(trj) /fs  :     100
     dumpstep(Vbias)/ps :     1.0
     Vbias factor k /Eh :  0.0450
     Vbias exp α /bohr⁻²:    1.30
*Meta-MTD 5 finished*
*Meta-MTD 1 finished*
*Meta-MTD 3 finished*
*Meta-MTD 14 finished*
*Meta-MTD 13 finished*
*Meta-MTD 10 finished*
*Meta-MTD 6 finished*
*Meta-MTD 4 finished*
*Meta-MTD 11 finished*
*Meta-MTD 12 finished*
*Meta-MTD 8 finished*
*Meta-MTD 7 finished*
*Meta-MTD 9 finished*
*Meta-MTD 2 finished*
 
-----------------------
Multilevel Optimization
-----------------------
 
 -------------------------
 1. crude pre-optimization
 -------------------------
 Optimizing all 56 structures from file "crest_rotamers_0.xyz" ...
 1 2 3 4 5 6 7 8 9 10 11 12 13 14 15 16 17 18 19 20 21 22 23 24 25 26 27 28 29 30 31 32 33 34 35 36 37 38 39 40 41 42 43 44 45 46 47 48 49 50 51 52 53 54 55 56
 done.
 running RMSDs...
 done.
 E lowest :   -82.55041
 53 structures remain within    12.00 kcal/mol window
 
 -------------------------------------
 2. optimization with tight thresholds
 -------------------------------------
 Optimizing all 54 structures from file "crest_rotamers_1.xyz" ...
 1 2 3 4 5 6 7 8 9 10 11 12 13 14 15 16 17 18 19 20 21 22 23 24 25 26 27 28 29 30 31 32 33 34 35 36 37 38 39 40 41 42 43 44 45 46 47 48 49 50 51 52 53 54
 done.
 running RMSDs...
 done.
 E lowest :   -82.55192
 42 structures remain within     6.00 kcal/mol window
 
 
========================================
            MTD Iteration  2
========================================
 
     ========================================
     |         Meta-MD (MTD) Sampling       |
     ========================================
 
Starting Meta-MD   1 with the settings:
     MD time /ps        :     0.5
     dt /fs             :     5.0
     dumpstep(trj) /fs  :     100
     dumpstep(Vbias)/ps :     1.0
     Vbias factor k /Eh :  0.1800
     Vbias exp α /bohr⁻²:    1.30
Starting Meta-MD   2 with the settings:
     MD time /ps        :     0.5
     dt /fs             :     5.0
     dumpstep(trj) /fs  :     100
     dumpstep(Vbias)/ps :     1.0
     Vbias factor k /Eh :  0.0900
     Vbias exp α /bohr⁻²:    1.30
Starting Meta-MD   3 with the settings:
     MD time /ps        :     0.5
     dt /fs             :     5.0
     dumpstep(trj) /fs  :     100
     dumpstep(Vbias)/ps :     1.0
     Vbias factor k /Eh :  0.0450
     Vbias exp α /bohr⁻²:    1.30
Starting Meta-MD   4 with the settings:
     MD time /ps        :     0.5
     dt /fs             :     5.0
     dumpstep(trj) /fs  :     100
     dumpstep(Vbias)/ps :     1.0
     Vbias factor k /Eh :  0.1800
     Vbias exp α /bohr⁻²:    0.78
Starting Meta-MD   5 with the settings:
     MD time /ps        :     0.5
     dt /fs             :     5.0
     dumpstep(trj) /fs  :     100
     dumpstep(Vbias)/ps :     1.0
     Vbias factor k /Eh :  0.0900
     Vbias exp α /bohr⁻²:    0.78
Starting Meta-MD   6 with the settings:
     MD time /ps        :     0.5
     dt /fs             :     5.0
     dumpstep(trj) /fs  :     100
     dumpstep(Vbias)/ps :     1.0
     Vbias factor k /Eh :  0.0450
     Vbias exp α /bohr⁻²:    0.78
Starting Meta-MD   7 with the settings:
     MD time /ps        :     0.5
     dt /fs             :     5.0
     dumpstep(trj) /fs  :     100
     dumpstep(Vbias)/ps :     1.0
     Vbias factor k /Eh :  0.1800
     Vbias exp α /bohr⁻²:    0.47
Starting Meta-MD   8 with the settings:
     MD time /ps        :     0.5
     dt /fs             :     5.0
     dumpstep(trj) /fs  :     100
     dumpstep(Vbias)/ps :     1.0
     Vbias factor k /Eh :  0.0900
     Vbias exp α /bohr⁻²:    0.47
Starting Meta-MD   9 with the settings:
     MD time /ps        :     0.5
     dt /fs             :     5.0
     dumpstep(trj) /fs  :     100
     dumpstep(Vbias)/ps :     1.0
     Vbias factor k /Eh :  0.0450
     Vbias exp α /bohr⁻²:    0.47
Starting Meta-MD  10 with the settings:
     MD time /ps        :     0.5
     dt /fs             :     5.0
     dumpstep(trj) /fs  :     100
     dumpstep(Vbias)/ps :     1.0
     Vbias factor k /Eh :  0.1800
     Vbias exp α /bohr⁻²:    0.28
Starting Meta-MD  11 with the settings:
     MD time /ps        :     0.5
     dt /fs             :     5.0
     dumpstep(trj) /fs  :     100
     dumpstep(Vbias)/ps :     1.0
     Vbias factor k /Eh :  0.0900
     Vbias exp α /bohr⁻²:    0.28
Starting Meta-MD  12 with the settings:
     MD time /ps        :     0.5
     dt /fs             :     5.0
     dumpstep(trj) /fs  :     100
     dumpstep(Vbias)/ps :     1.0
     Vbias factor k /Eh :  0.0450
     Vbias exp α /bohr⁻²:    0.28
*Meta-MTD 5 finished*
*Meta-MTD 11 finished*
*Meta-MTD 10 finished*
*Meta-MTD 12 finished*
*Meta-MTD 8 finished*
*Meta-MTD 9 finished*
*Meta-MTD 7 finished*
*Meta-MTD 6 finished*
*Meta-MTD 3 finished*
*Meta-MTD 1 finished*
*Meta-MTD 4 finished*
*Meta-MTD 2 finished*
 
-----------------------
Multilevel Optimization
-----------------------
 
 -------------------------
 1. crude pre-optimization
 -------------------------
 Optimizing all 48 structures from file "crest_rotamers_0.xyz" ...
 1 2 3 4 5 6 7 8 9 10 11 12 13 14 15 16 17 18 19 20 21 22 23 24 25 26 27 28 29 30 31 32 33 34 35 36 37 38 39 40 41 42 43 44 45 46 47 48
 done.
 running RMSDs...
 done.
 E lowest :   -82.55097
 48 structures remain within    12.00 kcal/mol window
 
 -------------------------------------
 2. optimization with tight thresholds
 -------------------------------------
 Optimizing all 49 structures from file "crest_rotamers_1.xyz" ...
 1 2 3 4 5 6 7 8 9 10 11 12 13 14 15 16 17 18 19 20 21 22 23 24 25 26 27 28 29 30 31 32 33 34 35 36 37 38 39 40 41 42 43 44 45 46 47 48 49
 done.
 running RMSDs...
 done.
 E lowest :   -82.55193
 33 structures remain within     6.00 kcal/mol window
 
========================================
            MTD Iterations done         
========================================
 Collecting ensmbles.
 running RMSDs...
 done.
 E lowest :   -82.55193
 74 structures remain within     6.00 kcal/mol window
 
 -------------------------------
 Additional orientation sampling
 -------------------------------
 Optimizing all 20 structures from file "oh_ensemble.xyz" ...
 1 2 3 4 5 6 7 8 9 10 11 12 13 14 15 16 17 18 19 20
 done.
 running RMSDs...
 done.
 E lowest :   -82.55193
 84 structures remain within     6.00 kcal/mol window
 
-----------------------------------------------
Additional regular MDs on lowest 4 conformer(s)
-----------------------------------------------
Starting MD   8 with the settings:
     MD time /ps        :     0.2
     MD Temperature /K  :   500.0
     dt /fs             :     5.0
     dumpstep(trj) /fs  :     100
Starting MD   1 with the settings:
     MD time /ps        :     0.2
     MD Temperature /K  :   400.0
     dt /fs             :     5.0
     dumpstep(trj) /fs  :     100
Starting MD   2 with the settings:
     MD time /ps        :     0.2
     MD Temperature /K  :   500.0
     dt /fs             :     5.0
     dumpstep(trj) /fs  :     100
Starting MD   3 with the settings:
     MD time /ps        :     0.2
     MD Temperature /K  :   400.0
     dt /fs             :     5.0
     dumpstep(trj) /fs  :     100
Starting MD   4 with the settings:
     MD time /ps        :     0.2
     MD Temperature /K  :   500.0
     dt /fs             :     5.0
     dumpstep(trj) /fs  :     100
Starting MD   5 with the settings:
     MD time /ps        :     0.2
     MD Temperature /K  :   400.0
     dt /fs             :     5.0
     dumpstep(trj) /fs  :     100
Starting MD   6 with the settings:
     MD time /ps        :     0.2
     MD Temperature /K  :   500.0
     dt /fs             :     5.0
     dumpstep(trj) /fs  :     100
Starting MD   7 with the settings:
     MD time /ps        :     0.2
     MD Temperature /K  :   400.0
     dt /fs             :     5.0
     dumpstep(trj) /fs  :     100
*MD 1 finished*
*MD 3 finished*
*MD 7 finished*
*MD 4 finished*
*MD 5 finished*
*MD 6 finished*
*MD 8 finished*
*MD 2 finished*
 Appending file crest_rotamers_2.xyz with new structures
 
 -------------------------------------------
 Ensemble optimization with tight thresholds
 -------------------------------------------
 Optimizing all 100 structures from file "crest_rotamers_2.xyz" ...
 1 2 3 4 5 6 7 8 9 10 11 12 13 14 15 16 17 18 19 20 21 22 23 24 25 26 27 28 29 30 31 32 33 34 35 36 37 38 39 40 41 42 43 44 45 46 47 48 49 50 51 52 53 54 55 56 57 58 59 60 61 62 63 64 65 66 67 68 69 70 71 72 73 74 75 76 77 78 79 80 81 82 83 84 85 86 87 88 89 90 91 92 93 94 95 96 97 98 99 100
 done.
 running RMSDs...
 done.
 E lowest :   -82.55193
 92 structures remain within     6.00 kcal/mol window
 
 
     ========================================
     |        Structure Crossing (GC)       |
     ========================================
 =============================
  # threads =          28
 =============================
 input  file name : crest_rotamers_4.xyz
number of atoms                :    60
number of points on xyz files  :    92
conformer energy window  /kcal :    6.00
CN per atom difference cut-off :  0.3000
RMSD threshold                 :  0.5000
max. # of generated structures : 25
 reading xyz file ...
 # in E window                 92
 generating pairs ...        4277
 generated pairs           :        2558
 number of clash discarded :        1628
 average rmsd w.r.t input  : 2.48444
 sd of ensemble            : 1.15863
 number of new structures      :          39
 removed identical structures  :          11
 writing           25  TMPCONF* dirs ...
 --------------------------
 GC: loose pre-optimization
 --------------------------
 Starting optimization of generated structures
 25 jobs to do.
 1 2 3 4 5 6 7 8 9 10 11 12 13 14 15 16 17 18 19 20 21 22 23 24 25 
 done.
 Now appending opt.xyz file with new structures
 running RMSDs...
 done.
 E lowest :   -82.55128
 25 structures remain within    10.00 kcal/mol window
 --------------------------------------
 GC: optimization with tight thresholds
 --------------------------------------
 Optimizing all 25 structures from file "crest_rotamers_1.xyz" ...
 1 2 3 4 5 6 7 8 9 10 11 12 13 14 15 16 17 18 19 20 21 22 23 24 25
 done.
 running RMSDs...
 done.
 E lowest :   -82.55193
 
 
   ================================================
   |           Final Geometry Optimization        |
   ================================================
 ------------------------------------------------
 Ensemble optimization with very tight thresholds
 ------------------------------------------------
 Optimizing all 117 structures from file "crest_rotamers_5.xyz" ...
 1 2 3 4 5 6 7 8 9 10 11 12 13 14 15 16 17 18 19 20 21 22 23 24 25 26 27 28 29 30 31 32 33 34 35 36 37 38 39 40 41 42 43 44 45 46 47 48 49 50 51 52 53 54 55 56 57 58 59 60 61 62 63 64 65 66 67 68 69 70 71 72 73 74 75 76 77 78 79 80 81 82 83 84 85 86 87 88 89 90 91 92 93 94 95 96 97 98 99 100 101 102 103 104 105 106 107 108 109 110 111 112 113 114 115 116 117
 done.
 running RMSDs...
 done.
 E lowest :   -82.55193
 116 structures remain within     6.00 kcal/mol window
 
 input  file name : crest_rotamers_6.xyz
 output file name : crest_rotamers_7.xyz
 number of atoms                :   60
 number of points on xyz files  :   117
 RMSD threshold                 :   0.2500
 Bconst threshold               :   0.0100
 population threshold           :   0.0500
 conformer energy window  /kcal :   6.0000
 # fragment in coord            :     1
 # bonds in reference structure :    63
 number of reliable points      :   117
 reference state Etot :  -82.5519313300000
 number of doubles removed by rot/RMSD         :           1
 total number unique points considered further :         116
       Erel/kcal        Etot weight/tot  conformer     set   degen     origin
       1   0.000   -82.55193    0.01101    0.37112       1      34     mtd5
       2   0.001   -82.55193    0.01099                                mtd4
       3   0.001   -82.55193    0.01099                                md2
       4   0.001   -82.55193    0.01098                                mtd8
       5   0.001   -82.55193    0.01098                                mtd7
       6   0.002   -82.55193    0.01098                                mtd2
       7   0.002   -82.55193    0.01097                                mtd9
       8   0.002   -82.55193    0.01097                                mtd6
       9   0.003   -82.55193    0.01095                                mtd8
      10   0.003   -82.55193    0.01095                                md3
      11   0.003   -82.55193    0.01094                                md1
      12   0.004   -82.55193    0.01094                                mtd3
      13   0.004   -82.55193    0.01093                                md6
      14   0.004   -82.55192    0.01093                                md5
      15   0.004   -82.55192    0.01093                                mtd8
      16   0.005   -82.55192    0.01092                                mtd2
      17   0.005   -82.55192    0.01091                                mtd12
      18   0.005   -82.55192    0.01091                                mtd7
      19   0.005   -82.55192    0.01091                                mtd1
      20   0.006   -82.55192    0.01090                                mtd7
      21   0.006   -82.55192    0.01090                                mtd11
      22   0.006   -82.55192    0.01089                                mtd9
      23   0.006   -82.55192    0.01089                                mtd5
      24   0.006   -82.55192    0.01089                                mtd9
      25   0.007   -82.55192    0.01088                                mtd1
      26   0.007   -82.55192    0.01088                                mtd1
      27   0.007   -82.55192    0.01088                                mtd4
      28   0.007   -82.55192    0.01087                                mtd8
      29   0.007   -82.55192    0.01087                                mtd1
      30   0.007   -82.55192    0.01087                                mtd1
      31   0.008   -82.55192    0.01086                                mtd4
      32   0.010   -82.55192    0.01082                                mtd3
      33   0.010   -82.55192    0.01082                                mtd10
      34   0.012   -82.55191    0.01079                                mtd7
      35   0.013   -82.55191    0.01077    0.15859       2      15     mtd9
      36   0.015   -82.55191    0.01073                                mtd1
      37   0.019   -82.55190    0.01065                                md6
      38   0.019   -82.55190    0.01065                                md2
      39   0.031   -82.55188    0.01045                                gc
      40   0.020   -82.55190    0.01064                                gc
      41   0.021   -82.55190    0.01062                                mtd12
      42   0.022   -82.55190    0.01060                                mtd10
      43   0.023   -82.55189    0.01058                                mtd8
      44   0.031   -82.55188    0.01045                                gc
      45   0.024   -82.55189    0.01057                                mtd7
      46   0.028   -82.55189    0.01050                                gc
      47   0.029   -82.55189    0.01049                                mtd10
      48   0.031   -82.55188    0.01045                                mtd3
      49   0.032   -82.55188    0.01043                                gc
      50   0.032   -82.55188    0.01043    0.25882       3      25     gc
      51   0.033   -82.55188    0.01041                                gc
      52   0.029   -82.55189    0.01049                                mtd6
      53   0.033   -82.55188    0.01041                                gc
      54   0.034   -82.55188    0.01040                                mtd3
      55   0.035   -82.55188    0.01038                                gc
      56   0.035   -82.55188    0.01037                                gc
      57   0.030   -82.55188    0.01047                                mtd5
      58   0.035   -82.55188    0.01037                                gc
      59   0.035   -82.55188    0.01037                                gc
      60   0.037   -82.55187    0.01035                                mtd5
      61   0.037   -82.55187    0.01034                                gc
      62   0.030   -82.55188    0.01046                                gc
      63   0.037   -82.55187    0.01033                                gc
      64   0.038   -82.55187    0.01032                                gc
      65   0.038   -82.55187    0.01032                                gc
      66   0.039   -82.55187    0.01030                                gc
      67   0.040   -82.55187    0.01029                                mtd10
      68   0.031   -82.55188    0.01045                                gc
      69   0.041   -82.55187    0.01027                                gc
      70   0.041   -82.55187    0.01027                                gc
      71   0.041   -82.55187    0.01027                                gc
      72   0.042   -82.55187    0.01026                                gc
      73   0.042   -82.55186    0.01026                                gc
      74   0.043   -82.55186    0.01024                                gc
      75   0.043   -82.55186    0.01023    0.01023       4       1     mtd5
      76   0.267   -82.55151    0.00702    0.07667       5      11     mtd11
      77   0.268   -82.55150    0.00700                                mtd9
      78   0.269   -82.55150    0.00700                                mtd7
      79   0.269   -82.55150    0.00699                                mtd7
      80   0.270   -82.55150    0.00698                                mtd8
      81   0.272   -82.55150    0.00696                                mtd9
      82   0.270   -82.55150    0.00698                                mtd11
      83   0.270   -82.55150    0.00698                                mtd12
      84   0.275   -82.55149    0.00692                                mtd4
      85   0.271   -82.55150    0.00697                                mtd11
      86   0.280   -82.55149    0.00687                                mtd4
      87   0.271   -82.55150    0.00697    0.02090       6       3     mtd5
      88   0.271   -82.55150    0.00697                                mtd10
      89   0.272   -82.55150    0.00696                                mtd6
      90   0.283   -82.55148    0.00683    0.03453       7       5     mtd11
      91   0.276   -82.55149    0.00691                                mtd8
      92   0.272   -82.55150    0.00696                                mtd4
      93   0.278   -82.55149    0.00689                                md7
      94   0.273   -82.55150    0.00695                                mtd2
      95   0.278   -82.55149    0.00689    0.02044       8       3     mtd12
      96   0.285   -82.55148    0.00681                                mtd14
      97   0.290   -82.55147    0.00675                                mtd10
      98   0.285   -82.55148    0.00680    0.03408       9       5     mtd9
      99   0.285   -82.55148    0.00680                                mtd4
     100   0.284   -82.55148    0.00682                                mtd14
     101   0.278   -82.55149    0.00688                                mtd6
     102   0.287   -82.55147    0.00678                                mtd3
     103   0.290   -82.55147    0.00675    0.01348      10       2     mtd8
     104   0.292   -82.55147    0.00673                                mtd14
     105   2.043   -82.54867    0.00035    0.00035      11       1     mtd4
     106   2.271   -82.54831    0.00024    0.00024      12       1     md8
     107   3.027   -82.54711    0.00007    0.00040      13       6     hor
     108   3.027   -82.54711    0.00007                                hor
     109   3.028   -82.54711    0.00007                                hor
     110   3.028   -82.54711    0.00007                                hor
     111   3.028   -82.54711    0.00007                                hor
     112   3.033   -82.54710    0.00007                                hor
     113   3.272   -82.54672    0.00004    0.00013      14       3     hor
     114   3.273   -82.54672    0.00004                                hor
     115   3.304   -82.54667    0.00004                                hor
     116   4.161   -82.54530    0.00001    0.00001      15       1     hor
T /K                                  :   298.15
E lowest                              :   -82.55193
ensemble average energy (kcal)        :    0.074
ensemble entropy (J/mol K, cal/mol K) :   38.527    9.208
ensemble free energy (kcal/mol)       :   -2.745
population of lowest in %             :   37.112
 number of unique conformers for further calc           15
 list of relative energies saved as "crest.energies"
 
 -----------------
 Wall Time Summary
 -----------------
             test MD wall time :         0h : 0m :19s
                 MTD wall time :         0h : 0m :31s
      multilevel OPT wall time :         0h : 1m :21s
                  MD wall time :         0h : 0m :20s
                  GC wall time :         0h : 0m :19s
--------------------
Overall wall time  : 0h : 3m :10s
 
 CREST terminated normally.
