 
       ==============================================
       |                                            |
       |                 C R E S T                  |
       |                                            |
       |  Conformer-Rotamer Ensemble Sampling Tool  |
       |          based on the GFN methods          |
       |             P.Pracht, S.Grimme             |
       |          Universitaet Bonn, MCTC           |
       ==============================================
       Version 2.12,   Thu 19. Mai 16:32:32 CEST 2022
  Using the xTB program. Compatible with xTB version 6.4.0
 
   Cite work conducted with this code as

   • P.Pracht, F.Bohle, S.Grimme, PCCP, 2020, 22, 7169-7192.
   • S.Grimme, JCTC, 2019, 15, 2847-2862.

   and for works involving QCG as

   • S.Spicher, C.Plett, P.Pracht, A.Hansen, S.Grimme,
     JCTC, 2022, 18 (5), 3174-3189.
 
   with help from:
   C.Bannwarth, F.Bohle, S.Ehlert, S.Grimme,
   C.Plett, P.Pracht, S.Spicher
 
   This program is distributed in the hope that it will be useful,
   but WITHOUT ANY WARRANTY; without even the implied warranty of
   MERCHANTABILITY or FITNESS FOR A PARTICULAR PURPOSE.

 Command line input:
 > crest 00044_r_0.xyz -T 28 -gfn2 -chrg 0 -uhf 0 -rthr 0.25 -shake 1 --mdlen 0.5

  -T 28 (CPUs/Threads selected)
  -gfn2 : Use of GFN2-xTB requested.
  -chrg 0
  -uhf 0
  -rthr 0.25
  --mdlen 0.5 (MD length in ps)
 
 -------------------------
 xTB Geometry Optimization
 -------------------------
 Geometry successfully optimized.
 
------------------------------------------------
Generating MTD length from a flexibility measure
------------------------------------------------
 Calculating WBOs... done.
 Calculating NCI flexibility... done.
     covalent flexibility measure :   0.074
 non-covalent flexibility measure :   0.695
 flexibility measure :   0.132
 t(MTD) / ps set by command line  :     0.5
 t(MTD) / ps    :     0.5
 Σ(t(MTD)) / ps :     7.0 (14 MTDs)
 
-------------------------------------
Starting a trial MTD to test settings
-------------------------------------
 Estimated runtime for one MTD (0.5 ps) on a single thread: 1 min 1 sec
 Estimated runtime for a batch of 14 MTDs on 28 threads: 30 sec
 
 list of Vbias parameters applied:
$metadyn    0.00300   1.300
$metadyn    0.00150   1.300
$metadyn    0.00075   1.300
$metadyn    0.00300   0.780
$metadyn    0.00150   0.780
$metadyn    0.00075   0.780
$metadyn    0.00300   0.468
$metadyn    0.00150   0.468
$metadyn    0.00075   0.468
$metadyn    0.00300   0.281
$metadyn    0.00150   0.281
$metadyn    0.00075   0.281
$metadyn    0.00100   0.100
$metadyn    0.00500   0.800
 
*******************************************************************************************
**                        N E W    I T E R A T I O N    C Y C L E                        **
*******************************************************************************************
 
========================================
            MTD Iteration  1
========================================
 
     ========================================
     |         Meta-MD (MTD) Sampling       |
     ========================================
 
Starting Meta-MD  14 with the settings:
     MD time /ps        :     0.5
     dt /fs             :     5.0
     dumpstep(trj) /fs  :     100
     dumpstep(Vbias)/ps :     1.0
     Vbias factor k /Eh :  0.3200
     Vbias exp α /bohr⁻²:    0.80
Starting Meta-MD   3 with the settings:
     MD time /ps        :     0.5
     dt /fs             :     5.0
     dumpstep(trj) /fs  :     100
     dumpstep(Vbias)/ps :     1.0
     Vbias factor k /Eh :  0.0480
     Vbias exp α /bohr⁻²:    1.30
Starting Meta-MD   2 with the settings:
     MD time /ps        :     0.5
     dt /fs             :     5.0
     dumpstep(trj) /fs  :     100
     dumpstep(Vbias)/ps :     1.0
     Vbias factor k /Eh :  0.0960
     Vbias exp α /bohr⁻²:    1.30
Starting Meta-MD   4 with the settings:
     MD time /ps        :     0.5
     dt /fs             :     5.0
     dumpstep(trj) /fs  :     100
     dumpstep(Vbias)/ps :     1.0
     Vbias factor k /Eh :  0.1920
     Vbias exp α /bohr⁻²:    0.78
Starting Meta-MD   1 with the settings:
     MD time /ps        :     0.5
     dt /fs             :     5.0
     dumpstep(trj) /fs  :     100
     dumpstep(Vbias)/ps :     1.0
     Vbias factor k /Eh :  0.1920
     Vbias exp α /bohr⁻²:    1.30
Starting Meta-MD   5 with the settings:
     MD time /ps        :     0.5
     dt /fs             :     5.0
     dumpstep(trj) /fs  :     100
     dumpstep(Vbias)/ps :     1.0
     Vbias factor k /Eh :  0.0960
     Vbias exp α /bohr⁻²:    0.78
Starting Meta-MD   6 with the settings:
     MD time /ps        :     0.5
     dt /fs             :     5.0
     dumpstep(trj) /fs  :     100
     dumpstep(Vbias)/ps :     1.0
     Vbias factor k /Eh :  0.0480
     Vbias exp α /bohr⁻²:    0.78
Starting Meta-MD   7 with the settings:
     MD time /ps        :     0.5
     dt /fs             :     5.0
     dumpstep(trj) /fs  :     100
     dumpstep(Vbias)/ps :     1.0
     Vbias factor k /Eh :  0.1920
     Vbias exp α /bohr⁻²:    0.47
Starting Meta-MD   8 with the settings:
     MD time /ps        :     0.5
     dt /fs             :     5.0
     dumpstep(trj) /fs  :     100
     dumpstep(Vbias)/ps :     1.0
     Vbias factor k /Eh :  0.0960
     Vbias exp α /bohr⁻²:    0.47
Starting Meta-MD   9 with the settings:
     MD time /ps        :     0.5
     dt /fs             :     5.0
     dumpstep(trj) /fs  :     100
     dumpstep(Vbias)/ps :     1.0
     Vbias factor k /Eh :  0.0480
     Vbias exp α /bohr⁻²:    0.47
Starting Meta-MD  10 with the settings:
     MD time /ps        :     0.5
     dt /fs             :     5.0
     dumpstep(trj) /fs  :     100
     dumpstep(Vbias)/ps :     1.0
     Vbias factor k /Eh :  0.1920
     Vbias exp α /bohr⁻²:    0.28
Starting Meta-MD  12 with the settings:
     MD time /ps        :     0.5
     dt /fs             :     5.0
     dumpstep(trj) /fs  :     100
     dumpstep(Vbias)/ps :     1.0
     Vbias factor k /Eh :  0.0480
     Vbias exp α /bohr⁻²:    0.28
Starting Meta-MD  13 with the settings:
     MD time /ps        :     0.5
     dt /fs             :     5.0
     dumpstep(trj) /fs  :     100
     dumpstep(Vbias)/ps :     1.0
     Vbias factor k /Eh :  0.0640
     Vbias exp α /bohr⁻²:    0.10
Starting Meta-MD  11 with the settings:
     MD time /ps        :     0.5
     dt /fs             :     5.0
     dumpstep(trj) /fs  :     100
     dumpstep(Vbias)/ps :     1.0
     Vbias factor k /Eh :  0.0960
     Vbias exp α /bohr⁻²:    0.28
*Meta-MTD 14 finished*
*Meta-MTD 6 finished*
*Meta-MTD 8 finished*
*Meta-MTD 4 finished*
*Meta-MTD 12 finished*
*Meta-MTD 5 finished*
*Meta-MTD 7 finished*
*Meta-MTD 1 finished*
*Meta-MTD 2 finished*
*Meta-MTD 10 finished*
*Meta-MTD 13 finished*
*Meta-MTD 11 finished*
*Meta-MTD 3 finished*
*Meta-MTD 9 finished*
 
-----------------------
Multilevel Optimization
-----------------------
 
 -------------------------
 1. crude pre-optimization
 -------------------------
 Optimizing all 56 structures from file "crest_rotamers_0.xyz" ...
 1 2 3 4 5 6 7 8 9 10 11 12 13 14 15 16 17 18 19 20 21 22 23 24 25 26 27 28 29 30 31 32 33 34 35 36 37 38 39 40 41 42 43 44 45 46 47 48 49 50 51 52 53 54 55 56
 done.
 running RMSDs...
 done.
 E lowest :  -102.34310
 51 structures remain within    12.00 kcal/mol window
 
 -------------------------------------
 2. optimization with tight thresholds
 -------------------------------------
 Optimizing all 52 structures from file "crest_rotamers_1.xyz" ...
 1 2 3 4 5 6 7 8 9 10 11 12 13 14 15 16 17 18 19 20 21 22 23 24 25 26 27 28 29 30 31 32 33 34 35 36 37 38 39 40 41 42 43 44 45 46 47 48 49 50 51 52
 done.
 running RMSDs...
 done.
 E lowest :  -102.34410
 22 structures remain within     6.00 kcal/mol window
 
 
========================================
            MTD Iteration  2
========================================
 
     ========================================
     |         Meta-MD (MTD) Sampling       |
     ========================================
 
Starting Meta-MD   1 with the settings:
     MD time /ps        :     0.5
     dt /fs             :     5.0
     dumpstep(trj) /fs  :     100
     dumpstep(Vbias)/ps :     1.0
     Vbias factor k /Eh :  0.1920
     Vbias exp α /bohr⁻²:    1.30
Starting Meta-MD   2 with the settings:
     MD time /ps        :     0.5
     dt /fs             :     5.0
     dumpstep(trj) /fs  :     100
     dumpstep(Vbias)/ps :     1.0
     Vbias factor k /Eh :  0.0960
     Vbias exp α /bohr⁻²:    1.30
Starting Meta-MD   3 with the settings:
     MD time /ps        :     0.5
     dt /fs             :     5.0
     dumpstep(trj) /fs  :     100
     dumpstep(Vbias)/ps :     1.0
     Vbias factor k /Eh :  0.0480
     Vbias exp α /bohr⁻²:    1.30
Starting Meta-MD   4 with the settings:
     MD time /ps        :     0.5
     dt /fs             :     5.0
     dumpstep(trj) /fs  :     100
     dumpstep(Vbias)/ps :     1.0
     Vbias factor k /Eh :  0.1920
     Vbias exp α /bohr⁻²:    0.78
Starting Meta-MD   5 with the settings:
     MD time /ps        :     0.5
     dt /fs             :     5.0
     dumpstep(trj) /fs  :     100
     dumpstep(Vbias)/ps :     1.0
     Vbias factor k /Eh :  0.0960
     Vbias exp α /bohr⁻²:    0.78
Starting Meta-MD   6 with the settings:
     MD time /ps        :     0.5
     dt /fs             :     5.0
     dumpstep(trj) /fs  :     100
     dumpstep(Vbias)/ps :     1.0
     Vbias factor k /Eh :  0.0480
     Vbias exp α /bohr⁻²:    0.78
Starting Meta-MD   7 with the settings:
     MD time /ps        :     0.5
     dt /fs             :     5.0
     dumpstep(trj) /fs  :     100
     dumpstep(Vbias)/ps :     1.0
     Vbias factor k /Eh :  0.1920
     Vbias exp α /bohr⁻²:    0.47
Starting Meta-MD   8 with the settings:
     MD time /ps        :     0.5
     dt /fs             :     5.0
     dumpstep(trj) /fs  :     100
     dumpstep(Vbias)/ps :     1.0
     Vbias factor k /Eh :  0.0960
     Vbias exp α /bohr⁻²:    0.47
Starting Meta-MD   9 with the settings:
     MD time /ps        :     0.5
     dt /fs             :     5.0
     dumpstep(trj) /fs  :     100
     dumpstep(Vbias)/ps :     1.0
     Vbias factor k /Eh :  0.0480
     Vbias exp α /bohr⁻²:    0.47
Starting Meta-MD  10 with the settings:
     MD time /ps        :     0.5
     dt /fs             :     5.0
     dumpstep(trj) /fs  :     100
     dumpstep(Vbias)/ps :     1.0
     Vbias factor k /Eh :  0.1920
     Vbias exp α /bohr⁻²:    0.28
Starting Meta-MD  12 with the settings:
     MD time /ps        :     0.5
     dt /fs             :     5.0
     dumpstep(trj) /fs  :     100
     dumpstep(Vbias)/ps :     1.0
     Vbias factor k /Eh :  0.0480
     Vbias exp α /bohr⁻²:    0.28
Starting Meta-MD  11 with the settings:
     MD time /ps        :     0.5
     dt /fs             :     5.0
     dumpstep(trj) /fs  :     100
     dumpstep(Vbias)/ps :     1.0
     Vbias factor k /Eh :  0.0960
     Vbias exp α /bohr⁻²:    0.28
*Meta-MTD 12 finished*
*Meta-MTD 1 finished*
*Meta-MTD 11 finished*
*Meta-MTD 9 finished*
*Meta-MTD 10 finished*
*Meta-MTD 8 finished*
*Meta-MTD 5 finished*
*Meta-MTD 3 finished*
*Meta-MTD 4 finished*
*Meta-MTD 2 finished*
*Meta-MTD 7 finished*
*Meta-MTD 6 finished*
 
-----------------------
Multilevel Optimization
-----------------------
 
 -------------------------
 1. crude pre-optimization
 -------------------------
 Optimizing all 48 structures from file "crest_rotamers_0.xyz" ...
 1 2 3 4 5 6 7 8 9 10 11 12 13 14 15 16 17 18 19 20 21 22 23 24 25 26 27 28 29 30 31 32 33 34 35 36 37 38 39 40 41 42 43 44 45 46 47 48
 done.
 running RMSDs...
 done.
 E lowest :  -102.34359
 45 structures remain within    12.00 kcal/mol window
 
 -------------------------------------
 2. optimization with tight thresholds
 -------------------------------------
 Optimizing all 46 structures from file "crest_rotamers_1.xyz" ...
 1 2 3 4 5 6 7 8 9 10 11 12 13 14 15 16 17 18 19 20 21 22 23 24 25 26 27 28 29 30 31 32 33 34 35 36 37 38 39 40 41 42 43 44 45 46
 done.
 running RMSDs...
 done.
 E lowest :  -102.34652
 20 structures remain within     6.00 kcal/mol window
 
 ...............................................
 A new lower conformer was found!
 Improved by    0.00242 Eh or    1.51923kcal/mol
 ...............................................
 
========================================
            MTD Iteration  3
========================================
 
     ========================================
     |         Meta-MD (MTD) Sampling       |
     ========================================
 
Starting Meta-MD   1 with the settings:
     MD time /ps        :     0.5
     dt /fs             :     5.0
     dumpstep(trj) /fs  :     100
     dumpstep(Vbias)/ps :     1.0
     Vbias factor k /Eh :  0.1920
     Vbias exp α /bohr⁻²:    1.30
Starting Meta-MD   2 with the settings:
     MD time /ps        :     0.5
     dt /fs             :     5.0
     dumpstep(trj) /fs  :     100
     dumpstep(Vbias)/ps :     1.0
     Vbias factor k /Eh :  0.0960
     Vbias exp α /bohr⁻²:    1.30
Starting Meta-MD   3 with the settings:
     MD time /ps        :     0.5
     dt /fs             :     5.0
     dumpstep(trj) /fs  :     100
     dumpstep(Vbias)/ps :     1.0
     Vbias factor k /Eh :  0.0480
     Vbias exp α /bohr⁻²:    1.30
Starting Meta-MD   5 with the settings:
     MD time /ps        :     0.5
     dt /fs             :     5.0
     dumpstep(trj) /fs  :     100
     dumpstep(Vbias)/ps :     1.0
     Vbias factor k /Eh :  0.0960
     Vbias exp α /bohr⁻²:    0.78
Starting Meta-MD   4 with the settings:
     MD time /ps        :     0.5
     dt /fs             :     5.0
     dumpstep(trj) /fs  :     100
     dumpstep(Vbias)/ps :     1.0
     Vbias factor k /Eh :  0.1920
     Vbias exp α /bohr⁻²:    0.78
Starting Meta-MD   6 with the settings:
     MD time /ps        :     0.5
     dt /fs             :     5.0
     dumpstep(trj) /fs  :     100
     dumpstep(Vbias)/ps :     1.0
     Vbias factor k /Eh :  0.0480
     Vbias exp α /bohr⁻²:    0.78
Starting Meta-MD   7 with the settings:
     MD time /ps        :     0.5
     dt /fs             :     5.0
     dumpstep(trj) /fs  :     100
     dumpstep(Vbias)/ps :     1.0
     Vbias factor k /Eh :  0.1920
     Vbias exp α /bohr⁻²:    0.47
Starting Meta-MD   8 with the settings:
     MD time /ps        :     0.5
     dt /fs             :     5.0
     dumpstep(trj) /fs  :     100
     dumpstep(Vbias)/ps :     1.0
     Vbias factor k /Eh :  0.0960
     Vbias exp α /bohr⁻²:    0.47
Starting Meta-MD  10 with the settings:
     MD time /ps        :     0.5
     dt /fs             :     5.0
     dumpstep(trj) /fs  :     100
     dumpstep(Vbias)/ps :     1.0
     Vbias factor k /Eh :  0.1920
     Vbias exp α /bohr⁻²:    0.28
Starting Meta-MD   9 with the settings:
     MD time /ps        :     0.5
     dt /fs             :     5.0
     dumpstep(trj) /fs  :     100
     dumpstep(Vbias)/ps :     1.0
     Vbias factor k /Eh :  0.0480
     Vbias exp α /bohr⁻²:    0.47
Starting Meta-MD  11 with the settings:
     MD time /ps        :     0.5
     dt /fs             :     5.0
     dumpstep(trj) /fs  :     100
     dumpstep(Vbias)/ps :     1.0
     Vbias factor k /Eh :  0.0960
     Vbias exp α /bohr⁻²:    0.28
Starting Meta-MD  12 with the settings:
     MD time /ps        :     0.5
     dt /fs             :     5.0
     dumpstep(trj) /fs  :     100
     dumpstep(Vbias)/ps :     1.0
     Vbias factor k /Eh :  0.0480
     Vbias exp α /bohr⁻²:    0.28
*Meta-MTD 8 finished*
*Meta-MTD 10 finished*
*Meta-MTD 9 finished*
*Meta-MTD 2 finished*
*Meta-MTD 4 finished*
*Meta-MTD 3 finished*
*Meta-MTD 7 finished*
*Meta-MTD 12 finished*
*Meta-MTD 11 finished*
*Meta-MTD 6 finished*
*Meta-MTD 1 finished*
*Meta-MTD 5 finished*
 
-----------------------
Multilevel Optimization
-----------------------
 
 -------------------------
 1. crude pre-optimization
 -------------------------
 Optimizing all 48 structures from file "crest_rotamers_0.xyz" ...
 1 2 3 4 5 6 7 8 9 10 11 12 13 14 15 16 17 18 19 20 21 22 23 24 25 26 27 28 29 30 31 32 33 34 35 36 37 38 39 40 41 42 43 44 45 46 47 48
 done.
 running RMSDs...
 done.
 E lowest :  -102.34737
 42 structures remain within    12.00 kcal/mol window
 
 -------------------------------------
 2. optimization with tight thresholds
 -------------------------------------
 Optimizing all 43 structures from file "crest_rotamers_1.xyz" ...
 1 2 3 4 5 6 7 8 9 10 11 12 13 14 15 16 17 18 19 20 21 22 23 24 25 26 27 28 29 30 31 32 33 34 35 36 37 38 39 40 41 42 43
 done.
 running RMSDs...
 done.
 E lowest :  -102.34908
 18 structures remain within     6.00 kcal/mol window
 
 ...............................................
 A new lower conformer was found!
 Improved by    0.00256 Eh or    1.60703kcal/mol
 ...............................................
 
========================================
            MTD Iteration  4
========================================
 
     ========================================
     |         Meta-MD (MTD) Sampling       |
     ========================================
 
Starting Meta-MD   1 with the settings:
     MD time /ps        :     0.5
     dt /fs             :     5.0
     dumpstep(trj) /fs  :     100
     dumpstep(Vbias)/ps :     1.0
     Vbias factor k /Eh :  0.1920
     Vbias exp α /bohr⁻²:    1.30
Starting Meta-MD   2 with the settings:
     MD time /ps        :     0.5
     dt /fs             :     5.0
     dumpstep(trj) /fs  :     100
     dumpstep(Vbias)/ps :     1.0
     Vbias factor k /Eh :  0.0960
     Vbias exp α /bohr⁻²:    1.30
Starting Meta-MD   3 with the settings:
     MD time /ps        :     0.5
     dt /fs             :     5.0
     dumpstep(trj) /fs  :     100
     dumpstep(Vbias)/ps :     1.0
     Vbias factor k /Eh :  0.0480
     Vbias exp α /bohr⁻²:    1.30
Starting Meta-MD   4 with the settings:
     MD time /ps        :     0.5
     dt /fs             :     5.0
     dumpstep(trj) /fs  :     100
     dumpstep(Vbias)/ps :     1.0
     Vbias factor k /Eh :  0.1920
     Vbias exp α /bohr⁻²:    0.78
Starting Meta-MD   5 with the settings:
     MD time /ps        :     0.5
     dt /fs             :     5.0
     dumpstep(trj) /fs  :     100
     dumpstep(Vbias)/ps :     1.0
     Vbias factor k /Eh :  0.0960
     Vbias exp α /bohr⁻²:    0.78
Starting Meta-MD   6 with the settings:
     MD time /ps        :     0.5
     dt /fs             :     5.0
     dumpstep(trj) /fs  :     100
     dumpstep(Vbias)/ps :     1.0
     Vbias factor k /Eh :  0.0480
     Vbias exp α /bohr⁻²:    0.78
Starting Meta-MD   7 with the settings:
     MD time /ps        :     0.5
     dt /fs             :     5.0
     dumpstep(trj) /fs  :     100
     dumpstep(Vbias)/ps :     1.0
     Vbias factor k /Eh :  0.1920
     Vbias exp α /bohr⁻²:    0.47
Starting Meta-MD   8 with the settings:
     MD time /ps        :     0.5
     dt /fs             :     5.0
     dumpstep(trj) /fs  :     100
     dumpstep(Vbias)/ps :     1.0
     Vbias factor k /Eh :  0.0960
     Vbias exp α /bohr⁻²:    0.47
Starting Meta-MD   9 with the settings:
     MD time /ps        :     0.5
     dt /fs             :     5.0
     dumpstep(trj) /fs  :     100
     dumpstep(Vbias)/ps :     1.0
     Vbias factor k /Eh :  0.0480
     Vbias exp α /bohr⁻²:    0.47
Starting Meta-MD  10 with the settings:
     MD time /ps        :     0.5
     dt /fs             :     5.0
     dumpstep(trj) /fs  :     100
     dumpstep(Vbias)/ps :     1.0
     Vbias factor k /Eh :  0.1920
     Vbias exp α /bohr⁻²:    0.28
Starting Meta-MD  12 with the settings:
     MD time /ps        :     0.5
     dt /fs             :     5.0
     dumpstep(trj) /fs  :     100
     dumpstep(Vbias)/ps :     1.0
     Vbias factor k /Eh :  0.0480
     Vbias exp α /bohr⁻²:    0.28
Starting Meta-MD  11 with the settings:
     MD time /ps        :     0.5
     dt /fs             :     5.0
     dumpstep(trj) /fs  :     100
     dumpstep(Vbias)/ps :     1.0
     Vbias factor k /Eh :  0.0960
     Vbias exp α /bohr⁻²:    0.28
*Meta-MTD 11 finished*
*Meta-MTD 10 finished*
*Meta-MTD 9 finished*
*Meta-MTD 1 finished*
*Meta-MTD 8 finished*
*Meta-MTD 2 finished*
*Meta-MTD 3 finished*
*Meta-MTD 7 finished*
*Meta-MTD 12 finished*
*Meta-MTD 4 finished*
*Meta-MTD 5 finished*
*Meta-MTD 6 finished*
 
-----------------------
Multilevel Optimization
-----------------------
 
 -------------------------
 1. crude pre-optimization
 -------------------------
 Optimizing all 48 structures from file "crest_rotamers_0.xyz" ...
 1 2 3 4 5 6 7 8 9 10 11 12 13 14 15 16 17 18 19 20 21 22 23 24 25 26 27 28 29 30 31 32 33 34 35 36 37 38 39 40 41 42 43 44 45 46 47 48
 done.
 running RMSDs...
 done.
 E lowest :  -102.34831
 40 structures remain within    12.00 kcal/mol window
 
 -------------------------------------
 2. optimization with tight thresholds
 -------------------------------------
 Optimizing all 41 structures from file "crest_rotamers_1.xyz" ...
 1 2 3 4 5 6 7 8 9 10 11 12 13 14 15 16 17 18 19 20 21 22 23 24 25 26 27 28 29 30 31 32 33 34 35 36 37 38 39 40 41
 done.
 running RMSDs...
 done.
 E lowest :  -102.34967
 18 structures remain within     6.00 kcal/mol window
 
 ...............................................
 A new lower conformer was found!
 Improved by    0.00059 Eh or    0.37184kcal/mol
 ...............................................
 
========================================
            MTD Iteration  5
========================================
 
     ========================================
     |         Meta-MD (MTD) Sampling       |
     ========================================
 
Starting Meta-MD   1 with the settings:
     MD time /ps        :     0.5
     dt /fs             :     5.0
     dumpstep(trj) /fs  :     100
     dumpstep(Vbias)/ps :     1.0
     Vbias factor k /Eh :  0.1920
     Vbias exp α /bohr⁻²:    1.30
Starting Meta-MD   2 with the settings:
     MD time /ps        :     0.5
     dt /fs             :     5.0
     dumpstep(trj) /fs  :     100
     dumpstep(Vbias)/ps :     1.0
     Vbias factor k /Eh :  0.0960
     Vbias exp α /bohr⁻²:    1.30
Starting Meta-MD   3 with the settings:
     MD time /ps        :     0.5
     dt /fs             :     5.0
     dumpstep(trj) /fs  :     100
     dumpstep(Vbias)/ps :     1.0
     Vbias factor k /Eh :  0.0480
     Vbias exp α /bohr⁻²:    1.30
Starting Meta-MD   4 with the settings:
     MD time /ps        :     0.5
     dt /fs             :     5.0
     dumpstep(trj) /fs  :     100
     dumpstep(Vbias)/ps :     1.0
     Vbias factor k /Eh :  0.1920
     Vbias exp α /bohr⁻²:    0.78
Starting Meta-MD   5 with the settings:
     MD time /ps        :     0.5
     dt /fs             :     5.0
     dumpstep(trj) /fs  :     100
     dumpstep(Vbias)/ps :     1.0
     Vbias factor k /Eh :  0.0960
     Vbias exp α /bohr⁻²:    0.78
Starting Meta-MD   6 with the settings:
     MD time /ps        :     0.5
     dt /fs             :     5.0
     dumpstep(trj) /fs  :     100
     dumpstep(Vbias)/ps :     1.0
     Vbias factor k /Eh :  0.0480
     Vbias exp α /bohr⁻²:    0.78
Starting Meta-MD   7 with the settings:
     MD time /ps        :     0.5
     dt /fs             :     5.0
     dumpstep(trj) /fs  :     100
     dumpstep(Vbias)/ps :     1.0
     Vbias factor k /Eh :  0.1920
     Vbias exp α /bohr⁻²:    0.47
Starting Meta-MD   9 with the settings:
     MD time /ps        :     0.5
     dt /fs             :     5.0
     dumpstep(trj) /fs  :     100
     dumpstep(Vbias)/ps :     1.0
     Vbias factor k /Eh :  0.0480
     Vbias exp α /bohr⁻²:    0.47
Starting Meta-MD   8 with the settings:
     MD time /ps        :     0.5
     dt /fs             :     5.0
     dumpstep(trj) /fs  :     100
     dumpstep(Vbias)/ps :     1.0
     Vbias factor k /Eh :  0.0960
     Vbias exp α /bohr⁻²:    0.47
Starting Meta-MD  10 with the settings:
     MD time /ps        :     0.5
     dt /fs             :     5.0
     dumpstep(trj) /fs  :     100
     dumpstep(Vbias)/ps :     1.0
     Vbias factor k /Eh :  0.1920
     Vbias exp α /bohr⁻²:    0.28
Starting Meta-MD  12 with the settings:
     MD time /ps        :     0.5
     dt /fs             :     5.0
     dumpstep(trj) /fs  :     100
     dumpstep(Vbias)/ps :     1.0
     Vbias factor k /Eh :  0.0480
     Vbias exp α /bohr⁻²:    0.28
Starting Meta-MD  11 with the settings:
     MD time /ps        :     0.5
     dt /fs             :     5.0
     dumpstep(trj) /fs  :     100
     dumpstep(Vbias)/ps :     1.0
     Vbias factor k /Eh :  0.0960
     Vbias exp α /bohr⁻²:    0.28
*Meta-MTD 11 finished*
*Meta-MTD 3 finished*
*Meta-MTD 4 finished*
*Meta-MTD 7 finished*
*Meta-MTD 9 finished*
*Meta-MTD 8 finished*
*Meta-MTD 10 finished*
*Meta-MTD 12 finished*
*Meta-MTD 5 finished*
*Meta-MTD 6 finished*
*Meta-MTD 2 finished*
*Meta-MTD 1 finished*
 
-----------------------
Multilevel Optimization
-----------------------
 
 -------------------------
 1. crude pre-optimization
 -------------------------
 Optimizing all 48 structures from file "crest_rotamers_0.xyz" ...
 1 2 3 4 5 6 7 8 9 10 11 12 13 14 15 16 17 18 19 20 21 22 23 24 25 26 27 28 29 30 31 32 33 34 35 36 37 38 39 40 41 42 43 44 45 46 47 48
 done.
 running RMSDs...
 done.
 E lowest :  -102.34913
 39 structures remain within    12.00 kcal/mol window
 
 -------------------------------------
 2. optimization with tight thresholds
 -------------------------------------
 Optimizing all 40 structures from file "crest_rotamers_1.xyz" ...
 1 2 3 4 5 6 7 8 9 10 11 12 13 14 15 16 17 18 19 20 21 22 23 24 25 26 27 28 29 30 31 32 33 34 35 36 37 38 39 40
 done.
 running RMSDs...
 done.
 E lowest :  -102.34970
 19 structures remain within     6.00 kcal/mol window
 
========================================
            MTD Iterations done         
========================================
 Collecting ensmbles.
 running RMSDs...
 done.
 E lowest :  -102.34970
 91 structures remain within     6.00 kcal/mol window
 
 -------------------------------
 Additional orientation sampling
 -------------------------------
 Optimizing all 150 structures from file "oh_ensemble.xyz" ...
 1 2 3 4 5 6 7 8 9 10 11 12 13 14 15 16 17 18 19 20 21 22 23 24 25 26 27 28 29 30 31 32 33 34 35 36 37 38 39 40 41 42 43 44 45 46 47 48 49 50 51 52 53 54 55 56 57 58 59 60 61 62 63 64 65 66 67 68 69 70 71 72 73 74 75 76 77 78 79 80 81 82 83 84 85 86 87 88 89 90 91 92 93 94 95 96 97 98 99 100 101 102 103 104 105 106 107 108 109 110 111 112 113 114 115 116 117 118 119 120 121 122 123 124 125 126 127 128 129 130 131 132 133 134 135 136 137 138 139 140 141 142 143 144 145 146 147 148 149 150
 done.
 running RMSDs...
 done.
 E lowest :  -102.34970
 180 structures remain within     6.00 kcal/mol window
 
-----------------------------------------------
Additional regular MDs on lowest 4 conformer(s)
-----------------------------------------------
Starting MD   1 with the settings:
     MD time /ps        :     0.2
     MD Temperature /K  :   400.0
     dt /fs             :     5.0
     dumpstep(trj) /fs  :     100
Starting MD   2 with the settings:
     MD time /ps        :     0.2
     MD Temperature /K  :   500.0
     dt /fs             :     5.0
     dumpstep(trj) /fs  :     100
Starting MD   3 with the settings:
     MD time /ps        :     0.2
     MD Temperature /K  :   400.0
     dt /fs             :     5.0
     dumpstep(trj) /fs  :     100
Starting MD   4 with the settings:
     MD time /ps        :     0.2
     MD Temperature /K  :   500.0
     dt /fs             :     5.0
     dumpstep(trj) /fs  :     100
Starting MD   8 with the settings:
     MD time /ps        :     0.2
     MD Temperature /K  :   500.0
     dt /fs             :     5.0
     dumpstep(trj) /fs  :     100
Starting MD   5 with the settings:
     MD time /ps        :     0.2
     MD Temperature /K  :   400.0
     dt /fs             :     5.0
     dumpstep(trj) /fs  :     100
Starting MD   6 with the settings:
     MD time /ps        :     0.2
     MD Temperature /K  :   500.0
     dt /fs             :     5.0
     dumpstep(trj) /fs  :     100
Starting MD   7 with the settings:
     MD time /ps        :     0.2
     MD Temperature /K  :   400.0
     dt /fs             :     5.0
     dumpstep(trj) /fs  :     100
*MD 1 finished*
*MD 7 finished*
*MD 3 finished*
*MD 5 finished*
*MD 6 finished*
*MD 4 finished*
*MD 8 finished*
*MD 2 finished*
 Appending file crest_rotamers_2.xyz with new structures
 
 -------------------------------------------
 Ensemble optimization with tight thresholds
 -------------------------------------------
 Optimizing all 196 structures from file "crest_rotamers_2.xyz" ...
 1 2 3 4 5 6 7 8 9 10 11 12 13 14 15 16 17 18 19 20 21 22 23 24 25 26 27 28 29 30 31 32 33 34 35 36 37 38 39 40 41 42 43 44 45 46 47 48 49 50 51 52 53 54 55 56 57 58 59 60 61 62 63 64 65 66 67 68 69 70 71 72 73 74 75 76 77 78 79 80 81 82 83 84 85 86 87 88 89 90 91 92 93 94 95 96 97 98 99 100 101 102 103 104 105 106 107 108 109 110 111 112 113 114 115 116 117 118 119 120 121 122 123 124 125 126 127 128 129 130 131 132 133 134 135 136 137 138 139 140 141 142 143 144 145 146 147 148 149 150 151 152 153 154 155 156 157 158 159 160 161 162 163 164 165 166 167 168 169 170 171 172 173 174 175 176 177 178 179 180 181 182 183 184 185 186 187 188 189 190 191 192 193 194 195 196
 done.
 running RMSDs...
 done.
 E lowest :  -102.34971
 183 structures remain within     6.00 kcal/mol window
 
 
     ========================================
     |        Structure Crossing (GC)       |
     ========================================
 =============================
  # threads =          28
 =============================
 input  file name : crest_rotamers_4.xyz
number of atoms                :    64
number of points on xyz files  :   183
conformer energy window  /kcal :    6.00
CN per atom difference cut-off :  0.3000
RMSD threshold                 :  0.5000
max. # of generated structures : 25
 reading xyz file ...
 # in E window                183
 generating pairs ...       16835
  31.1 % done
 generated pairs           :        9487
 number of clash discarded :        7166
 average rmsd w.r.t input  : 2.73654
 sd of ensemble            : 0.79356
 number of new structures      :           1
 removed identical structures  :          49
 writing            1  TMPCONF* dirs ...
 --------------------------
 GC: loose pre-optimization
 --------------------------
 Starting optimization of generated structures
 1 jobs to do.
 1 
 done.
 Now appending opt.xyz file with new structures
 running RMSDs...
 done.
 E lowest :  -102.34963
 1 structures remain within    10.00 kcal/mol window
 --------------------------------------
 GC: optimization with tight thresholds
 --------------------------------------
 Optimizing all 1 structures from file "crest_rotamers_1.xyz" ...
 1
 done.
 running RMSDs...
 done.
 E lowest :  -102.34971
 
 
   ================================================
   |           Final Geometry Optimization        |
   ================================================
 ------------------------------------------------
 Ensemble optimization with very tight thresholds
 ------------------------------------------------
 Optimizing all 183 structures from file "crest_rotamers_5.xyz" ...
 1 2 3 4 5 6 7 8 9 10 11 12 13 14 15 16 17 18 19 20 21 22 23 24 25 26 27 28 29 30 31 32 33 34 35 36 37 38 39 40 41 42 43 44 45 46 47 48 49 50 51 52 53 54 55 56 57 58 59 60 61 62 63 64 65 66 67 68 69 70 71 72 73 74 75 76 77 78 79 80 81 82 83 84 85 86 87 88 89 90 91 92 93 94 95 96 97 98 99 100 101 102 103 104 105 106 107 108 109 110 111 112 113 114 115 116 117 118 119 120 121 122 123 124 125 126 127 128 129 130 131 132 133 134 135 136 137 138 139 140 141 142 143 144 145 146 147 148 149 150 151 152 153 154 155 156 157 158 159 160 161 162 163 164 165 166 167 168 169 170 171 172 173 174 175 176 177 178 179 180 181 182 183
 done.
 running RMSDs...
 done.
 E lowest :  -102.34971
 183 structures remain within     6.00 kcal/mol window
 
 input  file name : crest_rotamers_6.xyz
 output file name : crest_rotamers_7.xyz
 number of atoms                :   64
 number of points on xyz files  :   183
 RMSD threshold                 :   0.2500
 Bconst threshold               :   0.0100
 population threshold           :   0.0500
 conformer energy window  /kcal :   6.0000
 # fragment in coord            :     1
 # bonds in reference structure :    69
 number of reliable points      :   183
 reference state Etot :  -102.349712810000
 number of doubles removed by rot/RMSD         :           0
 total number unique points considered further :         183
       Erel/kcal        Etot weight/tot  conformer     set   degen     origin
       1   0.000  -102.34971    0.02504    0.04970       1       2     md3
       2   0.009  -102.34970    0.02466                                mtd4
       3   0.019  -102.34968    0.02427    0.02427       2       1     md6
       4   0.019  -102.34968    0.02426    0.02426       3       1     mtd6
       5   0.020  -102.34968    0.02422    0.04811       4       2     mtd7
       6   0.028  -102.34967    0.02389                                md7
       7   0.035  -102.34966    0.02361    0.02361       5       1     mtd2
       8   0.053  -102.34963    0.02290    0.07010       6       3     mtd9
       9   0.064  -102.34961    0.02246                                mtd4
      10   0.007  -102.34970    0.02473                                md3
      11   0.072  -102.34960    0.02217    0.04553       7       2     mtd10
      12   0.041  -102.34965    0.02336                                md5
      13   0.048  -102.34964    0.02310    0.02310       8       1     mtd7
      14   0.080  -102.34959    0.02189    0.02189       9       1     mtd7
      15   0.098  -102.34956    0.02122    0.02122      10       1     mtd6
      16   0.105  -102.34955    0.02098    0.04166      11       2     md2
      17   0.113  -102.34953    0.02069                                hor
      18   0.112  -102.34953    0.02074    0.02074      12       1     mtd3
      19   0.116  -102.34953    0.02059    0.02059      13       1     mtd12
      20   0.138  -102.34949    0.01984    0.01984      14       1     mtd1
      21   0.141  -102.34949    0.01975    0.01975      15       1     mtd1
      22   0.203  -102.34939    0.01779    0.01779      16       1     mtd1
      23   0.240  -102.34933    0.01671    0.01671      17       1     mtd8
      24   0.257  -102.34930    0.01624    0.01624      18       1     mtd2
      25   0.296  -102.34924    0.01521    0.03030      19       2     mtd10
      26   0.300  -102.34923    0.01509                                mtd12
      27   0.322  -102.34920    0.01455    0.01455      20       1     mtd10
      28   0.326  -102.34919    0.01445    0.01445      21       1     hor
      29   0.326  -102.34919    0.01444    0.01444      22       1     mtd2
      30   0.327  -102.34919    0.01443    0.01443      23       1     mtd5
      31   0.330  -102.34919    0.01435    0.02821      24       2     mtd7
      32   0.351  -102.34915    0.01386                                mtd10
      33   0.355  -102.34915    0.01375    0.01375      25       1     hor
      34   0.359  -102.34914    0.01368    0.01368      26       1     mtd10
      35   0.362  -102.34914    0.01361    0.01361      27       1     mtd6
      36   0.371  -102.34912    0.01341    0.01341      28       1     hor
      37   0.334  -102.34918    0.01427    0.01427      29       1     mtd8
      38   0.375  -102.34912    0.01331    0.01331      30       1     hor
      39   0.396  -102.34908    0.01284    0.02568      31       2     hor
      40   0.396  -102.34908    0.01284                                mtd4
      41   0.400  -102.34907    0.01275    0.01275      32       1     hor
      42   0.419  -102.34905    0.01236    0.03658      33       3     mtd7
      43   0.429  -102.34903    0.01214                                mtd10
      44   0.432  -102.34902    0.01208                                hor
      45   0.450  -102.34900    0.01172    0.01172      34       1     hor
      46   0.453  -102.34899    0.01166    0.01166      35       1     mtd4
      47   0.422  -102.34904    0.01229    0.02455      36       2     mtd4
      48   0.424  -102.34904    0.01226                                hor
      49   0.453  -102.34899    0.01166    0.02318      37       2     mtd9
      50   0.460  -102.34898    0.01152                                hor
      51   0.461  -102.34898    0.01151    0.03442      38       3     hor
      52   0.455  -102.34899    0.01164                                mtd8
      53   0.473  -102.34896    0.01128                                hor
      54   0.481  -102.34895    0.01113    0.02179      39       2     hor
      55   0.506  -102.34891    0.01067                                hor
      56   1.855  -102.34676    0.00110    0.00110      40       1     hor
      57   1.885  -102.34671    0.00104    0.00207      41       2     hor
      58   1.894  -102.34669    0.00103                                hor
      59   1.898  -102.34669    0.00102    0.00202      42       2     hor
      60   1.909  -102.34667    0.00100                                hor
      61   1.912  -102.34667    0.00100    0.00100      43       1     mtd5
      62   1.891  -102.34670    0.00103    0.00103      44       1     hor
      63   1.921  -102.34665    0.00098    0.00292      45       3     hor
      64   1.922  -102.34665    0.00098                                hor
      65   1.932  -102.34663    0.00096                                hor
      66   1.938  -102.34662    0.00095    0.00095      46       1     hor
      67   1.897  -102.34669    0.00102    0.00102      47       1     mtd2
      68   1.916  -102.34666    0.00099    0.00099      48       1     hor
      69   1.939  -102.34662    0.00095    0.00095      49       1     hor
      70   1.918  -102.34666    0.00099    0.00099      50       1     hor
      71   1.943  -102.34662    0.00095    0.00282      51       3     hor
      72   1.948  -102.34661    0.00094                                hor
      73   1.952  -102.34660    0.00093                                hor
      74   1.946  -102.34661    0.00094    0.00094      52       1     hor
      75   1.965  -102.34658    0.00091    0.00278      53       3     hor
      76   1.955  -102.34660    0.00093                                hor
      77   1.947  -102.34661    0.00094                                hor
      78   1.967  -102.34658    0.00091    0.00091      54       1     hor
      79   1.971  -102.34657    0.00090    0.00180      55       2     hor
      80   1.971  -102.34657    0.00090                                mtd2
      81   1.975  -102.34657    0.00090    0.00179      56       2     hor
      82   1.979  -102.34656    0.00089                                mtd4
      83   1.997  -102.34653    0.00086    0.00086      57       1     hor
      84   1.997  -102.34653    0.00086    0.00179      58       2     hor
      85   1.958  -102.34659    0.00092                                mtd3
      86   1.997  -102.34653    0.00086    0.00086      59       1     hor
      87   1.999  -102.34653    0.00086    0.00086      60       1     hor
      88   1.971  -102.34657    0.00090    0.00090      61       1     hor
      89   2.004  -102.34652    0.00085    0.00174      62       2     mtd4
      90   1.984  -102.34655    0.00088                                hor
      91   2.006  -102.34652    0.00085    0.00085      63       1     hor
      92   2.006  -102.34652    0.00085    0.00085      64       1     mtd1
      93   2.009  -102.34651    0.00085    0.00085      65       1     hor
      94   2.009  -102.34651    0.00085    0.00167      66       2     hor
      95   2.026  -102.34648    0.00082                                hor
      96   2.027  -102.34648    0.00082    0.00082      67       1     hor
      97   2.035  -102.34647    0.00081    0.00081      68       1     hor
      98   2.036  -102.34647    0.00081    0.00081      69       1     hor
      99   2.025  -102.34649    0.00082    0.00082      70       1     hor
     100   2.036  -102.34647    0.00081    0.00081      71       1     hor
     101   2.037  -102.34647    0.00081    0.00081      72       1     mtd4
     102   2.040  -102.34646    0.00080    0.00080      73       1     hor
     103   2.042  -102.34646    0.00080    0.00159      74       2     hor
     104   2.052  -102.34644    0.00079                                hor
     105   2.060  -102.34643    0.00078    0.00078      75       1     hor
     106   2.061  -102.34643    0.00077    0.00077      76       1     mtd6
     107   2.067  -102.34642    0.00077    0.00077      77       1     hor
     108   2.070  -102.34641    0.00076    0.00153      78       2     hor
     109   2.069  -102.34642    0.00076                                mtd7
     110   2.079  -102.34640    0.00075    0.00150      79       2     mtd4
     111   2.079  -102.34640    0.00075                                hor
     112   2.079  -102.34640    0.00075    0.00075      80       1     hor
     113   2.080  -102.34640    0.00075    0.00075      81       1     hor
     114   2.081  -102.34640    0.00075    0.00150      82       2     hor
     115   2.081  -102.34640    0.00075                                hor
     116   2.084  -102.34639    0.00075    0.00148      83       2     hor
     117   2.095  -102.34637    0.00073                                hor
     118   2.086  -102.34639    0.00074    0.00074      84       1     hor
     119   2.097  -102.34637    0.00073    0.00153      85       2     hor
     120   2.043  -102.34646    0.00080                                hor
     121   2.099  -102.34637    0.00073    0.00073      86       1     hor
     122   2.101  -102.34636    0.00072    0.00072      87       1     hor
     123   2.102  -102.34636    0.00072    0.00220      88       3     hor
     124   2.109  -102.34635    0.00071                                mtd1
     125   2.070  -102.34641    0.00076                                hor
     126   2.101  -102.34636    0.00072    0.00143      89       2     hor
     127   2.116  -102.34634    0.00071                                mtd7
     128   2.079  -102.34640    0.00075    0.00075      90       1     hor
     129   2.117  -102.34634    0.00071    0.00071      91       1     hor
     130   2.122  -102.34633    0.00070    0.00070      92       1     hor
     131   2.131  -102.34632    0.00069    0.00272      93       4     hor
     132   2.133  -102.34631    0.00069                                hor
     133   2.140  -102.34630    0.00068                                hor
     134   2.149  -102.34629    0.00067                                hor
     135   2.149  -102.34629    0.00067    0.00067      94       1     hor
     136   2.132  -102.34632    0.00069    0.00069      95       1     md8
     137   2.165  -102.34626    0.00065    0.00065      96       1     mtd8
     138   2.169  -102.34626    0.00065    0.00065      97       1     hor
     139   2.175  -102.34625    0.00064    0.00133      98       2     hor
     140   2.132  -102.34632    0.00069                                hor
     141   2.133  -102.34631    0.00069    0.00069      99       1     hor
     142   2.239  -102.34614    0.00057    0.00057     100       1     hor
     143   3.476  -102.34417    0.00007    0.00007     101       1     hor
     144   3.490  -102.34415    0.00007    0.00014     102       2     hor
     145   3.493  -102.34415    0.00007                                mtd12
     146   3.496  -102.34414    0.00007    0.00007     103       1     hor
     147   3.524  -102.34410    0.00007    0.00013     104       2     mtd8
     148   3.534  -102.34408    0.00006                                hor
     149   3.544  -102.34407    0.00006    0.00019     105       3     hor
     150   3.546  -102.34406    0.00006                                mtd8
     151   3.549  -102.34406    0.00006                                hor
     152   3.537  -102.34408    0.00006    0.00006     106       1     mtd10
     153   3.541  -102.34407    0.00006    0.00006     107       1     mtd13
     154   3.551  -102.34405    0.00006    0.00006     108       1     mtd7
     155   3.551  -102.34405    0.00006    0.00006     109       1     mtd11
     156   3.531  -102.34409    0.00006    0.00006     110       1     mtd12
     157   3.563  -102.34403    0.00006    0.00006     111       1     mtd7
     158   3.571  -102.34402    0.00006    0.00012     112       2     hor
     159   3.581  -102.34401    0.00006                                mtd2
     160   3.583  -102.34400    0.00006    0.00018     113       3     mtd2
     161   3.599  -102.34398    0.00006                                hor
     162   3.575  -102.34402    0.00006                                mtd2
     163   3.599  -102.34398    0.00006    0.00006     114       1     mtd7
     164   3.611  -102.34396    0.00006    0.00006     115       1     hor
     165   3.616  -102.34395    0.00006    0.00006     116       1     mtd8
     166   3.592  -102.34399    0.00006    0.00006     117       1     hor
     167   3.616  -102.34395    0.00006    0.00006     118       1     mtd7
     168   3.629  -102.34393    0.00006    0.00011     119       2     hor
     169   3.642  -102.34391    0.00005                                mtd4
     170   3.661  -102.34388    0.00005    0.00005     120       1     hor
     171   3.631  -102.34393    0.00005    0.00005     121       1     mtd4
     172   3.664  -102.34387    0.00005    0.00010     122       2     mtd10
     173   3.677  -102.34385    0.00005                                mtd8
     174   3.703  -102.34381    0.00005    0.00005     123       1     mtd14
     175   3.710  -102.34380    0.00005    0.00005     124       1     mtd1
     176   3.745  -102.34374    0.00005    0.00005     125       1     mtd5
     177   3.783  -102.34368    0.00004    0.00004     126       1     mtd14
     178   3.793  -102.34367    0.00004    0.00004     127       1     mtd11
     179   3.804  -102.34365    0.00004    0.00004     128       1     mtd5
     180   3.806  -102.34365    0.00004    0.00004     129       1     mtd14
     181   3.865  -102.34355    0.00004    0.00004     130       1     mtd11
     182   3.948  -102.34342    0.00003    0.00003     131       1     mtd5
     183   3.985  -102.34336    0.00003    0.00003     132       1     mtd11
T /K                                  :   298.15
E lowest                              :  -102.34971
ensemble average energy (kcal)        :    0.349
ensemble entropy (J/mol K, cal/mol K) :   35.554    8.498
ensemble free energy (kcal/mol)       :   -2.534
population of lowest in %             :    4.970
 number of unique conformers for further calc          132
 list of relative energies saved as "crest.energies"
 
 -----------------
 Wall Time Summary
 -----------------
             test MD wall time :         0h : 0m :15s
                 MTD wall time :         0h : 1m : 2s
      multilevel OPT wall time :         0h : 2m :57s
                  MD wall time :         0h : 0m :18s
                  GC wall time :         0h : 0m : 2s
--------------------
Overall wall time  : 0h : 4m :43s
 
 CREST terminated normally.
