 
       ==============================================
       |                                            |
       |                 C R E S T                  |
       |                                            |
       |  Conformer-Rotamer Ensemble Sampling Tool  |
       |          based on the GFN methods          |
       |             P.Pracht, S.Grimme             |
       |          Universitaet Bonn, MCTC           |
       ==============================================
       Version 2.12,   Thu 19. Mai 16:32:32 CEST 2022
  Using the xTB program. Compatible with xTB version 6.4.0
 
   Cite work conducted with this code as

   • P.Pracht, F.Bohle, S.Grimme, PCCP, 2020, 22, 7169-7192.
   • S.Grimme, JCTC, 2019, 15, 2847-2862.

   and for works involving QCG as

   • S.Spicher, C.Plett, P.Pracht, A.Hansen, S.Grimme,
     JCTC, 2022, 18 (5), 3174-3189.
 
   with help from:
   C.Bannwarth, F.Bohle, S.Ehlert, S.Grimme,
   C.Plett, P.Pracht, S.Spicher
 
   This program is distributed in the hope that it will be useful,
   but WITHOUT ANY WARRANTY; without even the implied warranty of
   MERCHANTABILITY or FITNESS FOR A PARTICULAR PURPOSE.

 Command line input:
 > crest 00042_r_0.xyz -T 28 -gfn2 -chrg 0 -uhf 0 -rthr 0.25 -shake 1 --mdlen 0.5

  -T 28 (CPUs/Threads selected)
  -gfn2 : Use of GFN2-xTB requested.
  -chrg 0
  -uhf 0
  -rthr 0.25
  --mdlen 0.5 (MD length in ps)
 
 -------------------------
 xTB Geometry Optimization
 -------------------------
 Geometry successfully optimized.
 
------------------------------------------------
Generating MTD length from a flexibility measure
------------------------------------------------
 Calculating WBOs... done.
 Calculating NCI flexibility... done.
     covalent flexibility measure :   0.383
 non-covalent flexibility measure :   0.685
 flexibility measure :   0.403
 t(MTD) / ps set by command line  :     0.5
 t(MTD) / ps    :     0.5
 Σ(t(MTD)) / ps :     7.0 (14 MTDs)
 
-------------------------------------
Starting a trial MTD to test settings
-------------------------------------
 Estimated runtime for one MTD (0.5 ps) on a single thread: 60 sec
 Estimated runtime for a batch of 14 MTDs on 28 threads: 30 sec
 
 list of Vbias parameters applied:
$metadyn    0.00300   1.300
$metadyn    0.00150   1.300
$metadyn    0.00075   1.300
$metadyn    0.00300   0.780
$metadyn    0.00150   0.780
$metadyn    0.00075   0.780
$metadyn    0.00300   0.468
$metadyn    0.00150   0.468
$metadyn    0.00075   0.468
$metadyn    0.00300   0.281
$metadyn    0.00150   0.281
$metadyn    0.00075   0.281
$metadyn    0.00100   0.100
$metadyn    0.00500   0.800
 
*******************************************************************************************
**                        N E W    I T E R A T I O N    C Y C L E                        **
*******************************************************************************************
 
========================================
            MTD Iteration  1
========================================
 
     ========================================
     |         Meta-MD (MTD) Sampling       |
     ========================================
 
Starting Meta-MD   1 with the settings:
     MD time /ps        :     0.5
     dt /fs             :     5.0
     dumpstep(trj) /fs  :     100
     dumpstep(Vbias)/ps :     1.0
     Vbias factor k /Eh :  0.2100
     Vbias exp α /bohr⁻²:    1.30
Starting Meta-MD   2 with the settings:
     MD time /ps        :     0.5
     dt /fs             :     5.0
     dumpstep(trj) /fs  :     100
     dumpstep(Vbias)/ps :     1.0
     Vbias factor k /Eh :  0.1050
     Vbias exp α /bohr⁻²:    1.30
Starting Meta-MD   4 with the settings:
     MD time /ps        :     0.5
     dt /fs             :     5.0
     dumpstep(trj) /fs  :     100
     dumpstep(Vbias)/ps :     1.0
     Vbias factor k /Eh :  0.2100
     Vbias exp α /bohr⁻²:    0.78
Starting Meta-MD   3 with the settings:
     MD time /ps        :     0.5
     dt /fs             :     5.0
     dumpstep(trj) /fs  :     100
     dumpstep(Vbias)/ps :     1.0
     Vbias factor k /Eh :  0.0525
     Vbias exp α /bohr⁻²:    1.30
Starting Meta-MD   5 with the settings:
     MD time /ps        :     0.5
     dt /fs             :     5.0
     dumpstep(trj) /fs  :     100
     dumpstep(Vbias)/ps :     1.0
     Vbias factor k /Eh :  0.1050
     Vbias exp α /bohr⁻²:    0.78
Starting Meta-MD  14 with the settings:
     MD time /ps        :     0.5
     dt /fs             :     5.0
     dumpstep(trj) /fs  :     100
     dumpstep(Vbias)/ps :     1.0
     Vbias factor k /Eh :  0.3500
     Vbias exp α /bohr⁻²:    0.80
Starting Meta-MD   6 with the settings:
     MD time /ps        :     0.5
     dt /fs             :     5.0
     dumpstep(trj) /fs  :     100
     dumpstep(Vbias)/ps :     1.0
     Vbias factor k /Eh :  0.0525
     Vbias exp α /bohr⁻²:    0.78
Starting Meta-MD   7 with the settings:
     MD time /ps        :     0.5
     dt /fs             :     5.0
     dumpstep(trj) /fs  :     100
     dumpstep(Vbias)/ps :     1.0
     Vbias factor k /Eh :  0.2100
     Vbias exp α /bohr⁻²:    0.47
Starting Meta-MD   8 with the settings:
     MD time /ps        :     0.5
     dt /fs             :     5.0
     dumpstep(trj) /fs  :     100
     dumpstep(Vbias)/ps :     1.0
     Vbias factor k /Eh :  0.1050
     Vbias exp α /bohr⁻²:    0.47
Starting Meta-MD   9 with the settings:
     MD time /ps        :     0.5
     dt /fs             :     5.0
     dumpstep(trj) /fs  :     100
     dumpstep(Vbias)/ps :     1.0
     Vbias factor k /Eh :  0.0525
     Vbias exp α /bohr⁻²:    0.47
Starting Meta-MD  10 with the settings:
     MD time /ps        :     0.5
     dt /fs             :     5.0
     dumpstep(trj) /fs  :     100
     dumpstep(Vbias)/ps :     1.0
     Vbias factor k /Eh :  0.2100
     Vbias exp α /bohr⁻²:    0.28
Starting Meta-MD  11 with the settings:
     MD time /ps        :     0.5
     dt /fs             :     5.0
     dumpstep(trj) /fs  :     100
     dumpstep(Vbias)/ps :     1.0
     Vbias factor k /Eh :  0.1050
     Vbias exp α /bohr⁻²:    0.28
Starting Meta-MD  12 with the settings:
     MD time /ps        :     0.5
     dt /fs             :     5.0
     dumpstep(trj) /fs  :     100
     dumpstep(Vbias)/ps :     1.0
     Vbias factor k /Eh :  0.0525
     Vbias exp α /bohr⁻²:    0.28
Starting Meta-MD  13 with the settings:
     MD time /ps        :     0.5
     dt /fs             :     5.0
     dumpstep(trj) /fs  :     100
     dumpstep(Vbias)/ps :     1.0
     Vbias factor k /Eh :  0.0700
     Vbias exp α /bohr⁻²:    0.10
*Meta-MTD 12 finished*
*Meta-MTD 2 finished*
*Meta-MTD 9 finished*
*Meta-MTD 8 finished*
*Meta-MTD 3 finished*
*Meta-MTD 1 finished*
*Meta-MTD 14 finished*
*Meta-MTD 4 finished*
*Meta-MTD 10 finished*
*Meta-MTD 7 finished*
*Meta-MTD 5 finished*
*Meta-MTD 6 finished*
*Meta-MTD 11 finished*
*Meta-MTD 13 finished*
 
-----------------------
Multilevel Optimization
-----------------------
 
 -------------------------
 1. crude pre-optimization
 -------------------------
 Optimizing all 56 structures from file "crest_rotamers_0.xyz" ...
 1 2 3 4 5 6 7 8 9 10 11 12 13 14 15 16 17 18 19 20 21 22 23 24 25 26 27 28 29 30 31 32 33 34 35 36 37 38 39 40 41 42 43 44 45 46 47 48 49 50 51 52 53 54 55 56
 done.
 running RMSDs...
 done.
 E lowest :  -114.12378
 54 structures remain within    12.00 kcal/mol window
 
 -------------------------------------
 2. optimization with tight thresholds
 -------------------------------------
 Optimizing all 55 structures from file "crest_rotamers_1.xyz" ...
 1 2 3 4 5 6 7 8 9 10 11 12 13 14 15 16 17 18 19 20 21 22 23 24 25 26 27 28 29 30 31 32 33 34 35 36 37 38 39 40 41 42 43 44 45 46 47 48 49 50 51 52 53 54 55
 done.
 running RMSDs...
 done.
 E lowest :  -114.12583
 37 structures remain within     6.00 kcal/mol window
 
 
========================================
            MTD Iteration  2
========================================
 
     ========================================
     |         Meta-MD (MTD) Sampling       |
     ========================================
 
Starting Meta-MD   1 with the settings:
     MD time /ps        :     0.5
     dt /fs             :     5.0
     dumpstep(trj) /fs  :     100
     dumpstep(Vbias)/ps :     1.0
     Vbias factor k /Eh :  0.2100
     Vbias exp α /bohr⁻²:    1.30
Starting Meta-MD   2 with the settings:
     MD time /ps        :     0.5
     dt /fs             :     5.0
     dumpstep(trj) /fs  :     100
     dumpstep(Vbias)/ps :     1.0
     Vbias factor k /Eh :  0.1050
     Vbias exp α /bohr⁻²:    1.30
Starting Meta-MD   3 with the settings:
     MD time /ps        :     0.5
     dt /fs             :     5.0
     dumpstep(trj) /fs  :     100
     dumpstep(Vbias)/ps :     1.0
     Vbias factor k /Eh :  0.0525
     Vbias exp α /bohr⁻²:    1.30
Starting Meta-MD   4 with the settings:
     MD time /ps        :     0.5
     dt /fs             :     5.0
     dumpstep(trj) /fs  :     100
     dumpstep(Vbias)/ps :     1.0
     Vbias factor k /Eh :  0.2100
     Vbias exp α /bohr⁻²:    0.78
Starting Meta-MD   5 with the settings:
     MD time /ps        :     0.5
     dt /fs             :     5.0
     dumpstep(trj) /fs  :     100
     dumpstep(Vbias)/ps :     1.0
     Vbias factor k /Eh :  0.1050
     Vbias exp α /bohr⁻²:    0.78
Starting Meta-MD   6 with the settings:
     MD time /ps        :     0.5
     dt /fs             :     5.0
     dumpstep(trj) /fs  :     100
     dumpstep(Vbias)/ps :     1.0
     Vbias factor k /Eh :  0.0525
     Vbias exp α /bohr⁻²:    0.78
Starting Meta-MD   7 with the settings:
     MD time /ps        :     0.5
     dt /fs             :     5.0
     dumpstep(trj) /fs  :     100
     dumpstep(Vbias)/ps :     1.0
     Vbias factor k /Eh :  0.2100
     Vbias exp α /bohr⁻²:    0.47
Starting Meta-MD   8 with the settings:
     MD time /ps        :     0.5
     dt /fs             :     5.0
     dumpstep(trj) /fs  :     100
     dumpstep(Vbias)/ps :     1.0
     Vbias factor k /Eh :  0.1050
     Vbias exp α /bohr⁻²:    0.47
Starting Meta-MD   9 with the settings:
     MD time /ps        :     0.5
     dt /fs             :     5.0
     dumpstep(trj) /fs  :     100
     dumpstep(Vbias)/ps :     1.0
     Vbias factor k /Eh :  0.0525
     Vbias exp α /bohr⁻²:    0.47
Starting Meta-MD  10 with the settings:
     MD time /ps        :     0.5
     dt /fs             :     5.0
     dumpstep(trj) /fs  :     100
     dumpstep(Vbias)/ps :     1.0
     Vbias factor k /Eh :  0.2100
     Vbias exp α /bohr⁻²:    0.28
Starting Meta-MD  11 with the settings:
     MD time /ps        :     0.5
     dt /fs             :     5.0
     dumpstep(trj) /fs  :     100
     dumpstep(Vbias)/ps :     1.0
     Vbias factor k /Eh :  0.1050
     Vbias exp α /bohr⁻²:    0.28
Starting Meta-MD  12 with the settings:
     MD time /ps        :     0.5
     dt /fs             :     5.0
     dumpstep(trj) /fs  :     100
     dumpstep(Vbias)/ps :     1.0
     Vbias factor k /Eh :  0.0525
     Vbias exp α /bohr⁻²:    0.28
*Meta-MTD 8 finished*
*Meta-MTD 12 finished*
*Meta-MTD 5 finished*
*Meta-MTD 3 finished*
*Meta-MTD 6 finished*
*Meta-MTD 7 finished*
*Meta-MTD 4 finished*
*Meta-MTD 9 finished*
*Meta-MTD 11 finished*
*Meta-MTD 10 finished*
*Meta-MTD 2 finished*
*Meta-MTD 1 finished*
 
-----------------------
Multilevel Optimization
-----------------------
 
 -------------------------
 1. crude pre-optimization
 -------------------------
 Optimizing all 48 structures from file "crest_rotamers_0.xyz" ...
 1 2 3 4 5 6 7 8 9 10 11 12 13 14 15 16 17 18 19 20 21 22 23 24 25 26 27 28 29 30 31 32 33 34 35 36 37 38 39 40 41 42 43 44 45 46 47 48
 done.
 running RMSDs...
 done.
 E lowest :  -114.12521
 46 structures remain within    12.00 kcal/mol window
 
 -------------------------------------
 2. optimization with tight thresholds
 -------------------------------------
 Optimizing all 47 structures from file "crest_rotamers_1.xyz" ...
 1 2 3 4 5 6 7 8 9 10 11 12 13 14 15 16 17 18 19 20 21 22 23 24 25 26 27 28 29 30 31 32 33 34 35 36 37 38 39 40 41 42 43 44 45 46 47
 done.
 running RMSDs...
 done.
 E lowest :  -114.12656
 28 structures remain within     6.00 kcal/mol window
 
 ...............................................
 A new lower conformer was found!
 Improved by    0.00072 Eh or    0.45395kcal/mol
 ...............................................
 
========================================
            MTD Iteration  3
========================================
 
     ========================================
     |         Meta-MD (MTD) Sampling       |
     ========================================
 
Starting Meta-MD   1 with the settings:
     MD time /ps        :     0.5
     dt /fs             :     5.0
     dumpstep(trj) /fs  :     100
     dumpstep(Vbias)/ps :     1.0
     Vbias factor k /Eh :  0.2100
     Vbias exp α /bohr⁻²:    1.30
Starting Meta-MD   2 with the settings:
     MD time /ps        :     0.5
     dt /fs             :     5.0
     dumpstep(trj) /fs  :     100
     dumpstep(Vbias)/ps :     1.0
     Vbias factor k /Eh :  0.1050
     Vbias exp α /bohr⁻²:    1.30
Starting Meta-MD   3 with the settings:
     MD time /ps        :     0.5
     dt /fs             :     5.0
     dumpstep(trj) /fs  :     100
     dumpstep(Vbias)/ps :     1.0
     Vbias factor k /Eh :  0.0525
     Vbias exp α /bohr⁻²:    1.30
Starting Meta-MD  12 with the settings:
     MD time /ps        :     0.5
     dt /fs             :     5.0
     dumpstep(trj) /fs  :     100
     dumpstep(Vbias)/ps :     1.0
     Vbias factor k /Eh :  0.0525
     Vbias exp α /bohr⁻²:    0.28
Starting Meta-MD   4 with the settings:
     MD time /ps        :     0.5
     dt /fs             :     5.0
     dumpstep(trj) /fs  :     100
     dumpstep(Vbias)/ps :     1.0
     Vbias factor k /Eh :  0.2100
     Vbias exp α /bohr⁻²:    0.78
Starting Meta-MD   5 with the settings:
     MD time /ps        :     0.5
     dt /fs             :     5.0
     dumpstep(trj) /fs  :     100
     dumpstep(Vbias)/ps :     1.0
     Vbias factor k /Eh :  0.1050
     Vbias exp α /bohr⁻²:    0.78
Starting Meta-MD   6 with the settings:
     MD time /ps        :     0.5
     dt /fs             :     5.0
     dumpstep(trj) /fs  :     100
     dumpstep(Vbias)/ps :     1.0
     Vbias factor k /Eh :  0.0525
     Vbias exp α /bohr⁻²:    0.78
Starting Meta-MD   7 with the settings:
     MD time /ps        :     0.5
     dt /fs             :     5.0
     dumpstep(trj) /fs  :     100
     dumpstep(Vbias)/ps :     1.0
     Vbias factor k /Eh :  0.2100
     Vbias exp α /bohr⁻²:    0.47
Starting Meta-MD   8 with the settings:
     MD time /ps        :     0.5
     dt /fs             :     5.0
     dumpstep(trj) /fs  :     100
     dumpstep(Vbias)/ps :     1.0
     Vbias factor k /Eh :  0.1050
     Vbias exp α /bohr⁻²:    0.47
Starting Meta-MD   9 with the settings:
     MD time /ps        :     0.5
     dt /fs             :     5.0
     dumpstep(trj) /fs  :     100
     dumpstep(Vbias)/ps :     1.0
     Vbias factor k /Eh :  0.0525
     Vbias exp α /bohr⁻²:    0.47
Starting Meta-MD  10 with the settings:
     MD time /ps        :     0.5
     dt /fs             :     5.0
     dumpstep(trj) /fs  :     100
     dumpstep(Vbias)/ps :     1.0
     Vbias factor k /Eh :  0.2100
     Vbias exp α /bohr⁻²:    0.28
Starting Meta-MD  11 with the settings:
     MD time /ps        :     0.5
     dt /fs             :     5.0
     dumpstep(trj) /fs  :     100
     dumpstep(Vbias)/ps :     1.0
     Vbias factor k /Eh :  0.1050
     Vbias exp α /bohr⁻²:    0.28
*Meta-MTD 6 finished*
*Meta-MTD 3 finished*
*Meta-MTD 4 finished*
*Meta-MTD 12 finished*
*Meta-MTD 2 finished*
*Meta-MTD 7 finished*
*Meta-MTD 8 finished*
*Meta-MTD 1 finished*
*Meta-MTD 10 finished*
*Meta-MTD 5 finished*
*Meta-MTD 9 finished*
*Meta-MTD 11 finished*
 
-----------------------
Multilevel Optimization
-----------------------
 
 -------------------------
 1. crude pre-optimization
 -------------------------
 Optimizing all 48 structures from file "crest_rotamers_0.xyz" ...
 1 2 3 4 5 6 7 8 9 10 11 12 13 14 15 16 17 18 19 20 21 22 23 24 25 26 27 28 29 30 31 32 33 34 35 36 37 38 39 40 41 42 43 44 45 46 47 48
 done.
 running RMSDs...
 done.
 E lowest :  -114.12528
 46 structures remain within    12.00 kcal/mol window
 
 -------------------------------------
 2. optimization with tight thresholds
 -------------------------------------
 Optimizing all 47 structures from file "crest_rotamers_1.xyz" ...
 1 2 3 4 5 6 7 8 9 10 11 12 13 14 15 16 17 18 19 20 21 22 23 24 25 26 27 28 29 30 31 32 33 34 35 36 37 38 39 40 41 42 43 44 45 46 47
 done.
 running RMSDs...
 done.
 E lowest :  -114.12657
 34 structures remain within     6.00 kcal/mol window
 
========================================
            MTD Iterations done         
========================================
 Collecting ensmbles.
 running RMSDs...
 done.
 E lowest :  -114.12657
 98 structures remain within     6.00 kcal/mol window
 
 -------------------------------
 Additional orientation sampling
 -------------------------------
 Optimizing all 174 structures from file "oh_ensemble.xyz" ...
 1 2 3 4 5 6 7 8 9 10 11 12 13 14 15 16 17 18 19 20 21 22 23 24 25 26 27 28 29 30 31 32 33 34 35 36 37 38 39 40 41 42 43 44 45 46 47 48 49 50 51 52 53 54 55 56 57 58 59 60 61 62 63 64 65 66 67 68 69 70 71 72 73 74 75 76 77 78 79 80 81 82 83 84 85 86 87 88 89 90 91 92 93 94 95 96 97 98 99 100 101 102 103 104 105 106 107 108 109 110 111 112 113 114 115 116 117 118 119 120 121 122 123 124 125 126 127 128 129 130 131 132 133 134 135 136 137 138 139 140 141 142 143 144 145 146 147 148 149 150 151 152 153 154 155 156 157 158 159 160 161 162 163 164 165 166 167 168 169 170 171 172 173 174
 done.
 running RMSDs...
 done.
 E lowest :  -114.12854
 236 structures remain within     6.00 kcal/mol window
 
-----------------------------------------------
Additional regular MDs on lowest 4 conformer(s)
-----------------------------------------------
Starting MD   1 with the settings:
     MD time /ps        :     0.2
     MD Temperature /K  :   400.0
     dt /fs             :     5.0
     dumpstep(trj) /fs  :     100
Starting MD   2 with the settings:
     MD time /ps        :     0.2
     MD Temperature /K  :   500.0
     dt /fs             :     5.0
     dumpstep(trj) /fs  :     100
Starting MD   3 with the settings:
     MD time /ps        :     0.2
     MD Temperature /K  :   400.0
     dt /fs             :     5.0
     dumpstep(trj) /fs  :     100
Starting MD   4 with the settings:
     MD time /ps        :     0.2
     MD Temperature /K  :   500.0
     dt /fs             :     5.0
     dumpstep(trj) /fs  :     100
Starting MD   5 with the settings:
     MD time /ps        :     0.2
     MD Temperature /K  :   400.0
     dt /fs             :     5.0
     dumpstep(trj) /fs  :     100
Starting MD   6 with the settings:
     MD time /ps        :     0.2
     MD Temperature /K  :   500.0
     dt /fs             :     5.0
     dumpstep(trj) /fs  :     100
Starting MD   8 with the settings:
     MD time /ps        :     0.2
     MD Temperature /K  :   500.0
     dt /fs             :     5.0
     dumpstep(trj) /fs  :     100
Starting MD   7 with the settings:
     MD time /ps        :     0.2
     MD Temperature /K  :   400.0
     dt /fs             :     5.0
     dumpstep(trj) /fs  :     100
*MD 7 finished*
*MD 6 finished*
*MD 3 finished*
*MD 8 finished*
*MD 1 finished*
*MD 5 finished*
*MD 4 finished*
*MD 2 finished*
 Appending file crest_rotamers_2.xyz with new structures
 
 -------------------------------------------
 Ensemble optimization with tight thresholds
 -------------------------------------------
 Optimizing all 252 structures from file "crest_rotamers_2.xyz" ...
 1 2 3 4 5 6 7 8 9 10 11 12 13 14 15 16 17 18 19 20 21 22 23 24 25 26 27 28 29 30 31 32 33 34 35 36 37 38 39 40 41 42 43 44 45 46 47 48 49 50 51 52 53 54 55 56 57 58 59 60 61 62 63 64 65 66 67 68 69 70 71 72 73 74 75 76 77 78 79 80 81 82 83 84 85 86 87 88 89 90 91 92 93 94 95 96 97 98 99 100 101 102 103 104 105 106 107 108 109 110 111 112 113 114 115 116 117 118 119 120 121 122 123 124 125 126 127 128 129 130 131 132 133 134 135 136 137 138 139 140 141 142 143 144 145 146 147 148 149 150 151 152 153 154 155 156 157 158 159 160 161 162 163 164 165 166 167 168 169 170 171 172 173 174 175 176 177 178 179 180 181 182 183 184 185 186 187 188 189 190 191 192 193 194 195 196 197 198 199 200 201 202 203 204 205 206 207 208 209 210 211 212 213 214 215 216 217 218 219 220 221 222 223 224 225 226 227 228 229 230 231 232 233 234 235 236 237 238 239 240 241 242 243 244 245 246 247 248 249 250 251 252
 done.
 running RMSDs...
 done.
 E lowest :  -114.12854
 241 structures remain within     6.00 kcal/mol window
 
 ...............................................
 A new lower conformer was found!
 Improved by    0.00199 Eh or    1.24642kcal/mol
 ...............................................
 
*******************************************************************************************
**                        N E W    I T E R A T I O N    C Y C L E                        **
*******************************************************************************************
 
========================================
            MTD Iteration  1
========================================
 
     ========================================
     |         Meta-MD (MTD) Sampling       |
     ========================================
 
Starting Meta-MD   1 with the settings:
     MD time /ps        :     0.5
     dt /fs             :     5.0
     dumpstep(trj) /fs  :     100
     dumpstep(Vbias)/ps :     1.0
     Vbias factor k /Eh :  0.2100
     Vbias exp α /bohr⁻²:    1.30
Starting Meta-MD   2 with the settings:
     MD time /ps        :     0.5
     dt /fs             :     5.0
     dumpstep(trj) /fs  :     100
     dumpstep(Vbias)/ps :     1.0
     Vbias factor k /Eh :  0.1050
     Vbias exp α /bohr⁻²:    1.30
Starting Meta-MD   3 with the settings:
     MD time /ps        :     0.5
     dt /fs             :     5.0
     dumpstep(trj) /fs  :     100
     dumpstep(Vbias)/ps :     1.0
     Vbias factor k /Eh :  0.0525
     Vbias exp α /bohr⁻²:    1.30
Starting Meta-MD   4 with the settings:
     MD time /ps        :     0.5
     dt /fs             :     5.0
     dumpstep(trj) /fs  :     100
     dumpstep(Vbias)/ps :     1.0
     Vbias factor k /Eh :  0.2100
     Vbias exp α /bohr⁻²:    0.78
Starting Meta-MD   5 with the settings:
     MD time /ps        :     0.5
     dt /fs             :     5.0
     dumpstep(trj) /fs  :     100
     dumpstep(Vbias)/ps :     1.0
     Vbias factor k /Eh :  0.1050
     Vbias exp α /bohr⁻²:    0.78
Starting Meta-MD   6 with the settings:
     MD time /ps        :     0.5
     dt /fs             :     5.0
     dumpstep(trj) /fs  :     100
     dumpstep(Vbias)/ps :     1.0
     Vbias factor k /Eh :  0.0525
     Vbias exp α /bohr⁻²:    0.78
Starting Meta-MD   7 with the settings:
     MD time /ps        :     0.5
     dt /fs             :     5.0
     dumpstep(trj) /fs  :     100
     dumpstep(Vbias)/ps :     1.0
     Vbias factor k /Eh :  0.2100
     Vbias exp α /bohr⁻²:    0.47
Starting Meta-MD   8 with the settings:
     MD time /ps        :     0.5
     dt /fs             :     5.0
     dumpstep(trj) /fs  :     100
     dumpstep(Vbias)/ps :     1.0
     Vbias factor k /Eh :  0.1050
     Vbias exp α /bohr⁻²:    0.47
Starting Meta-MD   9 with the settings:
     MD time /ps        :     0.5
     dt /fs             :     5.0
     dumpstep(trj) /fs  :     100
     dumpstep(Vbias)/ps :     1.0
     Vbias factor k /Eh :  0.0525
     Vbias exp α /bohr⁻²:    0.47
Starting Meta-MD  10 with the settings:
     MD time /ps        :     0.5
     dt /fs             :     5.0
     dumpstep(trj) /fs  :     100
     dumpstep(Vbias)/ps :     1.0
     Vbias factor k /Eh :  0.2100
     Vbias exp α /bohr⁻²:    0.28
Starting Meta-MD  12 with the settings:
     MD time /ps        :     0.5
     dt /fs             :     5.0
     dumpstep(trj) /fs  :     100
     dumpstep(Vbias)/ps :     1.0
     Vbias factor k /Eh :  0.0525
     Vbias exp α /bohr⁻²:    0.28
Starting Meta-MD  11 with the settings:
     MD time /ps        :     0.5
     dt /fs             :     5.0
     dumpstep(trj) /fs  :     100
     dumpstep(Vbias)/ps :     1.0
     Vbias factor k /Eh :  0.1050
     Vbias exp α /bohr⁻²:    0.28
*Meta-MTD 11 finished*
*Meta-MTD 3 finished*
*Meta-MTD 4 finished*
*Meta-MTD 9 finished*
*Meta-MTD 5 finished*
*Meta-MTD 2 finished*
*Meta-MTD 6 finished*
*Meta-MTD 7 finished*
*Meta-MTD 10 finished*
*Meta-MTD 12 finished*
*Meta-MTD 8 finished*
*Meta-MTD 1 finished*
 
-----------------------
Multilevel Optimization
-----------------------
 
 -------------------------
 1. crude pre-optimization
 -------------------------
 Optimizing all 48 structures from file "crest_rotamers_0.xyz" ...
 1 2 3 4 5 6 7 8 9 10 11 12 13 14 15 16 17 18 19 20 21 22 23 24 25 26 27 28 29 30 31 32 33 34 35 36 37 38 39 40 41 42 43 44 45 46 47 48
 done.
 running RMSDs...
 done.
 E lowest :  -114.12758
 47 structures remain within    12.00 kcal/mol window
 
 -------------------------------------
 2. optimization with tight thresholds
 -------------------------------------
 Optimizing all 48 structures from file "crest_rotamers_1.xyz" ...
 1 2 3 4 5 6 7 8 9 10 11 12 13 14 15 16 17 18 19 20 21 22 23 24 25 26 27 28 29 30 31 32 33 34 35 36 37 38 39 40 41 42 43 44 45 46 47 48
 done.
 running RMSDs...
 done.
 E lowest :  -114.12854
 27 structures remain within     6.00 kcal/mol window
 
========================================
            MTD Iterations done         
========================================
 Collecting ensmbles.
 running RMSDs...
 done.
 E lowest :  -114.12854
 27 structures remain within     6.00 kcal/mol window
 
 -------------------------------
 Additional orientation sampling
 -------------------------------
 Optimizing all 54 structures from file "oh_ensemble.xyz" ...
 1 2 3 4 5 6 7 8 9 10 11 12 13 14 15 16 17 18 19 20 21 22 23 24 25 26 27 28 29 30 31 32 33 34 35 36 37 38 39 40 41 42 43 44 45 46 47 48 49 50 51 52 53 54
 done.
 running RMSDs...
 done.
 E lowest :  -114.13035
 78 structures remain within     6.00 kcal/mol window
 
-----------------------------------------------
Additional regular MDs on lowest 4 conformer(s)
-----------------------------------------------
Starting MD   1 with the settings:
     MD time /ps        :     0.2
     MD Temperature /K  :   400.0
     dt /fs             :     5.0
     dumpstep(trj) /fs  :     100
Starting MD   2 with the settings:
     MD time /ps        :     0.2
     MD Temperature /K  :   500.0
     dt /fs             :     5.0
     dumpstep(trj) /fs  :     100
Starting MD   3 with the settings:
     MD time /ps        :     0.2
     MD Temperature /K  :   400.0
     dt /fs             :     5.0
     dumpstep(trj) /fs  :     100
Starting MD   4 with the settings:
     MD time /ps        :     0.2
     MD Temperature /K  :   500.0
     dt /fs             :     5.0
     dumpstep(trj) /fs  :     100
Starting MD   8 with the settings:
     MD time /ps        :     0.2
     MD Temperature /K  :   500.0
     dt /fs             :     5.0
     dumpstep(trj) /fs  :     100
Starting MD   6 with the settings:
     MD time /ps        :     0.2
     MD Temperature /K  :   500.0
     dt /fs             :     5.0
     dumpstep(trj) /fs  :     100
Starting MD   5 with the settings:
     MD time /ps        :     0.2
     MD Temperature /K  :   400.0
     dt /fs             :     5.0
     dumpstep(trj) /fs  :     100
Starting MD   7 with the settings:
     MD time /ps        :     0.2
     MD Temperature /K  :   400.0
     dt /fs             :     5.0
     dumpstep(trj) /fs  :     100
*MD 3 finished*
*MD 1 finished*
*MD 5 finished*
*MD 7 finished*
*MD 2 finished*
*MD 4 finished*
*MD 6 finished*
*MD 8 finished*
 Appending file crest_rotamers_2.xyz with new structures
 
 -------------------------------------------
 Ensemble optimization with tight thresholds
 -------------------------------------------
 Optimizing all 94 structures from file "crest_rotamers_2.xyz" ...
 1 2 3 4 5 6 7 8 9 10 11 12 13 14 15 16 17 18 19 20 21 22 23 24 25 26 27 28 29 30 31 32 33 34 35 36 37 38 39 40 41 42 43 44 45 46 47 48 49 50 51 52 53 54 55 56 57 58 59 60 61 62 63 64 65 66 67 68 69 70 71 72 73 74 75 76 77 78 79 80 81 82 83 84 85 86 87 88 89 90 91 92 93 94
 done.
 running RMSDs...
 done.
 E lowest :  -114.13037
 83 structures remain within     6.00 kcal/mol window
 
 ...............................................
 A new lower conformer was found!
 Improved by    0.00182 Eh or    1.14515kcal/mol
 ...............................................
 
*******************************************************************************************
**                        N E W    I T E R A T I O N    C Y C L E                        **
*******************************************************************************************
 
========================================
            MTD Iteration  1
========================================
 
     ========================================
     |         Meta-MD (MTD) Sampling       |
     ========================================
 
Starting Meta-MD   1 with the settings:
     MD time /ps        :     0.5
     dt /fs             :     5.0
     dumpstep(trj) /fs  :     100
     dumpstep(Vbias)/ps :     1.0
     Vbias factor k /Eh :  0.2100
     Vbias exp α /bohr⁻²:    1.30
Starting Meta-MD   2 with the settings:
     MD time /ps        :     0.5
     dt /fs             :     5.0
     dumpstep(trj) /fs  :     100
     dumpstep(Vbias)/ps :     1.0
     Vbias factor k /Eh :  0.1050
     Vbias exp α /bohr⁻²:    1.30
Starting Meta-MD   3 with the settings:
     MD time /ps        :     0.5
     dt /fs             :     5.0
     dumpstep(trj) /fs  :     100
     dumpstep(Vbias)/ps :     1.0
     Vbias factor k /Eh :  0.0525
     Vbias exp α /bohr⁻²:    1.30
Starting Meta-MD  12 with the settings:
     MD time /ps        :     0.5
     dt /fs             :     5.0
     dumpstep(trj) /fs  :     100
     dumpstep(Vbias)/ps :     1.0
     Vbias factor k /Eh :  0.0525
     Vbias exp α /bohr⁻²:    0.28
Starting Meta-MD   4 with the settings:
     MD time /ps        :     0.5
     dt /fs             :     5.0
     dumpstep(trj) /fs  :     100
     dumpstep(Vbias)/ps :     1.0
     Vbias factor k /Eh :  0.2100
     Vbias exp α /bohr⁻²:    0.78
Starting Meta-MD   5 with the settings:
     MD time /ps        :     0.5
     dt /fs             :     5.0
     dumpstep(trj) /fs  :     100
     dumpstep(Vbias)/ps :     1.0
     Vbias factor k /Eh :  0.1050
     Vbias exp α /bohr⁻²:    0.78
Starting Meta-MD   6 with the settings:
     MD time /ps        :     0.5
     dt /fs             :     5.0
     dumpstep(trj) /fs  :     100
     dumpstep(Vbias)/ps :     1.0
     Vbias factor k /Eh :  0.0525
     Vbias exp α /bohr⁻²:    0.78
Starting Meta-MD   7 with the settings:
     MD time /ps        :     0.5
     dt /fs             :     5.0
     dumpstep(trj) /fs  :     100
     dumpstep(Vbias)/ps :     1.0
     Vbias factor k /Eh :  0.2100
     Vbias exp α /bohr⁻²:    0.47
Starting Meta-MD   8 with the settings:
     MD time /ps        :     0.5
     dt /fs             :     5.0
     dumpstep(trj) /fs  :     100
     dumpstep(Vbias)/ps :     1.0
     Vbias factor k /Eh :  0.1050
     Vbias exp α /bohr⁻²:    0.47
Starting Meta-MD   9 with the settings:
     MD time /ps        :     0.5
     dt /fs             :     5.0
     dumpstep(trj) /fs  :     100
     dumpstep(Vbias)/ps :     1.0
     Vbias factor k /Eh :  0.0525
     Vbias exp α /bohr⁻²:    0.47
Starting Meta-MD  10 with the settings:
     MD time /ps        :     0.5
     dt /fs             :     5.0
     dumpstep(trj) /fs  :     100
     dumpstep(Vbias)/ps :     1.0
     Vbias factor k /Eh :  0.2100
     Vbias exp α /bohr⁻²:    0.28
Starting Meta-MD  11 with the settings:
     MD time /ps        :     0.5
     dt /fs             :     5.0
     dumpstep(trj) /fs  :     100
     dumpstep(Vbias)/ps :     1.0
     Vbias factor k /Eh :  0.1050
     Vbias exp α /bohr⁻²:    0.28
*Meta-MTD 3 finished*
*Meta-MTD 11 finished*
*Meta-MTD 5 finished*
*Meta-MTD 4 finished*
*Meta-MTD 8 finished*
*Meta-MTD 6 finished*
*Meta-MTD 9 finished*
*Meta-MTD 12 finished*
*Meta-MTD 2 finished*
*Meta-MTD 7 finished*
*Meta-MTD 1 finished*
*Meta-MTD 10 finished*
 
-----------------------
Multilevel Optimization
-----------------------
 
 -------------------------
 1. crude pre-optimization
 -------------------------
 Optimizing all 48 structures from file "crest_rotamers_0.xyz" ...
 1 2 3 4 5 6 7 8 9 10 11 12 13 14 15 16 17 18 19 20 21 22 23 24 25 26 27 28 29 30 31 32 33 34 35 36 37 38 39 40 41 42 43 44 45 46 47 48
 done.
 running RMSDs...
 done.
 E lowest :  -114.12959
 47 structures remain within    12.00 kcal/mol window
 
 -------------------------------------
 2. optimization with tight thresholds
 -------------------------------------
 Optimizing all 48 structures from file "crest_rotamers_1.xyz" ...
 1 2 3 4 5 6 7 8 9 10 11 12 13 14 15 16 17 18 19 20 21 22 23 24 25 26 27 28 29 30 31 32 33 34 35 36 37 38 39 40 41 42 43 44 45 46 47 48
 done.
 running RMSDs...
 done.
 E lowest :  -114.13072
 27 structures remain within     6.00 kcal/mol window
 
 ...............................................
 A new lower conformer was found!
 Improved by    0.00035 Eh or    0.22058kcal/mol
 ...............................................
 
========================================
            MTD Iteration  2
========================================
 
     ========================================
     |         Meta-MD (MTD) Sampling       |
     ========================================
 
Starting Meta-MD   1 with the settings:
     MD time /ps        :     0.5
     dt /fs             :     5.0
     dumpstep(trj) /fs  :     100
     dumpstep(Vbias)/ps :     1.0
     Vbias factor k /Eh :  0.2100
     Vbias exp α /bohr⁻²:    1.30
Starting Meta-MD   2 with the settings:
     MD time /ps        :     0.5
     dt /fs             :     5.0
     dumpstep(trj) /fs  :     100
     dumpstep(Vbias)/ps :     1.0
     Vbias factor k /Eh :  0.1050
     Vbias exp α /bohr⁻²:    1.30
Starting Meta-MD   3 with the settings:
     MD time /ps        :     0.5
     dt /fs             :     5.0
     dumpstep(trj) /fs  :     100
     dumpstep(Vbias)/ps :     1.0
     Vbias factor k /Eh :  0.0525
     Vbias exp α /bohr⁻²:    1.30
Starting Meta-MD   4 with the settings:
     MD time /ps        :     0.5
     dt /fs             :     5.0
     dumpstep(trj) /fs  :     100
     dumpstep(Vbias)/ps :     1.0
     Vbias factor k /Eh :  0.2100
     Vbias exp α /bohr⁻²:    0.78
Starting Meta-MD   5 with the settings:
     MD time /ps        :     0.5
     dt /fs             :     5.0
     dumpstep(trj) /fs  :     100
     dumpstep(Vbias)/ps :     1.0
     Vbias factor k /Eh :  0.1050
     Vbias exp α /bohr⁻²:    0.78
Starting Meta-MD   6 with the settings:
     MD time /ps        :     0.5
     dt /fs             :     5.0
     dumpstep(trj) /fs  :     100
     dumpstep(Vbias)/ps :     1.0
     Vbias factor k /Eh :  0.0525
     Vbias exp α /bohr⁻²:    0.78
Starting Meta-MD   7 with the settings:
     MD time /ps        :     0.5
     dt /fs             :     5.0
     dumpstep(trj) /fs  :     100
     dumpstep(Vbias)/ps :     1.0
     Vbias factor k /Eh :  0.2100
     Vbias exp α /bohr⁻²:    0.47
Starting Meta-MD  12 with the settings:
     MD time /ps        :     0.5
     dt /fs             :     5.0
     dumpstep(trj) /fs  :     100
     dumpstep(Vbias)/ps :     1.0
     Vbias factor k /Eh :  0.0525
     Vbias exp α /bohr⁻²:    0.28
Starting Meta-MD   8 with the settings:
     MD time /ps        :     0.5
     dt /fs             :     5.0
     dumpstep(trj) /fs  :     100
     dumpstep(Vbias)/ps :     1.0
     Vbias factor k /Eh :  0.1050
     Vbias exp α /bohr⁻²:    0.47
Starting Meta-MD   9 with the settings:
     MD time /ps        :     0.5
     dt /fs             :     5.0
     dumpstep(trj) /fs  :     100
     dumpstep(Vbias)/ps :     1.0
     Vbias factor k /Eh :  0.0525
     Vbias exp α /bohr⁻²:    0.47
Starting Meta-MD  10 with the settings:
     MD time /ps        :     0.5
     dt /fs             :     5.0
     dumpstep(trj) /fs  :     100
     dumpstep(Vbias)/ps :     1.0
     Vbias factor k /Eh :  0.2100
     Vbias exp α /bohr⁻²:    0.28
Starting Meta-MD  11 with the settings:
     MD time /ps        :     0.5
     dt /fs             :     5.0
     dumpstep(trj) /fs  :     100
     dumpstep(Vbias)/ps :     1.0
     Vbias factor k /Eh :  0.1050
     Vbias exp α /bohr⁻²:    0.28
*Meta-MTD 5 finished*
*Meta-MTD 7 finished*
*Meta-MTD 9 finished*
*Meta-MTD 1 finished*
*Meta-MTD 11 finished*
*Meta-MTD 6 finished*
*Meta-MTD 2 finished*
*Meta-MTD 10 finished*
*Meta-MTD 12 finished*
*Meta-MTD 3 finished*
*Meta-MTD 8 finished*
*Meta-MTD 4 finished*
 
-----------------------
Multilevel Optimization
-----------------------
 
 -------------------------
 1. crude pre-optimization
 -------------------------
 Optimizing all 48 structures from file "crest_rotamers_0.xyz" ...
 1 2 3 4 5 6 7 8 9 10 11 12 13 14 15 16 17 18 19 20 21 22 23 24 25 26 27 28 29 30 31 32 33 34 35 36 37 38 39 40 41 42 43 44 45 46 47 48
 done.
 running RMSDs...
 done.
 E lowest :  -114.12942
 47 structures remain within    12.00 kcal/mol window
 
 -------------------------------------
 2. optimization with tight thresholds
 -------------------------------------
 Optimizing all 48 structures from file "crest_rotamers_1.xyz" ...
 1 2 3 4 5 6 7 8 9 10 11 12 13 14 15 16 17 18 19 20 21 22 23 24 25 26 27 28 29 30 31 32 33 34 35 36 37 38 39 40 41 42 43 44 45 46 47 48
 done.
 running RMSDs...
 done.
 E lowest :  -114.13078
 28 structures remain within     6.00 kcal/mol window
 
========================================
            MTD Iterations done         
========================================
 Collecting ensmbles.
 running RMSDs...
 done.
 E lowest :  -114.13078
 53 structures remain within     6.00 kcal/mol window
 
 -------------------------------
 Additional orientation sampling
 -------------------------------
 Optimizing all 102 structures from file "oh_ensemble.xyz" ...
 1 2 3 4 5 6 7 8 9 10 11 12 13 14 15 16 17 18 19 20 21 22 23 24 25 26 27 28 29 30 31 32 33 34 35 36 37 38 39 40 41 42 43 44 45 46 47 48 49 50 51 52 53 54 55 56 57 58 59 60 61 62 63 64 65 66 67 68 69 70 71 72 73 74 75 76 77 78 79 80 81 82 83 84 85 86 87 88 89 90 91 92 93 94 95 96 97 98 99 100 101 102
 done.
 running RMSDs...
 done.
 E lowest :  -114.13078
 141 structures remain within     6.00 kcal/mol window
 
-----------------------------------------------
Additional regular MDs on lowest 4 conformer(s)
-----------------------------------------------
Starting MD   1 with the settings:
     MD time /ps        :     0.2
     MD Temperature /K  :   400.0
     dt /fs             :     5.0
     dumpstep(trj) /fs  :     100
Starting MD   8 with the settings:
     MD time /ps        :     0.2
     MD Temperature /K  :   500.0
     dt /fs             :     5.0
     dumpstep(trj) /fs  :     100
Starting MD   2 with the settings:
     MD time /ps        :     0.2
     MD Temperature /K  :   500.0
     dt /fs             :     5.0
     dumpstep(trj) /fs  :     100
Starting MD   3 with the settings:
     MD time /ps        :     0.2
     MD Temperature /K  :   400.0
     dt /fs             :     5.0
     dumpstep(trj) /fs  :     100
Starting MD   4 with the settings:
     MD time /ps        :     0.2
     MD Temperature /K  :   500.0
     dt /fs             :     5.0
     dumpstep(trj) /fs  :     100
Starting MD   6 with the settings:
     MD time /ps        :     0.2
     MD Temperature /K  :   500.0
     dt /fs             :     5.0
     dumpstep(trj) /fs  :     100
Starting MD   5 with the settings:
     MD time /ps        :     0.2
     MD Temperature /K  :   400.0
     dt /fs             :     5.0
     dumpstep(trj) /fs  :     100
Starting MD   7 with the settings:
     MD time /ps        :     0.2
     MD Temperature /K  :   400.0
     dt /fs             :     5.0
     dumpstep(trj) /fs  :     100
*MD 5 finished*
*MD 8 finished*
*MD 2 finished*
*MD 6 finished*
*MD 1 finished*
*MD 7 finished*
*MD 3 finished*
*MD 4 finished*
 Appending file crest_rotamers_2.xyz with new structures
 
 -------------------------------------------
 Ensemble optimization with tight thresholds
 -------------------------------------------
 Optimizing all 157 structures from file "crest_rotamers_2.xyz" ...
 1 2 3 4 5 6 7 8 9 10 11 12 13 14 15 16 17 18 19 20 21 22 23 24 25 26 27 28 29 30 31 32 33 34 35 36 37 38 39 40 41 42 43 44 45 46 47 48 49 50 51 52 53 54 55 56 57 58 59 60 61 62 63 64 65 66 67 68 69 70 71 72 73 74 75 76 77 78 79 80 81 82 83 84 85 86 87 88 89 90 91 92 93 94 95 96 97 98 99 100 101 102 103 104 105 106 107 108 109 110 111 112 113 114 115 116 117 118 119 120 121 122 123 124 125 126 127 128 129 130 131 132 133 134 135 136 137 138 139 140 141 142 143 144 145 146 147 148 149 150 151 152 153 154 155 156 157
 done.
 running RMSDs...
 done.
 E lowest :  -114.13079
 145 structures remain within     6.00 kcal/mol window
 
 
     ========================================
     |        Structure Crossing (GC)       |
     ========================================
 =============================
  # threads =          28
 =============================
 input  file name : crest_rotamers_4.xyz
number of atoms                :    70
number of points on xyz files  :   145
conformer energy window  /kcal :    6.00
CN per atom difference cut-off :  0.3000
RMSD threshold                 :  0.5000
max. # of generated structures : 25
 reading xyz file ...
 # in E window                145
 generating pairs ...       10584
  97.2 % done
 generated pairs           :        1310
 number of clash discarded :        9130
 average rmsd w.r.t input  : 1.83386
 sd of ensemble            : 0.79302
 number of new structures      :          14
 removed identical structures  :          36
 writing           14  TMPCONF* dirs ...
 --------------------------
 GC: loose pre-optimization
 --------------------------
 Starting optimization of generated structures
 14 jobs to do.
 1 2 3 4 5 6 7 8 9 10 11 12 13 14 
 done.
 Now appending opt.xyz file with new structures
 running RMSDs...
 done.
 E lowest :  -114.12810
 14 structures remain within    10.00 kcal/mol window
 --------------------------------------
 GC: optimization with tight thresholds
 --------------------------------------
 Optimizing all 14 structures from file "crest_rotamers_1.xyz" ...
 1 2 3 4 5 6 7 8 9 10 11 12 13 14
 done.
 running RMSDs...
 done.
 E lowest :  -114.13079
 
 
   ================================================
   |           Final Geometry Optimization        |
   ================================================
 ------------------------------------------------
 Ensemble optimization with very tight thresholds
 ------------------------------------------------
 Optimizing all 159 structures from file "crest_rotamers_5.xyz" ...
 1 2 3 4 5 6 7 8 9 10 11 12 13 14 15 16 17 18 19 20 21 22 23 24 25 26 27 28 29 30 31 32 33 34 35 36 37 38 39 40 41 42 43 44 45 46 47 48 49 50 51 52 53 54 55 56 57 58 59 60 61 62 63 64 65 66 67 68 69 70 71 72 73 74 75 76 77 78 79 80 81 82 83 84 85 86 87 88 89 90 91 92 93 94 95 96 97 98 99 100 101 102 103 104 105 106 107 108 109 110 111 112 113 114 115 116 117 118 119 120 121 122 123 124 125 126 127 128 129 130 131 132 133 134 135 136 137 138 139 140 141 142 143 144 145 146 147 148 149 150 151 152 153 154 155 156 157 158 159
 done.
 running RMSDs...
 done.
 E lowest :  -114.13079
 159 structures remain within     6.00 kcal/mol window
 
 input  file name : crest_rotamers_6.xyz
 output file name : crest_rotamers_7.xyz
 number of atoms                :   70
 number of points on xyz files  :   159
 RMSD threshold                 :   0.2500
 Bconst threshold               :   0.0100
 population threshold           :   0.0500
 conformer energy window  /kcal :   6.0000
 # fragment in coord            :     1
 # bonds in reference structure :    73
 number of reliable points      :   159
 reference state Etot :  -114.130790820000
 number of doubles removed by rot/RMSD         :           0
 total number unique points considered further :         159
       Erel/kcal        Etot weight/tot  conformer     set   degen     origin
       1   0.000  -114.13079    0.06052    0.12084       1       2     md2
       2   0.002  -114.13079    0.06032                                md4
       3   0.006  -114.13078    0.05996    0.11930       2       2     mtd11
       4   0.012  -114.13077    0.05934                                mtd6
       5   0.012  -114.13077    0.05928    0.05928       3       1     md5
       6   0.025  -114.13075    0.05801    0.05801       4       1     md8
       7   0.068  -114.13068    0.05392    0.05392       5       1     mtd7
       8   0.128  -114.13059    0.04879    0.04879       6       1     mtd12
       9   0.253  -114.13039    0.03947    0.03947       7       1     mtd3
      10   0.262  -114.13037    0.03892    0.07775       8       2     mtd6
      11   0.263  -114.13037    0.03883                                mtd2
      12   0.263  -114.13037    0.03883    0.03883       9       1     mtd8
      13   0.279  -114.13035    0.03778    0.03778      10       1     mtd2
      14   0.282  -114.13034    0.03760    0.03760      11       1     mtd10
      15   0.777  -114.12955    0.01633    0.01633      12       1     mtd5
      16   0.807  -114.12950    0.01552    0.01552      13       1     mtd5
      17   0.933  -114.12930    0.01255    0.01255      14       1     mtd7
      18   1.008  -114.12918    0.01105    0.01105      15       1     mtd8
      19   1.023  -114.12916    0.01079    0.01079      16       1     mtd4
      20   1.037  -114.12914    0.01053    0.01053      17       1     mtd11
      21   1.043  -114.12913    0.01042    0.01042      18       1     mtd5
      22   1.064  -114.12909    0.01006    0.01006      19       1     mtd4
      23   1.102  -114.12903    0.00943    0.00943      20       1     mtd1
      24   1.138  -114.12898    0.00888    0.00888      21       1     mtd12
      25   1.355  -114.12863    0.00616    0.00616      22       1     mtd2
      26   1.373  -114.12860    0.00598    0.00598      23       1     mtd12
      27   1.374  -114.12860    0.00596    0.00596      24       1     mtd5
      28   1.396  -114.12857    0.00575    0.00575      25       1     mtd8
      29   1.411  -114.12854    0.00561    0.00561      26       1     hor
      30   1.423  -114.12852    0.00550    0.00550      27       1     hor
      31   1.440  -114.12850    0.00533    0.01065      28       2     hor
      32   1.443  -114.12849    0.00531                                hor
      33   1.492  -114.12841    0.00489    0.00978      29       2     hor
      34   1.492  -114.12841    0.00489                                hor
      35   1.513  -114.12838    0.00472    0.00472      30       1     hor
      36   1.525  -114.12836    0.00462    0.00462      31       1     hor
      37   1.548  -114.12832    0.00445    0.00445      32       1     mtd2
      38   1.549  -114.12832    0.00444    0.00444      33       1     hor
      39   1.552  -114.12832    0.00442    0.00442      34       1     gc
      40   1.591  -114.12826    0.00414    0.00414      35       1     hor
      41   1.596  -114.12825    0.00410    0.00410      36       1     mtd4
      42   1.606  -114.12823    0.00403    0.00403      37       1     hor
      43   1.610  -114.12822    0.00400    0.00400      38       1     hor
      44   1.611  -114.12822    0.00400    0.00400      39       1     hor
      45   1.614  -114.12822    0.00398    0.00767      40       2     hor
      46   1.659  -114.12815    0.00369                                mtd5
      47   1.661  -114.12814    0.00368    0.00368      41       1     hor
      48   1.662  -114.12814    0.00367    0.00367      42       1     hor
      49   1.620  -114.12821    0.00394    0.00394      43       1     hor
      50   1.676  -114.12812    0.00359    0.00359      44       1     hor
      51   1.686  -114.12810    0.00352    0.00352      45       1     gc
      52   1.709  -114.12807    0.00339    0.00339      46       1     mtd1
      53   1.722  -114.12805    0.00332    0.00332      47       1     md7
      54   1.731  -114.12803    0.00327    0.00327      48       1     mtd9
      55   1.885  -114.12779    0.00252    0.00252      49       1     md6
      56   1.901  -114.12776    0.00245    0.00245      50       1     mtd10
      57   1.932  -114.12771    0.00233    0.00233      51       1     mtd6
      58   1.972  -114.12765    0.00217    0.00217      52       1     mtd9
      59   1.998  -114.12761    0.00208    0.00402      53       2     hor
      60   2.040  -114.12754    0.00194                                hor
      61   2.060  -114.12751    0.00188    0.00188      54       1     md2
      62   2.196  -114.12729    0.00149    0.00149      55       1     hor
      63   2.196  -114.12729    0.00149    0.00149      56       1     hor
      64   2.217  -114.12726    0.00144    0.00286      57       2     gc
      65   2.226  -114.12724    0.00142                                gc
      66   2.258  -114.12719    0.00134    0.00134      58       1     gc
      67   2.258  -114.12719    0.00134    0.00134      59       1     hor
      68   2.272  -114.12717    0.00131    0.00260      60       2     hor
      69   2.284  -114.12715    0.00129                                gc
      70   2.294  -114.12713    0.00126    0.00126      61       1     mtd1
      71   2.382  -114.12700    0.00109    0.00109      62       1     hor
      72   2.384  -114.12699    0.00109    0.00215      63       2     hor
      73   2.398  -114.12697    0.00106                                mtd1
      74   2.409  -114.12695    0.00104    0.00104      64       1     mtd6
      75   2.431  -114.12692    0.00100    0.00100      65       1     hor
      76   2.386  -114.12699    0.00108    0.00108      66       1     hor
      77   2.442  -114.12690    0.00099    0.00099      67       1     hor
      78   2.446  -114.12689    0.00098    0.00098      68       1     gc
      79   2.455  -114.12688    0.00096    0.00096      69       1     hor
      80   2.458  -114.12687    0.00096    0.00096      70       1     mtd10
      81   2.458  -114.12687    0.00096    0.00096      71       1     gc
      82   2.489  -114.12682    0.00091    0.00091      72       1     hor
      83   2.490  -114.12682    0.00091    0.00091      73       1     hor
      84   2.497  -114.12681    0.00090    0.00090      74       1     mtd2
      85   2.508  -114.12679    0.00088    0.00176      75       2     hor
      86   2.511  -114.12679    0.00088                                hor
      87   2.526  -114.12677    0.00086    0.00086      76       1     hor
      88   2.537  -114.12675    0.00084    0.00084      77       1     mtd10
      89   2.563  -114.12671    0.00080    0.00080      78       1     hor
      90   2.589  -114.12667    0.00077    0.00077      79       1     hor
      91   2.591  -114.12666    0.00077    0.00077      80       1     hor
      92   2.627  -114.12660    0.00072    0.00072      81       1     hor
      93   2.658  -114.12656    0.00068    0.00068      82       1     gc
      94   2.681  -114.12652    0.00066    0.00066      83       1     hor
      95   2.762  -114.12639    0.00057    0.00057      84       1     hor
      96   2.860  -114.12623    0.00049    0.00049      85       1     mtd10
      97   2.890  -114.12619    0.00046    0.00046      86       1     mtd5
      98   3.058  -114.12592    0.00035    0.00035      87       1     gc
      99   3.087  -114.12587    0.00033    0.00033      88       1     hor
     100   3.095  -114.12586    0.00033    0.00033      89       1     hor
     101   3.100  -114.12585    0.00032    0.00032      90       1     hor
     102   3.126  -114.12581    0.00031    0.00031      91       1     hor
     103   3.158  -114.12576    0.00029    0.00029      92       1     hor
     104   3.182  -114.12572    0.00028    0.00028      93       1     hor
     105   3.182  -114.12572    0.00028    0.00028      94       1     hor
     106   3.196  -114.12570    0.00028    0.00028      95       1     hor
     107   3.266  -114.12559    0.00025    0.00025      96       1     hor
     108   3.270  -114.12558    0.00024    0.00024      97       1     hor
     109   3.290  -114.12555    0.00024    0.00024      98       1     hor
     110   3.337  -114.12547    0.00022    0.00022      99       1     gc
     111   3.353  -114.12545    0.00021    0.00021     100       1     hor
     112   3.366  -114.12543    0.00021    0.00021     101       1     hor
     113   3.382  -114.12540    0.00020    0.00020     102       1     hor
     114   3.461  -114.12528    0.00018    0.00034     103       2     hor
     115   3.498  -114.12522    0.00017                                hor
     116   3.466  -114.12527    0.00018    0.00018     104       1     hor
     117   3.505  -114.12520    0.00016    0.00016     105       1     mtd8
     118   3.519  -114.12518    0.00016    0.00016     106       1     hor
     119   3.534  -114.12516    0.00016    0.00016     107       1     hor
     120   3.545  -114.12514    0.00015    0.00015     108       1     mtd7
     121   3.552  -114.12513    0.00015    0.00015     109       1     hor
     122   3.578  -114.12509    0.00015    0.00015     110       1     hor
     123   3.621  -114.12502    0.00013    0.00013     111       1     mtd10
     124   3.671  -114.12494    0.00012    0.00012     112       1     mtd4
     125   3.678  -114.12493    0.00012    0.00012     113       1     hor
     126   3.711  -114.12488    0.00012    0.00012     114       1     mtd7
     127   3.751  -114.12481    0.00011    0.00011     115       1     hor
     128   3.932  -114.12452    0.00008    0.00008     116       1     hor
     129   3.940  -114.12451    0.00008    0.00008     117       1     hor
     130   3.955  -114.12449    0.00008    0.00008     118       1     mtd8
     131   3.984  -114.12444    0.00007    0.00007     119       1     hor
     132   3.998  -114.12442    0.00007    0.00007     120       1     hor
     133   4.071  -114.12430    0.00006    0.00012     121       2     hor
     134   4.085  -114.12428    0.00006                                hor
     135   4.110  -114.12424    0.00006    0.00006     122       1     hor
     136   4.115  -114.12423    0.00006    0.00012     123       2     hor
     137   4.080  -114.12429    0.00006                                hor
     138   4.195  -114.12411    0.00005    0.00005     124       1     gc
     139   4.199  -114.12410    0.00005    0.00005     125       1     gc
     140   4.400  -114.12378    0.00004    0.00004     126       1     mtd11
     141   4.526  -114.12358    0.00003    0.00003     127       1     hor
     142   4.573  -114.12350    0.00003    0.00003     128       1     mtd7
     143   4.575  -114.12350    0.00003    0.00003     129       1     mtd11
     144   4.664  -114.12336    0.00002    0.00002     130       1     hor
     145   4.673  -114.12334    0.00002    0.00002     131       1     hor
     146   4.774  -114.12318    0.00002    0.00002     132       1     hor
     147   5.057  -114.12273    0.00001    0.00001     133       1     hor
     148   5.066  -114.12272    0.00001    0.00001     134       1     hor
     149   5.297  -114.12235    0.00001    0.00001     135       1     hor
     150   5.363  -114.12224    0.00001    0.00001     136       1     gc
     151   5.491  -114.12204    0.00001    0.00001     137       1     hor
     152   5.491  -114.12204    0.00001    0.00001     138       1     hor
     153   5.550  -114.12195    0.00001    0.00001     139       1     hor
     154   5.602  -114.12186    0.00000    0.00000     140       1     hor
     155   5.635  -114.12181    0.00000    0.00000     141       1     hor
     156   5.755  -114.12162    0.00000    0.00000     142       1     hor
     157   5.822  -114.12151    0.00000    0.00000     143       1     hor
     158   5.881  -114.12142    0.00000    0.00000     144       1     mtd7
     159   5.887  -114.12141    0.00000    0.00000     145       1     hor
T /K                                  :   298.15
E lowest                              :  -114.13079
ensemble average energy (kcal)        :    0.535
ensemble entropy (J/mol K, cal/mol K) :   30.825    7.367
ensemble free energy (kcal/mol)       :   -2.197
population of lowest in %             :   12.084
 number of unique conformers for further calc          145
 list of relative energies saved as "crest.energies"
 
 -----------------
 Wall Time Summary
 -----------------
             test MD wall time :         0h : 0m :15s
                 MTD wall time :         0h : 1m :30s
      multilevel OPT wall time :         0h : 4m :43s
                  MD wall time :         0h : 1m :26s
                  GC wall time :         0h : 0m :10s
--------------------
Overall wall time  : 0h : 8m :19s
 
 CREST terminated normally.
