 
       ==============================================
       |                                            |
       |                 C R E S T                  |
       |                                            |
       |  Conformer-Rotamer Ensemble Sampling Tool  |
       |          based on the GFN methods          |
       |             P.Pracht, S.Grimme             |
       |          Universitaet Bonn, MCTC           |
       ==============================================
       Version 2.12,   Thu 19. Mai 16:32:32 CEST 2022
  Using the xTB program. Compatible with xTB version 6.4.0
 
   Cite work conducted with this code as

   • P.Pracht, F.Bohle, S.Grimme, PCCP, 2020, 22, 7169-7192.
   • S.Grimme, JCTC, 2019, 15, 2847-2862.

   and for works involving QCG as

   • S.Spicher, C.Plett, P.Pracht, A.Hansen, S.Grimme,
     JCTC, 2022, 18 (5), 3174-3189.
 
   with help from:
   C.Bannwarth, F.Bohle, S.Ehlert, S.Grimme,
   C.Plett, P.Pracht, S.Spicher
 
   This program is distributed in the hope that it will be useful,
   but WITHOUT ANY WARRANTY; without even the implied warranty of
   MERCHANTABILITY or FITNESS FOR A PARTICULAR PURPOSE.

 Command line input:
 > crest 00018_r_0.xyz -T 28 -gfn2 -chrg 0 -uhf 0 -rthr 0.25 -shake 1 --mdlen 0.5

  -T 28 (CPUs/Threads selected)
  -gfn2 : Use of GFN2-xTB requested.
  -chrg 0
  -uhf 0
  -rthr 0.25
  --mdlen 0.5 (MD length in ps)
 
 -------------------------
 xTB Geometry Optimization
 -------------------------
 Geometry successfully optimized.
 
------------------------------------------------
Generating MTD length from a flexibility measure
------------------------------------------------
 Calculating WBOs... done.
 Calculating NCI flexibility... done.
     covalent flexibility measure :   0.099
 non-covalent flexibility measure :   0.554
 flexibility measure :   0.136
 t(MTD) / ps set by command line  :     0.5
 t(MTD) / ps    :     0.5
 Σ(t(MTD)) / ps :     7.0 (14 MTDs)
 
-------------------------------------
Starting a trial MTD to test settings
-------------------------------------
 Estimated runtime for one MTD (0.5 ps) on a single thread: 2 min 18 sec
 Estimated runtime for a batch of 14 MTDs on 28 threads: 1 min 9 sec
 
 list of Vbias parameters applied:
$metadyn    0.00300   1.300
$metadyn    0.00150   1.300
$metadyn    0.00075   1.300
$metadyn    0.00300   0.780
$metadyn    0.00150   0.780
$metadyn    0.00075   0.780
$metadyn    0.00300   0.468
$metadyn    0.00150   0.468
$metadyn    0.00075   0.468
$metadyn    0.00300   0.281
$metadyn    0.00150   0.281
$metadyn    0.00075   0.281
$metadyn    0.00100   0.100
$metadyn    0.00500   0.800
 
*******************************************************************************************
**                        N E W    I T E R A T I O N    C Y C L E                        **
*******************************************************************************************
 
========================================
            MTD Iteration  1
========================================
 
     ========================================
     |         Meta-MD (MTD) Sampling       |
     ========================================
 
Starting Meta-MD  14 with the settings:
     MD time /ps        :     0.5
     dt /fs             :     5.0
     dumpstep(trj) /fs  :     100
     dumpstep(Vbias)/ps :     1.0
     Vbias factor k /Eh :  0.5100
     Vbias exp α /bohr⁻²:    0.80
Starting Meta-MD   9 with the settings:
     MD time /ps        :     0.5
     dt /fs             :     5.0
     dumpstep(trj) /fs  :     100
     dumpstep(Vbias)/ps :     1.0
     Vbias factor k /Eh :  0.0765
     Vbias exp α /bohr⁻²:    0.47
Starting Meta-MD  10 with the settings:
     MD time /ps        :     0.5
     dt /fs             :     5.0
     dumpstep(trj) /fs  :     100
     dumpstep(Vbias)/ps :     1.0
     Vbias factor k /Eh :  0.3060
     Vbias exp α /bohr⁻²:    0.28
Starting Meta-MD  11 with the settings:
     MD time /ps        :     0.5
     dt /fs             :     5.0
     dumpstep(trj) /fs  :     100
     dumpstep(Vbias)/ps :     1.0
     Vbias factor k /Eh :  0.1530
     Vbias exp α /bohr⁻²:    0.28
Starting Meta-MD  12 with the settings:
     MD time /ps        :     0.5
     dt /fs             :     5.0
     dumpstep(trj) /fs  :     100
     dumpstep(Vbias)/ps :     1.0
     Vbias factor k /Eh :  0.0765
     Vbias exp α /bohr⁻²:    0.28
Starting Meta-MD  13 with the settings:
     MD time /ps        :     0.5
     dt /fs             :     5.0
     dumpstep(trj) /fs  :     100
     dumpstep(Vbias)/ps :     1.0
     Vbias factor k /Eh :  0.1020
     Vbias exp α /bohr⁻²:    0.10
Starting Meta-MD   1 with the settings:
     MD time /ps        :     0.5
     dt /fs             :     5.0
     dumpstep(trj) /fs  :     100
     dumpstep(Vbias)/ps :     1.0
     Vbias factor k /Eh :  0.3060
     Vbias exp α /bohr⁻²:    1.30
Starting Meta-MD   3 with the settings:
     MD time /ps        :     0.5
     dt /fs             :     5.0
     dumpstep(trj) /fs  :     100
     dumpstep(Vbias)/ps :     1.0
     Vbias factor k /Eh :  0.0765
     Vbias exp α /bohr⁻²:    1.30
Starting Meta-MD   2 with the settings:
     MD time /ps        :     0.5
     dt /fs             :     5.0
     dumpstep(trj) /fs  :     100
     dumpstep(Vbias)/ps :     1.0
     Vbias factor k /Eh :  0.1530
     Vbias exp α /bohr⁻²:    1.30
Starting Meta-MD   4 with the settings:
     MD time /ps        :     0.5
     dt /fs             :     5.0
     dumpstep(trj) /fs  :     100
     dumpstep(Vbias)/ps :     1.0
     Vbias factor k /Eh :  0.3060
     Vbias exp α /bohr⁻²:    0.78
Starting Meta-MD   6 with the settings:
     MD time /ps        :     0.5
     dt /fs             :     5.0
     dumpstep(trj) /fs  :     100
     dumpstep(Vbias)/ps :     1.0
     Vbias factor k /Eh :  0.0765
     Vbias exp α /bohr⁻²:    0.78
Starting Meta-MD   5 with the settings:
     MD time /ps        :     0.5
     dt /fs             :     5.0
     dumpstep(trj) /fs  :     100
     dumpstep(Vbias)/ps :     1.0
     Vbias factor k /Eh :  0.1530
     Vbias exp α /bohr⁻²:    0.78
Starting Meta-MD   8 with the settings:
     MD time /ps        :     0.5
     dt /fs             :     5.0
     dumpstep(trj) /fs  :     100
     dumpstep(Vbias)/ps :     1.0
     Vbias factor k /Eh :  0.1530
     Vbias exp α /bohr⁻²:    0.47
Starting Meta-MD   7 with the settings:
     MD time /ps        :     0.5
     dt /fs             :     5.0
     dumpstep(trj) /fs  :     100
     dumpstep(Vbias)/ps :     1.0
     Vbias factor k /Eh :  0.3060
     Vbias exp α /bohr⁻²:    0.47
*Meta-MTD 6 finished*
*Meta-MTD 4 finished*
*Meta-MTD 2 finished*
*Meta-MTD 7 finished*
*Meta-MTD 11 finished*
*Meta-MTD 13 finished*
*Meta-MTD 3 finished*
*Meta-MTD 12 finished*
*Meta-MTD 8 finished*
*Meta-MTD 14 finished*
*Meta-MTD 5 finished*
*Meta-MTD 1 finished*
*Meta-MTD 10 finished*
*Meta-MTD 9 finished*
 
-----------------------
Multilevel Optimization
-----------------------
 
 -------------------------
 1. crude pre-optimization
 -------------------------
 Optimizing all 56 structures from file "crest_rotamers_0.xyz" ...
 1 2 3 4 5 6 7 8 9 10 11 12 13 14 15 16 17 18 19 20 21 22 23 24 25 26 27 28 29 30 31 32 33 34 35 36 37 38 39 40 41 42 43 44 45 46 47 48 49 50 51 52 53 54 55 56
 done.
 running RMSDs...
 done.
 E lowest :  -152.83247
 49 structures remain within    12.00 kcal/mol window
 
 -------------------------------------
 2. optimization with tight thresholds
 -------------------------------------
 Optimizing all 50 structures from file "crest_rotamers_1.xyz" ...
 1 2 3 4 5 6 7 8 9 10 11 12 13 14 15 16 17 18 19 20 21 22 23 24 25 26 27 28 29 30 31 32 33 34 35 36 37 38 39 40 41 42 43 44 45 46 47 48 49 50
 done.
 running RMSDs...
 done.
 E lowest :  -152.83479
 15 structures remain within     6.00 kcal/mol window
 
 
========================================
            MTD Iteration  2
========================================
 
     ========================================
     |         Meta-MD (MTD) Sampling       |
     ========================================
 
Starting Meta-MD   1 with the settings:
     MD time /ps        :     0.5
     dt /fs             :     5.0
     dumpstep(trj) /fs  :     100
     dumpstep(Vbias)/ps :     1.0
     Vbias factor k /Eh :  0.3060
     Vbias exp α /bohr⁻²:    1.30
Starting Meta-MD   2 with the settings:
     MD time /ps        :     0.5
     dt /fs             :     5.0
     dumpstep(trj) /fs  :     100
     dumpstep(Vbias)/ps :     1.0
     Vbias factor k /Eh :  0.1530
     Vbias exp α /bohr⁻²:    1.30
Starting Meta-MD   3 with the settings:
     MD time /ps        :     0.5
     dt /fs             :     5.0
     dumpstep(trj) /fs  :     100
     dumpstep(Vbias)/ps :     1.0
     Vbias factor k /Eh :  0.0765
     Vbias exp α /bohr⁻²:    1.30
Starting Meta-MD   4 with the settings:
     MD time /ps        :     0.5
     dt /fs             :     5.0
     dumpstep(trj) /fs  :     100
     dumpstep(Vbias)/ps :     1.0
     Vbias factor k /Eh :  0.3060
     Vbias exp α /bohr⁻²:    0.78
Starting Meta-MD   5 with the settings:
     MD time /ps        :     0.5
     dt /fs             :     5.0
     dumpstep(trj) /fs  :     100
     dumpstep(Vbias)/ps :     1.0
     Vbias factor k /Eh :  0.1530
     Vbias exp α /bohr⁻²:    0.78
Starting Meta-MD   6 with the settings:
     MD time /ps        :     0.5
     dt /fs             :     5.0
     dumpstep(trj) /fs  :     100
     dumpstep(Vbias)/ps :     1.0
     Vbias factor k /Eh :  0.0765
     Vbias exp α /bohr⁻²:    0.78
Starting Meta-MD   7 with the settings:
     MD time /ps        :     0.5
     dt /fs             :     5.0
     dumpstep(trj) /fs  :     100
     dumpstep(Vbias)/ps :     1.0
     Vbias factor k /Eh :  0.3060
     Vbias exp α /bohr⁻²:    0.47
Starting Meta-MD   8 with the settings:
     MD time /ps        :     0.5
     dt /fs             :     5.0
     dumpstep(trj) /fs  :     100
     dumpstep(Vbias)/ps :     1.0
     Vbias factor k /Eh :  0.1530
     Vbias exp α /bohr⁻²:    0.47
Starting Meta-MD  10 with the settings:
     MD time /ps        :     0.5
     dt /fs             :     5.0
     dumpstep(trj) /fs  :     100
     dumpstep(Vbias)/ps :     1.0
     Vbias factor k /Eh :  0.3060
     Vbias exp α /bohr⁻²:    0.28
Starting Meta-MD  11 with the settings:
     MD time /ps        :     0.5
     dt /fs             :     5.0
     dumpstep(trj) /fs  :     100
     dumpstep(Vbias)/ps :     1.0
     Vbias factor k /Eh :  0.1530
     Vbias exp α /bohr⁻²:    0.28
Starting Meta-MD  12 with the settings:
     MD time /ps        :     0.5
     dt /fs             :     5.0
     dumpstep(trj) /fs  :     100
     dumpstep(Vbias)/ps :     1.0
     Vbias factor k /Eh :  0.0765
     Vbias exp α /bohr⁻²:    0.28
Starting Meta-MD   9 with the settings:
     MD time /ps        :     0.5
     dt /fs             :     5.0
     dumpstep(trj) /fs  :     100
     dumpstep(Vbias)/ps :     1.0
     Vbias factor k /Eh :  0.0765
     Vbias exp α /bohr⁻²:    0.47
*Meta-MTD 8 finished*
*Meta-MTD 7 finished*
*Meta-MTD 5 finished*
*Meta-MTD 1 finished*
*Meta-MTD 6 finished*
*Meta-MTD 10 finished*
*Meta-MTD 12 finished*
*Meta-MTD 4 finished*
*Meta-MTD 9 finished*
*Meta-MTD 2 finished*
*Meta-MTD 11 finished*
*Meta-MTD 3 finished*
 
-----------------------
Multilevel Optimization
-----------------------
 
 -------------------------
 1. crude pre-optimization
 -------------------------
 Optimizing all 48 structures from file "crest_rotamers_0.xyz" ...
 1 2 3 4 5 6 7 8 9 10 11 12 13 14 15 16 17 18 19 20 21 22 23 24 25 26 27 28 29 30 31 32 33 34 35 36 37 38 39 40 41 42 43 44 45 46 47 48
 done.
 running RMSDs...
 done.
 E lowest :  -152.83358
 42 structures remain within    12.00 kcal/mol window
 
 -------------------------------------
 2. optimization with tight thresholds
 -------------------------------------
 Optimizing all 43 structures from file "crest_rotamers_1.xyz" ...
 1 2 3 4 5 6 7 8 9 10 11 12 13 14 15 16 17 18 19 20 21 22 23 24 25 26 27 28 29 30 31 32 33 34 35 36 37 38 39 40 41 42 43
 done.
 running RMSDs...
 done.
 E lowest :  -152.83479
 14 structures remain within     6.00 kcal/mol window
 
========================================
            MTD Iterations done         
========================================
 Collecting ensmbles.
 running RMSDs...
 done.
 E lowest :  -152.83479
 28 structures remain within     6.00 kcal/mol window
 
 -------------------------------
 Additional orientation sampling
 -------------------------------
 Optimizing all 50 structures from file "oh_ensemble.xyz" ...
 1 2 3 4 5 6 7 8 9 10 11 12 13 14 15 16 17 18 19 20 21 22 23 24 25 26 27 28 29 30 31 32 33 34 35 36 37 38 39 40 41 42 43 44 45 46 47 48 49 50
 done.
 running RMSDs...
 done.
 E lowest :  -152.83480
 66 structures remain within     6.00 kcal/mol window
 
-----------------------------------------------
Additional regular MDs on lowest 4 conformer(s)
-----------------------------------------------
Starting MD   1 with the settings:
     MD time /ps        :     0.2
     MD Temperature /K  :   400.0
     dt /fs             :     5.0
     dumpstep(trj) /fs  :     100
Starting MD   2 with the settings:
     MD time /ps        :     0.2
     MD Temperature /K  :   500.0
     dt /fs             :     5.0
     dumpstep(trj) /fs  :     100
Starting MD   3 with the settings:
     MD time /ps        :     0.2
     MD Temperature /K  :   400.0
     dt /fs             :     5.0
     dumpstep(trj) /fs  :     100
Starting MD   8 with the settings:
     MD time /ps        :     0.2
     MD Temperature /K  :   500.0
     dt /fs             :     5.0
     dumpstep(trj) /fs  :     100
Starting MD   4 with the settings:
     MD time /ps        :     0.2
     MD Temperature /K  :   500.0
     dt /fs             :     5.0
     dumpstep(trj) /fs  :     100
Starting MD   5 with the settings:
     MD time /ps        :     0.2
     MD Temperature /K  :   400.0
     dt /fs             :     5.0
     dumpstep(trj) /fs  :     100
Starting MD   6 with the settings:
     MD time /ps        :     0.2
     MD Temperature /K  :   500.0
     dt /fs             :     5.0
     dumpstep(trj) /fs  :     100
Starting MD   7 with the settings:
     MD time /ps        :     0.2
     MD Temperature /K  :   400.0
     dt /fs             :     5.0
     dumpstep(trj) /fs  :     100
*MD 2 finished*
*MD 7 finished*
*MD 3 finished*
*MD 8 finished*
*MD 1 finished*
*MD 6 finished*
*MD 5 finished*
*MD 4 finished*
 Appending file crest_rotamers_2.xyz with new structures
 
 -------------------------------------------
 Ensemble optimization with tight thresholds
 -------------------------------------------
 Optimizing all 82 structures from file "crest_rotamers_2.xyz" ...
 1 2 3 4 5 6 7 8 9 10 11 12 13 14 15 16 17 18 19 20 21 22 23 24 25 26 27 28 29 30 31 32 33 34 35 36 37 38 39 40 41 42 43 44 45 46 47 48 49 50 51 52 53 54 55 56 57 58 59 60 61 62 63 64 65 66 67 68 69 70 71 72 73 74 75 76 77 78 79 80 81 82
 done.
 running RMSDs...
 done.
 E lowest :  -152.83480
 67 structures remain within     6.00 kcal/mol window
 
 
     ========================================
     |        Structure Crossing (GC)       |
     ========================================
 =============================
  # threads =          28
 =============================
 input  file name : crest_rotamers_4.xyz
number of atoms                :   102
number of points on xyz files  :    67
conformer energy window  /kcal :    6.00
CN per atom difference cut-off :  0.3000
RMSD threshold                 :  0.5000
max. # of generated structures : 25
 reading xyz file ...
 # in E window                 67
 generating pairs ...        2277
 generated pairs           :         265
 number of clash discarded :        1946
 average rmsd w.r.t input  : 2.39124
 sd of ensemble            : 0.70636
 number of new structures      :          27
 removed identical structures  :          23
 writing           25  TMPCONF* dirs ...
 --------------------------
 GC: loose pre-optimization
 --------------------------
 Starting optimization of generated structures
 25 jobs to do.
 1 2 3 4 5 6 7 8 9 10 11 12 13 14 15 16 17 18 19 20 21 22 23 24 25 
 done.
 Now appending opt.xyz file with new structures
 running RMSDs...
 done.
 E lowest :  -152.83473
 25 structures remain within    10.00 kcal/mol window
 --------------------------------------
 GC: optimization with tight thresholds
 --------------------------------------
 Optimizing all 25 structures from file "crest_rotamers_1.xyz" ...
 1 2 3 4 5 6 7 8 9 10 11 12 13 14 15 16 17 18 19 20 21 22 23 24 25
 done.
 running RMSDs...
 done.
 E lowest :  -152.83480
 
 
   ================================================
   |           Final Geometry Optimization        |
   ================================================
 ------------------------------------------------
 Ensemble optimization with very tight thresholds
 ------------------------------------------------
 Optimizing all 86 structures from file "crest_rotamers_5.xyz" ...
 1 2 3 4 5 6 7 8 9 10 11 12 13 14 15 16 17 18 19 20 21 22 23 24 25 26 27 28 29 30 31 32 33 34 35 36 37 38 39 40 41 42 43 44 45 46 47 48 49 50 51 52 53 54 55 56 57 58 59 60 61 62 63 64 65 66 67 68 69 70 71 72 73 74 75 76 77 78 79 80 81 82 83 84 85 86
 done.
 running RMSDs...
 done.
 E lowest :  -152.83480
 82 structures remain within     6.00 kcal/mol window
 
 input  file name : crest_rotamers_6.xyz
 output file name : crest_rotamers_7.xyz
 number of atoms                :   102
 number of points on xyz files  :   86
 RMSD threshold                 :   0.2500
 Bconst threshold               :   0.0100
 population threshold           :   0.0500
 conformer energy window  /kcal :   6.0000
 # fragment in coord            :     1
 # bonds in reference structure :   111
 number of reliable points      :    86
 reference state Etot :  -152.834796400000
 number of doubles removed by rot/RMSD         :           4
 total number unique points considered further :          82
       Erel/kcal        Etot weight/tot  conformer     set   degen     origin
       1   0.000  -152.83480    0.04378    0.52153       1      12     md6
       2   0.001  -152.83480    0.04374                                gc
       3   0.001  -152.83480    0.04373                                hor
       4   0.001  -152.83480    0.04372                                hor
       5   0.001  -152.83480    0.04371                                hor
       6   0.002  -152.83479    0.04360                                mtd7
       7   0.005  -152.83479    0.04342                                gc
       8   0.005  -152.83479    0.04341                                md3
       9   0.005  -152.83479    0.04340                                gc
      10   0.006  -152.83479    0.04332                                gc
      11   0.008  -152.83478    0.04319                                gc
      12   0.017  -152.83477    0.04251                                gc
      13   0.073  -152.83468    0.03873    0.03873       2       1     mtd8
      14   0.206  -152.83447    0.03094    0.03094       3       1     hor
      15   0.218  -152.83445    0.03033    0.14684       4       5     gc
      16   0.259  -152.83438    0.02830                                gc
      17   0.264  -152.83438    0.02803                                gc
      18   0.220  -152.83445    0.03021                                mtd6
      19   0.225  -152.83444    0.02997                                mtd5
      20   0.230  -152.83443    0.02968    0.02968       5       1     gc
      21   0.258  -152.83439    0.02833    0.02833       6       1     mtd11
      22   0.273  -152.83436    0.02764    0.02764       7       1     hor
      23   0.587  -152.83386    0.01625    0.01625       8       1     hor
      24   0.629  -152.83379    0.01516    0.01516       9       1     gc
      25   0.733  -152.83363    0.01271    0.01271      10       1     mtd12
      26   1.063  -152.83310    0.00729    0.00729      11       1     hor
      27   1.124  -152.83301    0.00658    0.01958      12       3     gc
      28   1.129  -152.83300    0.00652                                mtd7
      29   1.133  -152.83299    0.00648                                mtd7
      30   1.139  -152.83298    0.00641    0.01291      13       2     gc
      31   1.131  -152.83299    0.00650                                hor
      32   1.164  -152.83294    0.00614    0.00614      14       1     hor
      33   1.166  -152.83294    0.00613    0.00613      15       1     gc
      34   1.200  -152.83288    0.00578    0.01154      16       2     mtd8
      35   1.202  -152.83288    0.00576                                gc
      36   1.218  -152.83285    0.00561    0.00561      17       1     gc
      37   1.286  -152.83275    0.00500    0.00999      18       2     gc
      38   1.288  -152.83274    0.00499                                hor
      39   1.301  -152.83272    0.00488    0.00972      19       2     mtd1
      40   1.305  -152.83272    0.00485                                gc
      41   1.462  -152.83247    0.00372    0.00372      20       1     mtd10
      42   1.568  -152.83230    0.00311    0.00923      21       3     hor
      43   1.570  -152.83229    0.00310                                mtd2
      44   1.585  -152.83227    0.00302                                mtd8
      45   1.728  -152.83204    0.00237    0.00237      22       1     hor
      46   1.804  -152.83192    0.00209    0.00209      23       1     mtd4
      47   1.805  -152.83192    0.00209    0.00209      24       1     mtd13
      48   1.828  -152.83188    0.00201    0.00201      25       1     mtd4
      49   1.930  -152.83172    0.00169    0.00169      26       1     hor
      50   1.957  -152.83168    0.00161    0.00161      27       1     hor
      51   2.038  -152.83155    0.00141    0.00141      28       1     mtd6
      52   2.084  -152.83148    0.00130    0.00259      29       2     hor
      53   2.092  -152.83146    0.00129                                hor
      54   2.094  -152.83146    0.00128    0.00128      30       1     hor
      55   2.090  -152.83147    0.00129    0.00129      31       1     hor
      56   2.099  -152.83145    0.00127    0.00127      32       1     hor
      57   2.119  -152.83142    0.00123    0.00123      33       1     hor
      58   2.257  -152.83120    0.00097    0.00097      34       1     gc
      59   2.387  -152.83099    0.00078    0.00078      35       1     mtd12
      60   2.434  -152.83092    0.00072    0.00072      36       1     hor
      61   2.457  -152.83088    0.00069    0.00136      37       2     hor
      62   2.479  -152.83085    0.00067                                hor
      63   2.472  -152.83086    0.00068    0.00068      38       1     mtd10
      64   2.484  -152.83084    0.00066    0.00066      39       1     input
      65   2.564  -152.83071    0.00058    0.00114      40       2     hor
      66   2.582  -152.83068    0.00056                                hor
      67   2.726  -152.83045    0.00044    0.00044      41       1     hor
      68   2.764  -152.83039    0.00041    0.00041      42       1     mtd1
      69   2.816  -152.83031    0.00038    0.00038      43       1     hor
      70   2.842  -152.83027    0.00036    0.00073      44       2     hor
      71   2.842  -152.83027    0.00036                                hor
      72   3.225  -152.82966    0.00019    0.00019      45       1     hor
      73   3.332  -152.82949    0.00016    0.00016      46       1     hor
      74   3.384  -152.82940    0.00015    0.00015      47       1     hor
      75   3.548  -152.82914    0.00011    0.00022      48       2     hor
      76   3.565  -152.82912    0.00011                                hor
      77   3.635  -152.82900    0.00010    0.00010      49       1     hor
      78   3.742  -152.82883    0.00008    0.00008      50       1     hor
      79   3.829  -152.82869    0.00007    0.00007      51       1     hor
      80   3.915  -152.82856    0.00006    0.00006      52       1     hor
      81   4.021  -152.82839    0.00005    0.00005      53       1     hor
      82   4.293  -152.82795    0.00003    0.00003      54       1     hor
T /K                                  :   298.15
E lowest                              :  -152.83480
ensemble average energy (kcal)        :    0.287
ensemble entropy (J/mol K, cal/mol K) :   30.033    7.178
ensemble free energy (kcal/mol)       :   -2.140
population of lowest in %             :   52.153
 number of unique conformers for further calc           54
 list of relative energies saved as "crest.energies"
 
 -----------------
 Wall Time Summary
 -----------------
             test MD wall time :         0h : 0m :34s
                 MTD wall time :         0h : 1m :16s
      multilevel OPT wall time :         0h : 6m : 9s
                  MD wall time :         0h : 1m : 5s
                  GC wall time :         0h : 1m :15s
--------------------
Overall wall time  : 0h :11m :28s
 
 CREST terminated normally.
