 
       ==============================================
       |                                            |
       |                 C R E S T                  |
       |                                            |
       |  Conformer-Rotamer Ensemble Sampling Tool  |
       |          based on the GFN methods          |
       |             P.Pracht, S.Grimme             |
       |          Universitaet Bonn, MCTC           |
       ==============================================
       Version 2.12,   Thu 19. Mai 16:32:32 CEST 2022
  Using the xTB program. Compatible with xTB version 6.4.0
 
   Cite work conducted with this code as

   • P.Pracht, F.Bohle, S.Grimme, PCCP, 2020, 22, 7169-7192.
   • S.Grimme, JCTC, 2019, 15, 2847-2862.

   and for works involving QCG as

   • S.Spicher, C.Plett, P.Pracht, A.Hansen, S.Grimme,
     JCTC, 2022, 18 (5), 3174-3189.
 
   with help from:
   C.Bannwarth, F.Bohle, S.Ehlert, S.Grimme,
   C.Plett, P.Pracht, S.Spicher
 
   This program is distributed in the hope that it will be useful,
   but WITHOUT ANY WARRANTY; without even the implied warranty of
   MERCHANTABILITY or FITNESS FOR A PARTICULAR PURPOSE.

 Command line input:
 > crest 01044_r_0.xyz -T 28 -gfn2 -chrg 0 -uhf 0 -rthr 0.25 -shake 1 --mdlen 0.5

  -T 28 (CPUs/Threads selected)
  -gfn2 : Use of GFN2-xTB requested.
  -chrg 0
  -uhf 0
  -rthr 0.25
  --mdlen 0.5 (MD length in ps)
 
 -------------------------
 xTB Geometry Optimization
 -------------------------
 Geometry successfully optimized.
 
------------------------------------------------
Generating MTD length from a flexibility measure
------------------------------------------------
 Calculating WBOs... done.
 Calculating NCI flexibility... done.
     covalent flexibility measure :   0.054
 non-covalent flexibility measure :   0.728
 flexibility measure :   0.112
 t(MTD) / ps set by command line  :     0.5
 t(MTD) / ps    :     0.5
 Σ(t(MTD)) / ps :     7.0 (14 MTDs)
 
-------------------------------------
Starting a trial MTD to test settings
-------------------------------------
 Estimated runtime for one MTD (0.5 ps) on a single thread: 29 sec
 Estimated runtime for a batch of 14 MTDs on 28 threads: 14 sec
 
 list of Vbias parameters applied:
$metadyn    0.00300   1.300
$metadyn    0.00150   1.300
$metadyn    0.00075   1.300
$metadyn    0.00300   0.780
$metadyn    0.00150   0.780
$metadyn    0.00075   0.780
$metadyn    0.00300   0.468
$metadyn    0.00150   0.468
$metadyn    0.00075   0.468
$metadyn    0.00300   0.281
$metadyn    0.00150   0.281
$metadyn    0.00075   0.281
$metadyn    0.00100   0.100
$metadyn    0.00500   0.800
 
*******************************************************************************************
**                        N E W    I T E R A T I O N    C Y C L E                        **
*******************************************************************************************
 
========================================
            MTD Iteration  1
========================================
 
     ========================================
     |         Meta-MD (MTD) Sampling       |
     ========================================
 
Starting Meta-MD   1 with the settings:
     MD time /ps        :     0.5
     dt /fs             :     5.0
     dumpstep(trj) /fs  :     100
     dumpstep(Vbias)/ps :     1.0
     Vbias factor k /Eh :  0.1410
     Vbias exp α /bohr⁻²:    1.30
Starting Meta-MD  14 with the settings:
     MD time /ps        :     0.5
     dt /fs             :     5.0
     dumpstep(trj) /fs  :     100
     dumpstep(Vbias)/ps :     1.0
     Vbias factor k /Eh :  0.2350
     Vbias exp α /bohr⁻²:    0.80
Starting Meta-MD   2 with the settings:
     MD time /ps        :     0.5
     dt /fs             :     5.0
     dumpstep(trj) /fs  :     100
     dumpstep(Vbias)/ps :     1.0
     Vbias factor k /Eh :  0.0705
     Vbias exp α /bohr⁻²:    1.30
Starting Meta-MD   3 with the settings:
     MD time /ps        :     0.5
     dt /fs             :     5.0
     dumpstep(trj) /fs  :     100
     dumpstep(Vbias)/ps :     1.0
     Vbias factor k /Eh :  0.0353
     Vbias exp α /bohr⁻²:    1.30
Starting Meta-MD   4 with the settings:
     MD time /ps        :     0.5
     dt /fs             :     5.0
     dumpstep(trj) /fs  :     100
     dumpstep(Vbias)/ps :     1.0
     Vbias factor k /Eh :  0.1410
     Vbias exp α /bohr⁻²:    0.78
Starting Meta-MD   5 with the settings:
     MD time /ps        :     0.5
     dt /fs             :     5.0
     dumpstep(trj) /fs  :     100
     dumpstep(Vbias)/ps :     1.0
     Vbias factor k /Eh :  0.0705
     Vbias exp α /bohr⁻²:    0.78
Starting Meta-MD   6 with the settings:
     MD time /ps        :     0.5
     dt /fs             :     5.0
     dumpstep(trj) /fs  :     100
     dumpstep(Vbias)/ps :     1.0
     Vbias factor k /Eh :  0.0353
     Vbias exp α /bohr⁻²:    0.78
Starting Meta-MD   7 with the settings:
     MD time /ps        :     0.5
     dt /fs             :     5.0
     dumpstep(trj) /fs  :     100
     dumpstep(Vbias)/ps :     1.0
     Vbias factor k /Eh :  0.1410
     Vbias exp α /bohr⁻²:    0.47
Starting Meta-MD  12 with the settings:
     MD time /ps        :     0.5
     dt /fs             :     5.0
     dumpstep(trj) /fs  :     100
     dumpstep(Vbias)/ps :     1.0
     Vbias factor k /Eh :  0.0353
     Vbias exp α /bohr⁻²:    0.28
Starting Meta-MD  11 with the settings:
     MD time /ps        :     0.5
     dt /fs             :     5.0
     dumpstep(trj) /fs  :     100
     dumpstep(Vbias)/ps :     1.0
     Vbias factor k /Eh :  0.0705
     Vbias exp α /bohr⁻²:    0.28
Starting Meta-MD  13 with the settings:
     MD time /ps        :     0.5
     dt /fs             :     5.0
     dumpstep(trj) /fs  :     100
     dumpstep(Vbias)/ps :     1.0
     Vbias factor k /Eh :  0.0470
     Vbias exp α /bohr⁻²:    0.10
Starting Meta-MD  10 with the settings:
     MD time /ps        :     0.5
     dt /fs             :     5.0
     dumpstep(trj) /fs  :     100
     dumpstep(Vbias)/ps :     1.0
     Vbias factor k /Eh :  0.1410
     Vbias exp α /bohr⁻²:    0.28
Starting Meta-MD   8 with the settings:
     MD time /ps        :     0.5
     dt /fs             :     5.0
     dumpstep(trj) /fs  :     100
     dumpstep(Vbias)/ps :     1.0
     Vbias factor k /Eh :  0.0705
     Vbias exp α /bohr⁻²:    0.47
Starting Meta-MD   9 with the settings:
     MD time /ps        :     0.5
     dt /fs             :     5.0
     dumpstep(trj) /fs  :     100
     dumpstep(Vbias)/ps :     1.0
     Vbias factor k /Eh :  0.0353
     Vbias exp α /bohr⁻²:    0.47
*Meta-MTD 1 finished*
*Meta-MTD 6 finished*
*Meta-MTD 13 finished*
*Meta-MTD 14 finished*
*Meta-MTD 9 finished*
*Meta-MTD 3 finished*
*Meta-MTD 8 finished*
*Meta-MTD 4 finished*
*Meta-MTD 10 finished*
*Meta-MTD 5 finished*
*Meta-MTD 11 finished*
*Meta-MTD 7 finished*
*Meta-MTD 2 finished*
*Meta-MTD 12 finished*
 
-----------------------
Multilevel Optimization
-----------------------
 
 -------------------------
 1. crude pre-optimization
 -------------------------
 Optimizing all 56 structures from file "crest_rotamers_0.xyz" ...
 1 2 3 4 5 6 7 8 9 10 11 12 13 14 15 16 17 18 19 20 21 22 23 24 25 26 27 28 29 30 31 32 33 34 35 36 37 38 39 40 41 42 43 44 45 46 47 48 49 50 51 52 53 54 55 56
 done.
 running RMSDs...
 done.
 E lowest :   -75.82752
 47 structures remain within    12.00 kcal/mol window
 
 -------------------------------------
 2. optimization with tight thresholds
 -------------------------------------
 Optimizing all 48 structures from file "crest_rotamers_1.xyz" ...
 1 2 3 4 5 6 7 8 9 10 11 12 13 14 15 16 17 18 19 20 21 22 23 24 25 26 27 28 29 30 31 32 33 34 35 36 37 38 39 40 41 42 43 44 45 46 47 48
 done.
 running RMSDs...
 done.
 E lowest :   -75.83048
 8 structures remain within     6.00 kcal/mol window
 
 
========================================
            MTD Iteration  2
========================================
 
     ========================================
     |         Meta-MD (MTD) Sampling       |
     ========================================
 
Starting Meta-MD   1 with the settings:
     MD time /ps        :     0.5
     dt /fs             :     5.0
     dumpstep(trj) /fs  :     100
     dumpstep(Vbias)/ps :     1.0
     Vbias factor k /Eh :  0.1410
     Vbias exp α /bohr⁻²:    1.30
Starting Meta-MD   2 with the settings:
     MD time /ps        :     0.5
     dt /fs             :     5.0
     dumpstep(trj) /fs  :     100
     dumpstep(Vbias)/ps :     1.0
     Vbias factor k /Eh :  0.0705
     Vbias exp α /bohr⁻²:    1.30
Starting Meta-MD   3 with the settings:
     MD time /ps        :     0.5
     dt /fs             :     5.0
     dumpstep(trj) /fs  :     100
     dumpstep(Vbias)/ps :     1.0
     Vbias factor k /Eh :  0.0353
     Vbias exp α /bohr⁻²:    1.30
Starting Meta-MD   4 with the settings:
     MD time /ps        :     0.5
     dt /fs             :     5.0
     dumpstep(trj) /fs  :     100
     dumpstep(Vbias)/ps :     1.0
     Vbias factor k /Eh :  0.1410
     Vbias exp α /bohr⁻²:    0.78
Starting Meta-MD   5 with the settings:
     MD time /ps        :     0.5
     dt /fs             :     5.0
     dumpstep(trj) /fs  :     100
     dumpstep(Vbias)/ps :     1.0
     Vbias factor k /Eh :  0.0705
     Vbias exp α /bohr⁻²:    0.78
Starting Meta-MD   6 with the settings:
     MD time /ps        :     0.5
     dt /fs             :     5.0
     dumpstep(trj) /fs  :     100
     dumpstep(Vbias)/ps :     1.0
     Vbias factor k /Eh :  0.0353
     Vbias exp α /bohr⁻²:    0.78
Starting Meta-MD   7 with the settings:
     MD time /ps        :     0.5
     dt /fs             :     5.0
     dumpstep(trj) /fs  :     100
     dumpstep(Vbias)/ps :     1.0
     Vbias factor k /Eh :  0.1410
     Vbias exp α /bohr⁻²:    0.47
Starting Meta-MD   8 with the settings:
     MD time /ps        :     0.5
     dt /fs             :     5.0
     dumpstep(trj) /fs  :     100
     dumpstep(Vbias)/ps :     1.0
     Vbias factor k /Eh :  0.0705
     Vbias exp α /bohr⁻²:    0.47
Starting Meta-MD   9 with the settings:
     MD time /ps        :     0.5
     dt /fs             :     5.0
     dumpstep(trj) /fs  :     100
     dumpstep(Vbias)/ps :     1.0
     Vbias factor k /Eh :  0.0353
     Vbias exp α /bohr⁻²:    0.47
Starting Meta-MD  10 with the settings:
     MD time /ps        :     0.5
     dt /fs             :     5.0
     dumpstep(trj) /fs  :     100
     dumpstep(Vbias)/ps :     1.0
     Vbias factor k /Eh :  0.1410
     Vbias exp α /bohr⁻²:    0.28
Starting Meta-MD  12 with the settings:
     MD time /ps        :     0.5
     dt /fs             :     5.0
     dumpstep(trj) /fs  :     100
     dumpstep(Vbias)/ps :     1.0
     Vbias factor k /Eh :  0.0353
     Vbias exp α /bohr⁻²:    0.28
Starting Meta-MD  11 with the settings:
     MD time /ps        :     0.5
     dt /fs             :     5.0
     dumpstep(trj) /fs  :     100
     dumpstep(Vbias)/ps :     1.0
     Vbias factor k /Eh :  0.0705
     Vbias exp α /bohr⁻²:    0.28
*Meta-MTD 1 finished*
*Meta-MTD 9 finished*
*Meta-MTD 8 finished*
*Meta-MTD 10 finished*
*Meta-MTD 3 finished*
*Meta-MTD 6 finished*
*Meta-MTD 2 finished*
*Meta-MTD 11 finished*
*Meta-MTD 4 finished*
*Meta-MTD 7 finished*
*Meta-MTD 5 finished*
*Meta-MTD 12 finished*
 
-----------------------
Multilevel Optimization
-----------------------
 
 -------------------------
 1. crude pre-optimization
 -------------------------
 Optimizing all 47 structures from file "crest_rotamers_0.xyz" ...
 1 2 3 4 5 6 7 8 9 10 11 12 13 14 15 16 17 18 19 20 21 22 23 24 25 26 27 28 29 30 31 32 33 34 35 36 37 38 39 40 41 42 43 44 45 46 47
 done.
 running RMSDs...
 done.
 E lowest :   -75.82998
 39 structures remain within    12.00 kcal/mol window
 
 -------------------------------------
 2. optimization with tight thresholds
 -------------------------------------
 Optimizing all 40 structures from file "crest_rotamers_1.xyz" ...
 1 2 3 4 5 6 7 8 9 10 11 12 13 14 15 16 17 18 19 20 21 22 23 24 25 26 27 28 29 30 31 32 33 34 35 36 37 38 39 40
 done.
 running RMSDs...
 done.
 E lowest :   -75.83048
 11 structures remain within     6.00 kcal/mol window
 
========================================
            MTD Iterations done         
========================================
 Collecting ensmbles.
 running RMSDs...
 done.
 E lowest :   -75.83048
 16 structures remain within     6.00 kcal/mol window
 
-----------------------------------------------
Additional regular MDs on lowest 4 conformer(s)
-----------------------------------------------
Starting MD   8 with the settings:
     MD time /ps        :     0.2
     MD Temperature /K  :   500.0
     dt /fs             :     5.0
     dumpstep(trj) /fs  :     100
Starting MD   1 with the settings:
     MD time /ps        :     0.2
     MD Temperature /K  :   400.0
     dt /fs             :     5.0
     dumpstep(trj) /fs  :     100
Starting MD   2 with the settings:
     MD time /ps        :     0.2
     MD Temperature /K  :   500.0
     dt /fs             :     5.0
     dumpstep(trj) /fs  :     100
Starting MD   3 with the settings:
     MD time /ps        :     0.2
     MD Temperature /K  :   400.0
     dt /fs             :     5.0
     dumpstep(trj) /fs  :     100
Starting MD   4 with the settings:
     MD time /ps        :     0.2
     MD Temperature /K  :   500.0
     dt /fs             :     5.0
     dumpstep(trj) /fs  :     100
Starting MD   5 with the settings:
     MD time /ps        :     0.2
     MD Temperature /K  :   400.0
     dt /fs             :     5.0
     dumpstep(trj) /fs  :     100
Starting MD   6 with the settings:
     MD time /ps        :     0.2
     MD Temperature /K  :   500.0
     dt /fs             :     5.0
     dumpstep(trj) /fs  :     100
Starting MD   7 with the settings:
     MD time /ps        :     0.2
     MD Temperature /K  :   400.0
     dt /fs             :     5.0
     dumpstep(trj) /fs  :     100
*MD 8 finished*
*MD 7 finished*
*MD 2 finished*
*MD 1 finished*
*MD 6 finished*
*MD 3 finished*
*MD 5 finished*
*MD 4 finished*
 Appending file crest_rotamers_1.xyz with new structures
 
 -------------------------------------------
 Ensemble optimization with tight thresholds
 -------------------------------------------
 Optimizing all 32 structures from file "crest_rotamers_1.xyz" ...
 1 2 3 4 5 6 7 8 9 10 11 12 13 14 15 16 17 18 19 20 21 22 23 24 25 26 27 28 29 30 31 32
 done.
 running RMSDs...
 done.
 E lowest :   -75.83048
 16 structures remain within     6.00 kcal/mol window
 
 
     ========================================
     |        Structure Crossing (GC)       |
     ========================================
 =============================
  # threads =          28
 =============================
 input  file name : crest_rotamers_3.xyz
number of atoms                :    47
number of points on xyz files  :    16
conformer energy window  /kcal :    6.00
CN per atom difference cut-off :  0.3000
RMSD threshold                 :  0.5000
max. # of generated structures : 25
 reading xyz file ...
 # in E window                 16
 generating pairs ...         135
 generated pairs           :         120
 number of clash discarded :           0
 average rmsd w.r.t input  : 4.21748
 sd of ensemble            : 1.67769
 number of new structures      :          16
 removed identical structures  :          34
 writing           16  TMPCONF* dirs ...
 --------------------------
 GC: loose pre-optimization
 --------------------------
 Starting optimization of generated structures
 16 jobs to do.
 1 2 3 4 5 6 7 8 9 10 11 12 13 14 15 16 
 done.
 Now appending opt.xyz file with new structures
 running RMSDs...
 done.
 E lowest :   -75.83032
 16 structures remain within    10.00 kcal/mol window
 --------------------------------------
 GC: optimization with tight thresholds
 --------------------------------------
 Optimizing all 16 structures from file "crest_rotamers_1.xyz" ...
 1 2 3 4 5 6 7 8 9 10 11 12 13 14 15 16
 done.
 running RMSDs...
 done.
 E lowest :   -75.83048
 
 
   ================================================
   |           Final Geometry Optimization        |
   ================================================
 ------------------------------------------------
 Ensemble optimization with very tight thresholds
 ------------------------------------------------
 Optimizing all 23 structures from file "crest_rotamers_4.xyz" ...
 1 2 3 4 5 6 7 8 9 10 11 12 13 14 15 16 17 18 19 20 21 22 23
 done.
 running RMSDs...
 done.
 E lowest :   -75.83048
 20 structures remain within     6.00 kcal/mol window
 
 input  file name : crest_rotamers_5.xyz
 output file name : crest_rotamers_6.xyz
 number of atoms                :   47
 number of points on xyz files  :   23
 RMSD threshold                 :   0.2500
 Bconst threshold               :   0.0100
 population threshold           :   0.0500
 conformer energy window  /kcal :   6.0000
 # fragment in coord            :     1
 # bonds in reference structure :    51
 number of reliable points      :    23
 reference state Etot :  -75.8304797100000
 number of doubles removed by rot/RMSD         :           3
 total number unique points considered further :          20
       Erel/kcal        Etot weight/tot  conformer     set   degen     origin
       1   0.000   -75.83048    0.11587    0.46195       1       4     mtd11
       2   0.001   -75.83048    0.11566                                mtd6
       3   0.002   -75.83048    0.11546                                md3
       4   0.005   -75.83047    0.11496                                gc
       5   0.095   -75.83033    0.09875    0.37450       2       4     md6
       6   0.128   -75.83028    0.09337                                mtd7
       7   0.141   -75.83026    0.09139                                md7
       8   0.143   -75.83025    0.09099                                gc
       9   0.258   -75.83007    0.07503    0.07503       3       1     mtd7
      10   1.268   -75.82846    0.01366    0.06782       4       5     mtd7
      11   1.268   -75.82846    0.01365                                mtd5
      12   1.269   -75.82846    0.01364                                mtd5
      13   1.277   -75.82845    0.01346                                gc
      14   1.279   -75.82844    0.01341                                mtd10
      15   1.611   -75.82791    0.00765    0.01491       5       2     gc
      16   1.643   -75.82786    0.00726                                gc
      17   2.597   -75.82634    0.00145    0.00579       6       4     gc
      18   2.599   -75.82634    0.00145                                gc
      19   2.599   -75.82634    0.00145                                gc
      20   2.599   -75.82634    0.00145                                gc
T /K                                  :   298.15
E lowest                              :   -75.83048
ensemble average energy (kcal)        :    0.193
ensemble entropy (J/mol K, cal/mol K) :   20.627    4.930
ensemble free energy (kcal/mol)       :   -1.470
population of lowest in %             :   46.195
 number of unique conformers for further calc            6
 list of relative energies saved as "crest.energies"
 
 -----------------
 Wall Time Summary
 -----------------
             test MD wall time :         0h : 0m : 7s
                 MTD wall time :         0h : 0m :14s
      multilevel OPT wall time :         0h : 0m :50s
                  MD wall time :         0h : 0m :10s
                  GC wall time :         0h : 0m :10s
--------------------
Overall wall time  : 0h : 1m :39s
 
 CREST terminated normally.
