 
       ==============================================
       |                                            |
       |                 C R E S T                  |
       |                                            |
       |  Conformer-Rotamer Ensemble Sampling Tool  |
       |          based on the GFN methods          |
       |             P.Pracht, S.Grimme             |
       |          Universitaet Bonn, MCTC           |
       ==============================================
       Version 2.12,   Thu 19. Mai 16:32:32 CEST 2022
  Using the xTB program. Compatible with xTB version 6.4.0
 
   Cite work conducted with this code as

   • P.Pracht, F.Bohle, S.Grimme, PCCP, 2020, 22, 7169-7192.
   • S.Grimme, JCTC, 2019, 15, 2847-2862.

   and for works involving QCG as

   • S.Spicher, C.Plett, P.Pracht, A.Hansen, S.Grimme,
     JCTC, 2022, 18 (5), 3174-3189.
 
   with help from:
   C.Bannwarth, F.Bohle, S.Ehlert, S.Grimme,
   C.Plett, P.Pracht, S.Spicher
 
   This program is distributed in the hope that it will be useful,
   but WITHOUT ANY WARRANTY; without even the implied warranty of
   MERCHANTABILITY or FITNESS FOR A PARTICULAR PURPOSE.

 Command line input:
 > crest 00036_r_0.xyz -T 28 -gfn2 -chrg 0 -uhf 0 -rthr 0.25 -shake 1 --mdlen 0.5

  -T 28 (CPUs/Threads selected)
  -gfn2 : Use of GFN2-xTB requested.
  -chrg 0
  -uhf 0
  -rthr 0.25
  --mdlen 0.5 (MD length in ps)
 
 -------------------------
 xTB Geometry Optimization
 -------------------------
 Geometry successfully optimized.
 
------------------------------------------------
Generating MTD length from a flexibility measure
------------------------------------------------
 Calculating WBOs... done.
 Calculating NCI flexibility... done.
     covalent flexibility measure :   0.355
 non-covalent flexibility measure :   0.715
 flexibility measure :   0.391
 t(MTD) / ps set by command line  :     0.5
 t(MTD) / ps    :     0.5
 Σ(t(MTD)) / ps :     7.0 (14 MTDs)
 
-------------------------------------
Starting a trial MTD to test settings
-------------------------------------
 Estimated runtime for one MTD (0.5 ps) on a single thread: 47 sec
 Estimated runtime for a batch of 14 MTDs on 28 threads: 23 sec
 
 list of Vbias parameters applied:
$metadyn    0.00300   1.300
$metadyn    0.00150   1.300
$metadyn    0.00075   1.300
$metadyn    0.00300   0.780
$metadyn    0.00150   0.780
$metadyn    0.00075   0.780
$metadyn    0.00300   0.468
$metadyn    0.00150   0.468
$metadyn    0.00075   0.468
$metadyn    0.00300   0.281
$metadyn    0.00150   0.281
$metadyn    0.00075   0.281
$metadyn    0.00100   0.100
$metadyn    0.00500   0.800
 
*******************************************************************************************
**                        N E W    I T E R A T I O N    C Y C L E                        **
*******************************************************************************************
 
========================================
            MTD Iteration  1
========================================
 
     ========================================
     |         Meta-MD (MTD) Sampling       |
     ========================================
 
Starting Meta-MD  14 with the settings:
     MD time /ps        :     0.5
     dt /fs             :     5.0
     dumpstep(trj) /fs  :     100
     dumpstep(Vbias)/ps :     1.0
     Vbias factor k /Eh :  0.3000
     Vbias exp α /bohr⁻²:    0.80
Starting Meta-MD   5 with the settings:
     MD time /ps        :     0.5
     dt /fs             :     5.0
     dumpstep(trj) /fs  :     100
     dumpstep(Vbias)/ps :     1.0
     Vbias factor k /Eh :  0.0900
     Vbias exp α /bohr⁻²:    0.78
Starting Meta-MD   6 with the settings:
     MD time /ps        :     0.5
     dt /fs             :     5.0
     dumpstep(trj) /fs  :     100
     dumpstep(Vbias)/ps :     1.0
     Vbias factor k /Eh :  0.0450
     Vbias exp α /bohr⁻²:    0.78
Starting Meta-MD   7 with the settings:
     MD time /ps        :     0.5
     dt /fs             :     5.0
     dumpstep(trj) /fs  :     100
     dumpstep(Vbias)/ps :     1.0
     Vbias factor k /Eh :  0.1800
     Vbias exp α /bohr⁻²:    0.47
Starting Meta-MD  11 with the settings:
     MD time /ps        :     0.5
     dt /fs             :     5.0
     dumpstep(trj) /fs  :     100
     dumpstep(Vbias)/ps :     1.0
     Vbias factor k /Eh :  0.0900
     Vbias exp α /bohr⁻²:    0.28
Starting Meta-MD   8 with the settings:
     MD time /ps        :     0.5
     dt /fs             :     5.0
     dumpstep(trj) /fs  :     100
     dumpstep(Vbias)/ps :     1.0
     Vbias factor k /Eh :  0.0900
     Vbias exp α /bohr⁻²:    0.47
Starting Meta-MD   4 with the settings:
     MD time /ps        :     0.5
     dt /fs             :     5.0
     dumpstep(trj) /fs  :     100
     dumpstep(Vbias)/ps :     1.0
     Vbias factor k /Eh :  0.1800
     Vbias exp α /bohr⁻²:    0.78
Starting Meta-MD   1 with the settings:
     MD time /ps        :     0.5
     dt /fs             :     5.0
     dumpstep(trj) /fs  :     100
     dumpstep(Vbias)/ps :     1.0
     Vbias factor k /Eh :  0.1800
     Vbias exp α /bohr⁻²:    1.30
Starting Meta-MD  12 with the settings:
     MD time /ps        :     0.5
     dt /fs             :     5.0
     dumpstep(trj) /fs  :     100
     dumpstep(Vbias)/ps :     1.0
     Vbias factor k /Eh :  0.0450
     Vbias exp α /bohr⁻²:    0.28
Starting Meta-MD  13 with the settings:
     MD time /ps        :     0.5
     dt /fs             :     5.0
     dumpstep(trj) /fs  :     100
     dumpstep(Vbias)/ps :     1.0
     Vbias factor k /Eh :  0.0600
     Vbias exp α /bohr⁻²:    0.10
Starting Meta-MD   2 with the settings:
     MD time /ps        :     0.5
     dt /fs             :     5.0
     dumpstep(trj) /fs  :     100
     dumpstep(Vbias)/ps :     1.0
     Vbias factor k /Eh :  0.0900
     Vbias exp α /bohr⁻²:    1.30
Starting Meta-MD   3 with the settings:
     MD time /ps        :     0.5
     dt /fs             :     5.0
     dumpstep(trj) /fs  :     100
     dumpstep(Vbias)/ps :     1.0
     Vbias factor k /Eh :  0.0450
     Vbias exp α /bohr⁻²:    1.30
Starting Meta-MD   9 with the settings:
     MD time /ps        :     0.5
     dt /fs             :     5.0
     dumpstep(trj) /fs  :     100
     dumpstep(Vbias)/ps :     1.0
     Vbias factor k /Eh :  0.0450
     Vbias exp α /bohr⁻²:    0.47
Starting Meta-MD  10 with the settings:
     MD time /ps        :     0.5
     dt /fs             :     5.0
     dumpstep(trj) /fs  :     100
     dumpstep(Vbias)/ps :     1.0
     Vbias factor k /Eh :  0.1800
     Vbias exp α /bohr⁻²:    0.28
*Meta-MTD 2 finished*
*Meta-MTD 3 finished*
*Meta-MTD 10 finished*
*Meta-MTD 9 finished*
*Meta-MTD 5 finished*
*Meta-MTD 14 finished*
*Meta-MTD 7 finished*
*Meta-MTD 13 finished*
*Meta-MTD 1 finished*
*Meta-MTD 12 finished*
*Meta-MTD 4 finished*
*Meta-MTD 8 finished*
*Meta-MTD 11 finished*
*Meta-MTD 6 finished*
 
-----------------------
Multilevel Optimization
-----------------------
 
 -------------------------
 1. crude pre-optimization
 -------------------------
 Optimizing all 56 structures from file "crest_rotamers_0.xyz" ...
 1 2 3 4 5 6 7 8 9 10 11 12 13 14 15 16 17 18 19 20 21 22 23 24 25 26 27 28 29 30 31 32 33 34 35 36 37 38 39 40 41 42 43 44 45 46 47 48 49 50 51 52 53 54 55 56
 done.
 running RMSDs...
 done.
 E lowest :   -83.42837
 53 structures remain within    12.00 kcal/mol window
 
 -------------------------------------
 2. optimization with tight thresholds
 -------------------------------------
 Optimizing all 54 structures from file "crest_rotamers_1.xyz" ...
 1 2 3 4 5 6 7 8 9 10 11 12 13 14 15 16 17 18 19 20 21 22 23 24 25 26 27 28 29 30 31 32 33 34 35 36 37 38 39 40 41 42 43 44 45 46 47 48 49 50 51 52 53 54
 done.
 running RMSDs...
 done.
 E lowest :   -83.43180
 20 structures remain within     6.00 kcal/mol window
 
 
========================================
            MTD Iteration  2
========================================
 
     ========================================
     |         Meta-MD (MTD) Sampling       |
     ========================================
 
Starting Meta-MD   1 with the settings:
     MD time /ps        :     0.5
     dt /fs             :     5.0
     dumpstep(trj) /fs  :     100
     dumpstep(Vbias)/ps :     1.0
     Vbias factor k /Eh :  0.1800
     Vbias exp α /bohr⁻²:    1.30
Starting Meta-MD   2 with the settings:
     MD time /ps        :     0.5
     dt /fs             :     5.0
     dumpstep(trj) /fs  :     100
     dumpstep(Vbias)/ps :     1.0
     Vbias factor k /Eh :  0.0900
     Vbias exp α /bohr⁻²:    1.30
Starting Meta-MD   5 with the settings:
     MD time /ps        :     0.5
     dt /fs             :     5.0
     dumpstep(trj) /fs  :     100
     dumpstep(Vbias)/ps :     1.0
     Vbias factor k /Eh :  0.0900
     Vbias exp α /bohr⁻²:    0.78
Starting Meta-MD   4 with the settings:
     MD time /ps        :     0.5
     dt /fs             :     5.0
     dumpstep(trj) /fs  :     100
     dumpstep(Vbias)/ps :     1.0
     Vbias factor k /Eh :  0.1800
     Vbias exp α /bohr⁻²:    0.78
Starting Meta-MD   3 with the settings:
     MD time /ps        :     0.5
     dt /fs             :     5.0
     dumpstep(trj) /fs  :     100
     dumpstep(Vbias)/ps :     1.0
     Vbias factor k /Eh :  0.0450
     Vbias exp α /bohr⁻²:    1.30
Starting Meta-MD  12 with the settings:
     MD time /ps        :     0.5
     dt /fs             :     5.0
     dumpstep(trj) /fs  :     100
     dumpstep(Vbias)/ps :     1.0
     Vbias factor k /Eh :  0.0450
     Vbias exp α /bohr⁻²:    0.28
Starting Meta-MD   6 with the settings:
     MD time /ps        :     0.5
     dt /fs             :     5.0
     dumpstep(trj) /fs  :     100
     dumpstep(Vbias)/ps :     1.0
     Vbias factor k /Eh :  0.0450
     Vbias exp α /bohr⁻²:    0.78
Starting Meta-MD   7 with the settings:
     MD time /ps        :     0.5
     dt /fs             :     5.0
     dumpstep(trj) /fs  :     100
     dumpstep(Vbias)/ps :     1.0
     Vbias factor k /Eh :  0.1800
     Vbias exp α /bohr⁻²:    0.47
Starting Meta-MD   8 with the settings:
     MD time /ps        :     0.5
     dt /fs             :     5.0
     dumpstep(trj) /fs  :     100
     dumpstep(Vbias)/ps :     1.0
     Vbias factor k /Eh :  0.0900
     Vbias exp α /bohr⁻²:    0.47
Starting Meta-MD   9 with the settings:
     MD time /ps        :     0.5
     dt /fs             :     5.0
     dumpstep(trj) /fs  :     100
     dumpstep(Vbias)/ps :     1.0
     Vbias factor k /Eh :  0.0450
     Vbias exp α /bohr⁻²:    0.47
Starting Meta-MD  10 with the settings:
     MD time /ps        :     0.5
     dt /fs             :     5.0
     dumpstep(trj) /fs  :     100
     dumpstep(Vbias)/ps :     1.0
     Vbias factor k /Eh :  0.1800
     Vbias exp α /bohr⁻²:    0.28
Starting Meta-MD  11 with the settings:
     MD time /ps        :     0.5
     dt /fs             :     5.0
     dumpstep(trj) /fs  :     100
     dumpstep(Vbias)/ps :     1.0
     Vbias factor k /Eh :  0.0900
     Vbias exp α /bohr⁻²:    0.28
*Meta-MTD 6 finished*
*Meta-MTD 9 finished*
*Meta-MTD 11 finished*
*Meta-MTD 2 finished*
*Meta-MTD 3 finished*
*Meta-MTD 5 finished*
*Meta-MTD 1 finished*
*Meta-MTD 7 finished*
*Meta-MTD 4 finished*
*Meta-MTD 10 finished*
*Meta-MTD 12 finished*
*Meta-MTD 8 finished*
 
-----------------------
Multilevel Optimization
-----------------------
 
 -------------------------
 1. crude pre-optimization
 -------------------------
 Optimizing all 48 structures from file "crest_rotamers_0.xyz" ...
 1 2 3 4 5 6 7 8 9 10 11 12 13 14 15 16 17 18 19 20 21 22 23 24 25 26 27 28 29 30 31 32 33 34 35 36 37 38 39 40 41 42 43 44 45 46 47 48
 done.
 running RMSDs...
 done.
 E lowest :   -83.43373
 45 structures remain within    12.00 kcal/mol window
 
 -------------------------------------
 2. optimization with tight thresholds
 -------------------------------------
 Optimizing all 46 structures from file "crest_rotamers_1.xyz" ...
 1 2 3 4 5 6 7 8 9 10 11 12 13 14 15 16 17 18 19 20 21 22 23 24 25 26 27 28 29 30 31 32 33 34 35 36 37 38 39 40 41 42 43 44 45 46
 done.
 running RMSDs...
 done.
 E lowest :   -83.43583
 22 structures remain within     6.00 kcal/mol window
 
 ...............................................
 A new lower conformer was found!
 Improved by    0.00403 Eh or    2.52841kcal/mol
 ...............................................
 
========================================
            MTD Iteration  3
========================================
 
     ========================================
     |         Meta-MD (MTD) Sampling       |
     ========================================
 
Starting Meta-MD   1 with the settings:
     MD time /ps        :     0.5
     dt /fs             :     5.0
     dumpstep(trj) /fs  :     100
     dumpstep(Vbias)/ps :     1.0
     Vbias factor k /Eh :  0.1800
     Vbias exp α /bohr⁻²:    1.30
Starting Meta-MD   2 with the settings:
     MD time /ps        :     0.5
     dt /fs             :     5.0
     dumpstep(trj) /fs  :     100
     dumpstep(Vbias)/ps :     1.0
     Vbias factor k /Eh :  0.0900
     Vbias exp α /bohr⁻²:    1.30
Starting Meta-MD   3 with the settings:
     MD time /ps        :     0.5
     dt /fs             :     5.0
     dumpstep(trj) /fs  :     100
     dumpstep(Vbias)/ps :     1.0
     Vbias factor k /Eh :  0.0450
     Vbias exp α /bohr⁻²:    1.30
Starting Meta-MD   4 with the settings:
     MD time /ps        :     0.5
     dt /fs             :     5.0
     dumpstep(trj) /fs  :     100
     dumpstep(Vbias)/ps :     1.0
     Vbias factor k /Eh :  0.1800
     Vbias exp α /bohr⁻²:    0.78
Starting Meta-MD   5 with the settings:
     MD time /ps        :     0.5
     dt /fs             :     5.0
     dumpstep(trj) /fs  :     100
     dumpstep(Vbias)/ps :     1.0
     Vbias factor k /Eh :  0.0900
     Vbias exp α /bohr⁻²:    0.78
Starting Meta-MD   6 with the settings:
     MD time /ps        :     0.5
     dt /fs             :     5.0
     dumpstep(trj) /fs  :     100
     dumpstep(Vbias)/ps :     1.0
     Vbias factor k /Eh :  0.0450
     Vbias exp α /bohr⁻²:    0.78
Starting Meta-MD   7 with the settings:
     MD time /ps        :     0.5
     dt /fs             :     5.0
     dumpstep(trj) /fs  :     100
     dumpstep(Vbias)/ps :     1.0
     Vbias factor k /Eh :  0.1800
     Vbias exp α /bohr⁻²:    0.47
Starting Meta-MD   8 with the settings:
     MD time /ps        :     0.5
     dt /fs             :     5.0
     dumpstep(trj) /fs  :     100
     dumpstep(Vbias)/ps :     1.0
     Vbias factor k /Eh :  0.0900
     Vbias exp α /bohr⁻²:    0.47
Starting Meta-MD   9 with the settings:
     MD time /ps        :     0.5
     dt /fs             :     5.0
     dumpstep(trj) /fs  :     100
     dumpstep(Vbias)/ps :     1.0
     Vbias factor k /Eh :  0.0450
     Vbias exp α /bohr⁻²:    0.47
Starting Meta-MD  12 with the settings:
     MD time /ps        :     0.5
     dt /fs             :     5.0
     dumpstep(trj) /fs  :     100
     dumpstep(Vbias)/ps :     1.0
     Vbias factor k /Eh :  0.0450
     Vbias exp α /bohr⁻²:    0.28
Starting Meta-MD  10 with the settings:
     MD time /ps        :     0.5
     dt /fs             :     5.0
     dumpstep(trj) /fs  :     100
     dumpstep(Vbias)/ps :     1.0
     Vbias factor k /Eh :  0.1800
     Vbias exp α /bohr⁻²:    0.28
Starting Meta-MD  11 with the settings:
     MD time /ps        :     0.5
     dt /fs             :     5.0
     dumpstep(trj) /fs  :     100
     dumpstep(Vbias)/ps :     1.0
     Vbias factor k /Eh :  0.0900
     Vbias exp α /bohr⁻²:    0.28
*Meta-MTD 12 finished*
*Meta-MTD 3 finished*
*Meta-MTD 8 finished*
*Meta-MTD 7 finished*
*Meta-MTD 5 finished*
*Meta-MTD 11 finished*
*Meta-MTD 9 finished*
*Meta-MTD 4 finished*
*Meta-MTD 6 finished*
*Meta-MTD 10 finished*
*Meta-MTD 1 finished*
*Meta-MTD 2 finished*
 
-----------------------
Multilevel Optimization
-----------------------
 
 -------------------------
 1. crude pre-optimization
 -------------------------
 Optimizing all 48 structures from file "crest_rotamers_0.xyz" ...
 1 2 3 4 5 6 7 8 9 10 11 12 13 14 15 16 17 18 19 20 21 22 23 24 25 26 27 28 29 30 31 32 33 34 35 36 37 38 39 40 41 42 43 44 45 46 47 48
 done.
 running RMSDs...
 done.
 E lowest :   -83.43478
 46 structures remain within    12.00 kcal/mol window
 
 -------------------------------------
 2. optimization with tight thresholds
 -------------------------------------
 Optimizing all 47 structures from file "crest_rotamers_1.xyz" ...
 1 2 3 4 5 6 7 8 9 10 11 12 13 14 15 16 17 18 19 20 21 22 23 24 25 26 27 28 29 30 31 32 33 34 35 36 37 38 39 40 41 42 43 44 45 46 47
 done.
 running RMSDs...
 done.
 E lowest :   -83.43648
 25 structures remain within     6.00 kcal/mol window
 
 ...............................................
 A new lower conformer was found!
 Improved by    0.00065 Eh or    0.40574kcal/mol
 ...............................................
 
========================================
            MTD Iteration  4
========================================
 
     ========================================
     |         Meta-MD (MTD) Sampling       |
     ========================================
 
Starting Meta-MD   1 with the settings:
     MD time /ps        :     0.5
     dt /fs             :     5.0
     dumpstep(trj) /fs  :     100
     dumpstep(Vbias)/ps :     1.0
     Vbias factor k /Eh :  0.1800
     Vbias exp α /bohr⁻²:    1.30
Starting Meta-MD   2 with the settings:
     MD time /ps        :     0.5
     dt /fs             :     5.0
     dumpstep(trj) /fs  :     100
     dumpstep(Vbias)/ps :     1.0
     Vbias factor k /Eh :  0.0900
     Vbias exp α /bohr⁻²:    1.30
Starting Meta-MD   3 with the settings:
     MD time /ps        :     0.5
     dt /fs             :     5.0
     dumpstep(trj) /fs  :     100
     dumpstep(Vbias)/ps :     1.0
     Vbias factor k /Eh :  0.0450
     Vbias exp α /bohr⁻²:    1.30
Starting Meta-MD   4 with the settings:
     MD time /ps        :     0.5
     dt /fs             :     5.0
     dumpstep(trj) /fs  :     100
     dumpstep(Vbias)/ps :     1.0
     Vbias factor k /Eh :  0.1800
     Vbias exp α /bohr⁻²:    0.78
Starting Meta-MD   5 with the settings:
     MD time /ps        :     0.5
     dt /fs             :     5.0
     dumpstep(trj) /fs  :     100
     dumpstep(Vbias)/ps :     1.0
     Vbias factor k /Eh :  0.0900
     Vbias exp α /bohr⁻²:    0.78
Starting Meta-MD   6 with the settings:
     MD time /ps        :     0.5
     dt /fs             :     5.0
     dumpstep(trj) /fs  :     100
     dumpstep(Vbias)/ps :     1.0
     Vbias factor k /Eh :  0.0450
     Vbias exp α /bohr⁻²:    0.78
Starting Meta-MD   7 with the settings:
     MD time /ps        :     0.5
     dt /fs             :     5.0
     dumpstep(trj) /fs  :     100
     dumpstep(Vbias)/ps :     1.0
     Vbias factor k /Eh :  0.1800
     Vbias exp α /bohr⁻²:    0.47
Starting Meta-MD   8 with the settings:
     MD time /ps        :     0.5
     dt /fs             :     5.0
     dumpstep(trj) /fs  :     100
     dumpstep(Vbias)/ps :     1.0
     Vbias factor k /Eh :  0.0900
     Vbias exp α /bohr⁻²:    0.47
Starting Meta-MD   9 with the settings:
     MD time /ps        :     0.5
     dt /fs             :     5.0
     dumpstep(trj) /fs  :     100
     dumpstep(Vbias)/ps :     1.0
     Vbias factor k /Eh :  0.0450
     Vbias exp α /bohr⁻²:    0.47
Starting Meta-MD  10 with the settings:
     MD time /ps        :     0.5
     dt /fs             :     5.0
     dumpstep(trj) /fs  :     100
     dumpstep(Vbias)/ps :     1.0
     Vbias factor k /Eh :  0.1800
     Vbias exp α /bohr⁻²:    0.28
Starting Meta-MD  11 with the settings:
     MD time /ps        :     0.5
     dt /fs             :     5.0
     dumpstep(trj) /fs  :     100
     dumpstep(Vbias)/ps :     1.0
     Vbias factor k /Eh :  0.0900
     Vbias exp α /bohr⁻²:    0.28
Starting Meta-MD  12 with the settings:
     MD time /ps        :     0.5
     dt /fs             :     5.0
     dumpstep(trj) /fs  :     100
     dumpstep(Vbias)/ps :     1.0
     Vbias factor k /Eh :  0.0450
     Vbias exp α /bohr⁻²:    0.28
*Meta-MTD 11 finished*
*Meta-MTD 9 finished*
*Meta-MTD 12 finished*
*Meta-MTD 5 finished*
*Meta-MTD 7 finished*
*Meta-MTD 10 finished*
*Meta-MTD 3 finished*
*Meta-MTD 1 finished*
*Meta-MTD 6 finished*
*Meta-MTD 2 finished*
*Meta-MTD 8 finished*
*Meta-MTD 4 finished*
 
-----------------------
Multilevel Optimization
-----------------------
 
 -------------------------
 1. crude pre-optimization
 -------------------------
 Optimizing all 48 structures from file "crest_rotamers_0.xyz" ...
 1 2 3 4 5 6 7 8 9 10 11 12 13 14 15 16 17 18 19 20 21 22 23 24 25 26 27 28 29 30 31 32 33 34 35 36 37 38 39 40 41 42 43 44 45 46 47 48
 done.
 running RMSDs...
 done.
 E lowest :   -83.43554
 43 structures remain within    12.00 kcal/mol window
 
 -------------------------------------
 2. optimization with tight thresholds
 -------------------------------------
 Optimizing all 44 structures from file "crest_rotamers_1.xyz" ...
 1 2 3 4 5 6 7 8 9 10 11 12 13 14 15 16 17 18 19 20 21 22 23 24 25 26 27 28 29 30 31 32 33 34 35 36 37 38 39 40 41 42 43 44
 done.
 running RMSDs...
 done.
 E lowest :   -83.43725
 11 structures remain within     6.00 kcal/mol window
 
 ...............................................
 A new lower conformer was found!
 Improved by    0.00077 Eh or    0.48574kcal/mol
 ...............................................
 
========================================
            MTD Iteration  5
========================================
 
     ========================================
     |         Meta-MD (MTD) Sampling       |
     ========================================
 
Starting Meta-MD   1 with the settings:
     MD time /ps        :     0.5
     dt /fs             :     5.0
     dumpstep(trj) /fs  :     100
     dumpstep(Vbias)/ps :     1.0
     Vbias factor k /Eh :  0.1800
     Vbias exp α /bohr⁻²:    1.30
Starting Meta-MD   2 with the settings:
     MD time /ps        :     0.5
     dt /fs             :     5.0
     dumpstep(trj) /fs  :     100
     dumpstep(Vbias)/ps :     1.0
     Vbias factor k /Eh :  0.0900
     Vbias exp α /bohr⁻²:    1.30
Starting Meta-MD   3 with the settings:
     MD time /ps        :     0.5
     dt /fs             :     5.0
     dumpstep(trj) /fs  :     100
     dumpstep(Vbias)/ps :     1.0
     Vbias factor k /Eh :  0.0450
     Vbias exp α /bohr⁻²:    1.30
Starting Meta-MD   4 with the settings:
     MD time /ps        :     0.5
     dt /fs             :     5.0
     dumpstep(trj) /fs  :     100
     dumpstep(Vbias)/ps :     1.0
     Vbias factor k /Eh :  0.1800
     Vbias exp α /bohr⁻²:    0.78
Starting Meta-MD   5 with the settings:
     MD time /ps        :     0.5
     dt /fs             :     5.0
     dumpstep(trj) /fs  :     100
     dumpstep(Vbias)/ps :     1.0
     Vbias factor k /Eh :  0.0900
     Vbias exp α /bohr⁻²:    0.78
Starting Meta-MD   6 with the settings:
     MD time /ps        :     0.5
     dt /fs             :     5.0
     dumpstep(trj) /fs  :     100
     dumpstep(Vbias)/ps :     1.0
     Vbias factor k /Eh :  0.0450
     Vbias exp α /bohr⁻²:    0.78
Starting Meta-MD   7 with the settings:
     MD time /ps        :     0.5
     dt /fs             :     5.0
     dumpstep(trj) /fs  :     100
     dumpstep(Vbias)/ps :     1.0
     Vbias factor k /Eh :  0.1800
     Vbias exp α /bohr⁻²:    0.47
Starting Meta-MD   8 with the settings:
     MD time /ps        :     0.5
     dt /fs             :     5.0
     dumpstep(trj) /fs  :     100
     dumpstep(Vbias)/ps :     1.0
     Vbias factor k /Eh :  0.0900
     Vbias exp α /bohr⁻²:    0.47
Starting Meta-MD   9 with the settings:
     MD time /ps        :     0.5
     dt /fs             :     5.0
     dumpstep(trj) /fs  :     100
     dumpstep(Vbias)/ps :     1.0
     Vbias factor k /Eh :  0.0450
     Vbias exp α /bohr⁻²:    0.47
Starting Meta-MD  10 with the settings:
     MD time /ps        :     0.5
     dt /fs             :     5.0
     dumpstep(trj) /fs  :     100
     dumpstep(Vbias)/ps :     1.0
     Vbias factor k /Eh :  0.1800
     Vbias exp α /bohr⁻²:    0.28
Starting Meta-MD  12 with the settings:
     MD time /ps        :     0.5
     dt /fs             :     5.0
     dumpstep(trj) /fs  :     100
     dumpstep(Vbias)/ps :     1.0
     Vbias factor k /Eh :  0.0450
     Vbias exp α /bohr⁻²:    0.28
Starting Meta-MD  11 with the settings:
     MD time /ps        :     0.5
     dt /fs             :     5.0
     dumpstep(trj) /fs  :     100
     dumpstep(Vbias)/ps :     1.0
     Vbias factor k /Eh :  0.0900
     Vbias exp α /bohr⁻²:    0.28
*Meta-MTD 10 finished*
*Meta-MTD 5 finished*
*Meta-MTD 7 finished*
*Meta-MTD 1 finished*
*Meta-MTD 12 finished*
*Meta-MTD 4 finished*
*Meta-MTD 8 finished*
*Meta-MTD 2 finished*
*Meta-MTD 3 finished*
*Meta-MTD 9 finished*
*Meta-MTD 6 finished*
*Meta-MTD 11 finished*
 
-----------------------
Multilevel Optimization
-----------------------
 
 -------------------------
 1. crude pre-optimization
 -------------------------
 Optimizing all 48 structures from file "crest_rotamers_0.xyz" ...
 1 2 3 4 5 6 7 8 9 10 11 12 13 14 15 16 17 18 19 20 21 22 23 24 25 26 27 28 29 30 31 32 33 34 35 36 37 38 39 40 41 42 43 44 45 46 47 48
 done.
 running RMSDs...
 done.
 E lowest :   -83.43614
 45 structures remain within    12.00 kcal/mol window
 
 -------------------------------------
 2. optimization with tight thresholds
 -------------------------------------
 Optimizing all 46 structures from file "crest_rotamers_1.xyz" ...
 1 2 3 4 5 6 7 8 9 10 11 12 13 14 15 16 17 18 19 20 21 22 23 24 25 26 27 28 29 30 31 32 33 34 35 36 37 38 39 40 41 42 43 44 45 46
 done.
 running RMSDs...
 done.
 E lowest :   -83.43725
 18 structures remain within     6.00 kcal/mol window
 
========================================
            MTD Iterations done         
========================================
 Collecting ensmbles.
 running RMSDs...
 done.
 E lowest :   -83.43725
 85 structures remain within     6.00 kcal/mol window
 
 -------------------------------
 Additional orientation sampling
 -------------------------------
 Optimizing all 164 structures from file "oh_ensemble.xyz" ...
 1 2 3 4 5 6 7 8 9 10 11 12 13 14 15 16 17 18 19 20 21 22 23 24 25 26 27 28 29 30 31 32 33 34 35 36 37 38 39 40 41 42 43 44 45 46 47 48 49 50 51 52 53 54 55 56 57 58 59 60 61 62 63 64 65 66 67 68 69 70 71 72 73 74 75 76 77 78 79 80 81 82 83 84 85 86 87 88 89 90 91 92 93 94 95 96 97 98 99 100 101 102 103 104 105 106 107 108 109 110 111 112 113 114 115 116 117 118 119 120 121 122 123 124 125 126 127 128 129 130 131 132 133 134 135 136 137 138 139 140 141 142 143 144 145 146 147 148 149 150 151 152 153 154 155 156 157 158 159 160 161 162 163 164
 done.
 running RMSDs...
 done.
 E lowest :   -83.43725
 196 structures remain within     6.00 kcal/mol window
 
-----------------------------------------------
Additional regular MDs on lowest 4 conformer(s)
-----------------------------------------------
Starting MD   1 with the settings:
     MD time /ps        :     0.2
     MD Temperature /K  :   400.0
     dt /fs             :     5.0
     dumpstep(trj) /fs  :     100
Starting MD   2 with the settings:
     MD time /ps        :     0.2
     MD Temperature /K  :   500.0
     dt /fs             :     5.0
     dumpstep(trj) /fs  :     100
Starting MD   3 with the settings:
     MD time /ps        :     0.2
     MD Temperature /K  :   400.0
     dt /fs             :     5.0
     dumpstep(trj) /fs  :     100
Starting MD   4 with the settings:
     MD time /ps        :     0.2
     MD Temperature /K  :   500.0
     dt /fs             :     5.0
     dumpstep(trj) /fs  :     100
Starting MD   6 with the settings:
     MD time /ps        :     0.2
     MD Temperature /K  :   500.0
     dt /fs             :     5.0
     dumpstep(trj) /fs  :     100
Starting MD   5 with the settings:
     MD time /ps        :     0.2
     MD Temperature /K  :   400.0
     dt /fs             :     5.0
     dumpstep(trj) /fs  :     100
Starting MD   7 with the settings:
     MD time /ps        :     0.2
     MD Temperature /K  :   400.0
     dt /fs             :     5.0
     dumpstep(trj) /fs  :     100
Starting MD   8 with the settings:
     MD time /ps        :     0.2
     MD Temperature /K  :   500.0
     dt /fs             :     5.0
     dumpstep(trj) /fs  :     100
*MD 1 finished*
*MD 6 finished*
*MD 3 finished*
*MD 5 finished*
*MD 4 finished*
*MD 7 finished*
*MD 2 finished*
*MD 8 finished*
 Appending file crest_rotamers_2.xyz with new structures
 
 -------------------------------------------
 Ensemble optimization with tight thresholds
 -------------------------------------------
 Optimizing all 212 structures from file "crest_rotamers_2.xyz" ...
 1 2 3 4 5 6 7 8 9 10 11 12 13 14 15 16 17 18 19 20 21 22 23 24 25 26 27 28 29 30 31 32 33 34 35 36 37 38 39 40 41 42 43 44 45 46 47 48 49 50 51 52 53 54 55 56 57 58 59 60 61 62 63 64 65 66 67 68 69 70 71 72 73 74 75 76 77 78 79 80 81 82 83 84 85 86 87 88 89 90 91 92 93 94 95 96 97 98 99 100 101 102 103 104 105 106 107 108 109 110 111 112 113 114 115 116 117 118 119 120 121 122 123 124 125 126 127 128 129 130 131 132 133 134 135 136 137 138 139 140 141 142 143 144 145 146 147 148 149 150 151 152 153 154 155 156 157 158 159 160 161 162 163 164 165 166 167 168 169 170 171 172 173 174 175 176 177 178 179 180 181 182 183 184 185 186 187 188 189 190 191 192 193 194 195 196 197 198 199 200 201 202 203 204 205 206 207 208 209 210 211 212
 done.
 running RMSDs...
 done.
 E lowest :   -83.43725
 197 structures remain within     6.00 kcal/mol window
 
 
     ========================================
     |        Structure Crossing (GC)       |
     ========================================
 =============================
  # threads =          28
 =============================
 input  file name : crest_rotamers_4.xyz
number of atoms                :    60
number of points on xyz files  :   197
conformer energy window  /kcal :    6.00
CN per atom difference cut-off :  0.3000
RMSD threshold                 :  0.5000
max. # of generated structures : 25
 reading xyz file ...
 # in E window                197
 generating pairs ...       19502
  16.8 % done
 generated pairs           :       13514
 number of clash discarded :        5792
 average rmsd w.r.t input  : 3.28757
 sd of ensemble            : 1.00593
 number of new structures      :           1
 removed identical structures  :          49
 writing            1  TMPCONF* dirs ...
 --------------------------
 GC: loose pre-optimization
 --------------------------
 Starting optimization of generated structures
 1 jobs to do.
 1 
 done.
 Now appending opt.xyz file with new structures
 running RMSDs...
 done.
 E lowest :   -83.43723
 1 structures remain within    10.00 kcal/mol window
 --------------------------------------
 GC: optimization with tight thresholds
 --------------------------------------
 Optimizing all 1 structures from file "crest_rotamers_1.xyz" ...
 1
 done.
 running RMSDs...
 done.
 E lowest :   -83.43725
 
 
   ================================================
   |           Final Geometry Optimization        |
   ================================================
 ------------------------------------------------
 Ensemble optimization with very tight thresholds
 ------------------------------------------------
 Optimizing all 197 structures from file "crest_rotamers_5.xyz" ...
 1 2 3 4 5 6 7 8 9 10 11 12 13 14 15 16 17 18 19 20 21 22 23 24 25 26 27 28 29 30 31 32 33 34 35 36 37 38 39 40 41 42 43 44 45 46 47 48 49 50 51 52 53 54 55 56 57 58 59 60 61 62 63 64 65 66 67 68 69 70 71 72 73 74 75 76 77 78 79 80 81 82 83 84 85 86 87 88 89 90 91 92 93 94 95 96 97 98 99 100 101 102 103 104 105 106 107 108 109 110 111 112 113 114 115 116 117 118 119 120 121 122 123 124 125 126 127 128 129 130 131 132 133 134 135 136 137 138 139 140 141 142 143 144 145 146 147 148 149 150 151 152 153 154 155 156 157 158 159 160 161 162 163 164 165 166 167 168 169 170 171 172 173 174 175 176 177 178 179 180 181 182 183 184 185 186 187 188 189 190 191 192 193 194 195 196 197
 done.
 running RMSDs...
 done.
 E lowest :   -83.43725
 197 structures remain within     6.00 kcal/mol window
 
 input  file name : crest_rotamers_6.xyz
 output file name : crest_rotamers_7.xyz
 number of atoms                :   60
 number of points on xyz files  :   197
 RMSD threshold                 :   0.2500
 Bconst threshold               :   0.0100
 population threshold           :   0.0500
 conformer energy window  /kcal :   6.0000
 # fragment in coord            :     1
 # bonds in reference structure :    63
 number of reliable points      :   197
 reference state Etot :  -83.4372513100000
 number of doubles removed by rot/RMSD         :           0
 total number unique points considered further :         197
       Erel/kcal        Etot weight/tot  conformer     set   degen     origin
       1   0.000   -83.43725    0.07052    0.07052       1       1     mtd10
       2   0.168   -83.43698    0.05314    0.10499       2       2     mtd4
       3   0.182   -83.43696    0.05184                                mtd1
       4   0.220   -83.43690    0.04866    0.04866       3       1     md7
       5   0.305   -83.43677    0.04219    0.04219       4       1     mtd2
       6   0.358   -83.43668    0.03854    0.03854       5       1     mtd5
       7   0.484   -83.43648    0.03116    0.03116       6       1     mtd6
       8   0.526   -83.43641    0.02903    0.02903       7       1     mtd11
       9   0.545   -83.43638    0.02812    0.02812       8       1     mtd5
      10   0.553   -83.43637    0.02774    0.02774       9       1     mtd11
      11   0.688   -83.43615    0.02210    0.02210      10       1     mtd7
      12   0.698   -83.43614    0.02175    0.02175      11       1     mtd10
      13   0.702   -83.43613    0.02158    0.02158      12       1     mtd7
      14   0.704   -83.43613    0.02151    0.02151      13       1     mtd10
      15   0.706   -83.43613    0.02144    0.02144      14       1     mtd1
      16   0.707   -83.43612    0.02139    0.02139      15       1     mtd1
      17   0.717   -83.43611    0.02106    0.02106      16       1     mtd9
      18   0.840   -83.43591    0.01710    0.01710      17       1     mtd3
      19   0.875   -83.43586    0.01614    0.03182      18       2     mtd2
      20   0.892   -83.43583    0.01568                                mtd5
      21   0.900   -83.43582    0.01547    0.01547      19       1     mtd10
      22   0.960   -83.43572    0.01398    0.01398      20       1     mtd2
      23   0.975   -83.43570    0.01363    0.01363      21       1     mtd9
      24   0.976   -83.43570    0.01361    0.01361      22       1     mtd5
      25   0.997   -83.43566    0.01312    0.01312      23       1     mtd3
      26   1.034   -83.43560    0.01232    0.01232      24       1     mtd2
      27   1.051   -83.43558    0.01199    0.01199      25       1     mtd3
      28   1.053   -83.43557    0.01194    0.01194      26       1     mtd12
      29   1.075   -83.43554    0.01150    0.01150      27       1     hor
      30   1.108   -83.43549    0.01088    0.01088      28       1     mtd8
      31   1.166   -83.43539    0.00988    0.00988      29       1     hor
      32   1.188   -83.43536    0.00952    0.00952      30       1     mtd11
      33   1.214   -83.43532    0.00910    0.00910      31       1     mtd3
      34   1.232   -83.43529    0.00883    0.00883      32       1     mtd4
      35   1.235   -83.43528    0.00879    0.00879      33       1     mtd1
      36   1.240   -83.43528    0.00872    0.00872      34       1     mtd10
      37   1.260   -83.43524    0.00843    0.00843      35       1     mtd5
      38   1.261   -83.43524    0.00840    0.00840      36       1     mtd11
      39   1.269   -83.43523    0.00830    0.00830      37       1     hor
      40   1.270   -83.43523    0.00828    0.00828      38       1     mtd5
      41   1.310   -83.43516    0.00774    0.00774      39       1     mtd8
      42   1.344   -83.43511    0.00732    0.00732      40       1     mtd11
      43   1.349   -83.43510    0.00725    0.00725      41       1     mtd4
      44   1.432   -83.43497    0.00630    0.00630      42       1     hor
      45   1.449   -83.43494    0.00612    0.01222      43       2     mtd9
      46   1.451   -83.43494    0.00610                                mtd7
      47   1.457   -83.43493    0.00604    0.00604      44       1     hor
      48   1.461   -83.43492    0.00600    0.00600      45       1     hor
      49   1.481   -83.43489    0.00581    0.00581      46       1     mtd11
      50   1.650   -83.43462    0.00437    0.00437      47       1     mtd5
      51   1.667   -83.43460    0.00424    0.00424      48       1     mtd5
      52   1.669   -83.43459    0.00423    0.00423      49       1     mtd5
      53   1.672   -83.43459    0.00420    0.00420      50       1     mtd7
      54   1.679   -83.43458    0.00415    0.00415      51       1     mtd7
      55   1.703   -83.43454    0.00399    0.00399      52       1     hor
      56   1.706   -83.43453    0.00397    0.00397      53       1     mtd4
      57   1.723   -83.43451    0.00386    0.00386      54       1     hor
      58   1.732   -83.43449    0.00380    0.00380      55       1     hor
      59   1.748   -83.43447    0.00370    0.00370      56       1     hor
      60   1.814   -83.43436    0.00331    0.00331      57       1     hor
      61   1.987   -83.43408    0.00247    0.00247      58       1     hor
      62   1.995   -83.43407    0.00244    0.00244      59       1     mtd9
      63   2.121   -83.43387    0.00197    0.00391      60       2     hor
      64   2.133   -83.43385    0.00193                                hor
      65   2.147   -83.43383    0.00189    0.00189      61       1     hor
      66   2.162   -83.43381    0.00184    0.00184      62       1     hor
      67   2.176   -83.43378    0.00180    0.00180      63       1     hor
      68   2.215   -83.43372    0.00168    0.00168      64       1     hor
      69   2.230   -83.43370    0.00164    0.00321      65       2     hor
      70   2.256   -83.43366    0.00157                                hor
      71   2.263   -83.43365    0.00155    0.00155      66       1     hor
      72   2.267   -83.43364    0.00154    0.00154      67       1     hor
      73   2.310   -83.43357    0.00143    0.00143      68       1     hor
      74   2.319   -83.43356    0.00141    0.00141      69       1     hor
      75   2.347   -83.43351    0.00135    0.00265      70       2     hor
      76   2.369   -83.43348    0.00130                                hor
      77   2.609   -83.43309    0.00087    0.00173      71       2     hor
      78   2.610   -83.43309    0.00087                                hor
      79   2.673   -83.43299    0.00078    0.00078      72       1     hor
      80   2.673   -83.43299    0.00078    0.00078      73       1     hor
      81   2.684   -83.43297    0.00076    0.00076      74       1     hor
      82   2.693   -83.43296    0.00075    0.00075      75       1     hor
      83   2.720   -83.43292    0.00072    0.00072      76       1     mtd8
      84   2.762   -83.43285    0.00067    0.00067      77       1     hor
      85   2.783   -83.43282    0.00065    0.00065      78       1     hor
      86   2.798   -83.43279    0.00063    0.00124      79       2     hor
      87   2.814   -83.43277    0.00061                                hor
      88   2.805   -83.43278    0.00062    0.00062      80       1     hor
      89   2.823   -83.43275    0.00060    0.00060      81       1     hor
      90   2.824   -83.43275    0.00060    0.00060      82       1     hor
      91   2.825   -83.43275    0.00060    0.00060      83       1     hor
      92   2.833   -83.43274    0.00059    0.00118      84       2     hor
      93   2.836   -83.43273    0.00059                                hor
      94   2.842   -83.43272    0.00058    0.00058      85       1     hor
      95   2.867   -83.43268    0.00056    0.00115      86       2     hor
      96   2.834   -83.43273    0.00059                                hor
      97   2.854   -83.43270    0.00057    0.00057      87       1     hor
      98   2.868   -83.43268    0.00056    0.00110      88       2     hor
      99   2.893   -83.43264    0.00054                                hor
     100   2.893   -83.43264    0.00054    0.00054      89       1     hor
     101   2.921   -83.43260    0.00051    0.00051      90       1     hor
     102   2.928   -83.43259    0.00051    0.00100      91       2     hor
     103   2.944   -83.43256    0.00049                                hor
     104   2.948   -83.43255    0.00049    0.00049      92       1     mtd6
     105   2.949   -83.43255    0.00049    0.00096      93       2     hor
     106   2.966   -83.43252    0.00047                                hor
     107   2.994   -83.43248    0.00045    0.00045      94       1     mtd6
     108   3.066   -83.43237    0.00040    0.00040      95       1     hor
     109   3.081   -83.43234    0.00039    0.00078      96       2     hor
     110   3.085   -83.43234    0.00039                                hor
     111   3.093   -83.43232    0.00038    0.00038      97       1     hor
     112   3.105   -83.43230    0.00038    0.00075      98       2     hor
     113   3.113   -83.43229    0.00037                                hor
     114   3.095   -83.43232    0.00038    0.00038      99       1     hor
     115   3.084   -83.43234    0.00039    0.00039     100       1     hor
     116   3.155   -83.43222    0.00034    0.00034     101       1     hor
     117   3.183   -83.43218    0.00033    0.00033     102       1     hor
     118   3.200   -83.43215    0.00032    0.00032     103       1     hor
     119   3.287   -83.43201    0.00028    0.00028     104       1     hor
     120   3.297   -83.43200    0.00027    0.00027     105       1     hor
     121   3.312   -83.43197    0.00026    0.00026     106       1     hor
     122   3.319   -83.43196    0.00026    0.00026     107       1     hor
     123   3.319   -83.43196    0.00026    0.00026     108       1     hor
     124   3.320   -83.43196    0.00026    0.00051     109       2     hor
     125   3.345   -83.43192    0.00025                                hor
     126   3.351   -83.43191    0.00025    0.00025     110       1     hor
     127   3.343   -83.43192    0.00025    0.00049     111       2     hor
     128   3.361   -83.43189    0.00024                                hor
     129   3.351   -83.43191    0.00025    0.00025     112       1     hor
     130   3.408   -83.43182    0.00022    0.00022     113       1     mtd2
     131   3.413   -83.43181    0.00022    0.00022     114       1     mtd2
     132   3.415   -83.43181    0.00022    0.00044     115       2     hor
     133   3.422   -83.43180    0.00022                                mtd7
     134   3.418   -83.43180    0.00022    0.00022     116       1     mtd10
     135   3.423   -83.43180    0.00022    0.00022     117       1     hor
     136   3.428   -83.43179    0.00022    0.00022     118       1     hor
     137   3.435   -83.43178    0.00022    0.00022     119       1     hor
     138   3.439   -83.43177    0.00021    0.00042     120       2     hor
     139   3.453   -83.43175    0.00021                                hor
     140   3.448   -83.43176    0.00021    0.00021     121       1     mtd7
     141   3.507   -83.43166    0.00019    0.00019     122       1     mtd9
     142   3.541   -83.43161    0.00018    0.00018     123       1     hor
     143   3.562   -83.43158    0.00017    0.00017     124       1     hor
     144   3.565   -83.43157    0.00017    0.00017     125       1     mtd3
     145   3.567   -83.43157    0.00017    0.00034     126       2     hor
     146   3.571   -83.43156    0.00017                                hor
     147   3.570   -83.43156    0.00017    0.00017     127       1     mtd10
     148   3.581   -83.43154    0.00017    0.00017     128       1     mtd10
     149   3.587   -83.43153    0.00017    0.00017     129       1     hor
     150   3.594   -83.43152    0.00016    0.00016     130       1     hor
     151   3.756   -83.43127    0.00013    0.00013     131       1     mtd1
     152   3.758   -83.43126    0.00012    0.00012     132       1     mtd1
     153   3.768   -83.43125    0.00012    0.00012     133       1     hor
     154   3.770   -83.43124    0.00012    0.00012     134       1     hor
     155   3.773   -83.43124    0.00012    0.00012     135       1     mtd11
     156   3.780   -83.43123    0.00012    0.00012     136       1     hor
     157   3.782   -83.43122    0.00012    0.00024     137       2     hor
     158   3.785   -83.43122    0.00012                                hor
     159   3.821   -83.43116    0.00011    0.00011     138       1     hor
     160   3.831   -83.43115    0.00011    0.00011     139       1     hor
     161   3.838   -83.43114    0.00011    0.00011     140       1     hor
     162   3.847   -83.43112    0.00011    0.00011     141       1     hor
     163   3.931   -83.43099    0.00009    0.00009     142       1     mtd4
     164   4.091   -83.43073    0.00007    0.00007     143       1     hor
     165   4.237   -83.43050    0.00006    0.00006     144       1     mtd11
     166   4.348   -83.43032    0.00005    0.00005     145       1     mtd14
     167   4.378   -83.43027    0.00004    0.00004     146       1     hor
     168   4.552   -83.43000    0.00003    0.00003     147       1     mtd14
     169   4.556   -83.42999    0.00003    0.00003     148       1     hor
     170   4.603   -83.42992    0.00003    0.00003     149       1     mtd10
     171   4.610   -83.42991    0.00003    0.00003     150       1     hor
     172   4.616   -83.42989    0.00003    0.00003     151       1     mtd2
     173   4.632   -83.42987    0.00003    0.00003     152       1     mtd8
     174   4.728   -83.42972    0.00002    0.00002     153       1     mtd7
     175   4.859   -83.42951    0.00002    0.00002     154       1     mtd8
     176   4.925   -83.42940    0.00002    0.00002     155       1     mtd4
     177   5.051   -83.42920    0.00001    0.00001     156       1     hor
     178   5.057   -83.42919    0.00001    0.00001     157       1     hor
     179   5.059   -83.42919    0.00001    0.00001     158       1     mtd7
     180   5.087   -83.42915    0.00001    0.00001     159       1     hor
     181   5.096   -83.42913    0.00001    0.00003     160       2     hor
     182   5.099   -83.42913    0.00001                                mtd6
     183   5.097   -83.42913    0.00001    0.00001     161       1     hor
     184   5.107   -83.42911    0.00001    0.00001     162       1     hor
     185   5.107   -83.42911    0.00001    0.00003     163       2     mtd1
     186   5.108   -83.42911    0.00001                                mtd9
     187   5.127   -83.42908    0.00001    0.00001     164       1     mtd14
     188   5.233   -83.42891    0.00001    0.00001     165       1     mtd13
     189   5.273   -83.42885    0.00001    0.00001     166       1     mtd11
     190   5.328   -83.42876    0.00001    0.00001     167       1     hor
     191   5.364   -83.42870    0.00001    0.00001     168       1     mtd12
     192   5.391   -83.42866    0.00001    0.00001     169       1     hor
     193   5.403   -83.42864    0.00001    0.00001     170       1     mtd4
     194   5.419   -83.42862    0.00001    0.00001     171       1     hor
     195   5.419   -83.42862    0.00001    0.00001     172       1     hor
     196   5.593   -83.42834    0.00001    0.00001     173       1     hor
     197   5.904   -83.42784    0.00000    0.00000     174       1     hor
T /K                                  :   298.15
E lowest                              :   -83.43725
ensemble average energy (kcal)        :    0.820
ensemble entropy (J/mol K, cal/mol K) :   33.549    8.018
ensemble free energy (kcal/mol)       :   -2.391
population of lowest in %             :    7.052
 number of unique conformers for further calc          174
 list of relative energies saved as "crest.energies"
 
 -----------------
 Wall Time Summary
 -----------------
             test MD wall time :         0h : 0m :11s
                 MTD wall time :         0h : 0m :52s
      multilevel OPT wall time :         0h : 2m :21s
                  MD wall time :         0h : 0m :21s
                  GC wall time :         0h : 0m : 3s
--------------------
Overall wall time  : 0h : 3m :58s
 
 CREST terminated normally.
