 
       ==============================================
       |                                            |
       |                 C R E S T                  |
       |                                            |
       |  Conformer-Rotamer Ensemble Sampling Tool  |
       |          based on the GFN methods          |
       |             P.Pracht, S.Grimme             |
       |          Universitaet Bonn, MCTC           |
       ==============================================
       Version 2.12,   Thu 19. Mai 16:32:32 CEST 2022
  Using the xTB program. Compatible with xTB version 6.4.0
 
   Cite work conducted with this code as

   • P.Pracht, F.Bohle, S.Grimme, PCCP, 2020, 22, 7169-7192.
   • S.Grimme, JCTC, 2019, 15, 2847-2862.

   and for works involving QCG as

   • S.Spicher, C.Plett, P.Pracht, A.Hansen, S.Grimme,
     JCTC, 2022, 18 (5), 3174-3189.
 
   with help from:
   C.Bannwarth, F.Bohle, S.Ehlert, S.Grimme,
   C.Plett, P.Pracht, S.Spicher
 
   This program is distributed in the hope that it will be useful,
   but WITHOUT ANY WARRANTY; without even the implied warranty of
   MERCHANTABILITY or FITNESS FOR A PARTICULAR PURPOSE.

 Command line input:
 > crest 01087_r_0.xyz -T 28 -gfn2 -chrg 0 -uhf 0 -rthr 0.25 -shake 1 --mdlen 0.5

  -T 28 (CPUs/Threads selected)
  -gfn2 : Use of GFN2-xTB requested.
  -chrg 0
  -uhf 0
  -rthr 0.25
  --mdlen 0.5 (MD length in ps)
 
 -------------------------
 xTB Geometry Optimization
 -------------------------
 Geometry successfully optimized.
 
------------------------------------------------
Generating MTD length from a flexibility measure
------------------------------------------------
 Calculating WBOs... done.
 Calculating NCI flexibility... done.
     covalent flexibility measure :   0.242
 non-covalent flexibility measure :   0.650
 flexibility measure :   0.281
 t(MTD) / ps set by command line  :     0.5
 t(MTD) / ps    :     0.5
 Σ(t(MTD)) / ps :     7.0 (14 MTDs)
 
-------------------------------------
Starting a trial MTD to test settings
-------------------------------------
 Trial MTD 1 did not converge!
 Reducing the time step to 4 fs and trying again...
 
 Estimated runtime for one MTD (0.5 ps) on a single thread: 1 min 37 sec
 Estimated runtime for a batch of 14 MTDs on 28 threads: 48 sec
 
 list of Vbias parameters applied:
$metadyn    0.00300   1.300
$metadyn    0.00150   1.300
$metadyn    0.00075   1.300
$metadyn    0.00300   0.780
$metadyn    0.00150   0.780
$metadyn    0.00075   0.780
$metadyn    0.00300   0.468
$metadyn    0.00150   0.468
$metadyn    0.00075   0.468
$metadyn    0.00300   0.281
$metadyn    0.00150   0.281
$metadyn    0.00075   0.281
$metadyn    0.00100   0.100
$metadyn    0.00500   0.800
 
*******************************************************************************************
**                        N E W    I T E R A T I O N    C Y C L E                        **
*******************************************************************************************
 
========================================
            MTD Iteration  1
========================================
 
     ========================================
     |         Meta-MD (MTD) Sampling       |
     ========================================
 
Starting Meta-MD  14 with the settings:
     MD time /ps        :     0.5
     dt /fs             :     4.0
     dumpstep(trj) /fs  :     100
     dumpstep(Vbias)/ps :     1.0
     Vbias factor k /Eh :  0.4400
     Vbias exp α /bohr⁻²:    0.80
Starting Meta-MD  11 with the settings:
     MD time /ps        :     0.5
     dt /fs             :     4.0
     dumpstep(trj) /fs  :     100
     dumpstep(Vbias)/ps :     1.0
     Vbias factor k /Eh :  0.1320
     Vbias exp α /bohr⁻²:    0.28
Starting Meta-MD   1 with the settings:
     MD time /ps        :     0.5
     dt /fs             :     4.0
     dumpstep(trj) /fs  :     100
     dumpstep(Vbias)/ps :     1.0
     Vbias factor k /Eh :  0.2640
     Vbias exp α /bohr⁻²:    1.30
Starting Meta-MD  12 with the settings:
     MD time /ps        :     0.5
     dt /fs             :     4.0
     dumpstep(trj) /fs  :     100
     dumpstep(Vbias)/ps :     1.0
     Vbias factor k /Eh :  0.0660
     Vbias exp α /bohr⁻²:    0.28
Starting Meta-MD  13 with the settings:
     MD time /ps        :     0.5
     dt /fs             :     4.0
     dumpstep(trj) /fs  :     100
     dumpstep(Vbias)/ps :     1.0
     Vbias factor k /Eh :  0.0880
     Vbias exp α /bohr⁻²:    0.10
Starting Meta-MD   2 with the settings:
     MD time /ps        :     0.5
     dt /fs             :     4.0
     dumpstep(trj) /fs  :     100
     dumpstep(Vbias)/ps :     1.0
     Vbias factor k /Eh :  0.1320
     Vbias exp α /bohr⁻²:    1.30
Starting Meta-MD   3 with the settings:
     MD time /ps        :     0.5
     dt /fs             :     4.0
     dumpstep(trj) /fs  :     100
     dumpstep(Vbias)/ps :     1.0
     Vbias factor k /Eh :  0.0660
     Vbias exp α /bohr⁻²:    1.30
Starting Meta-MD   4 with the settings:
     MD time /ps        :     0.5
     dt /fs             :     4.0
     dumpstep(trj) /fs  :     100
     dumpstep(Vbias)/ps :     1.0
     Vbias factor k /Eh :  0.2640
     Vbias exp α /bohr⁻²:    0.78
Starting Meta-MD   5 with the settings:
     MD time /ps        :     0.5
     dt /fs             :     4.0
     dumpstep(trj) /fs  :     100
     dumpstep(Vbias)/ps :     1.0
     Vbias factor k /Eh :  0.1320
     Vbias exp α /bohr⁻²:    0.78
Starting Meta-MD   6 with the settings:
     MD time /ps        :     0.5
     dt /fs             :     4.0
     dumpstep(trj) /fs  :     100
     dumpstep(Vbias)/ps :     1.0
     Vbias factor k /Eh :  0.0660
     Vbias exp α /bohr⁻²:    0.78
Starting Meta-MD   7 with the settings:
     MD time /ps        :     0.5
     dt /fs             :     4.0
     dumpstep(trj) /fs  :     100
     dumpstep(Vbias)/ps :     1.0
     Vbias factor k /Eh :  0.2640
     Vbias exp α /bohr⁻²:    0.47
Starting Meta-MD   8 with the settings:
     MD time /ps        :     0.5
     dt /fs             :     4.0
     dumpstep(trj) /fs  :     100
     dumpstep(Vbias)/ps :     1.0
     Vbias factor k /Eh :  0.1320
     Vbias exp α /bohr⁻²:    0.47
Starting Meta-MD   9 with the settings:
     MD time /ps        :     0.5
     dt /fs             :     4.0
     dumpstep(trj) /fs  :     100
     dumpstep(Vbias)/ps :     1.0
     Vbias factor k /Eh :  0.0660
     Vbias exp α /bohr⁻²:    0.47
Starting Meta-MD  10 with the settings:
     MD time /ps        :     0.5
     dt /fs             :     4.0
     dumpstep(trj) /fs  :     100
     dumpstep(Vbias)/ps :     1.0
     Vbias factor k /Eh :  0.2640
     Vbias exp α /bohr⁻²:    0.28
*Meta-MTD 9 finished*
*Meta-MTD 5 finished*
*Meta-MTD 1 finished*
*Meta-MTD 8 finished*
*Meta-MTD 6 finished*
*Meta-MTD 14 finished*
*Meta-MTD 4 finished*
*Meta-MTD 12 finished*
*Meta-MTD 10 finished*
*Meta-MTD 2 finished*
*Meta-MTD 11 finished*
*Meta-MTD 3 finished*
*Meta-MTD 7 finished*
*Meta-MTD 13 finished*
 
-----------------------
Multilevel Optimization
-----------------------
 
 -------------------------
 1. crude pre-optimization
 -------------------------
 Optimizing all 56 structures from file "crest_rotamers_0.xyz" ...
 1 2 3 4 5 6 7 8 9 10 11 12 13 14 15 16 17 18 19 20 21 22 23 24 25 26 27 28 29 30 31 32 33 34 35 36 37 38 39 40 41 42 43 44 45 46 47 48 49 50 51 52 53 54 55 56
 done.
 running RMSDs...
 done.
 E lowest :  -110.08711
 53 structures remain within    12.00 kcal/mol window
 
 -------------------------------------
 2. optimization with tight thresholds
 -------------------------------------
 Optimizing all 54 structures from file "crest_rotamers_1.xyz" ...
 1 2 3 4 5 6 7 8 9 10 11 12 13 14 15 16 17 18 19 20 21 22 23 24 25 26 27 28 29 30 31 32 33 34 35 36 37 38 39 40 41 42 43 44 45 46 47 48 49 50 51 52 53 54
 done.
 running RMSDs...
 done.
 E lowest :  -110.09154
 30 structures remain within     6.00 kcal/mol window
 
 
========================================
            MTD Iteration  2
========================================
 
     ========================================
     |         Meta-MD (MTD) Sampling       |
     ========================================
 
Starting Meta-MD   1 with the settings:
     MD time /ps        :     0.5
     dt /fs             :     4.0
     dumpstep(trj) /fs  :     100
     dumpstep(Vbias)/ps :     1.0
     Vbias factor k /Eh :  0.2640
     Vbias exp α /bohr⁻²:    1.30
Starting Meta-MD   2 with the settings:
     MD time /ps        :     0.5
     dt /fs             :     4.0
     dumpstep(trj) /fs  :     100
     dumpstep(Vbias)/ps :     1.0
     Vbias factor k /Eh :  0.1320
     Vbias exp α /bohr⁻²:    1.30
Starting Meta-MD   3 with the settings:
     MD time /ps        :     0.5
     dt /fs             :     4.0
     dumpstep(trj) /fs  :     100
     dumpstep(Vbias)/ps :     1.0
     Vbias factor k /Eh :  0.0660
     Vbias exp α /bohr⁻²:    1.30
Starting Meta-MD   4 with the settings:
     MD time /ps        :     0.5
     dt /fs             :     4.0
     dumpstep(trj) /fs  :     100
     dumpstep(Vbias)/ps :     1.0
     Vbias factor k /Eh :  0.2640
     Vbias exp α /bohr⁻²:    0.78
Starting Meta-MD   5 with the settings:
     MD time /ps        :     0.5
     dt /fs             :     4.0
     dumpstep(trj) /fs  :     100
     dumpstep(Vbias)/ps :     1.0
     Vbias factor k /Eh :  0.1320
     Vbias exp α /bohr⁻²:    0.78
Starting Meta-MD   7 with the settings:
     MD time /ps        :     0.5
     dt /fs             :     4.0
     dumpstep(trj) /fs  :     100
     dumpstep(Vbias)/ps :     1.0
     Vbias factor k /Eh :  0.2640
     Vbias exp α /bohr⁻²:    0.47
Starting Meta-MD   6 with the settings:
     MD time /ps        :     0.5
     dt /fs             :     4.0
     dumpstep(trj) /fs  :     100
     dumpstep(Vbias)/ps :     1.0
     Vbias factor k /Eh :  0.0660
     Vbias exp α /bohr⁻²:    0.78
Starting Meta-MD   8 with the settings:
     MD time /ps        :     0.5
     dt /fs             :     4.0
     dumpstep(trj) /fs  :     100
     dumpstep(Vbias)/ps :     1.0
     Vbias factor k /Eh :  0.1320
     Vbias exp α /bohr⁻²:    0.47
Starting Meta-MD   9 with the settings:
     MD time /ps        :     0.5
     dt /fs             :     4.0
     dumpstep(trj) /fs  :     100
     dumpstep(Vbias)/ps :     1.0
     Vbias factor k /Eh :  0.0660
     Vbias exp α /bohr⁻²:    0.47
Starting Meta-MD  10 with the settings:
     MD time /ps        :     0.5
     dt /fs             :     4.0
     dumpstep(trj) /fs  :     100
     dumpstep(Vbias)/ps :     1.0
     Vbias factor k /Eh :  0.2640
     Vbias exp α /bohr⁻²:    0.28
Starting Meta-MD  11 with the settings:
     MD time /ps        :     0.5
     dt /fs             :     4.0
     dumpstep(trj) /fs  :     100
     dumpstep(Vbias)/ps :     1.0
     Vbias factor k /Eh :  0.1320
     Vbias exp α /bohr⁻²:    0.28
Starting Meta-MD  12 with the settings:
     MD time /ps        :     0.5
     dt /fs             :     4.0
     dumpstep(trj) /fs  :     100
     dumpstep(Vbias)/ps :     1.0
     Vbias factor k /Eh :  0.0660
     Vbias exp α /bohr⁻²:    0.28
*Meta-MTD 12 finished*
*Meta-MTD 2 finished*
*Meta-MTD 7 finished*
*Meta-MTD 3 finished*
*Meta-MTD 4 finished*
*Meta-MTD 1 finished*
*Meta-MTD 10 finished*
*Meta-MTD 11 finished*
*Meta-MTD 5 finished*
*Meta-MTD 9 finished*
*Meta-MTD 8 finished*
*Meta-MTD 6 finished*
 
-----------------------
Multilevel Optimization
-----------------------
 
 -------------------------
 1. crude pre-optimization
 -------------------------
 Optimizing all 48 structures from file "crest_rotamers_0.xyz" ...
 1 2 3 4 5 6 7 8 9 10 11 12 13 14 15 16 17 18 19 20 21 22 23 24 25 26 27 28 29 30 31 32 33 34 35 36 37 38 39 40 41 42 43 44 45 46 47 48
 done.
 running RMSDs...
 done.
 E lowest :  -110.09080
 48 structures remain within    12.00 kcal/mol window
 
 -------------------------------------
 2. optimization with tight thresholds
 -------------------------------------
 Optimizing all 49 structures from file "crest_rotamers_1.xyz" ...
 1 2 3 4 5 6 7 8 9 10 11 12 13 14 15 16 17 18 19 20 21 22 23 24 25 26 27 28 29 30 31 32 33 34 35 36 37 38 39 40 41 42 43 44 45 46 47 48 49
 done.
 running RMSDs...
 done.
 E lowest :  -110.09156
 23 structures remain within     6.00 kcal/mol window
 
========================================
            MTD Iterations done         
========================================
 Collecting ensmbles.
 running RMSDs...
 done.
 E lowest :  -110.09156
 52 structures remain within     6.00 kcal/mol window
 
-----------------------------------------------
Additional regular MDs on lowest 4 conformer(s)
-----------------------------------------------
Starting MD   1 with the settings:
     MD time /ps        :     0.2
     MD Temperature /K  :   400.0
     dt /fs             :     4.0
     dumpstep(trj) /fs  :     100
Starting MD   2 with the settings:
     MD time /ps        :     0.2
     MD Temperature /K  :   500.0
     dt /fs             :     4.0
     dumpstep(trj) /fs  :     100
Starting MD   3 with the settings:
     MD time /ps        :     0.2
     MD Temperature /K  :   400.0
     dt /fs             :     4.0
     dumpstep(trj) /fs  :     100
Starting MD   4 with the settings:
     MD time /ps        :     0.2
     MD Temperature /K  :   500.0
     dt /fs             :     4.0
     dumpstep(trj) /fs  :     100
Starting MD   5 with the settings:
     MD time /ps        :     0.2
     MD Temperature /K  :   400.0
     dt /fs             :     4.0
     dumpstep(trj) /fs  :     100
Starting MD   6 with the settings:
     MD time /ps        :     0.2
     MD Temperature /K  :   500.0
     dt /fs             :     4.0
     dumpstep(trj) /fs  :     100
Starting MD   7 with the settings:
     MD time /ps        :     0.2
     MD Temperature /K  :   400.0
     dt /fs             :     4.0
     dumpstep(trj) /fs  :     100
Starting MD   8 with the settings:
     MD time /ps        :     0.2
     MD Temperature /K  :   500.0
     dt /fs             :     4.0
     dumpstep(trj) /fs  :     100
*MD 1 finished*
*MD 6 finished*
*MD 2 finished*
*MD 7 finished*
*MD 8 finished*
*MD 4 finished*
*MD 5 finished*
*MD 3 finished*
 Appending file crest_rotamers_1.xyz with new structures
 
 -------------------------------------------
 Ensemble optimization with tight thresholds
 -------------------------------------------
 Optimizing all 68 structures from file "crest_rotamers_1.xyz" ...
 1 2 3 4 5 6 7 8 9 10 11 12 13 14 15 16 17 18 19 20 21 22 23 24 25 26 27 28 29 30 31 32 33 34 35 36 37 38 39 40 41 42 43 44 45 46 47 48 49 50 51 52 53 54 55 56 57 58 59 60 61 62 63 64 65 66 67 68
 done.
 running RMSDs...
 done.
 E lowest :  -110.09156
 52 structures remain within     6.00 kcal/mol window
 
 
     ========================================
     |        Structure Crossing (GC)       |
     ========================================
 =============================
  # threads =          28
 =============================
 input  file name : crest_rotamers_3.xyz
number of atoms                :    88
number of points on xyz files  :    52
conformer energy window  /kcal :    6.00
CN per atom difference cut-off :  0.3000
RMSD threshold                 :  0.5000
max. # of generated structures : 25
 reading xyz file ...
 # in E window                 52
 generating pairs ...        1377
 generated pairs           :         542
 number of clash discarded :         784
 average rmsd w.r.t input  : 2.38238
 sd of ensemble            : 0.70215
 number of new structures      :          44
 removed identical structures  :           6
 writing           25  TMPCONF* dirs ...
 --------------------------
 GC: loose pre-optimization
 --------------------------
 Starting optimization of generated structures
 25 jobs to do.
 1 2 3 4 5 6 7 8 9 10 11 12 13 14 15 16 17 18 19 20 21 22 23 24 25 
 done.
 Now appending opt.xyz file with new structures
 running RMSDs...
 done.
 E lowest :  -110.09154
 25 structures remain within    10.00 kcal/mol window
 --------------------------------------
 GC: optimization with tight thresholds
 --------------------------------------
 Optimizing all 25 structures from file "crest_rotamers_1.xyz" ...
 1 2 3 4 5 6 7 8 9 10 11 12 13 14 15 16 17 18 19 20 21 22 23 24 25
 done.
 running RMSDs...
 done.
 E lowest :  -110.09156
 
 
   ================================================
   |           Final Geometry Optimization        |
   ================================================
 ------------------------------------------------
 Ensemble optimization with very tight thresholds
 ------------------------------------------------
 Optimizing all 74 structures from file "crest_rotamers_4.xyz" ...
 1 2 3 4 5 6 7 8 9 10 11 12 13 14 15 16 17 18 19 20 21 22 23 24 25 26 27 28 29 30 31 32 33 34 35 36 37 38 39 40 41 42 43 44 45 46 47 48 49 50 51 52 53 54 55 56 57 58 59 60 61 62 63 64 65 66 67 68 69 70 71 72 73 74
 done.
 running RMSDs...
 done.
 E lowest :  -110.09156
 73 structures remain within     6.00 kcal/mol window
 
 input  file name : crest_rotamers_5.xyz
 output file name : crest_rotamers_6.xyz
 number of atoms                :   88
 number of points on xyz files  :   74
 RMSD threshold                 :   0.2500
 Bconst threshold               :   0.0100
 population threshold           :   0.0500
 conformer energy window  /kcal :   6.0000
 # fragment in coord            :     1
 # bonds in reference structure :    91
 number of reliable points      :    74
 reference state Etot :  -110.091562270000
 number of doubles removed by rot/RMSD         :           1
 total number unique points considered further :          73
       Erel/kcal        Etot weight/tot  conformer     set   degen     origin
       1   0.000  -110.09156    0.04551    0.36249       1       8     gc
       2   0.001  -110.09156    0.04544                                gc
       3   0.002  -110.09156    0.04539                                gc
       4   0.002  -110.09156    0.04537                                md4
       5   0.002  -110.09156    0.04534                                gc
       6   0.003  -110.09156    0.04527                                mtd12
       7   0.004  -110.09156    0.04524                                gc
       8   0.007  -110.09155    0.04494                                gc
       9   0.062  -110.09146    0.04099    0.16379       2       4     md5
      10   0.063  -110.09146    0.04090                                mtd8
      11   0.062  -110.09146    0.04096                                mtd8
      12   0.063  -110.09146    0.04094                                md6
      13   0.063  -110.09146    0.04094    0.08115       3       2     mtd10
      14   0.073  -110.09145    0.04021                                mtd1
      15   0.276  -110.09112    0.02858    0.05696       4       2     md8
      16   0.280  -110.09112    0.02838                                mtd12
      17   0.303  -110.09108    0.02730    0.08062       5       3     mtd3
      18   0.316  -110.09106    0.02670                                mtd6
      19   0.318  -110.09106    0.02661                                mtd7
      20   0.320  -110.09105    0.02652    0.10550       6       4     mtd10
      21   0.322  -110.09105    0.02642                                mtd9
      22   0.325  -110.09104    0.02631                                mtd11
      23   0.326  -110.09104    0.02625                                gc
      24   0.378  -110.09096    0.02405    0.02405       7       1     mtd11
      25   0.397  -110.09093    0.02331    0.02331       8       1     mtd2
      26   0.692  -110.09046    0.01417    0.02825       9       2     mtd7
      27   0.696  -110.09045    0.01408                                gc
      28   0.952  -110.09005    0.00914    0.00914      10       1     mtd7
      29   1.115  -110.08979    0.00694    0.00694      11       1     mtd5
      30   1.153  -110.08973    0.00652    0.00652      12       1     gc
      31   1.267  -110.08954    0.00537    0.00537      13       1     mtd7
      32   1.383  -110.08936    0.00442    0.00883      14       2     mtd1
      33   1.384  -110.08936    0.00441                                mtd1
      34   1.458  -110.08924    0.00389    0.00389      15       1     gc
      35   1.794  -110.08870    0.00221    0.00221      16       1     mtd4
      36   2.025  -110.08833    0.00150    0.00299      17       2     mtd10
      37   2.026  -110.08833    0.00149                                mtd5
      38   2.090  -110.08823    0.00134    0.00134      18       1     mtd5
      39   2.176  -110.08809    0.00116    0.00460      19       4     mtd9
      40   2.178  -110.08809    0.00116                                mtd6
      41   2.183  -110.08808    0.00115                                mtd4
      42   2.189  -110.08807    0.00114                                mtd12
      43   2.179  -110.08809    0.00115    0.00230      20       2     mtd6
      44   2.182  -110.08809    0.00115                                mtd11
      45   2.232  -110.08801    0.00106    0.00422      21       4     mtd14
      46   2.232  -110.08801    0.00106                                gc
      47   2.233  -110.08800    0.00105                                mtd1
      48   2.234  -110.08800    0.00105                                mtd10
      49   2.299  -110.08790    0.00094    0.00281      22       3     mtd8
      50   2.302  -110.08789    0.00094                                mtd4
      51   2.307  -110.08789    0.00093                                mtd4
      52   2.383  -110.08777    0.00082    0.01059      23      13     mtd9
      53   2.383  -110.08777    0.00082                                mtd6
      54   2.383  -110.08776    0.00082                                gc
      55   2.385  -110.08776    0.00082                                mtd12
      56   2.385  -110.08776    0.00082                                mtd14
      57   2.385  -110.08776    0.00081                                mtd6
      58   2.386  -110.08776    0.00081                                gc
      59   2.387  -110.08776    0.00081                                gc
      60   2.387  -110.08776    0.00081                                gc
      61   2.387  -110.08776    0.00081                                mtd14
      62   2.387  -110.08776    0.00081                                gc
      63   2.388  -110.08776    0.00081                                gc
      64   2.389  -110.08776    0.00081                                gc
      65   2.405  -110.08773    0.00079    0.00079      24       1     mtd11
      66   2.698  -110.08726    0.00048    0.00048      25       1     gc
      67   2.742  -110.08719    0.00045    0.00045      26       1     gc
      68   3.192  -110.08648    0.00021    0.00021      27       1     mtd14
      69   3.470  -110.08603    0.00013    0.00013      28       1     mtd13
      70   4.095  -110.08504    0.00005    0.00005      29       1     gc
      71   4.463  -110.08445    0.00002    0.00002      30       1     mtd5
      72   5.027  -110.08355    0.00001    0.00002      31       2     gc
      73   5.031  -110.08355    0.00001                                gc
T /K                                  :   298.15
E lowest                              :  -110.09156
ensemble average energy (kcal)        :    0.253
ensemble entropy (J/mol K, cal/mol K) :   29.243    6.989
ensemble free energy (kcal/mol)       :   -2.084
population of lowest in %             :   36.249
 number of unique conformers for further calc           31
 list of relative energies saved as "crest.energies"
 
 -----------------
 Wall Time Summary
 -----------------
             test MD wall time :         0h : 0m :41s
                 MTD wall time :         0h : 0m :50s
      multilevel OPT wall time :         0h : 2m :14s
                  MD wall time :         0h : 0m :35s
                  GC wall time :         0h : 0m :24s
--------------------
Overall wall time  : 0h : 5m : 2s
 
 CREST terminated normally.
