 
       ==============================================
       |                                            |
       |                 C R E S T                  |
       |                                            |
       |  Conformer-Rotamer Ensemble Sampling Tool  |
       |          based on the GFN methods          |
       |             P.Pracht, S.Grimme             |
       |          Universitaet Bonn, MCTC           |
       ==============================================
       Version 2.12,   Thu 19. Mai 16:32:32 CEST 2022
  Using the xTB program. Compatible with xTB version 6.4.0
 
   Cite work conducted with this code as

   • P.Pracht, F.Bohle, S.Grimme, PCCP, 2020, 22, 7169-7192.
   • S.Grimme, JCTC, 2019, 15, 2847-2862.

   and for works involving QCG as

   • S.Spicher, C.Plett, P.Pracht, A.Hansen, S.Grimme,
     JCTC, 2022, 18 (5), 3174-3189.
 
   with help from:
   C.Bannwarth, F.Bohle, S.Ehlert, S.Grimme,
   C.Plett, P.Pracht, S.Spicher
 
   This program is distributed in the hope that it will be useful,
   but WITHOUT ANY WARRANTY; without even the implied warranty of
   MERCHANTABILITY or FITNESS FOR A PARTICULAR PURPOSE.

 Command line input:
 > crest 00106_r_0.xyz -T 28 -gfn2 -chrg 0 -uhf 0 -rthr 0.25 -shake 1 --mdlen 0.5

  -T 28 (CPUs/Threads selected)
  -gfn2 : Use of GFN2-xTB requested.
  -chrg 0
  -uhf 0
  -rthr 0.25
  --mdlen 0.5 (MD length in ps)
 
 -------------------------
 xTB Geometry Optimization
 -------------------------
 Geometry successfully optimized.
 
------------------------------------------------
Generating MTD length from a flexibility measure
------------------------------------------------
 Calculating WBOs... done.
 Calculating NCI flexibility... done.
     covalent flexibility measure :   0.537
 non-covalent flexibility measure :   0.731
 flexibility measure :   0.537
 t(MTD) / ps set by command line  :     0.5
 t(MTD) / ps    :     0.5
 Σ(t(MTD)) / ps :     7.0 (14 MTDs)
 
-------------------------------------
Starting a trial MTD to test settings
-------------------------------------
 Estimated runtime for one MTD (0.5 ps) on a single thread: 55 sec
 Estimated runtime for a batch of 14 MTDs on 28 threads: 27 sec
 
 list of Vbias parameters applied:
$metadyn    0.00300   1.300
$metadyn    0.00150   1.300
$metadyn    0.00075   1.300
$metadyn    0.00300   0.780
$metadyn    0.00150   0.780
$metadyn    0.00075   0.780
$metadyn    0.00300   0.468
$metadyn    0.00150   0.468
$metadyn    0.00075   0.468
$metadyn    0.00300   0.281
$metadyn    0.00150   0.281
$metadyn    0.00075   0.281
$metadyn    0.00100   0.100
$metadyn    0.00500   0.800
 
*******************************************************************************************
**                        N E W    I T E R A T I O N    C Y C L E                        **
*******************************************************************************************
 
========================================
            MTD Iteration  1
========================================
 
     ========================================
     |         Meta-MD (MTD) Sampling       |
     ========================================
 
Starting Meta-MD   3 with the settings:
     MD time /ps        :     0.5
     dt /fs             :     5.0
     dumpstep(trj) /fs  :     100
     dumpstep(Vbias)/ps :     1.0
     Vbias factor k /Eh :  0.0630
     Vbias exp α /bohr⁻²:    1.30
Starting Meta-MD   5 with the settings:
     MD time /ps        :     0.5
     dt /fs             :     5.0
     dumpstep(trj) /fs  :     100
     dumpstep(Vbias)/ps :     1.0
     Vbias factor k /Eh :  0.1260
     Vbias exp α /bohr⁻²:    0.78
Starting Meta-MD   6 with the settings:
     MD time /ps        :     0.5
     dt /fs             :     5.0
     dumpstep(trj) /fs  :     100
     dumpstep(Vbias)/ps :     1.0
     Vbias factor k /Eh :  0.0630
     Vbias exp α /bohr⁻²:    0.78
Starting Meta-MD   7 with the settings:
     MD time /ps        :     0.5
     dt /fs             :     5.0
     dumpstep(trj) /fs  :     100
     dumpstep(Vbias)/ps :     1.0
     Vbias factor k /Eh :  0.2520
     Vbias exp α /bohr⁻²:    0.47
Starting Meta-MD   8 with the settings:
     MD time /ps        :     0.5
     dt /fs             :     5.0
     dumpstep(trj) /fs  :     100
     dumpstep(Vbias)/ps :     1.0
     Vbias factor k /Eh :  0.1260
     Vbias exp α /bohr⁻²:    0.47
Starting Meta-MD   9 with the settings:
     MD time /ps        :     0.5
     dt /fs             :     5.0
     dumpstep(trj) /fs  :     100
     dumpstep(Vbias)/ps :     1.0
     Vbias factor k /Eh :  0.0630
     Vbias exp α /bohr⁻²:    0.47
Starting Meta-MD  10 with the settings:
     MD time /ps        :     0.5
     dt /fs             :     5.0
     dumpstep(trj) /fs  :     100
     dumpstep(Vbias)/ps :     1.0
     Vbias factor k /Eh :  0.2520
     Vbias exp α /bohr⁻²:    0.28
Starting Meta-MD  11 with the settings:
     MD time /ps        :     0.5
     dt /fs             :     5.0
     dumpstep(trj) /fs  :     100
     dumpstep(Vbias)/ps :     1.0
     Vbias factor k /Eh :  0.1260
     Vbias exp α /bohr⁻²:    0.28
Starting Meta-MD  12 with the settings:
     MD time /ps        :     0.5
     dt /fs             :     5.0
     dumpstep(trj) /fs  :     100
     dumpstep(Vbias)/ps :     1.0
     Vbias factor k /Eh :  0.0630
     Vbias exp α /bohr⁻²:    0.28
Starting Meta-MD  14 with the settings:
     MD time /ps        :     0.5
     dt /fs             :     5.0
     dumpstep(trj) /fs  :     100
     dumpstep(Vbias)/ps :     1.0
     Vbias factor k /Eh :  0.4200
     Vbias exp α /bohr⁻²:    0.80
Starting Meta-MD   1 with the settings:
     MD time /ps        :     0.5
     dt /fs             :     5.0
     dumpstep(trj) /fs  :     100
     dumpstep(Vbias)/ps :     1.0
     Vbias factor k /Eh :  0.2520
     Vbias exp α /bohr⁻²:    1.30
Starting Meta-MD   2 with the settings:
     MD time /ps        :     0.5
     dt /fs             :     5.0
     dumpstep(trj) /fs  :     100
     dumpstep(Vbias)/ps :     1.0
     Vbias factor k /Eh :  0.1260
     Vbias exp α /bohr⁻²:    1.30
Starting Meta-MD  13 with the settings:
     MD time /ps        :     0.5
     dt /fs             :     5.0
     dumpstep(trj) /fs  :     100
     dumpstep(Vbias)/ps :     1.0
     Vbias factor k /Eh :  0.0840
     Vbias exp α /bohr⁻²:    0.10
Starting Meta-MD   4 with the settings:
     MD time /ps        :     0.5
     dt /fs             :     5.0
     dumpstep(trj) /fs  :     100
     dumpstep(Vbias)/ps :     1.0
     Vbias factor k /Eh :  0.2520
     Vbias exp α /bohr⁻²:    0.78
*Meta-MTD 1 finished*
*Meta-MTD 3 finished*
*Meta-MTD 9 finished*
*Meta-MTD 5 finished*
*Meta-MTD 11 finished*
*Meta-MTD 13 finished*
*Meta-MTD 14 finished*
*Meta-MTD 10 finished*
*Meta-MTD 4 finished*
*Meta-MTD 2 finished*
*Meta-MTD 7 finished*
*Meta-MTD 8 finished*
*Meta-MTD 12 finished*
*Meta-MTD 6 finished*
 
-----------------------
Multilevel Optimization
-----------------------
 
 -------------------------
 1. crude pre-optimization
 -------------------------
 Optimizing all 56 structures from file "crest_rotamers_0.xyz" ...
 1 2 3 4 5 6 7 8 9 10 11 12 13 14 15 16 17 18 19 20 21 22 23 24 25 26 27 28 29 30 31 32 33 34 35 36 37 38 39 40 41 42 43 44 45 46 47 48 49 50 51 52 53 54 55 56
 done.
 running RMSDs...
 done.
 E lowest :  -108.74219
 49 structures remain within    12.00 kcal/mol window
 
 -------------------------------------
 2. optimization with tight thresholds
 -------------------------------------
 Optimizing all 50 structures from file "crest_rotamers_1.xyz" ...
 1 2 3 4 5 6 7 8 9 10 11 12 13 14 15 16 17 18 19 20 21 22 23 24 25 26 27 28 29 30 31 32 33 34 35 36 37 38 39 40 41 42 43 44 45 46 47 48 49 50
 done.
 running RMSDs...
 done.
 E lowest :  -108.74388
 27 structures remain within     6.00 kcal/mol window
 
 
========================================
            MTD Iteration  2
========================================
 
     ========================================
     |         Meta-MD (MTD) Sampling       |
     ========================================
 
Starting Meta-MD   1 with the settings:
     MD time /ps        :     0.5
     dt /fs             :     5.0
     dumpstep(trj) /fs  :     100
     dumpstep(Vbias)/ps :     1.0
     Vbias factor k /Eh :  0.2520
     Vbias exp α /bohr⁻²:    1.30
Starting Meta-MD   2 with the settings:
     MD time /ps        :     0.5
     dt /fs             :     5.0
     dumpstep(trj) /fs  :     100
     dumpstep(Vbias)/ps :     1.0
     Vbias factor k /Eh :  0.1260
     Vbias exp α /bohr⁻²:    1.30
Starting Meta-MD   3 with the settings:
     MD time /ps        :     0.5
     dt /fs             :     5.0
     dumpstep(trj) /fs  :     100
     dumpstep(Vbias)/ps :     1.0
     Vbias factor k /Eh :  0.0630
     Vbias exp α /bohr⁻²:    1.30
Starting Meta-MD   4 with the settings:
     MD time /ps        :     0.5
     dt /fs             :     5.0
     dumpstep(trj) /fs  :     100
     dumpstep(Vbias)/ps :     1.0
     Vbias factor k /Eh :  0.2520
     Vbias exp α /bohr⁻²:    0.78
Starting Meta-MD   5 with the settings:
     MD time /ps        :     0.5
     dt /fs             :     5.0
     dumpstep(trj) /fs  :     100
     dumpstep(Vbias)/ps :     1.0
     Vbias factor k /Eh :  0.1260
     Vbias exp α /bohr⁻²:    0.78
Starting Meta-MD   6 with the settings:
     MD time /ps        :     0.5
     dt /fs             :     5.0
     dumpstep(trj) /fs  :     100
     dumpstep(Vbias)/ps :     1.0
     Vbias factor k /Eh :  0.0630
     Vbias exp α /bohr⁻²:    0.78
Starting Meta-MD   9 with the settings:
     MD time /ps        :     0.5
     dt /fs             :     5.0
     dumpstep(trj) /fs  :     100
     dumpstep(Vbias)/ps :     1.0
     Vbias factor k /Eh :  0.0630
     Vbias exp α /bohr⁻²:    0.47
Starting Meta-MD   8 with the settings:
     MD time /ps        :     0.5
     dt /fs             :     5.0
     dumpstep(trj) /fs  :     100
     dumpstep(Vbias)/ps :     1.0
     Vbias factor k /Eh :  0.1260
     Vbias exp α /bohr⁻²:    0.47
Starting Meta-MD  10 with the settings:
     MD time /ps        :     0.5
     dt /fs             :     5.0
     dumpstep(trj) /fs  :     100
     dumpstep(Vbias)/ps :     1.0
     Vbias factor k /Eh :  0.2520
     Vbias exp α /bohr⁻²:    0.28
Starting Meta-MD   7 with the settings:
     MD time /ps        :     0.5
     dt /fs             :     5.0
     dumpstep(trj) /fs  :     100
     dumpstep(Vbias)/ps :     1.0
     Vbias factor k /Eh :  0.2520
     Vbias exp α /bohr⁻²:    0.47
Starting Meta-MD  12 with the settings:
     MD time /ps        :     0.5
     dt /fs             :     5.0
     dumpstep(trj) /fs  :     100
     dumpstep(Vbias)/ps :     1.0
     Vbias factor k /Eh :  0.0630
     Vbias exp α /bohr⁻²:    0.28
Starting Meta-MD  11 with the settings:
     MD time /ps        :     0.5
     dt /fs             :     5.0
     dumpstep(trj) /fs  :     100
     dumpstep(Vbias)/ps :     1.0
     Vbias factor k /Eh :  0.1260
     Vbias exp α /bohr⁻²:    0.28
*Meta-MTD 10 finished*
*Meta-MTD 2 finished*
*Meta-MTD 3 finished*
*Meta-MTD 12 finished*
*Meta-MTD 1 finished*
*Meta-MTD 4 finished*
*Meta-MTD 7 finished*
*Meta-MTD 8 finished*
*Meta-MTD 6 finished*
*Meta-MTD 9 finished*
*Meta-MTD 11 finished*
*Meta-MTD 5 finished*
 
-----------------------
Multilevel Optimization
-----------------------
 
 -------------------------
 1. crude pre-optimization
 -------------------------
 Optimizing all 48 structures from file "crest_rotamers_0.xyz" ...
 1 2 3 4 5 6 7 8 9 10 11 12 13 14 15 16 17 18 19 20 21 22 23 24 25 26 27 28 29 30 31 32 33 34 35 36 37 38 39 40 41 42 43 44 45 46 47 48
 done.
 running RMSDs...
 done.
 E lowest :  -108.74327
 44 structures remain within    12.00 kcal/mol window
 
 -------------------------------------
 2. optimization with tight thresholds
 -------------------------------------
 Optimizing all 45 structures from file "crest_rotamers_1.xyz" ...
 1 2 3 4 5 6 7 8 9 10 11 12 13 14 15 16 17 18 19 20 21 22 23 24 25 26 27 28 29 30 31 32 33 34 35 36 37 38 39 40 41 42 43 44 45
 done.
 running RMSDs...
 done.
 E lowest :  -108.74393
 28 structures remain within     6.00 kcal/mol window
 
========================================
            MTD Iterations done         
========================================
 Collecting ensmbles.
 running RMSDs...
 done.
 E lowest :  -108.74393
 54 structures remain within     6.00 kcal/mol window
 
 -------------------------------
 Additional orientation sampling
 -------------------------------
 Optimizing all 106 structures from file "oh_ensemble.xyz" ...
 1 2 3 4 5 6 7 8 9 10 11 12 13 14 15 16 17 18 19 20 21 22 23 24 25 26 27 28 29 30 31 32 33 34 35 36 37 38 39 40 41 42 43 44 45 46 47 48 49 50 51 52 53 54 55 56 57 58 59 60 61 62 63 64 65 66 67 68 69 70 71 72 73 74 75 76 77 78 79 80 81 82 83 84 85 86 87 88 89 90 91 92 93 94 95 96 97 98 99 100 101 102 103 104 105 106
 done.
 running RMSDs...
 done.
 E lowest :  -108.74663
 109 structures remain within     6.00 kcal/mol window
 
-----------------------------------------------
Additional regular MDs on lowest 4 conformer(s)
-----------------------------------------------
Starting MD   1 with the settings:
     MD time /ps        :     0.2
     MD Temperature /K  :   400.0
     dt /fs             :     5.0
     dumpstep(trj) /fs  :     100
Starting MD   2 with the settings:
     MD time /ps        :     0.2
     MD Temperature /K  :   500.0
     dt /fs             :     5.0
     dumpstep(trj) /fs  :     100
Starting MD   3 with the settings:
     MD time /ps        :     0.2
     MD Temperature /K  :   400.0
     dt /fs             :     5.0
     dumpstep(trj) /fs  :     100
Starting MD   5 with the settings:
     MD time /ps        :     0.2
     MD Temperature /K  :   400.0
     dt /fs             :     5.0
     dumpstep(trj) /fs  :     100
Starting MD   4 with the settings:
     MD time /ps        :     0.2
     MD Temperature /K  :   500.0
     dt /fs             :     5.0
     dumpstep(trj) /fs  :     100
Starting MD   6 with the settings:
     MD time /ps        :     0.2
     MD Temperature /K  :   500.0
     dt /fs             :     5.0
     dumpstep(trj) /fs  :     100
Starting MD   7 with the settings:
     MD time /ps        :     0.2
     MD Temperature /K  :   400.0
     dt /fs             :     5.0
     dumpstep(trj) /fs  :     100
Starting MD   8 with the settings:
     MD time /ps        :     0.2
     MD Temperature /K  :   500.0
     dt /fs             :     5.0
     dumpstep(trj) /fs  :     100
*MD 2 finished*
*MD 6 finished*
*MD 7 finished*
*MD 5 finished*
*MD 8 finished*
*MD 1 finished*
*MD 3 finished*
*MD 4 finished*
 Appending file crest_rotamers_2.xyz with new structures
 
 -------------------------------------------
 Ensemble optimization with tight thresholds
 -------------------------------------------
 Optimizing all 125 structures from file "crest_rotamers_2.xyz" ...
 1 2 3 4 5 6 7 8 9 10 11 12 13 14 15 16 17 18 19 20 21 22 23 24 25 26 27 28 29 30 31 32 33 34 35 36 37 38 39 40 41 42 43 44 45 46 47 48 49 50 51 52 53 54 55 56 57 58 59 60 61 62 63 64 65 66 67 68 69 70 71 72 73 74 75 76 77 78 79 80 81 82 83 84 85 86 87 88 89 90 91 92 93 94 95 96 97 98 99 100 101 102 103 104 105 106 107 108 109 110 111 112 113 114 115 116 117 118 119 120 121 122 123 124 125
 done.
 running RMSDs...
 done.
 E lowest :  -108.74663
 112 structures remain within     6.00 kcal/mol window
 
 ...............................................
 A new lower conformer was found!
 Improved by    0.00274 Eh or    1.72134kcal/mol
 ...............................................
 
*******************************************************************************************
**                        N E W    I T E R A T I O N    C Y C L E                        **
*******************************************************************************************
 
========================================
            MTD Iteration  1
========================================
 
     ========================================
     |         Meta-MD (MTD) Sampling       |
     ========================================
 
Starting Meta-MD   1 with the settings:
     MD time /ps        :     0.5
     dt /fs             :     5.0
     dumpstep(trj) /fs  :     100
     dumpstep(Vbias)/ps :     1.0
     Vbias factor k /Eh :  0.2520
     Vbias exp α /bohr⁻²:    1.30
Starting Meta-MD   2 with the settings:
     MD time /ps        :     0.5
     dt /fs             :     5.0
     dumpstep(trj) /fs  :     100
     dumpstep(Vbias)/ps :     1.0
     Vbias factor k /Eh :  0.1260
     Vbias exp α /bohr⁻²:    1.30
Starting Meta-MD   3 with the settings:
     MD time /ps        :     0.5
     dt /fs             :     5.0
     dumpstep(trj) /fs  :     100
     dumpstep(Vbias)/ps :     1.0
     Vbias factor k /Eh :  0.0630
     Vbias exp α /bohr⁻²:    1.30
Starting Meta-MD   4 with the settings:
     MD time /ps        :     0.5
     dt /fs             :     5.0
     dumpstep(trj) /fs  :     100
     dumpstep(Vbias)/ps :     1.0
     Vbias factor k /Eh :  0.2520
     Vbias exp α /bohr⁻²:    0.78
Starting Meta-MD   5 with the settings:
     MD time /ps        :     0.5
     dt /fs             :     5.0
     dumpstep(trj) /fs  :     100
     dumpstep(Vbias)/ps :     1.0
     Vbias factor k /Eh :  0.1260
     Vbias exp α /bohr⁻²:    0.78
Starting Meta-MD   6 with the settings:
     MD time /ps        :     0.5
     dt /fs             :     5.0
     dumpstep(trj) /fs  :     100
     dumpstep(Vbias)/ps :     1.0
     Vbias factor k /Eh :  0.0630
     Vbias exp α /bohr⁻²:    0.78
Starting Meta-MD   7 with the settings:
     MD time /ps        :     0.5
     dt /fs             :     5.0
     dumpstep(trj) /fs  :     100
     dumpstep(Vbias)/ps :     1.0
     Vbias factor k /Eh :  0.2520
     Vbias exp α /bohr⁻²:    0.47
Starting Meta-MD   9 with the settings:
     MD time /ps        :     0.5
     dt /fs             :     5.0
     dumpstep(trj) /fs  :     100
     dumpstep(Vbias)/ps :     1.0
     Vbias factor k /Eh :  0.0630
     Vbias exp α /bohr⁻²:    0.47
Starting Meta-MD   8 with the settings:
     MD time /ps        :     0.5
     dt /fs             :     5.0
     dumpstep(trj) /fs  :     100
     dumpstep(Vbias)/ps :     1.0
     Vbias factor k /Eh :  0.1260
     Vbias exp α /bohr⁻²:    0.47
Starting Meta-MD  10 with the settings:
     MD time /ps        :     0.5
     dt /fs             :     5.0
     dumpstep(trj) /fs  :     100
     dumpstep(Vbias)/ps :     1.0
     Vbias factor k /Eh :  0.2520
     Vbias exp α /bohr⁻²:    0.28
Starting Meta-MD  11 with the settings:
     MD time /ps        :     0.5
     dt /fs             :     5.0
     dumpstep(trj) /fs  :     100
     dumpstep(Vbias)/ps :     1.0
     Vbias factor k /Eh :  0.1260
     Vbias exp α /bohr⁻²:    0.28
Starting Meta-MD  12 with the settings:
     MD time /ps        :     0.5
     dt /fs             :     5.0
     dumpstep(trj) /fs  :     100
     dumpstep(Vbias)/ps :     1.0
     Vbias factor k /Eh :  0.0630
     Vbias exp α /bohr⁻²:    0.28
*Meta-MTD 9 finished*
*Meta-MTD 11 finished*
*Meta-MTD 6 finished*
*Meta-MTD 4 finished*
*Meta-MTD 2 finished*
*Meta-MTD 12 finished*
*Meta-MTD 3 finished*
*Meta-MTD 8 finished*
*Meta-MTD 1 finished*
*Meta-MTD 5 finished*
*Meta-MTD 10 finished*
*Meta-MTD 7 finished*
 
-----------------------
Multilevel Optimization
-----------------------
 
 -------------------------
 1. crude pre-optimization
 -------------------------
 Optimizing all 48 structures from file "crest_rotamers_0.xyz" ...
 1 2 3 4 5 6 7 8 9 10 11 12 13 14 15 16 17 18 19 20 21 22 23 24 25 26 27 28 29 30 31 32 33 34 35 36 37 38 39 40 41 42 43 44 45 46 47 48
 done.
 running RMSDs...
 done.
 E lowest :  -108.74593
 48 structures remain within    12.00 kcal/mol window
 
 -------------------------------------
 2. optimization with tight thresholds
 -------------------------------------
 Optimizing all 49 structures from file "crest_rotamers_1.xyz" ...
 1 2 3 4 5 6 7 8 9 10 11 12 13 14 15 16 17 18 19 20 21 22 23 24 25 26 27 28 29 30 31 32 33 34 35 36 37 38 39 40 41 42 43 44 45 46 47 48 49
 done.
 running RMSDs...
 done.
 E lowest :  -108.74736
 23 structures remain within     6.00 kcal/mol window
 
 ...............................................
 A new lower conformer was found!
 Improved by    0.00073 Eh or    0.45937kcal/mol
 ...............................................
 
========================================
            MTD Iteration  2
========================================
 
     ========================================
     |         Meta-MD (MTD) Sampling       |
     ========================================
 
Starting Meta-MD   1 with the settings:
     MD time /ps        :     0.5
     dt /fs             :     5.0
     dumpstep(trj) /fs  :     100
     dumpstep(Vbias)/ps :     1.0
     Vbias factor k /Eh :  0.2520
     Vbias exp α /bohr⁻²:    1.30
Starting Meta-MD   2 with the settings:
     MD time /ps        :     0.5
     dt /fs             :     5.0
     dumpstep(trj) /fs  :     100
     dumpstep(Vbias)/ps :     1.0
     Vbias factor k /Eh :  0.1260
     Vbias exp α /bohr⁻²:    1.30
Starting Meta-MD   3 with the settings:
     MD time /ps        :     0.5
     dt /fs             :     5.0
     dumpstep(trj) /fs  :     100
     dumpstep(Vbias)/ps :     1.0
     Vbias factor k /Eh :  0.0630
     Vbias exp α /bohr⁻²:    1.30
Starting Meta-MD   4 with the settings:
     MD time /ps        :     0.5
     dt /fs             :     5.0
     dumpstep(trj) /fs  :     100
     dumpstep(Vbias)/ps :     1.0
     Vbias factor k /Eh :  0.2520
     Vbias exp α /bohr⁻²:    0.78
Starting Meta-MD   6 with the settings:
     MD time /ps        :     0.5
     dt /fs             :     5.0
     dumpstep(trj) /fs  :     100
     dumpstep(Vbias)/ps :     1.0
     Vbias factor k /Eh :  0.0630
     Vbias exp α /bohr⁻²:    0.78
Starting Meta-MD   5 with the settings:
     MD time /ps        :     0.5
     dt /fs             :     5.0
     dumpstep(trj) /fs  :     100
     dumpstep(Vbias)/ps :     1.0
     Vbias factor k /Eh :  0.1260
     Vbias exp α /bohr⁻²:    0.78
Starting Meta-MD   7 with the settings:
     MD time /ps        :     0.5
     dt /fs             :     5.0
     dumpstep(trj) /fs  :     100
     dumpstep(Vbias)/ps :     1.0
     Vbias factor k /Eh :  0.2520
     Vbias exp α /bohr⁻²:    0.47
Starting Meta-MD   8 with the settings:
     MD time /ps        :     0.5
     dt /fs             :     5.0
     dumpstep(trj) /fs  :     100
     dumpstep(Vbias)/ps :     1.0
     Vbias factor k /Eh :  0.1260
     Vbias exp α /bohr⁻²:    0.47
Starting Meta-MD   9 with the settings:
     MD time /ps        :     0.5
     dt /fs             :     5.0
     dumpstep(trj) /fs  :     100
     dumpstep(Vbias)/ps :     1.0
     Vbias factor k /Eh :  0.0630
     Vbias exp α /bohr⁻²:    0.47
Starting Meta-MD  10 with the settings:
     MD time /ps        :     0.5
     dt /fs             :     5.0
     dumpstep(trj) /fs  :     100
     dumpstep(Vbias)/ps :     1.0
     Vbias factor k /Eh :  0.2520
     Vbias exp α /bohr⁻²:    0.28
Starting Meta-MD  12 with the settings:
     MD time /ps        :     0.5
     dt /fs             :     5.0
     dumpstep(trj) /fs  :     100
     dumpstep(Vbias)/ps :     1.0
     Vbias factor k /Eh :  0.0630
     Vbias exp α /bohr⁻²:    0.28
Starting Meta-MD  11 with the settings:
     MD time /ps        :     0.5
     dt /fs             :     5.0
     dumpstep(trj) /fs  :     100
     dumpstep(Vbias)/ps :     1.0
     Vbias factor k /Eh :  0.1260
     Vbias exp α /bohr⁻²:    0.28
*Meta-MTD 9 finished*
*Meta-MTD 4 finished*
*Meta-MTD 8 finished*
*Meta-MTD 2 finished*
*Meta-MTD 1 finished*
*Meta-MTD 6 finished*
*Meta-MTD 10 finished*
*Meta-MTD 5 finished*
*Meta-MTD 12 finished*
*Meta-MTD 11 finished*
*Meta-MTD 7 finished*
*Meta-MTD 3 finished*
 
-----------------------
Multilevel Optimization
-----------------------
 
 -------------------------
 1. crude pre-optimization
 -------------------------
 Optimizing all 48 structures from file "crest_rotamers_0.xyz" ...
 1 2 3 4 5 6 7 8 9 10 11 12 13 14 15 16 17 18 19 20 21 22 23 24 25 26 27 28 29 30 31 32 33 34 35 36 37 38 39 40 41 42 43 44 45 46 47 48
 done.
 running RMSDs...
 done.
 E lowest :  -108.74664
 45 structures remain within    12.00 kcal/mol window
 
 -------------------------------------
 2. optimization with tight thresholds
 -------------------------------------
 Optimizing all 46 structures from file "crest_rotamers_1.xyz" ...
 1 2 3 4 5 6 7 8 9 10 11 12 13 14 15 16 17 18 19 20 21 22 23 24 25 26 27 28 29 30 31 32 33 34 35 36 37 38 39 40 41 42 43 44 45 46
 done.
 running RMSDs...
 done.
 E lowest :  -108.74769
 26 structures remain within     6.00 kcal/mol window
 
 ...............................................
 A new lower conformer was found!
 Improved by    0.00034 Eh or    0.21090kcal/mol
 ...............................................
 
========================================
            MTD Iteration  3
========================================
 
     ========================================
     |         Meta-MD (MTD) Sampling       |
     ========================================
 
Starting Meta-MD   1 with the settings:
     MD time /ps        :     0.5
     dt /fs             :     5.0
     dumpstep(trj) /fs  :     100
     dumpstep(Vbias)/ps :     1.0
     Vbias factor k /Eh :  0.2520
     Vbias exp α /bohr⁻²:    1.30
Starting Meta-MD   2 with the settings:
     MD time /ps        :     0.5
     dt /fs             :     5.0
     dumpstep(trj) /fs  :     100
     dumpstep(Vbias)/ps :     1.0
     Vbias factor k /Eh :  0.1260
     Vbias exp α /bohr⁻²:    1.30
Starting Meta-MD   3 with the settings:
     MD time /ps        :     0.5
     dt /fs             :     5.0
     dumpstep(trj) /fs  :     100
     dumpstep(Vbias)/ps :     1.0
     Vbias factor k /Eh :  0.0630
     Vbias exp α /bohr⁻²:    1.30
Starting Meta-MD   4 with the settings:
     MD time /ps        :     0.5
     dt /fs             :     5.0
     dumpstep(trj) /fs  :     100
     dumpstep(Vbias)/ps :     1.0
     Vbias factor k /Eh :  0.2520
     Vbias exp α /bohr⁻²:    0.78
Starting Meta-MD   5 with the settings:
     MD time /ps        :     0.5
     dt /fs             :     5.0
     dumpstep(trj) /fs  :     100
     dumpstep(Vbias)/ps :     1.0
     Vbias factor k /Eh :  0.1260
     Vbias exp α /bohr⁻²:    0.78
Starting Meta-MD   6 with the settings:
     MD time /ps        :     0.5
     dt /fs             :     5.0
     dumpstep(trj) /fs  :     100
     dumpstep(Vbias)/ps :     1.0
     Vbias factor k /Eh :  0.0630
     Vbias exp α /bohr⁻²:    0.78
Starting Meta-MD   7 with the settings:
     MD time /ps        :     0.5
     dt /fs             :     5.0
     dumpstep(trj) /fs  :     100
     dumpstep(Vbias)/ps :     1.0
     Vbias factor k /Eh :  0.2520
     Vbias exp α /bohr⁻²:    0.47
Starting Meta-MD   8 with the settings:
     MD time /ps        :     0.5
     dt /fs             :     5.0
     dumpstep(trj) /fs  :     100
     dumpstep(Vbias)/ps :     1.0
     Vbias factor k /Eh :  0.1260
     Vbias exp α /bohr⁻²:    0.47
Starting Meta-MD   9 with the settings:
     MD time /ps        :     0.5
     dt /fs             :     5.0
     dumpstep(trj) /fs  :     100
     dumpstep(Vbias)/ps :     1.0
     Vbias factor k /Eh :  0.0630
     Vbias exp α /bohr⁻²:    0.47
Starting Meta-MD  10 with the settings:
     MD time /ps        :     0.5
     dt /fs             :     5.0
     dumpstep(trj) /fs  :     100
     dumpstep(Vbias)/ps :     1.0
     Vbias factor k /Eh :  0.2520
     Vbias exp α /bohr⁻²:    0.28
Starting Meta-MD  11 with the settings:
     MD time /ps        :     0.5
     dt /fs             :     5.0
     dumpstep(trj) /fs  :     100
     dumpstep(Vbias)/ps :     1.0
     Vbias factor k /Eh :  0.1260
     Vbias exp α /bohr⁻²:    0.28
Starting Meta-MD  12 with the settings:
     MD time /ps        :     0.5
     dt /fs             :     5.0
     dumpstep(trj) /fs  :     100
     dumpstep(Vbias)/ps :     1.0
     Vbias factor k /Eh :  0.0630
     Vbias exp α /bohr⁻²:    0.28
*Meta-MTD 3 finished*
*Meta-MTD 9 finished*
*Meta-MTD 7 finished*
*Meta-MTD 11 finished*
*Meta-MTD 8 finished*
*Meta-MTD 5 finished*
*Meta-MTD 10 finished*
*Meta-MTD 1 finished*
*Meta-MTD 2 finished*
*Meta-MTD 12 finished*
*Meta-MTD 6 finished*
*Meta-MTD 4 finished*
 
-----------------------
Multilevel Optimization
-----------------------
 
 -------------------------
 1. crude pre-optimization
 -------------------------
 Optimizing all 48 structures from file "crest_rotamers_0.xyz" ...
 1 2 3 4 5 6 7 8 9 10 11 12 13 14 15 16 17 18 19 20 21 22 23 24 25 26 27 28 29 30 31 32 33 34 35 36 37 38 39 40 41 42 43 44 45 46 47 48
 done.
 running RMSDs...
 done.
 E lowest :  -108.74651
 44 structures remain within    12.00 kcal/mol window
 
 -------------------------------------
 2. optimization with tight thresholds
 -------------------------------------
 Optimizing all 45 structures from file "crest_rotamers_1.xyz" ...
 1 2 3 4 5 6 7 8 9 10 11 12 13 14 15 16 17 18 19 20 21 22 23 24 25 26 27 28 29 30 31 32 33 34 35 36 37 38 39 40 41 42 43 44 45
 done.
 running RMSDs...
 done.
 E lowest :  -108.74937
 27 structures remain within     6.00 kcal/mol window
 
 ...............................................
 A new lower conformer was found!
 Improved by    0.00168 Eh or    1.05390kcal/mol
 ...............................................
 
========================================
            MTD Iteration  4
========================================
 
     ========================================
     |         Meta-MD (MTD) Sampling       |
     ========================================
 
Starting Meta-MD   1 with the settings:
     MD time /ps        :     0.5
     dt /fs             :     5.0
     dumpstep(trj) /fs  :     100
     dumpstep(Vbias)/ps :     1.0
     Vbias factor k /Eh :  0.2520
     Vbias exp α /bohr⁻²:    1.30
Starting Meta-MD   2 with the settings:
     MD time /ps        :     0.5
     dt /fs             :     5.0
     dumpstep(trj) /fs  :     100
     dumpstep(Vbias)/ps :     1.0
     Vbias factor k /Eh :  0.1260
     Vbias exp α /bohr⁻²:    1.30
Starting Meta-MD   3 with the settings:
     MD time /ps        :     0.5
     dt /fs             :     5.0
     dumpstep(trj) /fs  :     100
     dumpstep(Vbias)/ps :     1.0
     Vbias factor k /Eh :  0.0630
     Vbias exp α /bohr⁻²:    1.30
Starting Meta-MD   4 with the settings:
     MD time /ps        :     0.5
     dt /fs             :     5.0
     dumpstep(trj) /fs  :     100
     dumpstep(Vbias)/ps :     1.0
     Vbias factor k /Eh :  0.2520
     Vbias exp α /bohr⁻²:    0.78
Starting Meta-MD   5 with the settings:
     MD time /ps        :     0.5
     dt /fs             :     5.0
     dumpstep(trj) /fs  :     100
     dumpstep(Vbias)/ps :     1.0
     Vbias factor k /Eh :  0.1260
     Vbias exp α /bohr⁻²:    0.78
Starting Meta-MD   6 with the settings:
     MD time /ps        :     0.5
     dt /fs             :     5.0
     dumpstep(trj) /fs  :     100
     dumpstep(Vbias)/ps :     1.0
     Vbias factor k /Eh :  0.0630
     Vbias exp α /bohr⁻²:    0.78
Starting Meta-MD   7 with the settings:
     MD time /ps        :     0.5
     dt /fs             :     5.0
     dumpstep(trj) /fs  :     100
     dumpstep(Vbias)/ps :     1.0
     Vbias factor k /Eh :  0.2520
     Vbias exp α /bohr⁻²:    0.47
Starting Meta-MD   8 with the settings:
     MD time /ps        :     0.5
     dt /fs             :     5.0
     dumpstep(trj) /fs  :     100
     dumpstep(Vbias)/ps :     1.0
     Vbias factor k /Eh :  0.1260
     Vbias exp α /bohr⁻²:    0.47
Starting Meta-MD   9 with the settings:
     MD time /ps        :     0.5
     dt /fs             :     5.0
     dumpstep(trj) /fs  :     100
     dumpstep(Vbias)/ps :     1.0
     Vbias factor k /Eh :  0.0630
     Vbias exp α /bohr⁻²:    0.47
Starting Meta-MD  10 with the settings:
     MD time /ps        :     0.5
     dt /fs             :     5.0
     dumpstep(trj) /fs  :     100
     dumpstep(Vbias)/ps :     1.0
     Vbias factor k /Eh :  0.2520
     Vbias exp α /bohr⁻²:    0.28
Starting Meta-MD  11 with the settings:
     MD time /ps        :     0.5
     dt /fs             :     5.0
     dumpstep(trj) /fs  :     100
     dumpstep(Vbias)/ps :     1.0
     Vbias factor k /Eh :  0.1260
     Vbias exp α /bohr⁻²:    0.28
Starting Meta-MD  12 with the settings:
     MD time /ps        :     0.5
     dt /fs             :     5.0
     dumpstep(trj) /fs  :     100
     dumpstep(Vbias)/ps :     1.0
     Vbias factor k /Eh :  0.0630
     Vbias exp α /bohr⁻²:    0.28
*Meta-MTD 3 finished*
*Meta-MTD 10 finished*
*Meta-MTD 2 finished*
*Meta-MTD 5 finished*
*Meta-MTD 7 finished*
*Meta-MTD 8 finished*
*Meta-MTD 9 finished*
*Meta-MTD 12 finished*
*Meta-MTD 6 finished*
*Meta-MTD 4 finished*
*Meta-MTD 1 finished*
*Meta-MTD 11 finished*
 
-----------------------
Multilevel Optimization
-----------------------
 
 -------------------------
 1. crude pre-optimization
 -------------------------
 Optimizing all 48 structures from file "crest_rotamers_0.xyz" ...
 1 2 3 4 5 6 7 8 9 10 11 12 13 14 15 16 17 18 19 20 21 22 23 24 25 26 27 28 29 30 31 32 33 34 35 36 37 38 39 40 41 42 43 44 45 46 47 48
 done.
 running RMSDs...
 done.
 E lowest :  -108.74853
 46 structures remain within    12.00 kcal/mol window
 
 -------------------------------------
 2. optimization with tight thresholds
 -------------------------------------
 Optimizing all 47 structures from file "crest_rotamers_1.xyz" ...
 1 2 3 4 5 6 7 8 9 10 11 12 13 14 15 16 17 18 19 20 21 22 23 24 25 26 27 28 29 30 31 32 33 34 35 36 37 38 39 40 41 42 43 44 45 46 47
 done.
 running RMSDs...
 done.
 E lowest :  -108.75017
 17 structures remain within     6.00 kcal/mol window
 
 ...............................................
 A new lower conformer was found!
 Improved by    0.00079 Eh or    0.49770kcal/mol
 ...............................................
 
========================================
            MTD Iteration  5
========================================
 
     ========================================
     |         Meta-MD (MTD) Sampling       |
     ========================================
 
Starting Meta-MD   1 with the settings:
     MD time /ps        :     0.5
     dt /fs             :     5.0
     dumpstep(trj) /fs  :     100
     dumpstep(Vbias)/ps :     1.0
     Vbias factor k /Eh :  0.2520
     Vbias exp α /bohr⁻²:    1.30
Starting Meta-MD   2 with the settings:
     MD time /ps        :     0.5
     dt /fs             :     5.0
     dumpstep(trj) /fs  :     100
     dumpstep(Vbias)/ps :     1.0
     Vbias factor k /Eh :  0.1260
     Vbias exp α /bohr⁻²:    1.30
Starting Meta-MD   3 with the settings:
     MD time /ps        :     0.5
     dt /fs             :     5.0
     dumpstep(trj) /fs  :     100
     dumpstep(Vbias)/ps :     1.0
     Vbias factor k /Eh :  0.0630
     Vbias exp α /bohr⁻²:    1.30
Starting Meta-MD   4 with the settings:
     MD time /ps        :     0.5
     dt /fs             :     5.0
     dumpstep(trj) /fs  :     100
     dumpstep(Vbias)/ps :     1.0
     Vbias factor k /Eh :  0.2520
     Vbias exp α /bohr⁻²:    0.78
Starting Meta-MD   5 with the settings:
     MD time /ps        :     0.5
     dt /fs             :     5.0
     dumpstep(trj) /fs  :     100
     dumpstep(Vbias)/ps :     1.0
     Vbias factor k /Eh :  0.1260
     Vbias exp α /bohr⁻²:    0.78
Starting Meta-MD   6 with the settings:
     MD time /ps        :     0.5
     dt /fs             :     5.0
     dumpstep(trj) /fs  :     100
     dumpstep(Vbias)/ps :     1.0
     Vbias factor k /Eh :  0.0630
     Vbias exp α /bohr⁻²:    0.78
Starting Meta-MD   7 with the settings:
     MD time /ps        :     0.5
     dt /fs             :     5.0
     dumpstep(trj) /fs  :     100
     dumpstep(Vbias)/ps :     1.0
     Vbias factor k /Eh :  0.2520
     Vbias exp α /bohr⁻²:    0.47
Starting Meta-MD   8 with the settings:
     MD time /ps        :     0.5
     dt /fs             :     5.0
     dumpstep(trj) /fs  :     100
     dumpstep(Vbias)/ps :     1.0
     Vbias factor k /Eh :  0.1260
     Vbias exp α /bohr⁻²:    0.47
Starting Meta-MD   9 with the settings:
     MD time /ps        :     0.5
     dt /fs             :     5.0
     dumpstep(trj) /fs  :     100
     dumpstep(Vbias)/ps :     1.0
     Vbias factor k /Eh :  0.0630
     Vbias exp α /bohr⁻²:    0.47
Starting Meta-MD  10 with the settings:
     MD time /ps        :     0.5
     dt /fs             :     5.0
     dumpstep(trj) /fs  :     100
     dumpstep(Vbias)/ps :     1.0
     Vbias factor k /Eh :  0.2520
     Vbias exp α /bohr⁻²:    0.28
Starting Meta-MD  11 with the settings:
     MD time /ps        :     0.5
     dt /fs             :     5.0
     dumpstep(trj) /fs  :     100
     dumpstep(Vbias)/ps :     1.0
     Vbias factor k /Eh :  0.1260
     Vbias exp α /bohr⁻²:    0.28
Starting Meta-MD  12 with the settings:
     MD time /ps        :     0.5
     dt /fs             :     5.0
     dumpstep(trj) /fs  :     100
     dumpstep(Vbias)/ps :     1.0
     Vbias factor k /Eh :  0.0630
     Vbias exp α /bohr⁻²:    0.28
*Meta-MTD 6 finished*
*Meta-MTD 12 finished*
*Meta-MTD 3 finished*
*Meta-MTD 1 finished*
*Meta-MTD 8 finished*
*Meta-MTD 4 finished*
*Meta-MTD 7 finished*
*Meta-MTD 9 finished*
*Meta-MTD 11 finished*
*Meta-MTD 10 finished*
*Meta-MTD 5 finished*
*Meta-MTD 2 finished*
 
-----------------------
Multilevel Optimization
-----------------------
 
 -------------------------
 1. crude pre-optimization
 -------------------------
 Optimizing all 48 structures from file "crest_rotamers_0.xyz" ...
 1 2 3 4 5 6 7 8 9 10 11 12 13 14 15 16 17 18 19 20 21 22 23 24 25 26 27 28 29 30 31 32 33 34 35 36 37 38 39 40 41 42 43 44 45 46 47 48
 done.
 running RMSDs...
 done.
 E lowest :  -108.74885
 45 structures remain within    12.00 kcal/mol window
 
 -------------------------------------
 2. optimization with tight thresholds
 -------------------------------------
 Optimizing all 46 structures from file "crest_rotamers_1.xyz" ...
 1 2 3 4 5 6 7 8 9 10 11 12 13 14 15 16 17 18 19 20 21 22 23 24 25 26 27 28 29 30 31 32 33 34 35 36 37 38 39 40 41 42 43 44 45 46
 done.
 running RMSDs...
 done.
 E lowest :  -108.75092
 21 structures remain within     6.00 kcal/mol window
 
 ...............................................
 A new lower conformer was found!
 Improved by    0.00075 Eh or    0.47356kcal/mol
 ...............................................
========================================
            MTD Iterations done         
========================================
 Collecting ensmbles.
 running RMSDs...
 done.
 E lowest :  -108.75092
 109 structures remain within     6.00 kcal/mol window
 
 -------------------------------
 Additional orientation sampling
 -------------------------------
 Optimizing all 212 structures from file "oh_ensemble.xyz" ...
 1 2 3 4 5 6 7 8 9 10 11 12 13 14 15 16 17 18 19 20 21 22 23 24 25 26 27 28 29 30 31 32 33 34 35 36 37 38 39 40 41 42 43 44 45 46 47 48 49 50 51 52 53 54 55 56 57 58 59 60 61 62 63 64 65 66 67 68 69 70 71 72 73 74 75 76 77 78 79 80 81 82 83 84 85 86 87 88 89 90 91 92 93 94 95 96 97 98 99 100 101 102 103 104 105 106 107 108 109 110 111 112 113 114 115 116 117 118 119 120 121 122 123 124 125 126 127 128 129 130 131 132 133 134 135 136 137 138 139 140 141 142 143 144 145 146 147 148 149 150 151 152 153 154 155 156 157 158 159 160 161 162 163 164 165 166 167 168 169 170 171 172 173 174 175 176 177 178 179 180 181 182 183 184 185 186 187 188 189 190 191 192 193 194 195 196 197 198 199 200 201 202 203 204 205 206 207 208 209 210 211 212
 done.
 running RMSDs...
 done.
 E lowest :  -108.75328
 261 structures remain within     6.00 kcal/mol window
 
-----------------------------------------------
Additional regular MDs on lowest 4 conformer(s)
-----------------------------------------------
Starting MD   1 with the settings:
     MD time /ps        :     0.2
     MD Temperature /K  :   400.0
     dt /fs             :     5.0
     dumpstep(trj) /fs  :     100
Starting MD   2 with the settings:
     MD time /ps        :     0.2
     MD Temperature /K  :   500.0
     dt /fs             :     5.0
     dumpstep(trj) /fs  :     100
Starting MD   4 with the settings:
     MD time /ps        :     0.2
     MD Temperature /K  :   500.0
     dt /fs             :     5.0
     dumpstep(trj) /fs  :     100
Starting MD   5 with the settings:
     MD time /ps        :     0.2
     MD Temperature /K  :   400.0
     dt /fs             :     5.0
     dumpstep(trj) /fs  :     100
Starting MD   6 with the settings:
     MD time /ps        :     0.2
     MD Temperature /K  :   500.0
     dt /fs             :     5.0
     dumpstep(trj) /fs  :     100
Starting MD   3 with the settings:
     MD time /ps        :     0.2
     MD Temperature /K  :   400.0
     dt /fs             :     5.0
     dumpstep(trj) /fs  :     100
Starting MD   8 with the settings:
     MD time /ps        :     0.2
     MD Temperature /K  :   500.0
     dt /fs             :     5.0
     dumpstep(trj) /fs  :     100
Starting MD   7 with the settings:
     MD time /ps        :     0.2
     MD Temperature /K  :   400.0
     dt /fs             :     5.0
     dumpstep(trj) /fs  :     100
*MD 3 finished*
*MD 8 finished*
*MD 2 finished*
*MD 5 finished*
*MD 7 finished*
*MD 4 finished*
*MD 1 finished*
*MD 6 finished*
 Appending file crest_rotamers_2.xyz with new structures
 
 -------------------------------------------
 Ensemble optimization with tight thresholds
 -------------------------------------------
 Optimizing all 277 structures from file "crest_rotamers_2.xyz" ...
 1 2 3 4 5 6 7 8 9 10 11 12 13 14 15 16 17 18 19 20 21 22 23 24 25 26 27 28 29 30 31 32 33 34 35 36 37 38 39 40 41 42 43 44 45 46 47 48 49 50 51 52 53 54 55 56 57 58 59 60 61 62 63 64 65 66 67 68 69 70 71 72 73 74 75 76 77 78 79 80 81 82 83 84 85 86 87 88 89 90 91 92 93 94 95 96 97 98 99 100 101 102 103 104 105 106 107 108 109 110 111 112 113 114 115 116 117 118 119 120 121 122 123 124 125 126 127 128 129 130 131 132 133 134 135 136 137 138 139 140 141 142 143 144 145 146 147 148 149 150 151 152 153 154 155 156 157 158 159 160 161 162 163 164 165 166 167 168 169 170 171 172 173 174 175 176 177 178 179 180 181 182 183 184 185 186 187 188 189 190 191 192 193 194 195 196 197 198 199 200 201 202 203 204 205 206 207 208 209 210 211 212 213 214 215 216 217 218 219 220 221 222 223 224 225 226 227 228 229 230 231 232 233 234 235 236 237 238 239 240 241 242 243 244 245 246 247 248 249 250 251 252 253 254 255 256 257 258 259 260 261 262 263 264 265 266 267 268 269 270 271 272 273 274 275 276 277
 done.
 running RMSDs...
 done.
 E lowest :  -108.75470
 224 structures remain within     6.00 kcal/mol window
 
 ...............................................
 A new lower conformer was found!
 Improved by    0.00378 Eh or    2.37403kcal/mol
 ...............................................
 
*******************************************************************************************
**                        N E W    I T E R A T I O N    C Y C L E                        **
*******************************************************************************************
 
========================================
            MTD Iteration  1
========================================
 
     ========================================
     |         Meta-MD (MTD) Sampling       |
     ========================================
 
Starting Meta-MD   1 with the settings:
     MD time /ps        :     0.5
     dt /fs             :     5.0
     dumpstep(trj) /fs  :     100
     dumpstep(Vbias)/ps :     1.0
     Vbias factor k /Eh :  0.2520
     Vbias exp α /bohr⁻²:    1.30
Starting Meta-MD   2 with the settings:
     MD time /ps        :     0.5
     dt /fs             :     5.0
     dumpstep(trj) /fs  :     100
     dumpstep(Vbias)/ps :     1.0
     Vbias factor k /Eh :  0.1260
     Vbias exp α /bohr⁻²:    1.30
Starting Meta-MD   3 with the settings:
     MD time /ps        :     0.5
     dt /fs             :     5.0
     dumpstep(trj) /fs  :     100
     dumpstep(Vbias)/ps :     1.0
     Vbias factor k /Eh :  0.0630
     Vbias exp α /bohr⁻²:    1.30
Starting Meta-MD   5 with the settings:
     MD time /ps        :     0.5
     dt /fs             :     5.0
     dumpstep(trj) /fs  :     100
     dumpstep(Vbias)/ps :     1.0
     Vbias factor k /Eh :  0.1260
     Vbias exp α /bohr⁻²:    0.78
Starting Meta-MD   4 with the settings:
     MD time /ps        :     0.5
     dt /fs             :     5.0
     dumpstep(trj) /fs  :     100
     dumpstep(Vbias)/ps :     1.0
     Vbias factor k /Eh :  0.2520
     Vbias exp α /bohr⁻²:    0.78
Starting Meta-MD   6 with the settings:
     MD time /ps        :     0.5
     dt /fs             :     5.0
     dumpstep(trj) /fs  :     100
     dumpstep(Vbias)/ps :     1.0
     Vbias factor k /Eh :  0.0630
     Vbias exp α /bohr⁻²:    0.78
Starting Meta-MD   7 with the settings:
     MD time /ps        :     0.5
     dt /fs             :     5.0
     dumpstep(trj) /fs  :     100
     dumpstep(Vbias)/ps :     1.0
     Vbias factor k /Eh :  0.2520
     Vbias exp α /bohr⁻²:    0.47
Starting Meta-MD   8 with the settings:
     MD time /ps        :     0.5
     dt /fs             :     5.0
     dumpstep(trj) /fs  :     100
     dumpstep(Vbias)/ps :     1.0
     Vbias factor k /Eh :  0.1260
     Vbias exp α /bohr⁻²:    0.47
Starting Meta-MD   9 with the settings:
     MD time /ps        :     0.5
     dt /fs             :     5.0
     dumpstep(trj) /fs  :     100
     dumpstep(Vbias)/ps :     1.0
     Vbias factor k /Eh :  0.0630
     Vbias exp α /bohr⁻²:    0.47
Starting Meta-MD  11 with the settings:
     MD time /ps        :     0.5
     dt /fs             :     5.0
     dumpstep(trj) /fs  :     100
     dumpstep(Vbias)/ps :     1.0
     Vbias factor k /Eh :  0.1260
     Vbias exp α /bohr⁻²:    0.28
Starting Meta-MD  12 with the settings:
     MD time /ps        :     0.5
     dt /fs             :     5.0
     dumpstep(trj) /fs  :     100
     dumpstep(Vbias)/ps :     1.0
     Vbias factor k /Eh :  0.0630
     Vbias exp α /bohr⁻²:    0.28
Starting Meta-MD  10 with the settings:
     MD time /ps        :     0.5
     dt /fs             :     5.0
     dumpstep(trj) /fs  :     100
     dumpstep(Vbias)/ps :     1.0
     Vbias factor k /Eh :  0.2520
     Vbias exp α /bohr⁻²:    0.28
*Meta-MTD 8 finished*
*Meta-MTD 11 finished*
*Meta-MTD 9 finished*
*Meta-MTD 10 finished*
*Meta-MTD 5 finished*
*Meta-MTD 12 finished*
*Meta-MTD 7 finished*
*Meta-MTD 1 finished*
*Meta-MTD 4 finished*
*Meta-MTD 2 finished*
*Meta-MTD 3 finished*
*Meta-MTD 6 finished*
 
-----------------------
Multilevel Optimization
-----------------------
 
 -------------------------
 1. crude pre-optimization
 -------------------------
 Optimizing all 48 structures from file "crest_rotamers_0.xyz" ...
 1 2 3 4 5 6 7 8 9 10 11 12 13 14 15 16 17 18 19 20 21 22 23 24 25 26 27 28 29 30 31 32 33 34 35 36 37 38 39 40 41 42 43 44 45 46 47 48
 done.
 running RMSDs...
 done.
 E lowest :  -108.75369
 45 structures remain within    12.00 kcal/mol window
 
 -------------------------------------
 2. optimization with tight thresholds
 -------------------------------------
 Optimizing all 46 structures from file "crest_rotamers_1.xyz" ...
 1 2 3 4 5 6 7 8 9 10 11 12 13 14 15 16 17 18 19 20 21 22 23 24 25 26 27 28 29 30 31 32 33 34 35 36 37 38 39 40 41 42 43 44 45 46
 done.
 running RMSDs...
 done.
 E lowest :  -108.75486
 22 structures remain within     6.00 kcal/mol window
 
 ...............................................
 A new lower conformer was found!
 Improved by    0.00016 Eh or    0.09813kcal/mol
 ...............................................
 
========================================
            MTD Iteration  2
========================================
 
     ========================================
     |         Meta-MD (MTD) Sampling       |
     ========================================
 
Starting Meta-MD   1 with the settings:
     MD time /ps        :     0.5
     dt /fs             :     5.0
     dumpstep(trj) /fs  :     100
     dumpstep(Vbias)/ps :     1.0
     Vbias factor k /Eh :  0.2520
     Vbias exp α /bohr⁻²:    1.30
Starting Meta-MD   2 with the settings:
     MD time /ps        :     0.5
     dt /fs             :     5.0
     dumpstep(trj) /fs  :     100
     dumpstep(Vbias)/ps :     1.0
     Vbias factor k /Eh :  0.1260
     Vbias exp α /bohr⁻²:    1.30
Starting Meta-MD   3 with the settings:
     MD time /ps        :     0.5
     dt /fs             :     5.0
     dumpstep(trj) /fs  :     100
     dumpstep(Vbias)/ps :     1.0
     Vbias factor k /Eh :  0.0630
     Vbias exp α /bohr⁻²:    1.30
Starting Meta-MD   4 with the settings:
     MD time /ps        :     0.5
     dt /fs             :     5.0
     dumpstep(trj) /fs  :     100
     dumpstep(Vbias)/ps :     1.0
     Vbias factor k /Eh :  0.2520
     Vbias exp α /bohr⁻²:    0.78
Starting Meta-MD   5 with the settings:
     MD time /ps        :     0.5
     dt /fs             :     5.0
     dumpstep(trj) /fs  :     100
     dumpstep(Vbias)/ps :     1.0
     Vbias factor k /Eh :  0.1260
     Vbias exp α /bohr⁻²:    0.78
Starting Meta-MD   6 with the settings:
     MD time /ps        :     0.5
     dt /fs             :     5.0
     dumpstep(trj) /fs  :     100
     dumpstep(Vbias)/ps :     1.0
     Vbias factor k /Eh :  0.0630
     Vbias exp α /bohr⁻²:    0.78
Starting Meta-MD   7 with the settings:
     MD time /ps        :     0.5
     dt /fs             :     5.0
     dumpstep(trj) /fs  :     100
     dumpstep(Vbias)/ps :     1.0
     Vbias factor k /Eh :  0.2520
     Vbias exp α /bohr⁻²:    0.47
Starting Meta-MD   8 with the settings:
     MD time /ps        :     0.5
     dt /fs             :     5.0
     dumpstep(trj) /fs  :     100
     dumpstep(Vbias)/ps :     1.0
     Vbias factor k /Eh :  0.1260
     Vbias exp α /bohr⁻²:    0.47
Starting Meta-MD   9 with the settings:
     MD time /ps        :     0.5
     dt /fs             :     5.0
     dumpstep(trj) /fs  :     100
     dumpstep(Vbias)/ps :     1.0
     Vbias factor k /Eh :  0.0630
     Vbias exp α /bohr⁻²:    0.47
Starting Meta-MD  10 with the settings:
     MD time /ps        :     0.5
     dt /fs             :     5.0
     dumpstep(trj) /fs  :     100
     dumpstep(Vbias)/ps :     1.0
     Vbias factor k /Eh :  0.2520
     Vbias exp α /bohr⁻²:    0.28
Starting Meta-MD  11 with the settings:
     MD time /ps        :     0.5
     dt /fs             :     5.0
     dumpstep(trj) /fs  :     100
     dumpstep(Vbias)/ps :     1.0
     Vbias factor k /Eh :  0.1260
     Vbias exp α /bohr⁻²:    0.28
Starting Meta-MD  12 with the settings:
     MD time /ps        :     0.5
     dt /fs             :     5.0
     dumpstep(trj) /fs  :     100
     dumpstep(Vbias)/ps :     1.0
     Vbias factor k /Eh :  0.0630
     Vbias exp α /bohr⁻²:    0.28
*Meta-MTD 6 finished*
*Meta-MTD 8 finished*
*Meta-MTD 7 finished*
*Meta-MTD 4 finished*
*Meta-MTD 10 finished*
*Meta-MTD 3 finished*
*Meta-MTD 12 finished*
*Meta-MTD 9 finished*
*Meta-MTD 5 finished*
*Meta-MTD 1 finished*
*Meta-MTD 11 finished*
*Meta-MTD 2 finished*
 
-----------------------
Multilevel Optimization
-----------------------
 
 -------------------------
 1. crude pre-optimization
 -------------------------
 Optimizing all 48 structures from file "crest_rotamers_0.xyz" ...
 1 2 3 4 5 6 7 8 9 10 11 12 13 14 15 16 17 18 19 20 21 22 23 24 25 26 27 28 29 30 31 32 33 34 35 36 37 38 39 40 41 42 43 44 45 46 47 48
 done.
 running RMSDs...
 done.
 E lowest :  -108.75424
 44 structures remain within    12.00 kcal/mol window
 
 -------------------------------------
 2. optimization with tight thresholds
 -------------------------------------
 Optimizing all 45 structures from file "crest_rotamers_1.xyz" ...
 1 2 3 4 5 6 7 8 9 10 11 12 13 14 15 16 17 18 19 20 21 22 23 24 25 26 27 28 29 30 31 32 33 34 35 36 37 38 39 40 41 42 43 44 45
 done.
 running RMSDs...
 done.
 E lowest :  -108.75605
 27 structures remain within     6.00 kcal/mol window
 
 ...............................................
 A new lower conformer was found!
 Improved by    0.00119 Eh or    0.74467kcal/mol
 ...............................................
 
========================================
            MTD Iteration  3
========================================
 
     ========================================
     |         Meta-MD (MTD) Sampling       |
     ========================================
 
Starting Meta-MD   1 with the settings:
     MD time /ps        :     0.5
     dt /fs             :     5.0
     dumpstep(trj) /fs  :     100
     dumpstep(Vbias)/ps :     1.0
     Vbias factor k /Eh :  0.2520
     Vbias exp α /bohr⁻²:    1.30
Starting Meta-MD   2 with the settings:
     MD time /ps        :     0.5
     dt /fs             :     5.0
     dumpstep(trj) /fs  :     100
     dumpstep(Vbias)/ps :     1.0
     Vbias factor k /Eh :  0.1260
     Vbias exp α /bohr⁻²:    1.30
Starting Meta-MD   3 with the settings:
     MD time /ps        :     0.5
     dt /fs             :     5.0
     dumpstep(trj) /fs  :     100
     dumpstep(Vbias)/ps :     1.0
     Vbias factor k /Eh :  0.0630
     Vbias exp α /bohr⁻²:    1.30
Starting Meta-MD   4 with the settings:
     MD time /ps        :     0.5
     dt /fs             :     5.0
     dumpstep(trj) /fs  :     100
     dumpstep(Vbias)/ps :     1.0
     Vbias factor k /Eh :  0.2520
     Vbias exp α /bohr⁻²:    0.78
Starting Meta-MD   5 with the settings:
     MD time /ps        :     0.5
     dt /fs             :     5.0
     dumpstep(trj) /fs  :     100
     dumpstep(Vbias)/ps :     1.0
     Vbias factor k /Eh :  0.1260
     Vbias exp α /bohr⁻²:    0.78
Starting Meta-MD   6 with the settings:
     MD time /ps        :     0.5
     dt /fs             :     5.0
     dumpstep(trj) /fs  :     100
     dumpstep(Vbias)/ps :     1.0
     Vbias factor k /Eh :  0.0630
     Vbias exp α /bohr⁻²:    0.78
Starting Meta-MD   7 with the settings:
     MD time /ps        :     0.5
     dt /fs             :     5.0
     dumpstep(trj) /fs  :     100
     dumpstep(Vbias)/ps :     1.0
     Vbias factor k /Eh :  0.2520
     Vbias exp α /bohr⁻²:    0.47
Starting Meta-MD   8 with the settings:
     MD time /ps        :     0.5
     dt /fs             :     5.0
     dumpstep(trj) /fs  :     100
     dumpstep(Vbias)/ps :     1.0
     Vbias factor k /Eh :  0.1260
     Vbias exp α /bohr⁻²:    0.47
Starting Meta-MD   9 with the settings:
     MD time /ps        :     0.5
     dt /fs             :     5.0
     dumpstep(trj) /fs  :     100
     dumpstep(Vbias)/ps :     1.0
     Vbias factor k /Eh :  0.0630
     Vbias exp α /bohr⁻²:    0.47
Starting Meta-MD  10 with the settings:
     MD time /ps        :     0.5
     dt /fs             :     5.0
     dumpstep(trj) /fs  :     100
     dumpstep(Vbias)/ps :     1.0
     Vbias factor k /Eh :  0.2520
     Vbias exp α /bohr⁻²:    0.28
Starting Meta-MD  11 with the settings:
     MD time /ps        :     0.5
     dt /fs             :     5.0
     dumpstep(trj) /fs  :     100
     dumpstep(Vbias)/ps :     1.0
     Vbias factor k /Eh :  0.1260
     Vbias exp α /bohr⁻²:    0.28
Starting Meta-MD  12 with the settings:
     MD time /ps        :     0.5
     dt /fs             :     5.0
     dumpstep(trj) /fs  :     100
     dumpstep(Vbias)/ps :     1.0
     Vbias factor k /Eh :  0.0630
     Vbias exp α /bohr⁻²:    0.28
*Meta-MTD 6 finished*
*Meta-MTD 2 finished*
*Meta-MTD 12 finished*
*Meta-MTD 4 finished*
*Meta-MTD 8 finished*
*Meta-MTD 9 finished*
*Meta-MTD 5 finished*
*Meta-MTD 10 finished*
*Meta-MTD 7 finished*
*Meta-MTD 11 finished*
*Meta-MTD 3 finished*
*Meta-MTD 1 finished*
 
-----------------------
Multilevel Optimization
-----------------------
 
 -------------------------
 1. crude pre-optimization
 -------------------------
 Optimizing all 48 structures from file "crest_rotamers_0.xyz" ...
 1 2 3 4 5 6 7 8 9 10 11 12 13 14 15 16 17 18 19 20 21 22 23 24 25 26 27 28 29 30 31 32 33 34 35 36 37 38 39 40 41 42 43 44 45 46 47 48
 done.
 running RMSDs...
 done.
 E lowest :  -108.75478
 46 structures remain within    12.00 kcal/mol window
 
 -------------------------------------
 2. optimization with tight thresholds
 -------------------------------------
 Optimizing all 47 structures from file "crest_rotamers_1.xyz" ...
 1 2 3 4 5 6 7 8 9 10 11 12 13 14 15 16 17 18 19 20 21 22 23 24 25 26 27 28 29 30 31 32 33 34 35 36 37 38 39 40 41 42 43 44 45 46 47
 done.
 running RMSDs...
 done.
 E lowest :  -108.75739
 18 structures remain within     6.00 kcal/mol window
 
 ...............................................
 A new lower conformer was found!
 Improved by    0.00134 Eh or    0.84247kcal/mol
 ...............................................
 
========================================
            MTD Iteration  4
========================================
 
     ========================================
     |         Meta-MD (MTD) Sampling       |
     ========================================
 
Starting Meta-MD   1 with the settings:
     MD time /ps        :     0.5
     dt /fs             :     5.0
     dumpstep(trj) /fs  :     100
     dumpstep(Vbias)/ps :     1.0
     Vbias factor k /Eh :  0.2520
     Vbias exp α /bohr⁻²:    1.30
Starting Meta-MD   3 with the settings:
     MD time /ps        :     0.5
     dt /fs             :     5.0
     dumpstep(trj) /fs  :     100
     dumpstep(Vbias)/ps :     1.0
     Vbias factor k /Eh :  0.0630
     Vbias exp α /bohr⁻²:    1.30
Starting Meta-MD   2 with the settings:
     MD time /ps        :     0.5
     dt /fs             :     5.0
     dumpstep(trj) /fs  :     100
     dumpstep(Vbias)/ps :     1.0
     Vbias factor k /Eh :  0.1260
     Vbias exp α /bohr⁻²:    1.30
Starting Meta-MD   5 with the settings:
     MD time /ps        :     0.5
     dt /fs             :     5.0
     dumpstep(trj) /fs  :     100
     dumpstep(Vbias)/ps :     1.0
     Vbias factor k /Eh :  0.1260
     Vbias exp α /bohr⁻²:    0.78
Starting Meta-MD   4 with the settings:
     MD time /ps        :     0.5
     dt /fs             :     5.0
     dumpstep(trj) /fs  :     100
     dumpstep(Vbias)/ps :     1.0
     Vbias factor k /Eh :  0.2520
     Vbias exp α /bohr⁻²:    0.78
Starting Meta-MD   7 with the settings:
     MD time /ps        :     0.5
     dt /fs             :     5.0
     dumpstep(trj) /fs  :     100
     dumpstep(Vbias)/ps :     1.0
     Vbias factor k /Eh :  0.2520
     Vbias exp α /bohr⁻²:    0.47
Starting Meta-MD   6 with the settings:
     MD time /ps        :     0.5
     dt /fs             :     5.0
     dumpstep(trj) /fs  :     100
     dumpstep(Vbias)/ps :     1.0
     Vbias factor k /Eh :  0.0630
     Vbias exp α /bohr⁻²:    0.78
Starting Meta-MD   8 with the settings:
     MD time /ps        :     0.5
     dt /fs             :     5.0
     dumpstep(trj) /fs  :     100
     dumpstep(Vbias)/ps :     1.0
     Vbias factor k /Eh :  0.1260
     Vbias exp α /bohr⁻²:    0.47
Starting Meta-MD   9 with the settings:
     MD time /ps        :     0.5
     dt /fs             :     5.0
     dumpstep(trj) /fs  :     100
     dumpstep(Vbias)/ps :     1.0
     Vbias factor k /Eh :  0.0630
     Vbias exp α /bohr⁻²:    0.47
Starting Meta-MD  10 with the settings:
     MD time /ps        :     0.5
     dt /fs             :     5.0
     dumpstep(trj) /fs  :     100
     dumpstep(Vbias)/ps :     1.0
     Vbias factor k /Eh :  0.2520
     Vbias exp α /bohr⁻²:    0.28
Starting Meta-MD  11 with the settings:
     MD time /ps        :     0.5
     dt /fs             :     5.0
     dumpstep(trj) /fs  :     100
     dumpstep(Vbias)/ps :     1.0
     Vbias factor k /Eh :  0.1260
     Vbias exp α /bohr⁻²:    0.28
Starting Meta-MD  12 with the settings:
     MD time /ps        :     0.5
     dt /fs             :     5.0
     dumpstep(trj) /fs  :     100
     dumpstep(Vbias)/ps :     1.0
     Vbias factor k /Eh :  0.0630
     Vbias exp α /bohr⁻²:    0.28
*Meta-MTD 9 finished*
*Meta-MTD 1 finished*
*Meta-MTD 5 finished*
*Meta-MTD 11 finished*
*Meta-MTD 10 finished*
*Meta-MTD 2 finished*
*Meta-MTD 4 finished*
*Meta-MTD 6 finished*
*Meta-MTD 7 finished*
*Meta-MTD 8 finished*
*Meta-MTD 12 finished*
*Meta-MTD 3 finished*
 
-----------------------
Multilevel Optimization
-----------------------
 
 -------------------------
 1. crude pre-optimization
 -------------------------
 Optimizing all 48 structures from file "crest_rotamers_0.xyz" ...
 1 2 3 4 5 6 7 8 9 10 11 12 13 14 15 16 17 18 19 20 21 22 23 24 25 26 27 28 29 30 31 32 33 34 35 36 37 38 39 40 41 42 43 44 45 46 47 48
 done.
 running RMSDs...
 done.
 E lowest :  -108.75631
 44 structures remain within    12.00 kcal/mol window
 
 -------------------------------------
 2. optimization with tight thresholds
 -------------------------------------
 Optimizing all 45 structures from file "crest_rotamers_1.xyz" ...
 1 2 3 4 5 6 7 8 9 10 11 12 13 14 15 16 17 18 19 20 21 22 23 24 25 26 27 28 29 30 31 32 33 34 35 36 37 38 39 40 41 42 43 44 45
 done.
 running RMSDs...
 done.
 E lowest :  -108.75740
 18 structures remain within     6.00 kcal/mol window
 
========================================
            MTD Iterations done         
========================================
 Collecting ensmbles.
 running RMSDs...
 done.
 E lowest :  -108.75740
 79 structures remain within     6.00 kcal/mol window
 
 -------------------------------
 Additional orientation sampling
 -------------------------------
 Optimizing all 154 structures from file "oh_ensemble.xyz" ...
 1 2 3 4 5 6 7 8 9 10 11 12 13 14 15 16 17 18 19 20 21 22 23 24 25 26 27 28 29 30 31 32 33 34 35 36 37 38 39 40 41 42 43 44 45 46 47 48 49 50 51 52 53 54 55 56 57 58 59 60 61 62 63 64 65 66 67 68 69 70 71 72 73 74 75 76 77 78 79 80 81 82 83 84 85 86 87 88 89 90 91 92 93 94 95 96 97 98 99 100 101 102 103 104 105 106 107 108 109 110 111 112 113 114 115 116 117 118 119 120 121 122 123 124 125 126 127 128 129 130 131 132 133 134 135 136 137 138 139 140 141 142 143 144 145 146 147 148 149 150 151 152 153 154
 done.
 running RMSDs...
 done.
 E lowest :  -108.75740
 190 structures remain within     6.00 kcal/mol window
 
-----------------------------------------------
Additional regular MDs on lowest 4 conformer(s)
-----------------------------------------------
Starting MD   1 with the settings:
     MD time /ps        :     0.2
     MD Temperature /K  :   400.0
     dt /fs             :     5.0
     dumpstep(trj) /fs  :     100
Starting MD   2 with the settings:
     MD time /ps        :     0.2
     MD Temperature /K  :   500.0
     dt /fs             :     5.0
     dumpstep(trj) /fs  :     100
Starting MD   3 with the settings:
     MD time /ps        :     0.2
     MD Temperature /K  :   400.0
     dt /fs             :     5.0
     dumpstep(trj) /fs  :     100
Starting MD   4 with the settings:
     MD time /ps        :     0.2
     MD Temperature /K  :   500.0
     dt /fs             :     5.0
     dumpstep(trj) /fs  :     100
Starting MD   5 with the settings:
     MD time /ps        :     0.2
     MD Temperature /K  :   400.0
     dt /fs             :     5.0
     dumpstep(trj) /fs  :     100
Starting MD   7 with the settings:
     MD time /ps        :     0.2
     MD Temperature /K  :   400.0
     dt /fs             :     5.0
     dumpstep(trj) /fs  :     100
Starting MD   8 with the settings:
     MD time /ps        :     0.2
     MD Temperature /K  :   500.0
     dt /fs             :     5.0
     dumpstep(trj) /fs  :     100
Starting MD   6 with the settings:
     MD time /ps        :     0.2
     MD Temperature /K  :   500.0
     dt /fs             :     5.0
     dumpstep(trj) /fs  :     100
*MD 4 finished*
*MD 1 finished*
*MD 5 finished*
*MD 8 finished*
*MD 3 finished*
*MD 6 finished*
*MD 2 finished*
*MD 7 finished*
 Appending file crest_rotamers_2.xyz with new structures
 
 -------------------------------------------
 Ensemble optimization with tight thresholds
 -------------------------------------------
 Optimizing all 206 structures from file "crest_rotamers_2.xyz" ...
 1 2 3 4 5 6 7 8 9 10 11 12 13 14 15 16 17 18 19 20 21 22 23 24 25 26 27 28 29 30 31 32 33 34 35 36 37 38 39 40 41 42 43 44 45 46 47 48 49 50 51 52 53 54 55 56 57 58 59 60 61 62 63 64 65 66 67 68 69 70 71 72 73 74 75 76 77 78 79 80 81 82 83 84 85 86 87 88 89 90 91 92 93 94 95 96 97 98 99 100 101 102 103 104 105 106 107 108 109 110 111 112 113 114 115 116 117 118 119 120 121 122 123 124 125 126 127 128 129 130 131 132 133 134 135 136 137 138 139 140 141 142 143 144 145 146 147 148 149 150 151 152 153 154 155 156 157 158 159 160 161 162 163 164 165 166 167 168 169 170 171 172 173 174 175 176 177 178 179 180 181 182 183 184 185 186 187 188 189 190 191 192 193 194 195 196 197 198 199 200 201 202 203 204 205 206
 done.
 running RMSDs...
 done.
 E lowest :  -108.75740
 191 structures remain within     6.00 kcal/mol window
 
 
     ========================================
     |        Structure Crossing (GC)       |
     ========================================
 =============================
  # threads =          28
 =============================
 input  file name : crest_rotamers_4.xyz
number of atoms                :    84
number of points on xyz files  :   191
conformer energy window  /kcal :    6.00
CN per atom difference cut-off :  0.3000
RMSD threshold                 :  0.5000
max. # of generated structures : 25
 reading xyz file ...
 # in E window                191
 generating pairs ...       18335
  44.0 % done
 generated pairs           :        9033
 number of clash discarded :        9112
 average rmsd w.r.t input  : 4.72913
 sd of ensemble            : 1.97687
 number of new structures      :           8
 removed identical structures  :          42
 writing            8  TMPCONF* dirs ...
 --------------------------
 GC: loose pre-optimization
 --------------------------
 Starting optimization of generated structures
 8 jobs to do.
 1 2 3 4 5 6 7 8 
 done.
 Now appending opt.xyz file with new structures
 running RMSDs...
 done.
 E lowest :  -108.75723
 7 structures remain within    10.00 kcal/mol window
 --------------------------------------
 GC: optimization with tight thresholds
 --------------------------------------
 Optimizing all 7 structures from file "crest_rotamers_1.xyz" ...
 1 2 3 4 5 6 7
 done.
 running RMSDs...
 done.
 E lowest :  -108.75740
 
 
   ================================================
   |           Final Geometry Optimization        |
   ================================================
 ------------------------------------------------
 Ensemble optimization with very tight thresholds
 ------------------------------------------------
 Optimizing all 194 structures from file "crest_rotamers_5.xyz" ...
 1 2 3 4 5 6 7 8 9 10 11 12 13 14 15 16 17 18 19 20 21 22 23 24 25 26 27 28 29 30 31 32 33 34 35 36 37 38 39 40 41 42 43 44 45 46 47 48 49 50 51 52 53 54 55 56 57 58 59 60 61 62 63 64 65 66 67 68 69 70 71 72 73 74 75 76 77 78 79 80 81 82 83 84 85 86 87 88 89 90 91 92 93 94 95 96 97 98 99 100 101 102 103 104 105 106 107 108 109 110 111 112 113 114 115 116 117 118 119 120 121 122 123 124 125 126 127 128 129 130 131 132 133 134 135 136 137 138 139 140 141 142 143 144 145 146 147 148 149 150 151 152 153 154 155 156 157 158 159 160 161 162 163 164 165 166 167 168 169 170 171 172 173 174 175 176 177 178 179 180 181 182 183 184 185 186 187 188 189 190 191 192 193 194
 done.
 running RMSDs...
 done.
 E lowest :  -108.75740
 194 structures remain within     6.00 kcal/mol window
 
 input  file name : crest_rotamers_6.xyz
 output file name : crest_rotamers_7.xyz
 number of atoms                :   84
 number of points on xyz files  :   194
 RMSD threshold                 :   0.2500
 Bconst threshold               :   0.0100
 population threshold           :   0.0500
 conformer energy window  /kcal :   6.0000
 # fragment in coord            :     1
 # bonds in reference structure :    87
 number of reliable points      :   194
 reference state Etot :  -108.757402270000
 number of doubles removed by rot/RMSD         :           0
 total number unique points considered further :         194
       Erel/kcal        Etot weight/tot  conformer     set   degen     origin
       1   0.000  -108.75740    0.11252    0.22474       1       2     md4
       2   0.002  -108.75740    0.11223                                mtd5
       3   0.028  -108.75736    0.10726    0.10726       2       1     md1
       4   0.100  -108.75724    0.09512    0.09512       3       1     md1
       5   0.340  -108.75686    0.06337    0.06337       4       1     md8
       6   0.398  -108.75677    0.05752    0.05752       5       1     mtd6
       7   0.414  -108.75674    0.05595    0.05595       6       1     mtd8
       8   0.484  -108.75663    0.04976    0.04976       7       1     mtd10
       9   0.834  -108.75607    0.02756    0.02756       8       1     mtd4
      10   0.839  -108.75607    0.02733    0.02733       9       1     mtd10
      11   0.847  -108.75605    0.02698    0.02698      10       1     mtd8
      12   0.867  -108.75602    0.02610    0.02610      11       1     mtd7
      13   1.024  -108.75577    0.02001    0.02001      12       1     mtd10
      14   1.497  -108.75502    0.00902    0.00902      13       1     mtd5
      15   1.591  -108.75487    0.00769    0.00769      14       1     mtd10
      16   1.592  -108.75487    0.00768    0.00768      15       1     mtd4
      17   1.598  -108.75486    0.00760    0.00760      16       1     mtd8
      18   1.623  -108.75482    0.00729    0.00729      17       1     mtd8
      19   1.635  -108.75480    0.00715    0.00715      18       1     mtd6
      20   1.732  -108.75464    0.00607    0.01186      19       2     mtd5
      21   1.759  -108.75460    0.00579                                mtd6
      22   1.743  -108.75462    0.00595    0.00595      20       1     mtd11
      23   1.769  -108.75458    0.00569    0.00569      21       1     mtd9
      24   1.770  -108.75458    0.00568    0.00568      22       1     mtd2
      25   1.782  -108.75456    0.00558    0.00558      23       1     hor
      26   1.786  -108.75456    0.00553    0.00553      24       1     mtd6
      27   1.800  -108.75453    0.00541    0.00541      25       1     mtd5
      28   1.822  -108.75450    0.00521    0.00521      26       1     mtd2
      29   1.898  -108.75438    0.00458    0.00458      27       1     mtd2
      30   1.922  -108.75434    0.00440    0.00440      28       1     mtd6
      31   1.966  -108.75427    0.00409    0.00409      29       1     mtd4
      32   1.966  -108.75427    0.00409    0.00409      30       1     mtd6
      33   1.977  -108.75425    0.00401    0.00401      31       1     mtd7
      34   1.981  -108.75425    0.00398    0.00794      32       2     mtd6
      35   1.985  -108.75424    0.00396                                mtd6
      36   2.000  -108.75422    0.00386    0.00386      33       1     mtd5
      37   2.031  -108.75417    0.00366    0.00366      34       1     hor
      38   2.041  -108.75415    0.00360    0.00360      35       1     hor
      39   2.102  -108.75405    0.00325    0.00325      36       1     mtd5
      40   2.146  -108.75398    0.00302    0.00302      37       1     mtd9
      41   2.149  -108.75398    0.00300    0.00300      38       1     mtd5
      42   2.158  -108.75396    0.00296    0.00585      39       2     mtd2
      43   2.171  -108.75394    0.00289                                mtd12
      44   2.176  -108.75393    0.00287    0.00287      40       1     mtd11
      45   2.189  -108.75391    0.00281    0.00281      41       1     hor
      46   2.223  -108.75386    0.00265    0.00265      42       1     hor
      47   2.232  -108.75385    0.00261    0.00261      43       1     mtd9
      48   2.250  -108.75382    0.00253    0.00253      44       1     mtd5
      49   2.252  -108.75381    0.00253    0.00253      45       1     mtd1
      50   2.320  -108.75370    0.00225    0.00225      46       1     hor
      51   2.325  -108.75370    0.00223    0.00223      47       1     hor
      52   2.342  -108.75367    0.00217    0.00217      48       1     hor
      53   2.410  -108.75356    0.00193    0.00193      49       1     hor
      54   2.478  -108.75345    0.00172    0.00172      50       1     mtd11
      55   2.493  -108.75343    0.00168    0.00168      51       1     mtd8
      56   2.552  -108.75334    0.00152    0.00152      52       1     hor
      57   2.622  -108.75322    0.00135    0.00135      53       1     hor
      58   2.638  -108.75320    0.00132    0.00132      54       1     mtd4
      59   2.654  -108.75317    0.00128    0.00128      55       1     hor
      60   2.658  -108.75317    0.00127    0.00127      56       1     hor
      61   2.667  -108.75315    0.00125    0.00125      57       1     mtd10
      62   2.668  -108.75315    0.00125    0.00125      58       1     mtd11
      63   2.671  -108.75315    0.00124    0.00124      59       1     hor
      64   2.727  -108.75306    0.00113    0.00113      60       1     mtd2
      65   2.730  -108.75305    0.00113    0.00113      61       1     hor
      66   2.763  -108.75300    0.00107    0.00107      62       1     hor
      67   2.770  -108.75299    0.00105    0.00105      63       1     mtd5
      68   2.777  -108.75298    0.00104    0.00104      64       1     mtd3
      69   2.837  -108.75288    0.00094    0.00094      65       1     hor
      70   2.938  -108.75272    0.00079    0.00079      66       1     mtd8
      71   2.941  -108.75272    0.00079    0.00079      67       1     hor
      72   2.973  -108.75267    0.00075    0.00075      68       1     mtd4
      73   2.996  -108.75263    0.00072    0.00072      69       1     hor
      74   3.043  -108.75255    0.00066    0.00066      70       1     mtd10
      75   3.049  -108.75254    0.00066    0.00066      71       1     mtd7
      76   3.074  -108.75250    0.00063    0.00063      72       1     hor
      77   3.086  -108.75248    0.00062    0.00062      73       1     mtd8
      78   3.121  -108.75243    0.00058    0.00058      74       1     mtd2
      79   3.130  -108.75241    0.00057    0.00057      75       1     hor
      80   3.163  -108.75236    0.00054    0.00109      76       2     hor
      81   3.163  -108.75236    0.00054                                hor
      82   3.177  -108.75234    0.00053    0.00053      77       1     mtd2
      83   3.217  -108.75228    0.00050    0.00050      78       1     hor
      84   3.253  -108.75222    0.00047    0.00047      79       1     mtd8
      85   3.281  -108.75217    0.00044    0.00044      80       1     mtd7
      86   3.356  -108.75205    0.00039    0.00039      81       1     hor
      87   3.444  -108.75191    0.00034    0.00034      82       1     hor
      88   3.481  -108.75186    0.00032    0.00032      83       1     hor
      89   3.533  -108.75177    0.00029    0.00029      84       1     hor
      90   3.554  -108.75174    0.00028    0.00028      85       1     hor
      91   3.559  -108.75173    0.00028    0.00028      86       1     hor
      92   3.564  -108.75172    0.00028    0.00028      87       1     hor
      93   3.592  -108.75168    0.00026    0.00026      88       1     hor
      94   3.609  -108.75165    0.00026    0.00026      89       1     mtd4
      95   3.610  -108.75165    0.00026    0.00026      90       1     hor
      96   3.711  -108.75149    0.00022    0.00022      91       1     hor
      97   3.724  -108.75147    0.00021    0.00021      92       1     hor
      98   3.762  -108.75141    0.00020    0.00020      93       1     hor
      99   3.766  -108.75140    0.00020    0.00020      94       1     hor
     100   3.786  -108.75137    0.00019    0.00019      95       1     hor
     101   3.817  -108.75132    0.00018    0.00018      96       1     mtd7
     102   3.835  -108.75129    0.00017    0.00017      97       1     mtd8
     103   3.839  -108.75128    0.00017    0.00017      98       1     hor
     104   3.844  -108.75128    0.00017    0.00034      99       2     hor
     105   3.844  -108.75128    0.00017                                hor
     106   3.848  -108.75127    0.00017    0.00017     100       1     hor
     107   3.844  -108.75128    0.00017    0.00017     101       1     mtd7
     108   3.869  -108.75124    0.00017    0.00017     102       1     hor
     109   3.883  -108.75121    0.00016    0.00016     103       1     hor
     110   3.892  -108.75120    0.00016    0.00016     104       1     hor
     111   3.894  -108.75120    0.00016    0.00016     105       1     hor
     112   3.897  -108.75119    0.00016    0.00016     106       1     hor
     113   3.903  -108.75118    0.00016    0.00016     107       1     hor
     114   3.945  -108.75112    0.00015    0.00015     108       1     hor
     115   3.948  -108.75111    0.00014    0.00014     109       1     mtd1
     116   4.009  -108.75101    0.00013    0.00013     110       1     mtd1
     117   4.012  -108.75101    0.00013    0.00026     111       2     hor
     118   4.012  -108.75101    0.00013                                hor
     119   4.019  -108.75100    0.00013    0.00013     112       1     hor
     120   4.036  -108.75097    0.00012    0.00012     113       1     hor
     121   4.041  -108.75096    0.00012    0.00012     114       1     mtd10
     122   4.050  -108.75095    0.00012    0.00012     115       1     hor
     123   4.063  -108.75093    0.00012    0.00012     116       1     hor
     124   4.068  -108.75092    0.00012    0.00012     117       1     hor
     125   4.074  -108.75091    0.00012    0.00012     118       1     hor
     126   4.098  -108.75087    0.00011    0.00011     119       1     hor
     127   4.107  -108.75086    0.00011    0.00011     120       1     mtd7
     128   4.117  -108.75084    0.00011    0.00011     121       1     mtd1
     129   4.138  -108.75081    0.00010    0.00010     122       1     gc
     130   4.154  -108.75078    0.00010    0.00010     123       1     hor
     131   4.157  -108.75078    0.00010    0.00010     124       1     hor
     132   4.171  -108.75076    0.00010    0.00010     125       1     hor
     133   4.185  -108.75073    0.00010    0.00010     126       1     mtd1
     134   4.202  -108.75071    0.00009    0.00019     127       2     hor
     135   4.212  -108.75069    0.00009                                hor
     136   4.222  -108.75067    0.00009    0.00009     128       1     hor
     137   4.209  -108.75069    0.00009    0.00009     129       1     hor
     138   4.248  -108.75063    0.00009    0.00009     130       1     hor
     139   4.303  -108.75055    0.00008    0.00008     131       1     hor
     140   4.345  -108.75048    0.00007    0.00007     132       1     hor
     141   4.355  -108.75046    0.00007    0.00007     133       1     hor
     142   4.356  -108.75046    0.00007    0.00007     134       1     hor
     143   4.378  -108.75043    0.00007    0.00007     135       1     mtd7
     144   4.395  -108.75040    0.00007    0.00007     136       1     mtd7
     145   4.413  -108.75037    0.00007    0.00007     137       1     hor
     146   4.417  -108.75036    0.00007    0.00007     138       1     hor
     147   4.432  -108.75034    0.00006    0.00006     139       1     hor
     148   4.437  -108.75033    0.00006    0.00006     140       1     mtd7
     149   4.437  -108.75033    0.00006    0.00006     141       1     hor
     150   4.452  -108.75031    0.00006    0.00006     142       1     hor
     151   4.526  -108.75019    0.00005    0.00005     143       1     hor
     152   4.527  -108.75019    0.00005    0.00005     144       1     hor
     153   4.533  -108.75018    0.00005    0.00005     145       1     hor
     154   4.550  -108.75015    0.00005    0.00005     146       1     hor
     155   4.572  -108.75012    0.00005    0.00005     147       1     hor
     156   4.576  -108.75011    0.00005    0.00005     148       1     hor
     157   4.584  -108.75010    0.00005    0.00005     149       1     hor
     158   4.598  -108.75008    0.00005    0.00005     150       1     hor
     159   4.618  -108.75004    0.00005    0.00005     151       1     hor
     160   4.687  -108.74993    0.00004    0.00004     152       1     hor
     161   4.687  -108.74993    0.00004    0.00004     153       1     hor
     162   4.692  -108.74993    0.00004    0.00004     154       1     hor
     163   4.696  -108.74992    0.00004    0.00004     155       1     hor
     164   4.698  -108.74992    0.00004    0.00004     156       1     hor
     165   4.711  -108.74989    0.00004    0.00004     157       1     mtd8
     166   4.813  -108.74973    0.00003    0.00003     158       1     hor
     167   4.892  -108.74961    0.00003    0.00003     159       1     mtd4
     168   4.896  -108.74960    0.00003    0.00003     160       1     hor
     169   4.920  -108.74956    0.00003    0.00003     161       1     hor
     170   4.940  -108.74953    0.00003    0.00003     162       1     hor
     171   4.950  -108.74951    0.00003    0.00003     163       1     hor
     172   4.997  -108.74944    0.00002    0.00002     164       1     hor
     173   5.029  -108.74939    0.00002    0.00002     165       1     hor
     174   5.029  -108.74939    0.00002    0.00002     166       1     hor
     175   5.040  -108.74937    0.00002    0.00002     167       1     hor
     176   5.055  -108.74935    0.00002    0.00002     168       1     gc
     177   5.060  -108.74934    0.00002    0.00002     169       1     hor
     178   5.073  -108.74932    0.00002    0.00002     170       1     hor
     179   5.117  -108.74925    0.00002    0.00002     171       1     hor
     180   5.139  -108.74921    0.00002    0.00002     172       1     hor
     181   5.271  -108.74900    0.00002    0.00002     173       1     mtd1
     182   5.421  -108.74876    0.00001    0.00001     174       1     hor
     183   5.439  -108.74873    0.00001    0.00001     175       1     mtd4
     184   5.492  -108.74865    0.00001    0.00001     176       1     hor
     185   5.534  -108.74858    0.00001    0.00001     177       1     hor
     186   5.555  -108.74855    0.00001    0.00001     178       1     hor
     187   5.637  -108.74842    0.00001    0.00001     179       1     hor
     188   5.694  -108.74833    0.00001    0.00001     180       1     hor
     189   5.697  -108.74832    0.00001    0.00001     181       1     hor
     190   5.789  -108.74818    0.00001    0.00001     182       1     hor
     191   5.812  -108.74814    0.00001    0.00001     183       1     hor
     192   5.928  -108.74796    0.00001    0.00001     184       1     gc
     193   5.986  -108.74786    0.00000    0.00000     185       1     mtd1
     194   5.991  -108.74786    0.00000    0.00000     186       1     hor
T /K                                  :   298.15
E lowest                              :  -108.75740
ensemble average energy (kcal)        :    0.675
ensemble entropy (J/mol K, cal/mol K) :   27.629    6.604
ensemble free energy (kcal/mol)       :   -1.969
population of lowest in %             :   22.474
 number of unique conformers for further calc          186
 list of relative energies saved as "crest.energies"
 
 -----------------
 Wall Time Summary
 -----------------
             test MD wall time :         0h : 0m :13s
                 MTD wall time :         0h : 2m :55s
      multilevel OPT wall time :         0h : 8m :47s
                  MD wall time :         0h : 1m :48s
                  GC wall time :         0h : 0m :10s
--------------------
Overall wall time  : 0h :14m : 8s
 
 CREST terminated normally.
