 
       ==============================================
       |                                            |
       |                 C R E S T                  |
       |                                            |
       |  Conformer-Rotamer Ensemble Sampling Tool  |
       |          based on the GFN methods          |
       |             P.Pracht, S.Grimme             |
       |          Universitaet Bonn, MCTC           |
       ==============================================
       Version 2.12,   Thu 19. Mai 16:32:32 CEST 2022
  Using the xTB program. Compatible with xTB version 6.4.0
 
   Cite work conducted with this code as

   • P.Pracht, F.Bohle, S.Grimme, PCCP, 2020, 22, 7169-7192.
   • S.Grimme, JCTC, 2019, 15, 2847-2862.

   and for works involving QCG as

   • S.Spicher, C.Plett, P.Pracht, A.Hansen, S.Grimme,
     JCTC, 2022, 18 (5), 3174-3189.
 
   with help from:
   C.Bannwarth, F.Bohle, S.Ehlert, S.Grimme,
   C.Plett, P.Pracht, S.Spicher
 
   This program is distributed in the hope that it will be useful,
   but WITHOUT ANY WARRANTY; without even the implied warranty of
   MERCHANTABILITY or FITNESS FOR A PARTICULAR PURPOSE.

 Command line input:
 > crest 00077_r_0.xyz -T 28 -gfn2 -chrg 0 -uhf 0 -rthr 0.25 -shake 1 --mdlen 0.5

  -T 28 (CPUs/Threads selected)
  -gfn2 : Use of GFN2-xTB requested.
  -chrg 0
  -uhf 0
  -rthr 0.25
  --mdlen 0.5 (MD length in ps)
 
 -------------------------
 xTB Geometry Optimization
 -------------------------
 Geometry successfully optimized.
 
------------------------------------------------
Generating MTD length from a flexibility measure
------------------------------------------------
 Calculating WBOs... done.
 Calculating NCI flexibility... done.
     covalent flexibility measure :   0.069
 non-covalent flexibility measure :   0.664
 flexibility measure :   0.122
 t(MTD) / ps set by command line  :     0.5
 t(MTD) / ps    :     0.5
 Σ(t(MTD)) / ps :     7.0 (14 MTDs)
 
-------------------------------------
Starting a trial MTD to test settings
-------------------------------------
 Estimated runtime for one MTD (0.5 ps) on a single thread: 1 min 4 sec
 Estimated runtime for a batch of 14 MTDs on 28 threads: 32 sec
 
 list of Vbias parameters applied:
$metadyn    0.00300   1.300
$metadyn    0.00150   1.300
$metadyn    0.00075   1.300
$metadyn    0.00300   0.780
$metadyn    0.00150   0.780
$metadyn    0.00075   0.780
$metadyn    0.00300   0.468
$metadyn    0.00150   0.468
$metadyn    0.00075   0.468
$metadyn    0.00300   0.281
$metadyn    0.00150   0.281
$metadyn    0.00075   0.281
$metadyn    0.00100   0.100
$metadyn    0.00500   0.800
 
*******************************************************************************************
**                        N E W    I T E R A T I O N    C Y C L E                        **
*******************************************************************************************
 
========================================
            MTD Iteration  1
========================================
 
     ========================================
     |         Meta-MD (MTD) Sampling       |
     ========================================
 
Starting Meta-MD  14 with the settings:
     MD time /ps        :     0.5
     dt /fs             :     5.0
     dumpstep(trj) /fs  :     100
     dumpstep(Vbias)/ps :     1.0
     Vbias factor k /Eh :  0.3000
     Vbias exp α /bohr⁻²:    0.80
Starting Meta-MD   1 with the settings:
     MD time /ps        :     0.5
     dt /fs             :     5.0
     dumpstep(trj) /fs  :     100
     dumpstep(Vbias)/ps :     1.0
     Vbias factor k /Eh :  0.1800
     Vbias exp α /bohr⁻²:    1.30
Starting Meta-MD   2 with the settings:
     MD time /ps        :     0.5
     dt /fs             :     5.0
     dumpstep(trj) /fs  :     100
     dumpstep(Vbias)/ps :     1.0
     Vbias factor k /Eh :  0.0900
     Vbias exp α /bohr⁻²:    1.30
Starting Meta-MD   3 with the settings:
     MD time /ps        :     0.5
     dt /fs             :     5.0
     dumpstep(trj) /fs  :     100
     dumpstep(Vbias)/ps :     1.0
     Vbias factor k /Eh :  0.0450
     Vbias exp α /bohr⁻²:    1.30
Starting Meta-MD   4 with the settings:
     MD time /ps        :     0.5
     dt /fs             :     5.0
     dumpstep(trj) /fs  :     100
     dumpstep(Vbias)/ps :     1.0
     Vbias factor k /Eh :  0.1800
     Vbias exp α /bohr⁻²:    0.78
Starting Meta-MD   5 with the settings:
     MD time /ps        :     0.5
     dt /fs             :     5.0
     dumpstep(trj) /fs  :     100
     dumpstep(Vbias)/ps :     1.0
     Vbias factor k /Eh :  0.0900
     Vbias exp α /bohr⁻²:    0.78
Starting Meta-MD   6 with the settings:
     MD time /ps        :     0.5
     dt /fs             :     5.0
     dumpstep(trj) /fs  :     100
     dumpstep(Vbias)/ps :     1.0
     Vbias factor k /Eh :  0.0450
     Vbias exp α /bohr⁻²:    0.78
Starting Meta-MD   7 with the settings:
     MD time /ps        :     0.5
     dt /fs             :     5.0
     dumpstep(trj) /fs  :     100
     dumpstep(Vbias)/ps :     1.0
     Vbias factor k /Eh :  0.1800
     Vbias exp α /bohr⁻²:    0.47
Starting Meta-MD   9 with the settings:
     MD time /ps        :     0.5
     dt /fs             :     5.0
     dumpstep(trj) /fs  :     100
     dumpstep(Vbias)/ps :     1.0
     Vbias factor k /Eh :  0.0450
     Vbias exp α /bohr⁻²:    0.47
Starting Meta-MD  11 with the settings:
     MD time /ps        :     0.5
     dt /fs             :     5.0
     dumpstep(trj) /fs  :     100
     dumpstep(Vbias)/ps :     1.0
     Vbias factor k /Eh :  0.0900
     Vbias exp α /bohr⁻²:    0.28
Starting Meta-MD   8 with the settings:
     MD time /ps        :     0.5
     dt /fs             :     5.0
     dumpstep(trj) /fs  :     100
     dumpstep(Vbias)/ps :     1.0
     Vbias factor k /Eh :  0.0900
     Vbias exp α /bohr⁻²:    0.47
Starting Meta-MD  12 with the settings:
     MD time /ps        :     0.5
     dt /fs             :     5.0
     dumpstep(trj) /fs  :     100
     dumpstep(Vbias)/ps :     1.0
     Vbias factor k /Eh :  0.0450
     Vbias exp α /bohr⁻²:    0.28
Starting Meta-MD  13 with the settings:
     MD time /ps        :     0.5
     dt /fs             :     5.0
     dumpstep(trj) /fs  :     100
     dumpstep(Vbias)/ps :     1.0
     Vbias factor k /Eh :  0.0600
     Vbias exp α /bohr⁻²:    0.10
Starting Meta-MD  10 with the settings:
     MD time /ps        :     0.5
     dt /fs             :     5.0
     dumpstep(trj) /fs  :     100
     dumpstep(Vbias)/ps :     1.0
     Vbias factor k /Eh :  0.1800
     Vbias exp α /bohr⁻²:    0.28
*Meta-MTD 14 finished*
*Meta-MTD 1 finished*
*Meta-MTD 3 finished*
*Meta-MTD 4 finished*
*Meta-MTD 10 finished*
*Meta-MTD 6 finished*
*Meta-MTD 5 finished*
*Meta-MTD 11 finished*
*Meta-MTD 2 finished*
*Meta-MTD 7 finished*
*Meta-MTD 13 finished*
*Meta-MTD 9 finished*
*Meta-MTD 12 finished*
*Meta-MTD 8 finished*
 
-----------------------
Multilevel Optimization
-----------------------
 
 -------------------------
 1. crude pre-optimization
 -------------------------
 Optimizing all 56 structures from file "crest_rotamers_0.xyz" ...
 1 2 3 4 5 6 7 8 9 10 11 12 13 14 15 16 17 18 19 20 21 22 23 24 25 26 27 28 29 30 31 32 33 34 35 36 37 38 39 40 41 42 43 44 45 46 47 48 49 50 51 52 53 54 55 56
 done.
 running RMSDs...
 done.
 E lowest :   -90.59753
 50 structures remain within    12.00 kcal/mol window
 
 -------------------------------------
 2. optimization with tight thresholds
 -------------------------------------
 Optimizing all 51 structures from file "crest_rotamers_1.xyz" ...
 1 2 3 4 5 6 7 8 9 10 11 12 13 14 15 16 17 18 19 20 21 22 23 24 25 26 27 28 29 30 31 32 33 34 35 36 37 38 39 40 41 42 43 44 45 46 47 48 49 50 51
 done.
 running RMSDs...
 done.
 E lowest :   -90.59918
 32 structures remain within     6.00 kcal/mol window
 
 
========================================
            MTD Iteration  2
========================================
 
     ========================================
     |         Meta-MD (MTD) Sampling       |
     ========================================
 
Starting Meta-MD   1 with the settings:
     MD time /ps        :     0.5
     dt /fs             :     5.0
     dumpstep(trj) /fs  :     100
     dumpstep(Vbias)/ps :     1.0
     Vbias factor k /Eh :  0.1800
     Vbias exp α /bohr⁻²:    1.30
Starting Meta-MD   2 with the settings:
     MD time /ps        :     0.5
     dt /fs             :     5.0
     dumpstep(trj) /fs  :     100
     dumpstep(Vbias)/ps :     1.0
     Vbias factor k /Eh :  0.0900
     Vbias exp α /bohr⁻²:    1.30
Starting Meta-MD   3 with the settings:
     MD time /ps        :     0.5
     dt /fs             :     5.0
     dumpstep(trj) /fs  :     100
     dumpstep(Vbias)/ps :     1.0
     Vbias factor k /Eh :  0.0450
     Vbias exp α /bohr⁻²:    1.30
Starting Meta-MD   4 with the settings:
     MD time /ps        :     0.5
     dt /fs             :     5.0
     dumpstep(trj) /fs  :     100
     dumpstep(Vbias)/ps :     1.0
     Vbias factor k /Eh :  0.1800
     Vbias exp α /bohr⁻²:    0.78
Starting Meta-MD   5 with the settings:
     MD time /ps        :     0.5
     dt /fs             :     5.0
     dumpstep(trj) /fs  :     100
     dumpstep(Vbias)/ps :     1.0
     Vbias factor k /Eh :  0.0900
     Vbias exp α /bohr⁻²:    0.78
Starting Meta-MD   6 with the settings:
     MD time /ps        :     0.5
     dt /fs             :     5.0
     dumpstep(trj) /fs  :     100
     dumpstep(Vbias)/ps :     1.0
     Vbias factor k /Eh :  0.0450
     Vbias exp α /bohr⁻²:    0.78
Starting Meta-MD   7 with the settings:
     MD time /ps        :     0.5
     dt /fs             :     5.0
     dumpstep(trj) /fs  :     100
     dumpstep(Vbias)/ps :     1.0
     Vbias factor k /Eh :  0.1800
     Vbias exp α /bohr⁻²:    0.47
Starting Meta-MD   8 with the settings:
     MD time /ps        :     0.5
     dt /fs             :     5.0
     dumpstep(trj) /fs  :     100
     dumpstep(Vbias)/ps :     1.0
     Vbias factor k /Eh :  0.0900
     Vbias exp α /bohr⁻²:    0.47
Starting Meta-MD  10 with the settings:
     MD time /ps        :     0.5
     dt /fs             :     5.0
     dumpstep(trj) /fs  :     100
     dumpstep(Vbias)/ps :     1.0
     Vbias factor k /Eh :  0.1800
     Vbias exp α /bohr⁻²:    0.28
Starting Meta-MD  12 with the settings:
     MD time /ps        :     0.5
     dt /fs             :     5.0
     dumpstep(trj) /fs  :     100
     dumpstep(Vbias)/ps :     1.0
     Vbias factor k /Eh :  0.0450
     Vbias exp α /bohr⁻²:    0.28
Starting Meta-MD   9 with the settings:
     MD time /ps        :     0.5
     dt /fs             :     5.0
     dumpstep(trj) /fs  :     100
     dumpstep(Vbias)/ps :     1.0
     Vbias factor k /Eh :  0.0450
     Vbias exp α /bohr⁻²:    0.47
Starting Meta-MD  11 with the settings:
     MD time /ps        :     0.5
     dt /fs             :     5.0
     dumpstep(trj) /fs  :     100
     dumpstep(Vbias)/ps :     1.0
     Vbias factor k /Eh :  0.0900
     Vbias exp α /bohr⁻²:    0.28
*Meta-MTD 3 finished*
*Meta-MTD 11 finished*
*Meta-MTD 10 finished*
*Meta-MTD 2 finished*
*Meta-MTD 9 finished*
*Meta-MTD 6 finished*
*Meta-MTD 8 finished*
*Meta-MTD 5 finished*
*Meta-MTD 7 finished*
*Meta-MTD 4 finished*
*Meta-MTD 1 finished*
*Meta-MTD 12 finished*
 
-----------------------
Multilevel Optimization
-----------------------
 
 -------------------------
 1. crude pre-optimization
 -------------------------
 Optimizing all 48 structures from file "crest_rotamers_0.xyz" ...
 1 2 3 4 5 6 7 8 9 10 11 12 13 14 15 16 17 18 19 20 21 22 23 24 25 26 27 28 29 30 31 32 33 34 35 36 37 38 39 40 41 42 43 44 45 46 47 48
 done.
 running RMSDs...
 done.
 E lowest :   -90.59867
 38 structures remain within    12.00 kcal/mol window
 
 -------------------------------------
 2. optimization with tight thresholds
 -------------------------------------
 Optimizing all 39 structures from file "crest_rotamers_1.xyz" ...
 1 2 3 4 5 6 7 8 9 10 11 12 13 14 15 16 17 18 19 20 21 22 23 24 25 26 27 28 29 30 31 32 33 34 35 36 37 38 39
 done.
 running RMSDs...
 done.
 E lowest :   -90.59918
 24 structures remain within     6.00 kcal/mol window
 
========================================
            MTD Iterations done         
========================================
 Collecting ensmbles.
 running RMSDs...
 done.
 E lowest :   -90.59918
 55 structures remain within     6.00 kcal/mol window
 
 -------------------------------
 Additional orientation sampling
 -------------------------------
 Optimizing all 54 structures from file "oh_ensemble.xyz" ...
 1 2 3 4 5 6 7 8 9 10 11 12 13 14 15 16 17 18 19 20 21 22 23 24 25 26 27 28 29 30 31 32 33 34 35 36 37 38 39 40 41 42 43 44 45 46 47 48 49 50 51 52 53 54
 done.
 running RMSDs...
 done.
 E lowest :   -90.59918
 80 structures remain within     6.00 kcal/mol window
 
-----------------------------------------------
Additional regular MDs on lowest 4 conformer(s)
-----------------------------------------------
Starting MD   1 with the settings:
     MD time /ps        :     0.2
     MD Temperature /K  :   400.0
     dt /fs             :     5.0
     dumpstep(trj) /fs  :     100
Starting MD   2 with the settings:
     MD time /ps        :     0.2
     MD Temperature /K  :   500.0
     dt /fs             :     5.0
     dumpstep(trj) /fs  :     100
Starting MD   3 with the settings:
     MD time /ps        :     0.2
     MD Temperature /K  :   400.0
     dt /fs             :     5.0
     dumpstep(trj) /fs  :     100
Starting MD   8 with the settings:
     MD time /ps        :     0.2
     MD Temperature /K  :   500.0
     dt /fs             :     5.0
     dumpstep(trj) /fs  :     100
Starting MD   4 with the settings:
     MD time /ps        :     0.2
     MD Temperature /K  :   500.0
     dt /fs             :     5.0
     dumpstep(trj) /fs  :     100
Starting MD   5 with the settings:
     MD time /ps        :     0.2
     MD Temperature /K  :   400.0
     dt /fs             :     5.0
     dumpstep(trj) /fs  :     100
Starting MD   6 with the settings:
     MD time /ps        :     0.2
     MD Temperature /K  :   500.0
     dt /fs             :     5.0
     dumpstep(trj) /fs  :     100
Starting MD   7 with the settings:
     MD time /ps        :     0.2
     MD Temperature /K  :   400.0
     dt /fs             :     5.0
     dumpstep(trj) /fs  :     100
*MD 6 finished*
*MD 3 finished*
*MD 1 finished*
*MD 7 finished*
*MD 8 finished*
*MD 5 finished*
*MD 2 finished*
*MD 4 finished*
 Appending file crest_rotamers_2.xyz with new structures
 
 -------------------------------------------
 Ensemble optimization with tight thresholds
 -------------------------------------------
 Optimizing all 96 structures from file "crest_rotamers_2.xyz" ...
 1 2 3 4 5 6 7 8 9 10 11 12 13 14 15 16 17 18 19 20 21 22 23 24 25 26 27 28 29 30 31 32 33 34 35 36 37 38 39 40 41 42 43 44 45 46 47 48 49 50 51 52 53 54 55 56 57 58 59 60 61 62 63 64 65 66 67 68 69 70 71 72 73 74 75 76 77 78 79 80 81 82 83 84 85 86 87 88 89 90 91 92 93 94 95 96
 done.
 running RMSDs...
 done.
 E lowest :   -90.59918
 91 structures remain within     6.00 kcal/mol window
 
 
     ========================================
     |        Structure Crossing (GC)       |
     ========================================
 =============================
  # threads =          28
 =============================
 input  file name : crest_rotamers_4.xyz
number of atoms                :    60
number of points on xyz files  :    91
conformer energy window  /kcal :    6.00
CN per atom difference cut-off :  0.3000
RMSD threshold                 :  0.5000
max. # of generated structures : 25
 reading xyz file ...
 # in E window                 91
 generating pairs ...        4185
 generated pairs           :        2114
 number of clash discarded :        1981
 average rmsd w.r.t input  : 2.95007
 sd of ensemble            : 0.84954
 number of new structures      :          17
 removed identical structures  :          33
 writing           17  TMPCONF* dirs ...
 --------------------------
 GC: loose pre-optimization
 --------------------------
 Starting optimization of generated structures
 17 jobs to do.
 1 2 3 4 5 6 7 8 9 10 11 12 13 14 15 16 17 
 done.
 Now appending opt.xyz file with new structures
 running RMSDs...
 done.
 E lowest :   -90.59917
 17 structures remain within    10.00 kcal/mol window
 --------------------------------------
 GC: optimization with tight thresholds
 --------------------------------------
 Optimizing all 17 structures from file "crest_rotamers_1.xyz" ...
 1 2 3 4 5 6 7 8 9 10 11 12 13 14 15 16 17
 done.
 running RMSDs...
 done.
 E lowest :   -90.59918
 
 
   ================================================
   |           Final Geometry Optimization        |
   ================================================
 ------------------------------------------------
 Ensemble optimization with very tight thresholds
 ------------------------------------------------
 Optimizing all 105 structures from file "crest_rotamers_5.xyz" ...
 1 2 3 4 5 6 7 8 9 10 11 12 13 14 15 16 17 18 19 20 21 22 23 24 25 26 27 28 29 30 31 32 33 34 35 36 37 38 39 40 41 42 43 44 45 46 47 48 49 50 51 52 53 54 55 56 57 58 59 60 61 62 63 64 65 66 67 68 69 70 71 72 73 74 75 76 77 78 79 80 81 82 83 84 85 86 87 88 89 90 91 92 93 94 95 96 97 98 99 100 101 102 103 104 105
 done.
 running RMSDs...
 done.
 E lowest :   -90.59918
 104 structures remain within     6.00 kcal/mol window
 
 input  file name : crest_rotamers_6.xyz
 output file name : crest_rotamers_7.xyz
 number of atoms                :   60
 number of points on xyz files  :   105
 RMSD threshold                 :   0.2500
 Bconst threshold               :   0.0100
 population threshold           :   0.0500
 conformer energy window  /kcal :   6.0000
 # fragment in coord            :     1
 # bonds in reference structure :    63
 number of reliable points      :   105
 reference state Etot :  -90.5991785400000
 number of doubles removed by rot/RMSD         :           1
 total number unique points considered further :         104
       Erel/kcal        Etot weight/tot  conformer     set   degen     origin
       1   0.000   -90.59918    0.01851    0.35040       1      19     mtd5
       2   0.000   -90.59918    0.01851                                md7
       3   0.000   -90.59918    0.01851                                gc
       4   0.001   -90.59918    0.01849                                md6
       5   0.001   -90.59918    0.01849                                gc
       6   0.001   -90.59918    0.01849                                mtd9
       7   0.001   -90.59918    0.01847                                mtd2
       8   0.001   -90.59918    0.01847                                gc
       9   0.001   -90.59918    0.01846                                gc
      10   0.001   -90.59918    0.01846                                mtd9
      11   0.001   -90.59918    0.01846                                gc
      12   0.002   -90.59918    0.01846                                gc
      13   0.002   -90.59918    0.01846                                gc
      14   0.002   -90.59917    0.01843                                md8
      15   0.003   -90.59917    0.01842                                md4
      16   0.005   -90.59917    0.01837                                gc
      17   0.006   -90.59917    0.01831                                md5
      18   0.005   -90.59917    0.01836                                mtd7
      19   0.007   -90.59917    0.01829                                mtd2
      20   0.005   -90.59917    0.01835    0.10966       2       6     mtd7
      21   0.007   -90.59917    0.01828                                md1
      22   0.008   -90.59917    0.01827                                gc
      23   0.011   -90.59916    0.01816                                md1
      24   0.008   -90.59917    0.01826                                mtd5
      25   0.005   -90.59917    0.01834                                mtd2
      26   0.009   -90.59916    0.01823    0.07180       3       4     md5
      27   0.017   -90.59915    0.01798                                md2
      28   0.023   -90.59914    0.01781                                gc
      29   0.024   -90.59914    0.01778                                gc
      30   0.026   -90.59914    0.01772    0.03539       4       2     mtd1
      31   0.027   -90.59913    0.01767                                mtd13
      32   0.028   -90.59913    0.01766    0.01766       5       1     mtd10
      33   0.068   -90.59907    0.01650    0.03225       6       2     mtd14
      34   0.096   -90.59903    0.01575                                mtd10
      35   0.123   -90.59898    0.01504    0.01504       7       1     mtd11
      36   0.158   -90.59893    0.01418    0.01418       8       1     mtd5
      37   0.319   -90.59867    0.01081    0.01081       9       1     mtd11
      38   0.340   -90.59864    0.01043    0.02083      10       2     mtd3
      39   0.342   -90.59863    0.01040                                mtd3
      40   0.383   -90.59857    0.00970    0.00970      11       1     mtd14
      41   0.421   -90.59851    0.00911    0.12666      12      14     mtd12
      42   0.422   -90.59851    0.00908                                mtd4
      43   0.422   -90.59851    0.00908                                mtd5
      44   0.423   -90.59851    0.00908                                mtd9
      45   0.423   -90.59851    0.00908                                mtd5
      46   0.423   -90.59850    0.00907                                mtd4
      47   0.423   -90.59850    0.00907                                mtd5
      48   0.424   -90.59850    0.00906                                mtd11
      49   0.425   -90.59850    0.00904                                md2
      50   0.425   -90.59850    0.00904                                mtd2
      51   0.425   -90.59850    0.00904                                mtd13
      52   0.429   -90.59849    0.00898                                md3
      53   0.431   -90.59849    0.00895                                mtd7
      54   0.427   -90.59850    0.00900                                mtd10
      55   0.428   -90.59850    0.00900    0.02691      13       3     mtd4
      56   0.433   -90.59849    0.00892                                md6
      57   0.428   -90.59850    0.00899                                mtd7
      58   0.442   -90.59847    0.00878    0.01756      14       2     mtd6
      59   0.443   -90.59847    0.00878                                mtd12
      60   0.451   -90.59846    0.00864    0.00864      15       1     mtd9
      61   0.491   -90.59840    0.00809    0.00809      16       1     mtd1
      62   0.734   -90.59801    0.00537    0.00537      17       1     mtd10
      63   0.737   -90.59800    0.00534    0.01057      18       2     gc
      64   0.749   -90.59799    0.00523                                mtd9
      65   0.751   -90.59798    0.00521    0.01553      19       3     gc
      66   0.755   -90.59798    0.00518                                mtd1
      67   0.760   -90.59797    0.00514                                mtd5
      68   0.819   -90.59787    0.00465    0.00465      20       1     mtd8
      69   0.844   -90.59783    0.00446    0.01779      21       4     mtd6
      70   0.845   -90.59783    0.00445                                mtd4
      71   0.846   -90.59783    0.00445                                mtd7
      72   0.847   -90.59783    0.00443                                mtd1
      73   0.851   -90.59782    0.00440    0.00881      22       2     mtd6
      74   0.851   -90.59782    0.00440                                mtd13
      75   0.863   -90.59780    0.00432    0.00432      23       1     mtd4
      76   0.926   -90.59770    0.00389    0.00389      24       1     mtd8
      77   1.098   -90.59743    0.00290    0.01160      25       4     hor
      78   1.099   -90.59743    0.00290                                hor
      79   1.099   -90.59743    0.00290                                hor
      80   1.100   -90.59743    0.00290                                hor
      81   1.106   -90.59742    0.00287    0.00287      26       1     hor
      82   1.146   -90.59735    0.00268    0.00268      27       1     hor
      83   1.150   -90.59735    0.00266    0.00266      28       1     hor
      84   1.171   -90.59731    0.00257    0.00257      29       1     mtd8
      85   1.180   -90.59730    0.00253    0.00253      30       1     hor
      86   1.182   -90.59729    0.00252    0.00252      31       1     hor
      87   1.183   -90.59729    0.00252    0.00252      32       1     gc
      88   1.209   -90.59725    0.00241    0.00241      33       1     hor
      89   1.219   -90.59724    0.00237    0.00237      34       1     mtd14
      90   1.223   -90.59723    0.00235    0.00235      35       1     hor
      91   1.493   -90.59680    0.00149    0.00596      36       4     hor
      92   1.493   -90.59680    0.00149                                hor
      93   1.494   -90.59680    0.00149                                hor
      94   1.495   -90.59680    0.00149                                hor
      95   1.499   -90.59679    0.00148    0.00148      37       1     hor
      96   1.524   -90.59675    0.00142    0.00142      38       1     hor
      97   1.541   -90.59672    0.00138    0.00138      39       1     hor
      98   1.559   -90.59669    0.00133    0.00133      40       1     hor
      99   1.591   -90.59664    0.00127    0.00127      41       1     hor
     100   1.913   -90.59613    0.00074    0.00220      42       3     hor
     101   1.914   -90.59613    0.00073                                hor
     102   1.915   -90.59613    0.00073                                hor
     103   1.951   -90.59607    0.00069    0.00069      43       1     hor
     104   1.954   -90.59606    0.00069    0.00069      44       1     hor
T /K                                  :   298.15
E lowest                              :   -90.59918
ensemble average energy (kcal)        :    0.232
ensemble entropy (J/mol K, cal/mol K) :   36.431    8.707
ensemble free energy (kcal/mol)       :   -2.596
population of lowest in %             :   35.040
 number of unique conformers for further calc           44
 list of relative energies saved as "crest.energies"
 
 -----------------
 Wall Time Summary
 -----------------
             test MD wall time :         0h : 0m :16s
                 MTD wall time :         0h : 0m :29s
      multilevel OPT wall time :         0h : 0m :47s
                  MD wall time :         0h : 0m :24s
                  GC wall time :         0h : 0m : 8s
--------------------
Overall wall time  : 0h : 2m :22s
 
 CREST terminated normally.
