 
       ==============================================
       |                                            |
       |                 C R E S T                  |
       |                                            |
       |  Conformer-Rotamer Ensemble Sampling Tool  |
       |          based on the GFN methods          |
       |             P.Pracht, S.Grimme             |
       |          Universitaet Bonn, MCTC           |
       ==============================================
       Version 2.12,   Thu 19. Mai 16:32:32 CEST 2022
  Using the xTB program. Compatible with xTB version 6.4.0
 
   Cite work conducted with this code as

   • P.Pracht, F.Bohle, S.Grimme, PCCP, 2020, 22, 7169-7192.
   • S.Grimme, JCTC, 2019, 15, 2847-2862.

   and for works involving QCG as

   • S.Spicher, C.Plett, P.Pracht, A.Hansen, S.Grimme,
     JCTC, 2022, 18 (5), 3174-3189.
 
   with help from:
   C.Bannwarth, F.Bohle, S.Ehlert, S.Grimme,
   C.Plett, P.Pracht, S.Spicher
 
   This program is distributed in the hope that it will be useful,
   but WITHOUT ANY WARRANTY; without even the implied warranty of
   MERCHANTABILITY or FITNESS FOR A PARTICULAR PURPOSE.

 Command line input:
 > crest 01034_r_0.xyz -T 28 -gfn2 -chrg 0 -uhf 0 -rthr 0.25 -shake 1 --mdlen 0.5

  -T 28 (CPUs/Threads selected)
  -gfn2 : Use of GFN2-xTB requested.
  -chrg 0
  -uhf 0
  -rthr 0.25
  --mdlen 0.5 (MD length in ps)
 
 -------------------------
 xTB Geometry Optimization
 -------------------------
 Geometry successfully optimized.
 
------------------------------------------------
Generating MTD length from a flexibility measure
------------------------------------------------
 Calculating WBOs... done.
 Calculating NCI flexibility... done.
     covalent flexibility measure :   0.197
 non-covalent flexibility measure :   0.634
 flexibility measure :   0.239
 t(MTD) / ps set by command line  :     0.5
 t(MTD) / ps    :     0.5
 Σ(t(MTD)) / ps :     7.0 (14 MTDs)
 
-------------------------------------
Starting a trial MTD to test settings
-------------------------------------
 Estimated runtime for one MTD (0.5 ps) on a single thread: 1 min 59 sec
 Estimated runtime for a batch of 14 MTDs on 28 threads: 60 sec
 
 list of Vbias parameters applied:
$metadyn    0.00300   1.300
$metadyn    0.00150   1.300
$metadyn    0.00075   1.300
$metadyn    0.00300   0.780
$metadyn    0.00150   0.780
$metadyn    0.00075   0.780
$metadyn    0.00300   0.468
$metadyn    0.00150   0.468
$metadyn    0.00075   0.468
$metadyn    0.00300   0.281
$metadyn    0.00150   0.281
$metadyn    0.00075   0.281
$metadyn    0.00100   0.100
$metadyn    0.00500   0.800
 
*******************************************************************************************
**                        N E W    I T E R A T I O N    C Y C L E                        **
*******************************************************************************************
 
========================================
            MTD Iteration  1
========================================
 
     ========================================
     |         Meta-MD (MTD) Sampling       |
     ========================================
 
Starting Meta-MD   1 with the settings:
     MD time /ps        :     0.5
     dt /fs             :     5.0
     dumpstep(trj) /fs  :     100
     dumpstep(Vbias)/ps :     1.0
     Vbias factor k /Eh :  0.3510
     Vbias exp α /bohr⁻²:    1.30
Starting Meta-MD  11 with the settings:
     MD time /ps        :     0.5
     dt /fs             :     5.0
     dumpstep(trj) /fs  :     100
     dumpstep(Vbias)/ps :     1.0
     Vbias factor k /Eh :  0.1755
     Vbias exp α /bohr⁻²:    0.28
Starting Meta-MD   2 with the settings:
     MD time /ps        :     0.5
     dt /fs             :     5.0
     dumpstep(trj) /fs  :     100
     dumpstep(Vbias)/ps :     1.0
     Vbias factor k /Eh :  0.1755
     Vbias exp α /bohr⁻²:    1.30
Starting Meta-MD  14 with the settings:
     MD time /ps        :     0.5
     dt /fs             :     5.0
     dumpstep(trj) /fs  :     100
     dumpstep(Vbias)/ps :     1.0
     Vbias factor k /Eh :  0.5850
     Vbias exp α /bohr⁻²:    0.80
Starting Meta-MD   3 with the settings:
     MD time /ps        :     0.5
     dt /fs             :     5.0
     dumpstep(trj) /fs  :     100
     dumpstep(Vbias)/ps :     1.0
     Vbias factor k /Eh :  0.0878
     Vbias exp α /bohr⁻²:    1.30
Starting Meta-MD  12 with the settings:
     MD time /ps        :     0.5
     dt /fs             :     5.0
     dumpstep(trj) /fs  :     100
     dumpstep(Vbias)/ps :     1.0
     Vbias factor k /Eh :  0.0878
     Vbias exp α /bohr⁻²:    0.28
Starting Meta-MD   4 with the settings:
     MD time /ps        :     0.5
     dt /fs             :     5.0
     dumpstep(trj) /fs  :     100
     dumpstep(Vbias)/ps :     1.0
     Vbias factor k /Eh :  0.3510
     Vbias exp α /bohr⁻²:    0.78
Starting Meta-MD   6 with the settings:
     MD time /ps        :     0.5
     dt /fs             :     5.0
     dumpstep(trj) /fs  :     100
     dumpstep(Vbias)/ps :     1.0
     Vbias factor k /Eh :  0.0878
     Vbias exp α /bohr⁻²:    0.78
Starting Meta-MD  13 with the settings:
     MD time /ps        :     0.5
     dt /fs             :     5.0
     dumpstep(trj) /fs  :     100
     dumpstep(Vbias)/ps :     1.0
     Vbias factor k /Eh :  0.1170
     Vbias exp α /bohr⁻²:    0.10
Starting Meta-MD   5 with the settings:
     MD time /ps        :     0.5
     dt /fs             :     5.0
     dumpstep(trj) /fs  :     100
     dumpstep(Vbias)/ps :     1.0
     Vbias factor k /Eh :  0.1755
     Vbias exp α /bohr⁻²:    0.78
Starting Meta-MD   9 with the settings:
     MD time /ps        :     0.5
     dt /fs             :     5.0
     dumpstep(trj) /fs  :     100
     dumpstep(Vbias)/ps :     1.0
     Vbias factor k /Eh :  0.0878
     Vbias exp α /bohr⁻²:    0.47
Starting Meta-MD   7 with the settings:
     MD time /ps        :     0.5
     dt /fs             :     5.0
     dumpstep(trj) /fs  :     100
     dumpstep(Vbias)/ps :     1.0
     Vbias factor k /Eh :  0.3510
     Vbias exp α /bohr⁻²:    0.47
Starting Meta-MD   8 with the settings:
     MD time /ps        :     0.5
     dt /fs             :     5.0
     dumpstep(trj) /fs  :     100
     dumpstep(Vbias)/ps :     1.0
     Vbias factor k /Eh :  0.1755
     Vbias exp α /bohr⁻²:    0.47
Starting Meta-MD  10 with the settings:
     MD time /ps        :     0.5
     dt /fs             :     5.0
     dumpstep(trj) /fs  :     100
     dumpstep(Vbias)/ps :     1.0
     Vbias factor k /Eh :  0.3510
     Vbias exp α /bohr⁻²:    0.28
*Meta-MTD 1 finished*
*Meta-MTD 11 finished*
*Meta-MTD 14 finished*
*Meta-MTD 9 finished*
*Meta-MTD 8 finished*
*Meta-MTD 2 finished*
*Meta-MTD 13 finished*
*Meta-MTD 7 finished*
*Meta-MTD 3 finished*
*Meta-MTD 4 finished*
*Meta-MTD 12 finished*
*Meta-MTD 5 finished*
*Meta-MTD 10 finished*
*Meta-MTD 6 finished*
 
-----------------------
Multilevel Optimization
-----------------------
 
 -------------------------
 1. crude pre-optimization
 -------------------------
 Optimizing all 56 structures from file "crest_rotamers_0.xyz" ...
 1 2 3 4 5 6 7 8 9 10 11 12 13 14 15 16 17 18 19 20 21 22 23 24 25 26 27 28 29 30 31 32 33 34 35 36 37 38 39 40 41 42 43 44 45 46 47 48 49 50 51 52 53 54 55 56
 done.
 running RMSDs...
 done.
 E lowest :  -154.93697
 55 structures remain within    12.00 kcal/mol window
 
 -------------------------------------
 2. optimization with tight thresholds
 -------------------------------------
 Optimizing all 56 structures from file "crest_rotamers_1.xyz" ...
 1 2 3 4 5 6 7 8 9 10 11 12 13 14 15 16 17 18 19 20 21 22 23 24 25 26 27 28 29 30 31 32 33 34 35 36 37 38 39 40 41 42 43 44 45 46 47 48 49 50 51 52 53 54 55 56
 done.
 running RMSDs...
 done.
 E lowest :  -154.94062
 44 structures remain within     6.00 kcal/mol window
 
 
========================================
            MTD Iteration  2
========================================
 
     ========================================
     |         Meta-MD (MTD) Sampling       |
     ========================================
 
Starting Meta-MD   1 with the settings:
     MD time /ps        :     0.5
     dt /fs             :     5.0
     dumpstep(trj) /fs  :     100
     dumpstep(Vbias)/ps :     1.0
     Vbias factor k /Eh :  0.3510
     Vbias exp α /bohr⁻²:    1.30
Starting Meta-MD   2 with the settings:
     MD time /ps        :     0.5
     dt /fs             :     5.0
     dumpstep(trj) /fs  :     100
     dumpstep(Vbias)/ps :     1.0
     Vbias factor k /Eh :  0.1755
     Vbias exp α /bohr⁻²:    1.30
Starting Meta-MD   3 with the settings:
     MD time /ps        :     0.5
     dt /fs             :     5.0
     dumpstep(trj) /fs  :     100
     dumpstep(Vbias)/ps :     1.0
     Vbias factor k /Eh :  0.0878
     Vbias exp α /bohr⁻²:    1.30
Starting Meta-MD   4 with the settings:
     MD time /ps        :     0.5
     dt /fs             :     5.0
     dumpstep(trj) /fs  :     100
     dumpstep(Vbias)/ps :     1.0
     Vbias factor k /Eh :  0.3510
     Vbias exp α /bohr⁻²:    0.78
Starting Meta-MD   5 with the settings:
     MD time /ps        :     0.5
     dt /fs             :     5.0
     dumpstep(trj) /fs  :     100
     dumpstep(Vbias)/ps :     1.0
     Vbias factor k /Eh :  0.1755
     Vbias exp α /bohr⁻²:    0.78
Starting Meta-MD   6 with the settings:
     MD time /ps        :     0.5
     dt /fs             :     5.0
     dumpstep(trj) /fs  :     100
     dumpstep(Vbias)/ps :     1.0
     Vbias factor k /Eh :  0.0878
     Vbias exp α /bohr⁻²:    0.78
Starting Meta-MD  12 with the settings:
     MD time /ps        :     0.5
     dt /fs             :     5.0
     dumpstep(trj) /fs  :     100
     dumpstep(Vbias)/ps :     1.0
     Vbias factor k /Eh :  0.0878
     Vbias exp α /bohr⁻²:    0.28
Starting Meta-MD   7 with the settings:
     MD time /ps        :     0.5
     dt /fs             :     5.0
     dumpstep(trj) /fs  :     100
     dumpstep(Vbias)/ps :     1.0
     Vbias factor k /Eh :  0.3510
     Vbias exp α /bohr⁻²:    0.47
Starting Meta-MD   8 with the settings:
     MD time /ps        :     0.5
     dt /fs             :     5.0
     dumpstep(trj) /fs  :     100
     dumpstep(Vbias)/ps :     1.0
     Vbias factor k /Eh :  0.1755
     Vbias exp α /bohr⁻²:    0.47
Starting Meta-MD   9 with the settings:
     MD time /ps        :     0.5
     dt /fs             :     5.0
     dumpstep(trj) /fs  :     100
     dumpstep(Vbias)/ps :     1.0
     Vbias factor k /Eh :  0.0878
     Vbias exp α /bohr⁻²:    0.47
Starting Meta-MD  10 with the settings:
     MD time /ps        :     0.5
     dt /fs             :     5.0
     dumpstep(trj) /fs  :     100
     dumpstep(Vbias)/ps :     1.0
     Vbias factor k /Eh :  0.3510
     Vbias exp α /bohr⁻²:    0.28
Starting Meta-MD  11 with the settings:
     MD time /ps        :     0.5
     dt /fs             :     5.0
     dumpstep(trj) /fs  :     100
     dumpstep(Vbias)/ps :     1.0
     Vbias factor k /Eh :  0.1755
     Vbias exp α /bohr⁻²:    0.28
*Meta-MTD 11 finished*
*Meta-MTD 10 finished*
*Meta-MTD 12 finished*
*Meta-MTD 3 finished*
*Meta-MTD 1 finished*
*Meta-MTD 2 finished*
*Meta-MTD 9 finished*
*Meta-MTD 6 finished*
*Meta-MTD 7 finished*
*Meta-MTD 8 finished*
*Meta-MTD 4 finished*
*Meta-MTD 5 finished*
 
-----------------------
Multilevel Optimization
-----------------------
 
 -------------------------
 1. crude pre-optimization
 -------------------------
 Optimizing all 48 structures from file "crest_rotamers_0.xyz" ...
 1 2 3 4 5 6 7 8 9 10 11 12 13 14 15 16 17 18 19 20 21 22 23 24 25 26 27 28 29 30 31 32 33 34 35 36 37 38 39 40 41 42 43 44 45 46 47 48
 done.
 running RMSDs...
 done.
 E lowest :  -154.93947
 45 structures remain within    12.00 kcal/mol window
 
 -------------------------------------
 2. optimization with tight thresholds
 -------------------------------------
 Optimizing all 46 structures from file "crest_rotamers_1.xyz" ...
 1 2 3 4 5 6 7 8 9 10 11 12 13 14 15 16 17 18 19 20 21 22 23 24 25 26 27 28 29 30 31 32 33 34 35 36 37 38 39 40 41 42 43 44 45 46
 done.
 running RMSDs...
 done.
 E lowest :  -154.94243
 30 structures remain within     6.00 kcal/mol window
 
 ...............................................
 A new lower conformer was found!
 Improved by    0.00181 Eh or    1.13391kcal/mol
 ...............................................
 
========================================
            MTD Iteration  3
========================================
 
     ========================================
     |         Meta-MD (MTD) Sampling       |
     ========================================
 
Starting Meta-MD   1 with the settings:
     MD time /ps        :     0.5
     dt /fs             :     5.0
     dumpstep(trj) /fs  :     100
     dumpstep(Vbias)/ps :     1.0
     Vbias factor k /Eh :  0.3510
     Vbias exp α /bohr⁻²:    1.30
Starting Meta-MD   3 with the settings:
     MD time /ps        :     0.5
     dt /fs             :     5.0
     dumpstep(trj) /fs  :     100
     dumpstep(Vbias)/ps :     1.0
     Vbias factor k /Eh :  0.0878
     Vbias exp α /bohr⁻²:    1.30
Starting Meta-MD   2 with the settings:
     MD time /ps        :     0.5
     dt /fs             :     5.0
     dumpstep(trj) /fs  :     100
     dumpstep(Vbias)/ps :     1.0
     Vbias factor k /Eh :  0.1755
     Vbias exp α /bohr⁻²:    1.30
Starting Meta-MD   4 with the settings:
     MD time /ps        :     0.5
     dt /fs             :     5.0
     dumpstep(trj) /fs  :     100
     dumpstep(Vbias)/ps :     1.0
     Vbias factor k /Eh :  0.3510
     Vbias exp α /bohr⁻²:    0.78
Starting Meta-MD  12 with the settings:
     MD time /ps        :     0.5
     dt /fs             :     5.0
     dumpstep(trj) /fs  :     100
     dumpstep(Vbias)/ps :     1.0
     Vbias factor k /Eh :  0.0878
     Vbias exp α /bohr⁻²:    0.28
Starting Meta-MD   5 with the settings:
     MD time /ps        :     0.5
     dt /fs             :     5.0
     dumpstep(trj) /fs  :     100
     dumpstep(Vbias)/ps :     1.0
     Vbias factor k /Eh :  0.1755
     Vbias exp α /bohr⁻²:    0.78
Starting Meta-MD   6 with the settings:
     MD time /ps        :     0.5
     dt /fs             :     5.0
     dumpstep(trj) /fs  :     100
     dumpstep(Vbias)/ps :     1.0
     Vbias factor k /Eh :  0.0878
     Vbias exp α /bohr⁻²:    0.78
Starting Meta-MD   8 with the settings:
     MD time /ps        :     0.5
     dt /fs             :     5.0
     dumpstep(trj) /fs  :     100
     dumpstep(Vbias)/ps :     1.0
     Vbias factor k /Eh :  0.1755
     Vbias exp α /bohr⁻²:    0.47
Starting Meta-MD   7 with the settings:
     MD time /ps        :     0.5
     dt /fs             :     5.0
     dumpstep(trj) /fs  :     100
     dumpstep(Vbias)/ps :     1.0
     Vbias factor k /Eh :  0.3510
     Vbias exp α /bohr⁻²:    0.47
Starting Meta-MD   9 with the settings:
     MD time /ps        :     0.5
     dt /fs             :     5.0
     dumpstep(trj) /fs  :     100
     dumpstep(Vbias)/ps :     1.0
     Vbias factor k /Eh :  0.0878
     Vbias exp α /bohr⁻²:    0.47
Starting Meta-MD  10 with the settings:
     MD time /ps        :     0.5
     dt /fs             :     5.0
     dumpstep(trj) /fs  :     100
     dumpstep(Vbias)/ps :     1.0
     Vbias factor k /Eh :  0.3510
     Vbias exp α /bohr⁻²:    0.28
Starting Meta-MD  11 with the settings:
     MD time /ps        :     0.5
     dt /fs             :     5.0
     dumpstep(trj) /fs  :     100
     dumpstep(Vbias)/ps :     1.0
     Vbias factor k /Eh :  0.1755
     Vbias exp α /bohr⁻²:    0.28
*Meta-MTD 12 finished*
*Meta-MTD 4 finished*
*Meta-MTD 7 finished*
*Meta-MTD 11 finished*
*Meta-MTD 8 finished*
*Meta-MTD 10 finished*
*Meta-MTD 5 finished*
*Meta-MTD 2 finished*
*Meta-MTD 6 finished*
*Meta-MTD 1 finished*
*Meta-MTD 9 finished*
*Meta-MTD 3 finished*
 
-----------------------
Multilevel Optimization
-----------------------
 
 -------------------------
 1. crude pre-optimization
 -------------------------
 Optimizing all 48 structures from file "crest_rotamers_0.xyz" ...
 1 2 3 4 5 6 7 8 9 10 11 12 13 14 15 16 17 18 19 20 21 22 23 24 25 26 27 28 29 30 31 32 33 34 35 36 37 38 39 40 41 42 43 44 45 46 47 48
 done.
 running RMSDs...
 done.
 E lowest :  -154.94159
 44 structures remain within    12.00 kcal/mol window
 
 -------------------------------------
 2. optimization with tight thresholds
 -------------------------------------
 Optimizing all 45 structures from file "crest_rotamers_1.xyz" ...
 1 2 3 4 5 6 7 8 9 10 11 12 13 14 15 16 17 18 19 20 21 22 23 24 25 26 27 28 29 30 31 32 33 34 35 36 37 38 39 40 41 42 43 44 45
 done.
 running RMSDs...
 done.
 E lowest :  -154.94348
 28 structures remain within     6.00 kcal/mol window
 
 ...............................................
 A new lower conformer was found!
 Improved by    0.00105 Eh or    0.65592kcal/mol
 ...............................................
 
========================================
            MTD Iteration  4
========================================
 
     ========================================
     |         Meta-MD (MTD) Sampling       |
     ========================================
 
Starting Meta-MD   1 with the settings:
     MD time /ps        :     0.5
     dt /fs             :     5.0
     dumpstep(trj) /fs  :     100
     dumpstep(Vbias)/ps :     1.0
     Vbias factor k /Eh :  0.3510
     Vbias exp α /bohr⁻²:    1.30
Starting Meta-MD   2 with the settings:
     MD time /ps        :     0.5
     dt /fs             :     5.0
     dumpstep(trj) /fs  :     100
     dumpstep(Vbias)/ps :     1.0
     Vbias factor k /Eh :  0.1755
     Vbias exp α /bohr⁻²:    1.30
Starting Meta-MD   3 with the settings:
     MD time /ps        :     0.5
     dt /fs             :     5.0
     dumpstep(trj) /fs  :     100
     dumpstep(Vbias)/ps :     1.0
     Vbias factor k /Eh :  0.0878
     Vbias exp α /bohr⁻²:    1.30
Starting Meta-MD   4 with the settings:
     MD time /ps        :     0.5
     dt /fs             :     5.0
     dumpstep(trj) /fs  :     100
     dumpstep(Vbias)/ps :     1.0
     Vbias factor k /Eh :  0.3510
     Vbias exp α /bohr⁻²:    0.78
Starting Meta-MD   6 with the settings:
     MD time /ps        :     0.5
     dt /fs             :     5.0
     dumpstep(trj) /fs  :     100
     dumpstep(Vbias)/ps :     1.0
     Vbias factor k /Eh :  0.0878
     Vbias exp α /bohr⁻²:    0.78
Starting Meta-MD   5 with the settings:
     MD time /ps        :     0.5
     dt /fs             :     5.0
     dumpstep(trj) /fs  :     100
     dumpstep(Vbias)/ps :     1.0
     Vbias factor k /Eh :  0.1755
     Vbias exp α /bohr⁻²:    0.78
Starting Meta-MD   7 with the settings:
     MD time /ps        :     0.5
     dt /fs             :     5.0
     dumpstep(trj) /fs  :     100
     dumpstep(Vbias)/ps :     1.0
     Vbias factor k /Eh :  0.3510
     Vbias exp α /bohr⁻²:    0.47
Starting Meta-MD   8 with the settings:
     MD time /ps        :     0.5
     dt /fs             :     5.0
     dumpstep(trj) /fs  :     100
     dumpstep(Vbias)/ps :     1.0
     Vbias factor k /Eh :  0.1755
     Vbias exp α /bohr⁻²:    0.47
Starting Meta-MD   9 with the settings:
     MD time /ps        :     0.5
     dt /fs             :     5.0
     dumpstep(trj) /fs  :     100
     dumpstep(Vbias)/ps :     1.0
     Vbias factor k /Eh :  0.0878
     Vbias exp α /bohr⁻²:    0.47
Starting Meta-MD  10 with the settings:
     MD time /ps        :     0.5
     dt /fs             :     5.0
     dumpstep(trj) /fs  :     100
     dumpstep(Vbias)/ps :     1.0
     Vbias factor k /Eh :  0.3510
     Vbias exp α /bohr⁻²:    0.28
Starting Meta-MD  11 with the settings:
     MD time /ps        :     0.5
     dt /fs             :     5.0
     dumpstep(trj) /fs  :     100
     dumpstep(Vbias)/ps :     1.0
     Vbias factor k /Eh :  0.1755
     Vbias exp α /bohr⁻²:    0.28
Starting Meta-MD  12 with the settings:
     MD time /ps        :     0.5
     dt /fs             :     5.0
     dumpstep(trj) /fs  :     100
     dumpstep(Vbias)/ps :     1.0
     Vbias factor k /Eh :  0.0878
     Vbias exp α /bohr⁻²:    0.28
*Meta-MTD 5 finished*
*Meta-MTD 9 finished*
*Meta-MTD 12 finished*
*Meta-MTD 2 finished*
*Meta-MTD 1 finished*
*Meta-MTD 4 finished*
*Meta-MTD 11 finished*
*Meta-MTD 10 finished*
*Meta-MTD 3 finished*
*Meta-MTD 6 finished*
*Meta-MTD 8 finished*
*Meta-MTD 7 finished*
 
-----------------------
Multilevel Optimization
-----------------------
 
 -------------------------
 1. crude pre-optimization
 -------------------------
 Optimizing all 48 structures from file "crest_rotamers_0.xyz" ...
 1 2 3 4 5 6 7 8 9 10 11 12 13 14 15 16 17 18 19 20 21 22 23 24 25 26 27 28 29 30 31 32 33 34 35 36 37 38 39 40 41 42 43 44 45 46 47 48
 done.
 running RMSDs...
 done.
 E lowest :  -154.94235
 45 structures remain within    12.00 kcal/mol window
 
 -------------------------------------
 2. optimization with tight thresholds
 -------------------------------------
 Optimizing all 46 structures from file "crest_rotamers_1.xyz" ...
 1 2 3 4 5 6 7 8 9 10 11 12 13 14 15 16 17 18 19 20 21 22 23 24 25 26 27 28 29 30 31 32 33 34 35 36 37 38 39 40 41 42 43 44 45 46
 done.
 running RMSDs...
 done.
 E lowest :  -154.94436
 24 structures remain within     6.00 kcal/mol window
 
 ...............................................
 A new lower conformer was found!
 Improved by    0.00088 Eh or    0.55520kcal/mol
 ...............................................
 
========================================
            MTD Iteration  5
========================================
 
     ========================================
     |         Meta-MD (MTD) Sampling       |
     ========================================
 
Starting Meta-MD   1 with the settings:
     MD time /ps        :     0.5
     dt /fs             :     5.0
     dumpstep(trj) /fs  :     100
     dumpstep(Vbias)/ps :     1.0
     Vbias factor k /Eh :  0.3510
     Vbias exp α /bohr⁻²:    1.30
Starting Meta-MD   2 with the settings:
     MD time /ps        :     0.5
     dt /fs             :     5.0
     dumpstep(trj) /fs  :     100
     dumpstep(Vbias)/ps :     1.0
     Vbias factor k /Eh :  0.1755
     Vbias exp α /bohr⁻²:    1.30
Starting Meta-MD  12 with the settings:
     MD time /ps        :     0.5
     dt /fs             :     5.0
     dumpstep(trj) /fs  :     100
     dumpstep(Vbias)/ps :     1.0
     Vbias factor k /Eh :  0.0878
     Vbias exp α /bohr⁻²:    0.28
Starting Meta-MD   3 with the settings:
     MD time /ps        :     0.5
     dt /fs             :     5.0
     dumpstep(trj) /fs  :     100
     dumpstep(Vbias)/ps :     1.0
     Vbias factor k /Eh :  0.0878
     Vbias exp α /bohr⁻²:    1.30
Starting Meta-MD   4 with the settings:
     MD time /ps        :     0.5
     dt /fs             :     5.0
     dumpstep(trj) /fs  :     100
     dumpstep(Vbias)/ps :     1.0
     Vbias factor k /Eh :  0.3510
     Vbias exp α /bohr⁻²:    0.78
Starting Meta-MD   5 with the settings:
     MD time /ps        :     0.5
     dt /fs             :     5.0
     dumpstep(trj) /fs  :     100
     dumpstep(Vbias)/ps :     1.0
     Vbias factor k /Eh :  0.1755
     Vbias exp α /bohr⁻²:    0.78
Starting Meta-MD   6 with the settings:
     MD time /ps        :     0.5
     dt /fs             :     5.0
     dumpstep(trj) /fs  :     100
     dumpstep(Vbias)/ps :     1.0
     Vbias factor k /Eh :  0.0878
     Vbias exp α /bohr⁻²:    0.78
Starting Meta-MD   7 with the settings:
     MD time /ps        :     0.5
     dt /fs             :     5.0
     dumpstep(trj) /fs  :     100
     dumpstep(Vbias)/ps :     1.0
     Vbias factor k /Eh :  0.3510
     Vbias exp α /bohr⁻²:    0.47
Starting Meta-MD   8 with the settings:
     MD time /ps        :     0.5
     dt /fs             :     5.0
     dumpstep(trj) /fs  :     100
     dumpstep(Vbias)/ps :     1.0
     Vbias factor k /Eh :  0.1755
     Vbias exp α /bohr⁻²:    0.47
Starting Meta-MD   9 with the settings:
     MD time /ps        :     0.5
     dt /fs             :     5.0
     dumpstep(trj) /fs  :     100
     dumpstep(Vbias)/ps :     1.0
     Vbias factor k /Eh :  0.0878
     Vbias exp α /bohr⁻²:    0.47
Starting Meta-MD  10 with the settings:
     MD time /ps        :     0.5
     dt /fs             :     5.0
     dumpstep(trj) /fs  :     100
     dumpstep(Vbias)/ps :     1.0
     Vbias factor k /Eh :  0.3510
     Vbias exp α /bohr⁻²:    0.28
Starting Meta-MD  11 with the settings:
     MD time /ps        :     0.5
     dt /fs             :     5.0
     dumpstep(trj) /fs  :     100
     dumpstep(Vbias)/ps :     1.0
     Vbias factor k /Eh :  0.1755
     Vbias exp α /bohr⁻²:    0.28
*Meta-MTD 9 finished*
*Meta-MTD 1 finished*
*Meta-MTD 5 finished*
*Meta-MTD 6 finished*
*Meta-MTD 8 finished*
*Meta-MTD 12 finished*
*Meta-MTD 3 finished*
*Meta-MTD 4 finished*
*Meta-MTD 7 finished*
*Meta-MTD 2 finished*
*Meta-MTD 11 finished*
*Meta-MTD 10 finished*
 
-----------------------
Multilevel Optimization
-----------------------
 
 -------------------------
 1. crude pre-optimization
 -------------------------
 Optimizing all 48 structures from file "crest_rotamers_0.xyz" ...
 1 2 3 4 5 6 7 8 9 10 11 12 13 14 15 16 17 18 19 20 21 22 23 24 25 26 27 28 29 30 31 32 33 34 35 36 37 38 39 40 41 42 43 44 45 46 47 48
 done.
 running RMSDs...
 done.
 E lowest :  -154.94326
 45 structures remain within    12.00 kcal/mol window
 
 -------------------------------------
 2. optimization with tight thresholds
 -------------------------------------
 Optimizing all 46 structures from file "crest_rotamers_1.xyz" ...
 1 2 3 4 5 6 7 8 9 10 11 12 13 14 15 16 17 18 19 20 21 22 23 24 25 26 27 28 29 30 31 32 33 34 35 36 37 38 39 40 41 42 43 44 45 46
 done.
 running RMSDs...
 done.
 E lowest :  -154.94437
 26 structures remain within     6.00 kcal/mol window
 
========================================
            MTD Iterations done         
========================================
 Collecting ensmbles.
 running RMSDs...
 done.
 E lowest :  -154.94437
 151 structures remain within     6.00 kcal/mol window
 
-----------------------------------------------
Additional regular MDs on lowest 4 conformer(s)
-----------------------------------------------
Starting MD   8 with the settings:
     MD time /ps        :     0.2
     MD Temperature /K  :   500.0
     dt /fs             :     5.0
     dumpstep(trj) /fs  :     100
Starting MD   1 with the settings:
     MD time /ps        :     0.2
     MD Temperature /K  :   400.0
     dt /fs             :     5.0
     dumpstep(trj) /fs  :     100
Starting MD   2 with the settings:
     MD time /ps        :     0.2
     MD Temperature /K  :   500.0
     dt /fs             :     5.0
     dumpstep(trj) /fs  :     100
Starting MD   3 with the settings:
     MD time /ps        :     0.2
     MD Temperature /K  :   400.0
     dt /fs             :     5.0
     dumpstep(trj) /fs  :     100
Starting MD   4 with the settings:
     MD time /ps        :     0.2
     MD Temperature /K  :   500.0
     dt /fs             :     5.0
     dumpstep(trj) /fs  :     100
Starting MD   5 with the settings:
     MD time /ps        :     0.2
     MD Temperature /K  :   400.0
     dt /fs             :     5.0
     dumpstep(trj) /fs  :     100
Starting MD   6 with the settings:
     MD time /ps        :     0.2
     MD Temperature /K  :   500.0
     dt /fs             :     5.0
     dumpstep(trj) /fs  :     100
Starting MD   7 with the settings:
     MD time /ps        :     0.2
     MD Temperature /K  :   400.0
     dt /fs             :     5.0
     dumpstep(trj) /fs  :     100
*MD 7 finished*
*MD 1 finished*
*MD 6 finished*
*MD 3 finished*
*MD 4 finished*
*MD 8 finished*
*MD 5 finished*
*MD 2 finished*
 Appending file crest_rotamers_1.xyz with new structures
 
 -------------------------------------------
 Ensemble optimization with tight thresholds
 -------------------------------------------
 Optimizing all 167 structures from file "crest_rotamers_1.xyz" ...
 1 2 3 4 5 6 7 8 9 10 11 12 13 14 15 16 17 18 19 20 21 22 23 24 25 26 27 28 29 30 31 32 33 34 35 36 37 38 39 40 41 42 43 44 45 46 47 48 49 50 51 52 53 54 55 56 57 58 59 60 61 62 63 64 65 66 67 68 69 70 71 72 73 74 75 76 77 78 79 80 81 82 83 84 85 86 87 88 89 90 91 92 93 94 95 96 97 98 99 100 101 102 103 104 105 106 107 108 109 110 111 112 113 114 115 116 117 118 119 120 121 122 123 124 125 126 127 128 129 130 131 132 133 134 135 136 137 138 139 140 141 142 143 144 145 146 147 148 149 150 151 152 153 154 155 156 157 158 159 160 161 162 163 164 165 166 167
 done.
 running RMSDs...
 done.
 E lowest :  -154.94440
 155 structures remain within     6.00 kcal/mol window
 
 
     ========================================
     |        Structure Crossing (GC)       |
     ========================================
 =============================
  # threads =          28
 =============================
 input  file name : crest_rotamers_3.xyz
number of atoms                :   117
number of points on xyz files  :   155
conformer energy window  /kcal :    6.00
CN per atom difference cut-off :  0.3000
RMSD threshold                 :  0.5000
max. # of generated structures : 25
 reading xyz file ...
 # in E window                155
 generating pairs ...       12089
  78.7 % done
 generated pairs           :        3480
 number of clash discarded :        8455
 average rmsd w.r.t input  : 2.76079
 sd of ensemble            : 0.79496
 number of new structures      :          32
 removed identical structures  :          18
 writing           25  TMPCONF* dirs ...
 --------------------------
 GC: loose pre-optimization
 --------------------------
 Starting optimization of generated structures
 25 jobs to do.
 1 2 3 4 5 6 7 8 9 10 11 12 13 14 15 16 17 18 19 20 21 22 23 24 25 
 done.
 Now appending opt.xyz file with new structures
 running RMSDs...
 done.
 E lowest :  -154.94419
 25 structures remain within    10.00 kcal/mol window
 --------------------------------------
 GC: optimization with tight thresholds
 --------------------------------------
 Optimizing all 25 structures from file "crest_rotamers_1.xyz" ...
 1 2 3 4 5 6 7 8 9 10 11 12 13 14 15 16 17 18 19 20 21 22 23 24 25
 done.
 running RMSDs...
 done.
 E lowest :  -154.94440
 
 
   ================================================
   |           Final Geometry Optimization        |
   ================================================
 ------------------------------------------------
 Ensemble optimization with very tight thresholds
 ------------------------------------------------
 Optimizing all 179 structures from file "crest_rotamers_4.xyz" ...
 1 2 3 4 5 6 7 8 9 10 11 12 13 14 15 16 17 18 19 20 21 22 23 24 25 26 27 28 29 30 31 32 33 34 35 36 37 38 39 40 41 42 43 44 45 46 47 48 49 50 51 52 53 54 55 56 57 58 59 60 61 62 63 64 65 66 67 68 69 70 71 72 73 74 75 76 77 78 79 80 81 82 83 84 85 86 87 88 89 90 91 92 93 94 95 96 97 98 99 100 101 102 103 104 105 106 107 108 109 110 111 112 113 114 115 116 117 118 119 120 121 122 123 124 125 126 127 128 129 130 131 132 133 134 135 136 137 138 139 140 141 142 143 144 145 146 147 148 149 150 151 152 153 154 155 156 157 158 159 160 161 162 163 164 165 166 167 168 169 170 171 172 173 174 175 176 177 178 179
 done.
 running RMSDs...
 done.
 E lowest :  -154.94442
 178 structures remain within     6.00 kcal/mol window
 
 input  file name : crest_rotamers_5.xyz
 output file name : crest_rotamers_6.xyz
 number of atoms                :   117
 number of points on xyz files  :   179
 RMSD threshold                 :   0.2500
 Bconst threshold               :   0.0100
 population threshold           :   0.0500
 conformer energy window  /kcal :   6.0000
 # fragment in coord            :     1
 # bonds in reference structure :   124
 number of reliable points      :   179
 reference state Etot :  -154.944423330000
 number of doubles removed by rot/RMSD         :           1
 total number unique points considered further :         178
       Erel/kcal        Etot weight/tot  conformer     set   degen     origin
       1   0.000  -154.94442    0.02398    0.02398       1       1     gc
       2   0.033  -154.94437    0.02268    0.08954       2       4     md3
       3   0.034  -154.94437    0.02266                                mtd10
       4   0.044  -154.94435    0.02228                                md8
       5   0.053  -154.94434    0.02193                                md4
       6   0.075  -154.94430    0.02112    0.08143       3       4     mtd9
       7   0.094  -154.94427    0.02046                                mtd11
       8   0.102  -154.94426    0.02018                                mtd1
       9   0.118  -154.94424    0.01967                                mtd12
      10   0.086  -154.94429    0.02076    0.06209       4       3     gc
      11   0.086  -154.94429    0.02075                                gc
      12   0.091  -154.94428    0.02059                                gc
      13   0.136  -154.94421    0.01907    0.13284       5       7     gc
      14   0.138  -154.94420    0.01899                                gc
      15   0.139  -154.94420    0.01898                                gc
      16   0.139  -154.94420    0.01896                                gc
      17   0.139  -154.94420    0.01896                                gc
      18   0.140  -154.94420    0.01893                                gc
      19   0.140  -154.94420    0.01894                                mtd2
      20   0.140  -154.94420    0.01893    0.03784       6       2     gc
      21   0.141  -154.94420    0.01891                                mtd8
      22   0.214  -154.94408    0.01672    0.01672       7       1     mtd4
      23   0.238  -154.94404    0.01605    0.01605       8       1     mtd6
      24   0.241  -154.94404    0.01598    0.06270       9       4     mtd8
      25   0.241  -154.94404    0.01597                                mtd5
      26   0.246  -154.94403    0.01584                                md6
      27   0.281  -154.94398    0.01492                                gc
      28   0.290  -154.94396    0.01470    0.02965      10       2     mtd12
      29   0.280  -154.94398    0.01495                                gc
      30   0.294  -154.94395    0.01460    0.04180      11       3     md5
      31   0.335  -154.94389    0.01363                                mtd6
      32   0.337  -154.94389    0.01358                                mtd10
      33   0.361  -154.94385    0.01304    0.02603      12       2     mtd11
      34   0.363  -154.94384    0.01300                                mtd6
      35   0.388  -154.94381    0.01247    0.01247      13       1     gc
      36   0.404  -154.94378    0.01213    0.02400      14       2     gc
      37   0.417  -154.94376    0.01187                                mtd10
      38   0.436  -154.94373    0.01149    0.03359      15       3     mtd2
      39   0.468  -154.94368    0.01089                                md6
      40   0.451  -154.94370    0.01121                                mtd4
      41   0.460  -154.94369    0.01105    0.02136      16       2     mtd8
      42   0.500  -154.94363    0.01031                                mtd1
      43   0.513  -154.94361    0.01010    0.02018      17       2     mtd9
      44   0.514  -154.94360    0.01009                                mtd3
      45   0.522  -154.94359    0.00995    0.01983      18       2     gc
      46   0.526  -154.94359    0.00988                                mtd2
      47   0.555  -154.94354    0.00942    0.01869      19       2     mtd9
      48   0.564  -154.94353    0.00927                                mtd9
      49   0.572  -154.94351    0.00914    0.01795      20       2     mtd1
      50   0.594  -154.94348    0.00880                                mtd7
      51   0.582  -154.94350    0.00898    0.00898      21       1     mtd2
      52   0.600  -154.94347    0.00872    0.00872      22       1     mtd7
      53   0.605  -154.94346    0.00864    0.01715      23       2     mtd5
      54   0.615  -154.94344    0.00851                                mtd5
      55   0.618  -154.94344    0.00845    0.00845      24       1     mtd5
      56   0.645  -154.94340    0.00808    0.00808      25       1     mtd1
      57   0.702  -154.94330    0.00734    0.00734      26       1     mtd8
      58   0.703  -154.94330    0.00733    0.02186      27       3     mtd11
      59   0.704  -154.94330    0.00732                                mtd4
      60   0.713  -154.94329    0.00721                                mtd3
      61   0.704  -154.94330    0.00731    0.00731      28       1     mtd7
      62   0.741  -154.94324    0.00688    0.00688      29       1     mtd4
      63   0.744  -154.94324    0.00684    0.00684      30       1     mtd8
      64   0.790  -154.94316    0.00632    0.00632      31       1     mtd11
      65   0.848  -154.94307    0.00574    0.01131      32       2     mtd7
      66   0.866  -154.94304    0.00557                                mtd1
      67   0.871  -154.94304    0.00552    0.00552      33       1     mtd7
      68   0.937  -154.94293    0.00494    0.00494      34       1     gc
      69   1.033  -154.94278    0.00420    0.00420      35       1     gc
      70   1.075  -154.94271    0.00391    0.00391      36       1     mtd5
      71   1.180  -154.94254    0.00328    0.00632      37       2     mtd1
      72   1.226  -154.94247    0.00304                                mtd10
      73   1.247  -154.94244    0.00293    0.00868      38       3     mtd5
      74   1.252  -154.94243    0.00290                                mtd4
      75   1.263  -154.94241    0.00285                                mtd6
      76   1.303  -154.94235    0.00266    0.00518      39       2     mtd8
      77   1.336  -154.94229    0.00252                                mtd8
      78   1.323  -154.94232    0.00258    0.00258      40       1     mtd4
      79   1.389  -154.94221    0.00231    0.00231      41       1     mtd1
      80   1.420  -154.94216    0.00219    0.00219      42       1     gc
      81   1.420  -154.94216    0.00219    0.00219      43       1     mtd1
      82   1.479  -154.94207    0.00198    0.00198      44       1     mtd8
      83   1.496  -154.94204    0.00193    0.00571      45       3     mtd10
      84   1.499  -154.94203    0.00192                                mtd6
      85   1.514  -154.94201    0.00187                                mtd3
      86   1.562  -154.94193    0.00172    0.00359      46       2     mtd8
      87   1.514  -154.94201    0.00187                                mtd9
      88   1.517  -154.94201    0.00186    0.00186      47       1     mtd10
      89   1.579  -154.94191    0.00167    0.00334      48       2     mtd1
      90   1.583  -154.94190    0.00166                                mtd4
      91   1.620  -154.94184    0.00156    0.00156      49       1     mtd7
      92   1.664  -154.94177    0.00145    0.00145      50       1     mtd11
      93   1.762  -154.94162    0.00123    0.00242      51       2     mtd12
      94   1.779  -154.94159    0.00119                                mtd9
      95   1.823  -154.94152    0.00111    0.00111      52       1     gc
      96   1.867  -154.94145    0.00103    0.00103      53       1     mtd2
      97   1.907  -154.94138    0.00096    0.00287      54       3     gc
      98   1.912  -154.94138    0.00095                                gc
      99   1.914  -154.94137    0.00095                                gc
     100   1.960  -154.94130    0.00088    0.00088      55       1     mtd5
     101   1.963  -154.94130    0.00088    0.00088      56       1     mtd10
     102   2.028  -154.94119    0.00078    0.00078      57       1     mtd5
     103   2.035  -154.94118    0.00078    0.00078      58       1     gc
     104   2.120  -154.94104    0.00067    0.00067      59       1     mtd4
     105   2.171  -154.94096    0.00062    0.00062      60       1     mtd2
     106   2.234  -154.94086    0.00055    0.00055      61       1     mtd11
     107   2.322  -154.94072    0.00048    0.00141      62       3     mtd1
     108   2.334  -154.94070    0.00047                                mtd3
     109   2.341  -154.94069    0.00046                                mtd8
     110   2.350  -154.94068    0.00046    0.00046      63       1     mtd6
     111   2.384  -154.94062    0.00043    0.00085      64       2     mtd4
     112   2.403  -154.94059    0.00042                                mtd2
     113   2.386  -154.94062    0.00043    0.00043      65       1     mtd2
     114   2.427  -154.94056    0.00040    0.00040      66       1     mtd6
     115   2.498  -154.94044    0.00036    0.00036      67       1     mtd4
     116   2.498  -154.94044    0.00035    0.00035      68       1     mtd2
     117   2.524  -154.94040    0.00034    0.00034      69       1     mtd10
     118   2.559  -154.94035    0.00032    0.00032      70       1     mtd8
     119   2.600  -154.94028    0.00030    0.00030      71       1     mtd1
     120   2.611  -154.94026    0.00029    0.00029      72       1     mtd6
     121   2.624  -154.94024    0.00029    0.00029      73       1     mtd11
     122   2.639  -154.94022    0.00028    0.00028      74       1     mtd12
     123   2.677  -154.94016    0.00026    0.00103      75       4     mtd4
     124   2.706  -154.94011    0.00025                                mtd4
     125   2.680  -154.94015    0.00026                                mtd5
     126   2.695  -154.94013    0.00025                                mtd4
     127   2.705  -154.94011    0.00025    0.00025      76       1     mtd2
     128   2.714  -154.94010    0.00025    0.00025      77       1     mtd3
     129   2.721  -154.94009    0.00024    0.00024      78       1     mtd1
     130   2.745  -154.94005    0.00023    0.00023      79       1     mtd3
     131   2.844  -154.93989    0.00020    0.00020      80       1     mtd2
     132   2.914  -154.93978    0.00018    0.00018      81       1     mtd2
     133   2.925  -154.93976    0.00017    0.00051      82       3     mtd9
     134   2.943  -154.93973    0.00017                                mtd3
     135   2.944  -154.93973    0.00017                                mtd7
     136   2.954  -154.93972    0.00016    0.00016      83       1     mtd9
     137   2.978  -154.93968    0.00016    0.00016      84       1     mtd9
     138   2.995  -154.93965    0.00015    0.00015      85       1     mtd10
     139   3.154  -154.93940    0.00012    0.00023      86       2     mtd10
     140   3.157  -154.93939    0.00012                                mtd10
     141   3.213  -154.93930    0.00011    0.00011      87       1     mtd10
     142   3.218  -154.93930    0.00011    0.00031      88       3     mtd11
     143   3.220  -154.93929    0.00011                                mtd7
     144   3.254  -154.93924    0.00010                                mtd8
     145   3.259  -154.93923    0.00010    0.00029      89       3     mtd9
     146   3.263  -154.93922    0.00010                                mtd5
     147   3.299  -154.93917    0.00009                                mtd7
     148   3.348  -154.93909    0.00008    0.00008      90       1     mtd7
     149   3.422  -154.93897    0.00007    0.00007      91       1     mtd13
     150   3.423  -154.93897    0.00007    0.00015      92       2     mtd8
     151   3.433  -154.93895    0.00007                                mtd12
     152   3.476  -154.93888    0.00007    0.00007      93       1     mtd4
     153   3.477  -154.93888    0.00007    0.00007      94       1     mtd6
     154   3.491  -154.93886    0.00007    0.00013      95       2     mtd6
     155   3.499  -154.93885    0.00007                                mtd7
     156   3.516  -154.93882    0.00006    0.00006      96       1     mtd10
     157   3.533  -154.93879    0.00006    0.00012      97       2     mtd3
     158   3.575  -154.93873    0.00006                                mtd11
     159   3.679  -154.93856    0.00005    0.00005      98       1     mtd7
     160   3.723  -154.93849    0.00005    0.00009      99       2     mtd1
     161   3.768  -154.93842    0.00004                                mtd1
     162   3.752  -154.93844    0.00004    0.00021     100       5     mtd4
     163   3.772  -154.93841    0.00004                                mtd2
     164   3.787  -154.93839    0.00004                                mtd14
     165   3.777  -154.93841    0.00004                                mtd5
     166   3.790  -154.93838    0.00004                                mtd13
     167   3.805  -154.93836    0.00004    0.00016     101       4     mtd5
     168   3.781  -154.93840    0.00004                                mtd1
     169   3.786  -154.93839    0.00004                                mtd8
     170   3.792  -154.93838    0.00004                                mtd14
     171   3.797  -154.93837    0.00004    0.00004     102       1     mtd5
     172   3.817  -154.93834    0.00004    0.00011     103       3     mtd13
     173   3.851  -154.93829    0.00004                                mtd14
     174   3.852  -154.93829    0.00004                                mtd14
     175   3.832  -154.93832    0.00004    0.00004     104       1     mtd6
     176   3.844  -154.93830    0.00004    0.00007     105       2     mtd12
     177   3.864  -154.93826    0.00004                                mtd6
     178   4.883  -154.93664    0.00001    0.00001     106       1     mtd10
T /K                                  :   298.15
E lowest                              :  -154.94442
ensemble average energy (kcal)        :    0.402
ensemble entropy (J/mol K, cal/mol K) :   36.658    8.762
ensemble free energy (kcal/mol)       :   -2.612
population of lowest in %             :    2.398
 number of unique conformers for further calc          106
 list of relative energies saved as "crest.energies"
 
 -----------------
 Wall Time Summary
 -----------------
             test MD wall time :         0h : 0m :29s
                 MTD wall time :         0h : 2m :59s
      multilevel OPT wall time :         0h :16m :15s
                  MD wall time :         0h : 2m :24s
                  GC wall time :         0h : 1m :37s
--------------------
Overall wall time  : 0h :24m :46s
 
 CREST terminated normally.
