 
       ==============================================
       |                                            |
       |                 C R E S T                  |
       |                                            |
       |  Conformer-Rotamer Ensemble Sampling Tool  |
       |          based on the GFN methods          |
       |             P.Pracht, S.Grimme             |
       |          Universitaet Bonn, MCTC           |
       ==============================================
       Version 2.12,   Thu 19. Mai 16:32:32 CEST 2022
  Using the xTB program. Compatible with xTB version 6.4.0
 
   Cite work conducted with this code as

   • P.Pracht, F.Bohle, S.Grimme, PCCP, 2020, 22, 7169-7192.
   • S.Grimme, JCTC, 2019, 15, 2847-2862.

   and for works involving QCG as

   • S.Spicher, C.Plett, P.Pracht, A.Hansen, S.Grimme,
     JCTC, 2022, 18 (5), 3174-3189.
 
   with help from:
   C.Bannwarth, F.Bohle, S.Ehlert, S.Grimme,
   C.Plett, P.Pracht, S.Spicher
 
   This program is distributed in the hope that it will be useful,
   but WITHOUT ANY WARRANTY; without even the implied warranty of
   MERCHANTABILITY or FITNESS FOR A PARTICULAR PURPOSE.

 Command line input:
 > crest 01091_r_0.xyz -T 28 -gfn2 -chrg 0 -uhf 0 -rthr 0.25 -shake 1 --mdlen 0.5

  -T 28 (CPUs/Threads selected)
  -gfn2 : Use of GFN2-xTB requested.
  -chrg 0
  -uhf 0
  -rthr 0.25
  --mdlen 0.5 (MD length in ps)
 
 -------------------------
 xTB Geometry Optimization
 -------------------------
 Geometry successfully optimized.
 
------------------------------------------------
Generating MTD length from a flexibility measure
------------------------------------------------
 Calculating WBOs... done.
 Calculating NCI flexibility... done.
     covalent flexibility measure :   0.276
 non-covalent flexibility measure :   0.666
 flexibility measure :   0.313
 t(MTD) / ps set by command line  :     0.5
 t(MTD) / ps    :     0.5
 Σ(t(MTD)) / ps :     7.0 (14 MTDs)
 
-------------------------------------
Starting a trial MTD to test settings
-------------------------------------
 Estimated runtime for one MTD (0.5 ps) on a single thread: 51 sec
 Estimated runtime for a batch of 14 MTDs on 28 threads: 25 sec
 
 list of Vbias parameters applied:
$metadyn    0.00300   1.300
$metadyn    0.00150   1.300
$metadyn    0.00075   1.300
$metadyn    0.00300   0.780
$metadyn    0.00150   0.780
$metadyn    0.00075   0.780
$metadyn    0.00300   0.468
$metadyn    0.00150   0.468
$metadyn    0.00075   0.468
$metadyn    0.00300   0.281
$metadyn    0.00150   0.281
$metadyn    0.00075   0.281
$metadyn    0.00100   0.100
$metadyn    0.00500   0.800
 
*******************************************************************************************
**                        N E W    I T E R A T I O N    C Y C L E                        **
*******************************************************************************************
 
========================================
            MTD Iteration  1
========================================
 
     ========================================
     |         Meta-MD (MTD) Sampling       |
     ========================================
 
Starting Meta-MD  14 with the settings:
     MD time /ps        :     0.5
     dt /fs             :     5.0
     dumpstep(trj) /fs  :     100
     dumpstep(Vbias)/ps :     1.0
     Vbias factor k /Eh :  0.3500
     Vbias exp α /bohr⁻²:    0.80
Starting Meta-MD   1 with the settings:
     MD time /ps        :     0.5
     dt /fs             :     5.0
     dumpstep(trj) /fs  :     100
     dumpstep(Vbias)/ps :     1.0
     Vbias factor k /Eh :  0.2100
     Vbias exp α /bohr⁻²:    1.30
Starting Meta-MD   2 with the settings:
     MD time /ps        :     0.5
     dt /fs             :     5.0
     dumpstep(trj) /fs  :     100
     dumpstep(Vbias)/ps :     1.0
     Vbias factor k /Eh :  0.1050
     Vbias exp α /bohr⁻²:    1.30
Starting Meta-MD   3 with the settings:
     MD time /ps        :     0.5
     dt /fs             :     5.0
     dumpstep(trj) /fs  :     100
     dumpstep(Vbias)/ps :     1.0
     Vbias factor k /Eh :  0.0525
     Vbias exp α /bohr⁻²:    1.30
Starting Meta-MD   4 with the settings:
     MD time /ps        :     0.5
     dt /fs             :     5.0
     dumpstep(trj) /fs  :     100
     dumpstep(Vbias)/ps :     1.0
     Vbias factor k /Eh :  0.2100
     Vbias exp α /bohr⁻²:    0.78
Starting Meta-MD   5 with the settings:
     MD time /ps        :     0.5
     dt /fs             :     5.0
     dumpstep(trj) /fs  :     100
     dumpstep(Vbias)/ps :     1.0
     Vbias factor k /Eh :  0.1050
     Vbias exp α /bohr⁻²:    0.78
Starting Meta-MD   6 with the settings:
     MD time /ps        :     0.5
     dt /fs             :     5.0
     dumpstep(trj) /fs  :     100
     dumpstep(Vbias)/ps :     1.0
     Vbias factor k /Eh :  0.0525
     Vbias exp α /bohr⁻²:    0.78
Starting Meta-MD   7 with the settings:
     MD time /ps        :     0.5
     dt /fs             :     5.0
     dumpstep(trj) /fs  :     100
     dumpstep(Vbias)/ps :     1.0
     Vbias factor k /Eh :  0.2100
     Vbias exp α /bohr⁻²:    0.47
Starting Meta-MD   8 with the settings:
     MD time /ps        :     0.5
     dt /fs             :     5.0
     dumpstep(trj) /fs  :     100
     dumpstep(Vbias)/ps :     1.0
     Vbias factor k /Eh :  0.1050
     Vbias exp α /bohr⁻²:    0.47
Starting Meta-MD   9 with the settings:
     MD time /ps        :     0.5
     dt /fs             :     5.0
     dumpstep(trj) /fs  :     100
     dumpstep(Vbias)/ps :     1.0
     Vbias factor k /Eh :  0.0525
     Vbias exp α /bohr⁻²:    0.47
Starting Meta-MD  10 with the settings:
     MD time /ps        :     0.5
     dt /fs             :     5.0
     dumpstep(trj) /fs  :     100
     dumpstep(Vbias)/ps :     1.0
     Vbias factor k /Eh :  0.2100
     Vbias exp α /bohr⁻²:    0.28
Starting Meta-MD  11 with the settings:
     MD time /ps        :     0.5
     dt /fs             :     5.0
     dumpstep(trj) /fs  :     100
     dumpstep(Vbias)/ps :     1.0
     Vbias factor k /Eh :  0.1050
     Vbias exp α /bohr⁻²:    0.28
Starting Meta-MD  12 with the settings:
     MD time /ps        :     0.5
     dt /fs             :     5.0
     dumpstep(trj) /fs  :     100
     dumpstep(Vbias)/ps :     1.0
     Vbias factor k /Eh :  0.0525
     Vbias exp α /bohr⁻²:    0.28
Starting Meta-MD  13 with the settings:
     MD time /ps        :     0.5
     dt /fs             :     5.0
     dumpstep(trj) /fs  :     100
     dumpstep(Vbias)/ps :     1.0
     Vbias factor k /Eh :  0.0700
     Vbias exp α /bohr⁻²:    0.10
*Meta-MTD 7 finished*
*Meta-MTD 3 finished*
*Meta-MTD 1 finished*
*Meta-MTD 14 finished*
*Meta-MTD 13 finished*
*Meta-MTD 12 finished*
*Meta-MTD 5 finished*
*Meta-MTD 2 finished*
*Meta-MTD 8 finished*
*Meta-MTD 4 finished*
*Meta-MTD 11 finished*
*Meta-MTD 9 finished*
*Meta-MTD 6 finished*
*Meta-MTD 10 finished*
 
-----------------------
Multilevel Optimization
-----------------------
 
 -------------------------
 1. crude pre-optimization
 -------------------------
 Optimizing all 56 structures from file "crest_rotamers_0.xyz" ...
 1 2 3 4 5 6 7 8 9 10 11 12 13 14 15 16 17 18 19 20 21 22 23 24 25 26 27 28 29 30 31 32 33 34 35 36 37 38 39 40 41 42 43 44 45 46 47 48 49 50 51 52 53 54 55 56
 done.
 running RMSDs...
 done.
 E lowest :   -91.09859
 56 structures remain within    12.00 kcal/mol window
 
 -------------------------------------
 2. optimization with tight thresholds
 -------------------------------------
 Optimizing all 57 structures from file "crest_rotamers_1.xyz" ...
 1 2 3 4 5 6 7 8 9 10 11 12 13 14 15 16 17 18 19 20 21 22 23 24 25 26 27 28 29 30 31 32 33 34 35 36 37 38 39 40 41 42 43 44 45 46 47 48 49 50 51 52 53 54 55 56 57
 done.
 running RMSDs...
 done.
 E lowest :   -91.10109
 21 structures remain within     6.00 kcal/mol window
 
 
========================================
            MTD Iteration  2
========================================
 
     ========================================
     |         Meta-MD (MTD) Sampling       |
     ========================================
 
Starting Meta-MD   1 with the settings:
     MD time /ps        :     0.5
     dt /fs             :     5.0
     dumpstep(trj) /fs  :     100
     dumpstep(Vbias)/ps :     1.0
     Vbias factor k /Eh :  0.2100
     Vbias exp α /bohr⁻²:    1.30
Starting Meta-MD   2 with the settings:
     MD time /ps        :     0.5
     dt /fs             :     5.0
     dumpstep(trj) /fs  :     100
     dumpstep(Vbias)/ps :     1.0
     Vbias factor k /Eh :  0.1050
     Vbias exp α /bohr⁻²:    1.30
Starting Meta-MD   3 with the settings:
     MD time /ps        :     0.5
     dt /fs             :     5.0
     dumpstep(trj) /fs  :     100
     dumpstep(Vbias)/ps :     1.0
     Vbias factor k /Eh :  0.0525
     Vbias exp α /bohr⁻²:    1.30
Starting Meta-MD   6 with the settings:
     MD time /ps        :     0.5
     dt /fs             :     5.0
     dumpstep(trj) /fs  :     100
     dumpstep(Vbias)/ps :     1.0
     Vbias factor k /Eh :  0.0525
     Vbias exp α /bohr⁻²:    0.78
Starting Meta-MD   5 with the settings:
     MD time /ps        :     0.5
     dt /fs             :     5.0
     dumpstep(trj) /fs  :     100
     dumpstep(Vbias)/ps :     1.0
     Vbias factor k /Eh :  0.1050
     Vbias exp α /bohr⁻²:    0.78
Starting Meta-MD   4 with the settings:
     MD time /ps        :     0.5
     dt /fs             :     5.0
     dumpstep(trj) /fs  :     100
     dumpstep(Vbias)/ps :     1.0
     Vbias factor k /Eh :  0.2100
     Vbias exp α /bohr⁻²:    0.78
Starting Meta-MD   7 with the settings:
     MD time /ps        :     0.5
     dt /fs             :     5.0
     dumpstep(trj) /fs  :     100
     dumpstep(Vbias)/ps :     1.0
     Vbias factor k /Eh :  0.2100
     Vbias exp α /bohr⁻²:    0.47
Starting Meta-MD   8 with the settings:
     MD time /ps        :     0.5
     dt /fs             :     5.0
     dumpstep(trj) /fs  :     100
     dumpstep(Vbias)/ps :     1.0
     Vbias factor k /Eh :  0.1050
     Vbias exp α /bohr⁻²:    0.47
Starting Meta-MD   9 with the settings:
     MD time /ps        :     0.5
     dt /fs             :     5.0
     dumpstep(trj) /fs  :     100
     dumpstep(Vbias)/ps :     1.0
     Vbias factor k /Eh :  0.0525
     Vbias exp α /bohr⁻²:    0.47
Starting Meta-MD  12 with the settings:
     MD time /ps        :     0.5
     dt /fs             :     5.0
     dumpstep(trj) /fs  :     100
     dumpstep(Vbias)/ps :     1.0
     Vbias factor k /Eh :  0.0525
     Vbias exp α /bohr⁻²:    0.28
Starting Meta-MD  11 with the settings:
     MD time /ps        :     0.5
     dt /fs             :     5.0
     dumpstep(trj) /fs  :     100
     dumpstep(Vbias)/ps :     1.0
     Vbias factor k /Eh :  0.1050
     Vbias exp α /bohr⁻²:    0.28
Starting Meta-MD  10 with the settings:
     MD time /ps        :     0.5
     dt /fs             :     5.0
     dumpstep(trj) /fs  :     100
     dumpstep(Vbias)/ps :     1.0
     Vbias factor k /Eh :  0.2100
     Vbias exp α /bohr⁻²:    0.28
*Meta-MTD 1 finished*
*Meta-MTD 2 finished*
*Meta-MTD 7 finished*
*Meta-MTD 12 finished*
*Meta-MTD 11 finished*
*Meta-MTD 3 finished*
*Meta-MTD 6 finished*
*Meta-MTD 5 finished*
*Meta-MTD 4 finished*
*Meta-MTD 8 finished*
*Meta-MTD 10 finished*
*Meta-MTD 9 finished*
 
-----------------------
Multilevel Optimization
-----------------------
 
 -------------------------
 1. crude pre-optimization
 -------------------------
 Optimizing all 48 structures from file "crest_rotamers_0.xyz" ...
 1 2 3 4 5 6 7 8 9 10 11 12 13 14 15 16 17 18 19 20 21 22 23 24 25 26 27 28 29 30 31 32 33 34 35 36 37 38 39 40 41 42 43 44 45 46 47 48
 done.
 running RMSDs...
 done.
 E lowest :   -91.10046
 47 structures remain within    12.00 kcal/mol window
 
 -------------------------------------
 2. optimization with tight thresholds
 -------------------------------------
 Optimizing all 48 structures from file "crest_rotamers_1.xyz" ...
 1 2 3 4 5 6 7 8 9 10 11 12 13 14 15 16 17 18 19 20 21 22 23 24 25 26 27 28 29 30 31 32 33 34 35 36 37 38 39 40 41 42 43 44 45 46 47 48
 done.
 running RMSDs...
 done.
 E lowest :   -91.10133
 17 structures remain within     6.00 kcal/mol window
 
 ...............................................
 A new lower conformer was found!
 Improved by    0.00025 Eh or    0.15622kcal/mol
 ...............................................
 
========================================
            MTD Iteration  3
========================================
 
     ========================================
     |         Meta-MD (MTD) Sampling       |
     ========================================
 
Starting Meta-MD   1 with the settings:
     MD time /ps        :     0.5
     dt /fs             :     5.0
     dumpstep(trj) /fs  :     100
     dumpstep(Vbias)/ps :     1.0
     Vbias factor k /Eh :  0.2100
     Vbias exp α /bohr⁻²:    1.30
Starting Meta-MD   2 with the settings:
     MD time /ps        :     0.5
     dt /fs             :     5.0
     dumpstep(trj) /fs  :     100
     dumpstep(Vbias)/ps :     1.0
     Vbias factor k /Eh :  0.1050
     Vbias exp α /bohr⁻²:    1.30
Starting Meta-MD   3 with the settings:
     MD time /ps        :     0.5
     dt /fs             :     5.0
     dumpstep(trj) /fs  :     100
     dumpstep(Vbias)/ps :     1.0
     Vbias factor k /Eh :  0.0525
     Vbias exp α /bohr⁻²:    1.30
Starting Meta-MD   4 with the settings:
     MD time /ps        :     0.5
     dt /fs             :     5.0
     dumpstep(trj) /fs  :     100
     dumpstep(Vbias)/ps :     1.0
     Vbias factor k /Eh :  0.2100
     Vbias exp α /bohr⁻²:    0.78
Starting Meta-MD   5 with the settings:
     MD time /ps        :     0.5
     dt /fs             :     5.0
     dumpstep(trj) /fs  :     100
     dumpstep(Vbias)/ps :     1.0
     Vbias factor k /Eh :  0.1050
     Vbias exp α /bohr⁻²:    0.78
Starting Meta-MD   6 with the settings:
     MD time /ps        :     0.5
     dt /fs             :     5.0
     dumpstep(trj) /fs  :     100
     dumpstep(Vbias)/ps :     1.0
     Vbias factor k /Eh :  0.0525
     Vbias exp α /bohr⁻²:    0.78
Starting Meta-MD   7 with the settings:
     MD time /ps        :     0.5
     dt /fs             :     5.0
     dumpstep(trj) /fs  :     100
     dumpstep(Vbias)/ps :     1.0
     Vbias factor k /Eh :  0.2100
     Vbias exp α /bohr⁻²:    0.47
Starting Meta-MD   8 with the settings:
     MD time /ps        :     0.5
     dt /fs             :     5.0
     dumpstep(trj) /fs  :     100
     dumpstep(Vbias)/ps :     1.0
     Vbias factor k /Eh :  0.1050
     Vbias exp α /bohr⁻²:    0.47
Starting Meta-MD   9 with the settings:
     MD time /ps        :     0.5
     dt /fs             :     5.0
     dumpstep(trj) /fs  :     100
     dumpstep(Vbias)/ps :     1.0
     Vbias factor k /Eh :  0.0525
     Vbias exp α /bohr⁻²:    0.47
Starting Meta-MD  11 with the settings:
     MD time /ps        :     0.5
     dt /fs             :     5.0
     dumpstep(trj) /fs  :     100
     dumpstep(Vbias)/ps :     1.0
     Vbias factor k /Eh :  0.1050
     Vbias exp α /bohr⁻²:    0.28
Starting Meta-MD  10 with the settings:
     MD time /ps        :     0.5
     dt /fs             :     5.0
     dumpstep(trj) /fs  :     100
     dumpstep(Vbias)/ps :     1.0
     Vbias factor k /Eh :  0.2100
     Vbias exp α /bohr⁻²:    0.28
Starting Meta-MD  12 with the settings:
     MD time /ps        :     0.5
     dt /fs             :     5.0
     dumpstep(trj) /fs  :     100
     dumpstep(Vbias)/ps :     1.0
     Vbias factor k /Eh :  0.0525
     Vbias exp α /bohr⁻²:    0.28
*Meta-MTD 11 finished*
*Meta-MTD 9 finished*
*Meta-MTD 7 finished*
*Meta-MTD 1 finished*
*Meta-MTD 5 finished*
*Meta-MTD 4 finished*
*Meta-MTD 10 finished*
*Meta-MTD 8 finished*
*Meta-MTD 2 finished*
*Meta-MTD 3 finished*
*Meta-MTD 6 finished*
*Meta-MTD 12 finished*
 
-----------------------
Multilevel Optimization
-----------------------
 
 -------------------------
 1. crude pre-optimization
 -------------------------
 Optimizing all 48 structures from file "crest_rotamers_0.xyz" ...
 1 2 3 4 5 6 7 8 9 10 11 12 13 14 15 16 17 18 19 20 21 22 23 24 25 26 27 28 29 30 31 32 33 34 35 36 37 38 39 40 41 42 43 44 45 46 47 48
 done.
 running RMSDs...
 done.
 E lowest :   -91.10030
 48 structures remain within    12.00 kcal/mol window
 
 -------------------------------------
 2. optimization with tight thresholds
 -------------------------------------
 Optimizing all 49 structures from file "crest_rotamers_1.xyz" ...
 1 2 3 4 5 6 7 8 9 10 11 12 13 14 15 16 17 18 19 20 21 22 23 24 25 26 27 28 29 30 31 32 33 34 35 36 37 38 39 40 41 42 43 44 45 46 47 48 49
 done.
 running RMSDs...
 done.
 E lowest :   -91.10135
 25 structures remain within     6.00 kcal/mol window
 
========================================
            MTD Iterations done         
========================================
 Collecting ensmbles.
 running RMSDs...
 done.
 E lowest :   -91.10135
 58 structures remain within     6.00 kcal/mol window
 
-----------------------------------------------
Additional regular MDs on lowest 4 conformer(s)
-----------------------------------------------
Starting MD   1 with the settings:
     MD time /ps        :     0.2
     MD Temperature /K  :   400.0
     dt /fs             :     5.0
     dumpstep(trj) /fs  :     100
Starting MD   2 with the settings:
     MD time /ps        :     0.2
     MD Temperature /K  :   500.0
     dt /fs             :     5.0
     dumpstep(trj) /fs  :     100
Starting MD   8 with the settings:
     MD time /ps        :     0.2
     MD Temperature /K  :   500.0
     dt /fs             :     5.0
     dumpstep(trj) /fs  :     100
Starting MD   3 with the settings:
     MD time /ps        :     0.2
     MD Temperature /K  :   400.0
     dt /fs             :     5.0
     dumpstep(trj) /fs  :     100
Starting MD   4 with the settings:
     MD time /ps        :     0.2
     MD Temperature /K  :   500.0
     dt /fs             :     5.0
     dumpstep(trj) /fs  :     100
Starting MD   5 with the settings:
     MD time /ps        :     0.2
     MD Temperature /K  :   400.0
     dt /fs             :     5.0
     dumpstep(trj) /fs  :     100
Starting MD   6 with the settings:
     MD time /ps        :     0.2
     MD Temperature /K  :   500.0
     dt /fs             :     5.0
     dumpstep(trj) /fs  :     100
Starting MD   7 with the settings:
     MD time /ps        :     0.2
     MD Temperature /K  :   400.0
     dt /fs             :     5.0
     dumpstep(trj) /fs  :     100
*MD 6 finished*
*MD 7 finished*
*MD 3 finished*
*MD 5 finished*
*MD 8 finished*
*MD 1 finished*
*MD 2 finished*
*MD 4 finished*
 Appending file crest_rotamers_1.xyz with new structures
 
 -------------------------------------------
 Ensemble optimization with tight thresholds
 -------------------------------------------
 Optimizing all 74 structures from file "crest_rotamers_1.xyz" ...
 1 2 3 4 5 6 7 8 9 10 11 12 13 14 15 16 17 18 19 20 21 22 23 24 25 26 27 28 29 30 31 32 33 34 35 36 37 38 39 40 41 42 43 44 45 46 47 48 49 50 51 52 53 54 55 56 57 58 59 60 61 62 63 64 65 66 67 68 69 70 71 72 73 74
 done.
 running RMSDs...
 done.
 E lowest :   -91.10135
 65 structures remain within     6.00 kcal/mol window
 
 
     ========================================
     |        Structure Crossing (GC)       |
     ========================================
 =============================
  # threads =          28
 =============================
 input  file name : crest_rotamers_3.xyz
number of atoms                :    70
number of points on xyz files  :    65
conformer energy window  /kcal :    6.00
CN per atom difference cut-off :  0.3000
RMSD threshold                 :  0.5000
max. # of generated structures : 25
 reading xyz file ...
 # in E window                 65
 generating pairs ...        2144
 generated pairs           :        1294
 number of clash discarded :         786
 average rmsd w.r.t input  : 2.56516
 sd of ensemble            : 0.73074
 number of new structures      :          13
 removed identical structures  :          37
 writing           13  TMPCONF* dirs ...
 --------------------------
 GC: loose pre-optimization
 --------------------------
 Starting optimization of generated structures
 13 jobs to do.
 1 2 3 4 5 6 7 8 9 10 11 12 13 
 done.
 Now appending opt.xyz file with new structures
 running RMSDs...
 done.
 E lowest :   -91.10134
 13 structures remain within    10.00 kcal/mol window
 --------------------------------------
 GC: optimization with tight thresholds
 --------------------------------------
 Optimizing all 13 structures from file "crest_rotamers_1.xyz" ...
 1 2 3 4 5 6 7 8 9 10 11 12 13
 done.
 running RMSDs...
 done.
 E lowest :   -91.10135
 
 
   ================================================
   |           Final Geometry Optimization        |
   ================================================
 ------------------------------------------------
 Ensemble optimization with very tight thresholds
 ------------------------------------------------
 Optimizing all 74 structures from file "crest_rotamers_4.xyz" ...
 1 2 3 4 5 6 7 8 9 10 11 12 13 14 15 16 17 18 19 20 21 22 23 24 25 26 27 28 29 30 31 32 33 34 35 36 37 38 39 40 41 42 43 44 45 46 47 48 49 50 51 52 53 54 55 56 57 58 59 60 61 62 63 64 65 66 67 68 69 70 71 72 73 74
 done.
 running RMSDs...
 done.
 E lowest :   -91.10135
 71 structures remain within     6.00 kcal/mol window
 
 input  file name : crest_rotamers_5.xyz
 output file name : crest_rotamers_6.xyz
 number of atoms                :   70
 number of points on xyz files  :   74
 RMSD threshold                 :   0.2500
 Bconst threshold               :   0.0100
 population threshold           :   0.0500
 conformer energy window  /kcal :   6.0000
 # fragment in coord            :     1
 # bonds in reference structure :    73
 number of reliable points      :    74
 reference state Etot :  -91.1013531000000
 number of doubles removed by rot/RMSD         :           3
 total number unique points considered further :          71
       Erel/kcal        Etot weight/tot  conformer     set   degen     origin
       1   0.000   -91.10135    0.02186    0.36572       1      17     gc
       2   0.003   -91.10135    0.02174                                mtd8
       3   0.004   -91.10135    0.02172                                gc
       4   0.004   -91.10135    0.02171                                gc
       5   0.005   -91.10135    0.02169                                gc
       6   0.005   -91.10135    0.02169                                mtd5
       7   0.005   -91.10134    0.02167                                md4
       8   0.018   -91.10132    0.02120                                gc
       9   0.019   -91.10132    0.02119                                gc
      10   0.019   -91.10132    0.02119                                mtd4
      11   0.006   -91.10134    0.02163                                mtd12
      12   0.006   -91.10134    0.02163                                mtd6
      13   0.007   -91.10134    0.02162                                mtd6
      14   0.020   -91.10132    0.02114                                gc
      15   0.008   -91.10134    0.02156                                md5
      16   0.009   -91.10134    0.02152                                mtd4
      17   0.025   -91.10131    0.02095                                mtd9
      18   0.010   -91.10134    0.02152    0.06438       2       3     mtd2
      19   0.010   -91.10134    0.02151                                md6
      20   0.014   -91.10133    0.02135                                gc
      21   0.015   -91.10133    0.02133    0.06299       3       3     gc
      22   0.015   -91.10133    0.02132                                md2
      23   0.043   -91.10129    0.02035                                mtd11
      24   0.158   -91.10110    0.01674    0.11645       4       7     md8
      25   0.160   -91.10110    0.01671                                mtd7
      26   0.160   -91.10110    0.01670                                md7
      27   0.165   -91.10109    0.01654                                mtd2
      28   0.162   -91.10110    0.01665                                mtd6
      29   0.166   -91.10109    0.01652                                mtd7
      30   0.164   -91.10109    0.01659                                mtd3
      31   0.165   -91.10109    0.01656    0.11482       5       7     mtd10
      32   0.165   -91.10109    0.01655                                md8
      33   0.167   -91.10109    0.01650                                mtd6
      34   0.174   -91.10108    0.01630                                mtd9
      35   0.175   -91.10107    0.01628                                mtd11
      36   0.179   -91.10107    0.01616                                mtd1
      37   0.168   -91.10108    0.01646                                mtd7
      38   0.169   -91.10108    0.01645    0.01645       6       1     mtd11
      39   0.171   -91.10108    0.01640    0.01640       7       1     mtd2
      40   0.173   -91.10108    0.01633    0.03250       8       2     mtd14
      41   0.179   -91.10107    0.01616                                mtd12
      42   0.338   -91.10081    0.01236    0.03677       9       3     mtd8
      43   0.345   -91.10080    0.01223                                mtd4
      44   0.347   -91.10080    0.01219                                mtd8
      45   0.349   -91.10080    0.01214    0.05982      10       5     mtd10
      46   0.364   -91.10077    0.01184                                mtd4
      47   0.355   -91.10079    0.01201                                mtd8
      48   0.364   -91.10077    0.01184                                mtd11
      49   0.356   -91.10079    0.01199                                mtd6
      50   0.358   -91.10078    0.01196    0.02381      11       2     mtd8
      51   0.363   -91.10077    0.01185                                mtd11
      52   0.463   -91.10061    0.01001    0.02947      12       3     mtd1
      53   0.478   -91.10059    0.00976                                mtd7
      54   0.482   -91.10059    0.00970                                mtd7
      55   0.643   -91.10033    0.00740    0.02926      13       4     mtd2
      56   0.645   -91.10033    0.00737                                mtd4
      57   0.653   -91.10031    0.00727                                mtd3
      58   0.657   -91.10031    0.00722                                mtd3
      59   0.793   -91.10009    0.00574    0.00574      14       1     mtd10
      60   0.915   -91.09990    0.00468    0.00929      15       2     mtd5
      61   0.923   -91.09988    0.00461                                mtd9
      62   0.929   -91.09987    0.00457    0.00457      16       1     mtd10
      63   1.084   -91.09963    0.00351    0.00694      17       2     mtd2
      64   1.098   -91.09960    0.00343                                mtd11
      65   1.218   -91.09941    0.00280    0.00280      18       1     mtd10
      66   1.738   -91.09858    0.00117    0.00117      19       1     mtd8
      67   2.665   -91.09711    0.00024    0.00024      20       1     mtd6
      68   2.854   -91.09680    0.00018    0.00018      21       1     mtd2
      69   3.289   -91.09611    0.00009    0.00025      22       3     mtd10
      70   3.296   -91.09610    0.00008                                mtd11
      71   3.309   -91.09608    0.00008                                mtd10
T /K                                  :   298.15
E lowest                              :   -91.10135
ensemble average energy (kcal)        :    0.163
ensemble entropy (J/mol K, cal/mol K) :   34.076    8.144
ensemble free energy (kcal/mol)       :   -2.428
population of lowest in %             :   36.572
 number of unique conformers for further calc           22
 list of relative energies saved as "crest.energies"
 
 -----------------
 Wall Time Summary
 -----------------
             test MD wall time :         0h : 0m :12s
                 MTD wall time :         0h : 0m :39s
      multilevel OPT wall time :         0h : 1m :53s
                  MD wall time :         0h : 0m :21s
                  GC wall time :         0h : 0m : 3s
--------------------
Overall wall time  : 0h : 3m :22s
 
 CREST terminated normally.
