 
       ==============================================
       |                                            |
       |                 C R E S T                  |
       |                                            |
       |  Conformer-Rotamer Ensemble Sampling Tool  |
       |          based on the GFN methods          |
       |             P.Pracht, S.Grimme             |
       |          Universitaet Bonn, MCTC           |
       ==============================================
       Version 2.12,   Thu 19. Mai 16:32:32 CEST 2022
  Using the xTB program. Compatible with xTB version 6.4.0
 
   Cite work conducted with this code as

   • P.Pracht, F.Bohle, S.Grimme, PCCP, 2020, 22, 7169-7192.
   • S.Grimme, JCTC, 2019, 15, 2847-2862.

   and for works involving QCG as

   • S.Spicher, C.Plett, P.Pracht, A.Hansen, S.Grimme,
     JCTC, 2022, 18 (5), 3174-3189.
 
   with help from:
   C.Bannwarth, F.Bohle, S.Ehlert, S.Grimme,
   C.Plett, P.Pracht, S.Spicher
 
   This program is distributed in the hope that it will be useful,
   but WITHOUT ANY WARRANTY; without even the implied warranty of
   MERCHANTABILITY or FITNESS FOR A PARTICULAR PURPOSE.

 Command line input:
 > crest 00120_r_0.xyz -T 28 -gfn2 -chrg 0 -uhf 0 -rthr 0.25 -shake 1 --mdlen 0.5

  -T 28 (CPUs/Threads selected)
  -gfn2 : Use of GFN2-xTB requested.
  -chrg 0
  -uhf 0
  -rthr 0.25
  --mdlen 0.5 (MD length in ps)
 
 -------------------------
 xTB Geometry Optimization
 -------------------------
 Geometry successfully optimized.
 
------------------------------------------------
Generating MTD length from a flexibility measure
------------------------------------------------
 Calculating WBOs... done.
 Calculating NCI flexibility... done.
     covalent flexibility measure :   0.072
 non-covalent flexibility measure :   0.670
 flexibility measure :   0.126
 t(MTD) / ps set by command line  :     0.5
 t(MTD) / ps    :     0.5
 Σ(t(MTD)) / ps :     7.0 (14 MTDs)
 
-------------------------------------
Starting a trial MTD to test settings
-------------------------------------
 Estimated runtime for one MTD (0.5 ps) on a single thread: 1 min 17 sec
 Estimated runtime for a batch of 14 MTDs on 28 threads: 38 sec
 
 list of Vbias parameters applied:
$metadyn    0.00300   1.300
$metadyn    0.00150   1.300
$metadyn    0.00075   1.300
$metadyn    0.00300   0.780
$metadyn    0.00150   0.780
$metadyn    0.00075   0.780
$metadyn    0.00300   0.468
$metadyn    0.00150   0.468
$metadyn    0.00075   0.468
$metadyn    0.00300   0.281
$metadyn    0.00150   0.281
$metadyn    0.00075   0.281
$metadyn    0.00100   0.100
$metadyn    0.00500   0.800
 
*******************************************************************************************
**                        N E W    I T E R A T I O N    C Y C L E                        **
*******************************************************************************************
 
========================================
            MTD Iteration  1
========================================
 
     ========================================
     |         Meta-MD (MTD) Sampling       |
     ========================================
 
Starting Meta-MD   1 with the settings:
     MD time /ps        :     0.5
     dt /fs             :     5.0
     dumpstep(trj) /fs  :     100
     dumpstep(Vbias)/ps :     1.0
     Vbias factor k /Eh :  0.2520
     Vbias exp α /bohr⁻²:    1.30
Starting Meta-MD   3 with the settings:
     MD time /ps        :     0.5
     dt /fs             :     5.0
     dumpstep(trj) /fs  :     100
     dumpstep(Vbias)/ps :     1.0
     Vbias factor k /Eh :  0.0630
     Vbias exp α /bohr⁻²:    1.30
Starting Meta-MD   8 with the settings:
     MD time /ps        :     0.5
     dt /fs             :     5.0
     dumpstep(trj) /fs  :     100
     dumpstep(Vbias)/ps :     1.0
     Vbias factor k /Eh :  0.1260
     Vbias exp α /bohr⁻²:    0.47
Starting Meta-MD   4 with the settings:
     MD time /ps        :     0.5
     dt /fs             :     5.0
     dumpstep(trj) /fs  :     100
     dumpstep(Vbias)/ps :     1.0
     Vbias factor k /Eh :  0.2520
     Vbias exp α /bohr⁻²:    0.78
Starting Meta-MD   5 with the settings:
     MD time /ps        :     0.5
     dt /fs             :     5.0
     dumpstep(trj) /fs  :     100
     dumpstep(Vbias)/ps :     1.0
     Vbias factor k /Eh :  0.1260
     Vbias exp α /bohr⁻²:    0.78
Starting Meta-MD   2 with the settings:
     MD time /ps        :     0.5
     dt /fs             :     5.0
     dumpstep(trj) /fs  :     100
     dumpstep(Vbias)/ps :     1.0
     Vbias factor k /Eh :  0.1260
     Vbias exp α /bohr⁻²:    1.30
Starting Meta-MD   6 with the settings:
     MD time /ps        :     0.5
     dt /fs             :     5.0
     dumpstep(trj) /fs  :     100
     dumpstep(Vbias)/ps :     1.0
     Vbias factor k /Eh :  0.0630
     Vbias exp α /bohr⁻²:    0.78
Starting Meta-MD   7 with the settings:
     MD time /ps        :     0.5
     dt /fs             :     5.0
     dumpstep(trj) /fs  :     100
     dumpstep(Vbias)/ps :     1.0
     Vbias factor k /Eh :  0.2520
     Vbias exp α /bohr⁻²:    0.47
Starting Meta-MD   9 with the settings:
     MD time /ps        :     0.5
     dt /fs             :     5.0
     dumpstep(trj) /fs  :     100
     dumpstep(Vbias)/ps :     1.0
     Vbias factor k /Eh :  0.0630
     Vbias exp α /bohr⁻²:    0.47
Starting Meta-MD  14 with the settings:
     MD time /ps        :     0.5
     dt /fs             :     5.0
     dumpstep(trj) /fs  :     100
     dumpstep(Vbias)/ps :     1.0
     Vbias factor k /Eh :  0.4200
     Vbias exp α /bohr⁻²:    0.80
Starting Meta-MD  12 with the settings:
     MD time /ps        :     0.5
     dt /fs             :     5.0
     dumpstep(trj) /fs  :     100
     dumpstep(Vbias)/ps :     1.0
     Vbias factor k /Eh :  0.0630
     Vbias exp α /bohr⁻²:    0.28
Starting Meta-MD  10 with the settings:
     MD time /ps        :     0.5
     dt /fs             :     5.0
     dumpstep(trj) /fs  :     100
     dumpstep(Vbias)/ps :     1.0
     Vbias factor k /Eh :  0.2520
     Vbias exp α /bohr⁻²:    0.28
Starting Meta-MD  11 with the settings:
     MD time /ps        :     0.5
     dt /fs             :     5.0
     dumpstep(trj) /fs  :     100
     dumpstep(Vbias)/ps :     1.0
     Vbias factor k /Eh :  0.1260
     Vbias exp α /bohr⁻²:    0.28
Starting Meta-MD  13 with the settings:
     MD time /ps        :     0.5
     dt /fs             :     5.0
     dumpstep(trj) /fs  :     100
     dumpstep(Vbias)/ps :     1.0
     Vbias factor k /Eh :  0.0840
     Vbias exp α /bohr⁻²:    0.10
*Meta-MTD 14 finished*
*Meta-MTD 4 finished*
*Meta-MTD 6 finished*
*Meta-MTD 1 finished*
*Meta-MTD 7 finished*
*Meta-MTD 9 finished*
*Meta-MTD 2 finished*
*Meta-MTD 3 finished*
*Meta-MTD 11 finished*
*Meta-MTD 12 finished*
*Meta-MTD 5 finished*
*Meta-MTD 8 finished*
*Meta-MTD 13 finished*
*Meta-MTD 10 finished*
 
-----------------------
Multilevel Optimization
-----------------------
 
 -------------------------
 1. crude pre-optimization
 -------------------------
 Optimizing all 56 structures from file "crest_rotamers_0.xyz" ...
 1 2 3 4 5 6 7 8 9 10 11 12 13 14 15 16 17 18 19 20 21 22 23 24 25 26 27 28 29 30 31 32 33 34 35 36 37 38 39 40 41 42 43 44 45 46 47 48 49 50 51 52 53 54 55 56
 done.
 running RMSDs...
 done.
 E lowest :  -132.12020
 47 structures remain within    12.00 kcal/mol window
 
 -------------------------------------
 2. optimization with tight thresholds
 -------------------------------------
 Optimizing all 48 structures from file "crest_rotamers_1.xyz" ...
 1 2 3 4 5 6 7 8 9 10 11 12 13 14 15 16 17 18 19 20 21 22 23 24 25 26 27 28 29 30 31 32 33 34 35 36 37 38 39 40 41 42 43 44 45 46 47 48
 done.
 running RMSDs...
 done.
 E lowest :  -132.12170
 25 structures remain within     6.00 kcal/mol window
 
 
========================================
            MTD Iteration  2
========================================
 
     ========================================
     |         Meta-MD (MTD) Sampling       |
     ========================================
 
Starting Meta-MD   1 with the settings:
     MD time /ps        :     0.5
     dt /fs             :     5.0
     dumpstep(trj) /fs  :     100
     dumpstep(Vbias)/ps :     1.0
     Vbias factor k /Eh :  0.2520
     Vbias exp α /bohr⁻²:    1.30
Starting Meta-MD   2 with the settings:
     MD time /ps        :     0.5
     dt /fs             :     5.0
     dumpstep(trj) /fs  :     100
     dumpstep(Vbias)/ps :     1.0
     Vbias factor k /Eh :  0.1260
     Vbias exp α /bohr⁻²:    1.30
Starting Meta-MD   3 with the settings:
     MD time /ps        :     0.5
     dt /fs             :     5.0
     dumpstep(trj) /fs  :     100
     dumpstep(Vbias)/ps :     1.0
     Vbias factor k /Eh :  0.0630
     Vbias exp α /bohr⁻²:    1.30
Starting Meta-MD   4 with the settings:
     MD time /ps        :     0.5
     dt /fs             :     5.0
     dumpstep(trj) /fs  :     100
     dumpstep(Vbias)/ps :     1.0
     Vbias factor k /Eh :  0.2520
     Vbias exp α /bohr⁻²:    0.78
Starting Meta-MD   5 with the settings:
     MD time /ps        :     0.5
     dt /fs             :     5.0
     dumpstep(trj) /fs  :     100
     dumpstep(Vbias)/ps :     1.0
     Vbias factor k /Eh :  0.1260
     Vbias exp α /bohr⁻²:    0.78
Starting Meta-MD   6 with the settings:
     MD time /ps        :     0.5
     dt /fs             :     5.0
     dumpstep(trj) /fs  :     100
     dumpstep(Vbias)/ps :     1.0
     Vbias factor k /Eh :  0.0630
     Vbias exp α /bohr⁻²:    0.78
Starting Meta-MD   7 with the settings:
     MD time /ps        :     0.5
     dt /fs             :     5.0
     dumpstep(trj) /fs  :     100
     dumpstep(Vbias)/ps :     1.0
     Vbias factor k /Eh :  0.2520
     Vbias exp α /bohr⁻²:    0.47
Starting Meta-MD   8 with the settings:
     MD time /ps        :     0.5
     dt /fs             :     5.0
     dumpstep(trj) /fs  :     100
     dumpstep(Vbias)/ps :     1.0
     Vbias factor k /Eh :  0.1260
     Vbias exp α /bohr⁻²:    0.47
Starting Meta-MD   9 with the settings:
     MD time /ps        :     0.5
     dt /fs             :     5.0
     dumpstep(trj) /fs  :     100
     dumpstep(Vbias)/ps :     1.0
     Vbias factor k /Eh :  0.0630
     Vbias exp α /bohr⁻²:    0.47
Starting Meta-MD  10 with the settings:
     MD time /ps        :     0.5
     dt /fs             :     5.0
     dumpstep(trj) /fs  :     100
     dumpstep(Vbias)/ps :     1.0
     Vbias factor k /Eh :  0.2520
     Vbias exp α /bohr⁻²:    0.28
Starting Meta-MD  11 with the settings:
     MD time /ps        :     0.5
     dt /fs             :     5.0
     dumpstep(trj) /fs  :     100
     dumpstep(Vbias)/ps :     1.0
     Vbias factor k /Eh :  0.1260
     Vbias exp α /bohr⁻²:    0.28
Starting Meta-MD  12 with the settings:
     MD time /ps        :     0.5
     dt /fs             :     5.0
     dumpstep(trj) /fs  :     100
     dumpstep(Vbias)/ps :     1.0
     Vbias factor k /Eh :  0.0630
     Vbias exp α /bohr⁻²:    0.28
*Meta-MTD 7 finished*
*Meta-MTD 12 finished*
*Meta-MTD 3 finished*
*Meta-MTD 10 finished*
*Meta-MTD 9 finished*
*Meta-MTD 2 finished*
*Meta-MTD 1 finished*
*Meta-MTD 6 finished*
*Meta-MTD 11 finished*
*Meta-MTD 4 finished*
*Meta-MTD 8 finished*
*Meta-MTD 5 finished*
 
-----------------------
Multilevel Optimization
-----------------------
 
 -------------------------
 1. crude pre-optimization
 -------------------------
 Optimizing all 48 structures from file "crest_rotamers_0.xyz" ...
 1 2 3 4 5 6 7 8 9 10 11 12 13 14 15 16 17 18 19 20 21 22 23 24 25 26 27 28 29 30 31 32 33 34 35 36 37 38 39 40 41 42 43 44 45 46 47 48
 done.
 running RMSDs...
 done.
 E lowest :  -132.12094
 41 structures remain within    12.00 kcal/mol window
 
 -------------------------------------
 2. optimization with tight thresholds
 -------------------------------------
 Optimizing all 42 structures from file "crest_rotamers_1.xyz" ...
 1 2 3 4 5 6 7 8 9 10 11 12 13 14 15 16 17 18 19 20 21 22 23 24 25 26 27 28 29 30 31 32 33 34 35 36 37 38 39 40 41 42
 done.
 running RMSDs...
 done.
 E lowest :  -132.12181
 17 structures remain within     6.00 kcal/mol window
 
 ...............................................
 A new lower conformer was found!
 Improved by    0.00012 Eh or    0.07395kcal/mol
 ...............................................
 
========================================
            MTD Iteration  3
========================================
 
     ========================================
     |         Meta-MD (MTD) Sampling       |
     ========================================
 
Starting Meta-MD   1 with the settings:
     MD time /ps        :     0.5
     dt /fs             :     5.0
     dumpstep(trj) /fs  :     100
     dumpstep(Vbias)/ps :     1.0
     Vbias factor k /Eh :  0.2520
     Vbias exp α /bohr⁻²:    1.30
Starting Meta-MD   2 with the settings:
     MD time /ps        :     0.5
     dt /fs             :     5.0
     dumpstep(trj) /fs  :     100
     dumpstep(Vbias)/ps :     1.0
     Vbias factor k /Eh :  0.1260
     Vbias exp α /bohr⁻²:    1.30
Starting Meta-MD   3 with the settings:
     MD time /ps        :     0.5
     dt /fs             :     5.0
     dumpstep(trj) /fs  :     100
     dumpstep(Vbias)/ps :     1.0
     Vbias factor k /Eh :  0.0630
     Vbias exp α /bohr⁻²:    1.30
Starting Meta-MD   4 with the settings:
     MD time /ps        :     0.5
     dt /fs             :     5.0
     dumpstep(trj) /fs  :     100
     dumpstep(Vbias)/ps :     1.0
     Vbias factor k /Eh :  0.2520
     Vbias exp α /bohr⁻²:    0.78
Starting Meta-MD   5 with the settings:
     MD time /ps        :     0.5
     dt /fs             :     5.0
     dumpstep(trj) /fs  :     100
     dumpstep(Vbias)/ps :     1.0
     Vbias factor k /Eh :  0.1260
     Vbias exp α /bohr⁻²:    0.78
Starting Meta-MD   6 with the settings:
     MD time /ps        :     0.5
     dt /fs             :     5.0
     dumpstep(trj) /fs  :     100
     dumpstep(Vbias)/ps :     1.0
     Vbias factor k /Eh :  0.0630
     Vbias exp α /bohr⁻²:    0.78
Starting Meta-MD   7 with the settings:
     MD time /ps        :     0.5
     dt /fs             :     5.0
     dumpstep(trj) /fs  :     100
     dumpstep(Vbias)/ps :     1.0
     Vbias factor k /Eh :  0.2520
     Vbias exp α /bohr⁻²:    0.47
Starting Meta-MD   8 with the settings:
     MD time /ps        :     0.5
     dt /fs             :     5.0
     dumpstep(trj) /fs  :     100
     dumpstep(Vbias)/ps :     1.0
     Vbias factor k /Eh :  0.1260
     Vbias exp α /bohr⁻²:    0.47
Starting Meta-MD   9 with the settings:
     MD time /ps        :     0.5
     dt /fs             :     5.0
     dumpstep(trj) /fs  :     100
     dumpstep(Vbias)/ps :     1.0
     Vbias factor k /Eh :  0.0630
     Vbias exp α /bohr⁻²:    0.47
Starting Meta-MD  10 with the settings:
     MD time /ps        :     0.5
     dt /fs             :     5.0
     dumpstep(trj) /fs  :     100
     dumpstep(Vbias)/ps :     1.0
     Vbias factor k /Eh :  0.2520
     Vbias exp α /bohr⁻²:    0.28
Starting Meta-MD  11 with the settings:
     MD time /ps        :     0.5
     dt /fs             :     5.0
     dumpstep(trj) /fs  :     100
     dumpstep(Vbias)/ps :     1.0
     Vbias factor k /Eh :  0.1260
     Vbias exp α /bohr⁻²:    0.28
Starting Meta-MD  12 with the settings:
     MD time /ps        :     0.5
     dt /fs             :     5.0
     dumpstep(trj) /fs  :     100
     dumpstep(Vbias)/ps :     1.0
     Vbias factor k /Eh :  0.0630
     Vbias exp α /bohr⁻²:    0.28
*Meta-MTD 9 finished*
*Meta-MTD 7 finished*
*Meta-MTD 4 finished*
*Meta-MTD 12 finished*
*Meta-MTD 6 finished*
*Meta-MTD 11 finished*
*Meta-MTD 1 finished*
*Meta-MTD 2 finished*
*Meta-MTD 10 finished*
*Meta-MTD 8 finished*
*Meta-MTD 5 finished*
*Meta-MTD 3 finished*
 
-----------------------
Multilevel Optimization
-----------------------
 
 -------------------------
 1. crude pre-optimization
 -------------------------
 Optimizing all 48 structures from file "crest_rotamers_0.xyz" ...
 1 2 3 4 5 6 7 8 9 10 11 12 13 14 15 16 17 18 19 20 21 22 23 24 25 26 27 28 29 30 31 32 33 34 35 36 37 38 39 40 41 42 43 44 45 46 47 48
 done.
 running RMSDs...
 done.
 E lowest :  -132.12080
 42 structures remain within    12.00 kcal/mol window
 
 -------------------------------------
 2. optimization with tight thresholds
 -------------------------------------
 Optimizing all 43 structures from file "crest_rotamers_1.xyz" ...
 1 2 3 4 5 6 7 8 9 10 11 12 13 14 15 16 17 18 19 20 21 22 23 24 25 26 27 28 29 30 31 32 33 34 35 36 37 38 39 40 41 42 43
 done.
 running RMSDs...
 done.
 E lowest :  -132.12192
 25 structures remain within     6.00 kcal/mol window
 
 ...............................................
 A new lower conformer was found!
 Improved by    0.00011 Eh or    0.06776kcal/mol
 ...............................................
 
========================================
            MTD Iteration  4
========================================
 
     ========================================
     |         Meta-MD (MTD) Sampling       |
     ========================================
 
Starting Meta-MD   1 with the settings:
     MD time /ps        :     0.5
     dt /fs             :     5.0
     dumpstep(trj) /fs  :     100
     dumpstep(Vbias)/ps :     1.0
     Vbias factor k /Eh :  0.2520
     Vbias exp α /bohr⁻²:    1.30
Starting Meta-MD   2 with the settings:
     MD time /ps        :     0.5
     dt /fs             :     5.0
     dumpstep(trj) /fs  :     100
     dumpstep(Vbias)/ps :     1.0
     Vbias factor k /Eh :  0.1260
     Vbias exp α /bohr⁻²:    1.30
Starting Meta-MD   3 with the settings:
     MD time /ps        :     0.5
     dt /fs             :     5.0
     dumpstep(trj) /fs  :     100
     dumpstep(Vbias)/ps :     1.0
     Vbias factor k /Eh :  0.0630
     Vbias exp α /bohr⁻²:    1.30
Starting Meta-MD   4 with the settings:
     MD time /ps        :     0.5
     dt /fs             :     5.0
     dumpstep(trj) /fs  :     100
     dumpstep(Vbias)/ps :     1.0
     Vbias factor k /Eh :  0.2520
     Vbias exp α /bohr⁻²:    0.78
Starting Meta-MD   5 with the settings:
     MD time /ps        :     0.5
     dt /fs             :     5.0
     dumpstep(trj) /fs  :     100
     dumpstep(Vbias)/ps :     1.0
     Vbias factor k /Eh :  0.1260
     Vbias exp α /bohr⁻²:    0.78
Starting Meta-MD   6 with the settings:
     MD time /ps        :     0.5
     dt /fs             :     5.0
     dumpstep(trj) /fs  :     100
     dumpstep(Vbias)/ps :     1.0
     Vbias factor k /Eh :  0.0630
     Vbias exp α /bohr⁻²:    0.78
Starting Meta-MD   7 with the settings:
     MD time /ps        :     0.5
     dt /fs             :     5.0
     dumpstep(trj) /fs  :     100
     dumpstep(Vbias)/ps :     1.0
     Vbias factor k /Eh :  0.2520
     Vbias exp α /bohr⁻²:    0.47
Starting Meta-MD   8 with the settings:
     MD time /ps        :     0.5
     dt /fs             :     5.0
     dumpstep(trj) /fs  :     100
     dumpstep(Vbias)/ps :     1.0
     Vbias factor k /Eh :  0.1260
     Vbias exp α /bohr⁻²:    0.47
Starting Meta-MD   9 with the settings:
     MD time /ps        :     0.5
     dt /fs             :     5.0
     dumpstep(trj) /fs  :     100
     dumpstep(Vbias)/ps :     1.0
     Vbias factor k /Eh :  0.0630
     Vbias exp α /bohr⁻²:    0.47
Starting Meta-MD  10 with the settings:
     MD time /ps        :     0.5
     dt /fs             :     5.0
     dumpstep(trj) /fs  :     100
     dumpstep(Vbias)/ps :     1.0
     Vbias factor k /Eh :  0.2520
     Vbias exp α /bohr⁻²:    0.28
Starting Meta-MD  11 with the settings:
     MD time /ps        :     0.5
     dt /fs             :     5.0
     dumpstep(trj) /fs  :     100
     dumpstep(Vbias)/ps :     1.0
     Vbias factor k /Eh :  0.1260
     Vbias exp α /bohr⁻²:    0.28
Starting Meta-MD  12 with the settings:
     MD time /ps        :     0.5
     dt /fs             :     5.0
     dumpstep(trj) /fs  :     100
     dumpstep(Vbias)/ps :     1.0
     Vbias factor k /Eh :  0.0630
     Vbias exp α /bohr⁻²:    0.28
*Meta-MTD 2 finished*
*Meta-MTD 4 finished*
*Meta-MTD 1 finished*
*Meta-MTD 10 finished*
*Meta-MTD 3 finished*
*Meta-MTD 5 finished*
*Meta-MTD 7 finished*
*Meta-MTD 8 finished*
*Meta-MTD 6 finished*
*Meta-MTD 11 finished*
*Meta-MTD 9 finished*
*Meta-MTD 12 finished*
 
-----------------------
Multilevel Optimization
-----------------------
 
 -------------------------
 1. crude pre-optimization
 -------------------------
 Optimizing all 48 structures from file "crest_rotamers_0.xyz" ...
 1 2 3 4 5 6 7 8 9 10 11 12 13 14 15 16 17 18 19 20 21 22 23 24 25 26 27 28 29 30 31 32 33 34 35 36 37 38 39 40 41 42 43 44 45 46 47 48
 done.
 running RMSDs...
 done.
 E lowest :  -132.12103
 40 structures remain within    12.00 kcal/mol window
 
 -------------------------------------
 2. optimization with tight thresholds
 -------------------------------------
 Optimizing all 41 structures from file "crest_rotamers_1.xyz" ...
 1 2 3 4 5 6 7 8 9 10 11 12 13 14 15 16 17 18 19 20 21 22 23 24 25 26 27 28 29 30 31 32 33 34 35 36 37 38 39 40 41
 done.
 running RMSDs...
 done.
 E lowest :  -132.12193
 17 structures remain within     6.00 kcal/mol window
 
========================================
            MTD Iterations done         
========================================
 Collecting ensmbles.
 running RMSDs...
 done.
 E lowest :  -132.12193
 78 structures remain within     6.00 kcal/mol window
 
 -------------------------------
 Additional orientation sampling
 -------------------------------
 Optimizing all 106 structures from file "oh_ensemble.xyz" ...
 1 2 3 4 5 6 7 8 9 10 11 12 13 14 15 16 17 18 19 20 21 22 23 24 25 26 27 28 29 30 31 32 33 34 35 36 37 38 39 40 41 42 43 44 45 46 47 48 49 50 51 52 53 54 55 56 57 58 59 60 61 62 63 64 65 66 67 68 69 70 71 72 73 74 75 76 77 78 79 80 81 82 83 84 85 86 87 88 89 90 91 92 93 94 95 96 97 98 99 100 101 102 103 104 105 106
 done.
 running RMSDs...
 done.
 E lowest :  -132.12193
 165 structures remain within     6.00 kcal/mol window
 
-----------------------------------------------
Additional regular MDs on lowest 4 conformer(s)
-----------------------------------------------
Starting MD   1 with the settings:
     MD time /ps        :     0.2
     MD Temperature /K  :   400.0
     dt /fs             :     5.0
     dumpstep(trj) /fs  :     100
Starting MD   2 with the settings:
     MD time /ps        :     0.2
     MD Temperature /K  :   500.0
     dt /fs             :     5.0
     dumpstep(trj) /fs  :     100
Starting MD   3 with the settings:
     MD time /ps        :     0.2
     MD Temperature /K  :   400.0
     dt /fs             :     5.0
     dumpstep(trj) /fs  :     100
Starting MD   4 with the settings:
     MD time /ps        :     0.2
     MD Temperature /K  :   500.0
     dt /fs             :     5.0
     dumpstep(trj) /fs  :     100
Starting MD   6 with the settings:
     MD time /ps        :     0.2
     MD Temperature /K  :   500.0
     dt /fs             :     5.0
     dumpstep(trj) /fs  :     100
Starting MD   5 with the settings:
     MD time /ps        :     0.2
     MD Temperature /K  :   400.0
     dt /fs             :     5.0
     dumpstep(trj) /fs  :     100
Starting MD   7 with the settings:
     MD time /ps        :     0.2
     MD Temperature /K  :   400.0
     dt /fs             :     5.0
     dumpstep(trj) /fs  :     100
Starting MD   8 with the settings:
     MD time /ps        :     0.2
     MD Temperature /K  :   500.0
     dt /fs             :     5.0
     dumpstep(trj) /fs  :     100
*MD 7 finished*
*MD 3 finished*
*MD 5 finished*
*MD 2 finished*
*MD 1 finished*
*MD 4 finished*
*MD 6 finished*
*MD 8 finished*
 Appending file crest_rotamers_2.xyz with new structures
 
 -------------------------------------------
 Ensemble optimization with tight thresholds
 -------------------------------------------
 Optimizing all 181 structures from file "crest_rotamers_2.xyz" ...
 1 2 3 4 5 6 7 8 9 10 11 12 13 14 15 16 17 18 19 20 21 22 23 24 25 26 27 28 29 30 31 32 33 34 35 36 37 38 39 40 41 42 43 44 45 46 47 48 49 50 51 52 53 54 55 56 57 58 59 60 61 62 63 64 65 66 67 68 69 70 71 72 73 74 75 76 77 78 79 80 81 82 83 84 85 86 87 88 89 90 91 92 93 94 95 96 97 98 99 100 101 102 103 104 105 106 107 108 109 110 111 112 113 114 115 116 117 118 119 120 121 122 123 124 125 126 127 128 129 130 131 132 133 134 135 136 137 138 139 140 141 142 143 144 145 146 147 148 149 150 151 152 153 154 155 156 157 158 159 160 161 162 163 164 165 166 167 168 169 170 171 172 173 174 175 176 177 178 179 180 181
 done.
 running RMSDs...
 done.
 E lowest :  -132.12196
 167 structures remain within     6.00 kcal/mol window
 
 
     ========================================
     |        Structure Crossing (GC)       |
     ========================================
 =============================
  # threads =          28
 =============================
 input  file name : crest_rotamers_4.xyz
number of atoms                :    84
number of points on xyz files  :   167
conformer energy window  /kcal :    6.00
CN per atom difference cut-off :  0.3000
RMSD threshold                 :  0.5000
max. # of generated structures : 25
 reading xyz file ...
 # in E window                167
 generating pairs ...       14027
  69.5 % done
 generated pairs           :        9865
 number of clash discarded :        3996
 average rmsd w.r.t input  : 2.79653
 sd of ensemble            : 0.70819
 number of new structures      :           5
 removed identical structures  :          45
 writing            5  TMPCONF* dirs ...
 --------------------------
 GC: loose pre-optimization
 --------------------------
 Starting optimization of generated structures
 5 jobs to do.
 1 2 3 4 5 
 done.
 Now appending opt.xyz file with new structures
 running RMSDs...
 done.
 E lowest :  -132.12145
 5 structures remain within    10.00 kcal/mol window
 --------------------------------------
 GC: optimization with tight thresholds
 --------------------------------------
 Optimizing all 5 structures from file "crest_rotamers_1.xyz" ...
 1 2 3 4 5
 done.
 running RMSDs...
 done.
 E lowest :  -132.12196
 
 
   ================================================
   |           Final Geometry Optimization        |
   ================================================
 ------------------------------------------------
 Ensemble optimization with very tight thresholds
 ------------------------------------------------
 Optimizing all 172 structures from file "crest_rotamers_5.xyz" ...
 1 2 3 4 5 6 7 8 9 10 11 12 13 14 15 16 17 18 19 20 21 22 23 24 25 26 27 28 29 30 31 32 33 34 35 36 37 38 39 40 41 42 43 44 45 46 47 48 49 50 51 52 53 54 55 56 57 58 59 60 61 62 63 64 65 66 67 68 69 70 71 72 73 74 75 76 77 78 79 80 81 82 83 84 85 86 87 88 89 90 91 92 93 94 95 96 97 98 99 100 101 102 103 104 105 106 107 108 109 110 111 112 113 114 115 116 117 118 119 120 121 122 123 124 125 126 127 128 129 130 131 132 133 134 135 136 137 138 139 140 141 142 143 144 145 146 147 148 149 150 151 152 153 154 155 156 157 158 159 160 161 162 163 164 165 166 167 168 169 170 171 172
 done.
 running RMSDs...
 done.
 E lowest :  -132.12196
 172 structures remain within     6.00 kcal/mol window
 
 input  file name : crest_rotamers_6.xyz
 output file name : crest_rotamers_7.xyz
 number of atoms                :   84
 number of points on xyz files  :   172
 RMSD threshold                 :   0.2500
 Bconst threshold               :   0.0100
 population threshold           :   0.0500
 conformer energy window  /kcal :   6.0000
 # fragment in coord            :     1
 # bonds in reference structure :    91
 number of reliable points      :   172
 reference state Etot :  -132.121963960000
 number of doubles removed by rot/RMSD         :           0
 total number unique points considered further :         172
       Erel/kcal        Etot weight/tot  conformer     set   degen     origin
       1   0.000  -132.12196    0.01405    0.01405       1       1     md3
       2   0.018  -132.12193    0.01362    0.02718       2       2     md2
       3   0.021  -132.12193    0.01356                                mtd11
       4   0.053  -132.12188    0.01284    0.01284       3       1     md8
       5   0.078  -132.12184    0.01233    0.02431       4       2     mtd11
       6   0.094  -132.12181    0.01198                                mtd12
       7   0.113  -132.12178    0.01161    0.01161       5       1     mtd2
       8   0.119  -132.12177    0.01149    0.03448       6       3     mtd1
       9   0.116  -132.12178    0.01155                                mtd11
      10   0.122  -132.12177    0.01144                                mtd1
      11   0.123  -132.12177    0.01142    0.02280       7       2     mtd2
      12   0.125  -132.12176    0.01138                                mtd11
      13   0.138  -132.12174    0.01114    0.02268       8       2     mtd4
      14   0.117  -132.12178    0.01154                                mtd2
      15   0.093  -132.12182    0.01201    0.02310       9       2     mtd10
      16   0.140  -132.12174    0.01110                                mtd8
      17   0.135  -132.12175    0.01120    0.01120      10       1     mtd4
      18   0.143  -132.12174    0.01104    0.01104      11       1     mtd3
      19   0.150  -132.12173    0.01092    0.01092      12       1     mtd7
      20   0.123  -132.12177    0.01142    0.01142      13       1     mtd1
      21   0.162  -132.12171    0.01069    0.02121      14       2     mtd12
      22   0.172  -132.12169    0.01052                                mtd5
      23   0.165  -132.12170    0.01064    0.02108      15       2     input
      24   0.176  -132.12168    0.01044                                mtd1
      25   0.176  -132.12168    0.01045    0.01045      16       1     gc
      26   0.181  -132.12168    0.01036    0.01036      17       1     md8
      27   0.190  -132.12166    0.01020    0.02022      18       2     mtd3
      28   0.201  -132.12164    0.01001                                mtd8
      29   0.220  -132.12161    0.00969    0.01935      19       2     mtd8
      30   0.222  -132.12161    0.00966                                mtd10
      31   0.227  -132.12160    0.00959    0.00959      20       1     mtd10
      32   0.198  -132.12165    0.01006    0.04798      21       5     mtd14
      33   0.234  -132.12159    0.00947                                mtd14
      34   0.220  -132.12161    0.00969                                mtd3
      35   0.243  -132.12158    0.00933                                mtd10
      36   0.237  -132.12159    0.00942                                mtd12
      37   0.250  -132.12156    0.00921    0.01858      22       2     mtd8
      38   0.240  -132.12158    0.00937                                mtd4
      39   0.253  -132.12156    0.00916    0.00916      23       1     mtd7
      40   0.264  -132.12154    0.00900    0.01774      24       2     gc
      41   0.282  -132.12151    0.00873                                mtd3
      42   0.292  -132.12150    0.00858    0.00858      25       1     mtd7
      43   0.267  -132.12154    0.00896    0.00896      26       1     mtd1
      44   0.294  -132.12150    0.00856    0.01705      27       2     mtd7
      45   0.299  -132.12149    0.00848                                mtd5
      46   0.304  -132.12148    0.00841    0.00841      28       1     mtd14
      47   0.318  -132.12146    0.00822    0.00822      29       1     mtd7
      48   0.294  -132.12149    0.00855    0.00855      30       1     mtd8
      49   0.319  -132.12146    0.00821    0.01595      31       2     mtd9
      50   0.354  -132.12140    0.00774                                mtd5
      51   0.361  -132.12139    0.00764    0.00764      32       1     mtd6
      52   0.369  -132.12138    0.00754    0.01571      33       2     mtd7
      53   0.321  -132.12145    0.00817                                mtd4
      54   0.375  -132.12137    0.00747    0.00747      34       1     mtd5
      55   0.376  -132.12136    0.00745    0.00745      35       1     gc
      56   0.391  -132.12134    0.00727    0.00727      36       1     mtd13
      57   0.366  -132.12138    0.00758    0.00758      37       1     mtd9
      58   0.395  -132.12133    0.00722    0.00722      38       1     mtd6
      59   0.400  -132.12133    0.00716    0.00716      39       1     mtd1
      60   0.404  -132.12132    0.00711    0.00711      40       1     mtd5
      61   0.410  -132.12131    0.00704    0.00704      41       1     mtd13
      62   0.410  -132.12131    0.00704    0.00704      42       1     mtd7
      63   0.418  -132.12130    0.00695    0.02057      43       3     mtd4
      64   0.420  -132.12130    0.00692                                mtd10
      65   0.439  -132.12126    0.00670                                mtd1
      66   0.449  -132.12125    0.00659    0.01314      44       2     mtd1
      67   0.453  -132.12124    0.00655                                mtd6
      68   0.460  -132.12123    0.00647    0.00647      45       1     mtd3
      69   0.440  -132.12126    0.00670    0.01348      46       2     mtd2
      70   0.432  -132.12128    0.00678                                mtd5
      71   0.468  -132.12122    0.00638    0.00638      47       1     mtd4
      72   0.470  -132.12121    0.00636    0.01284      48       2     mtd11
      73   0.459  -132.12123    0.00648                                mtd3
      74   0.476  -132.12121    0.00630    0.00630      49       1     mtd7
      75   0.468  -132.12122    0.00638    0.00638      50       1     mtd1
      76   0.491  -132.12118    0.00614    0.00614      51       1     mtd1
      77   0.501  -132.12116    0.00603    0.00603      52       1     mtd4
      78   0.514  -132.12115    0.00591    0.00591      53       1     mtd11
      79   0.523  -132.12113    0.00581    0.00581      54       1     gc
      80   0.550  -132.12109    0.00556    0.01080      55       2     mtd10
      81   0.584  -132.12103    0.00525                                mtd10
      82   0.561  -132.12107    0.00545    0.00545      56       1     mtd4
      83   0.596  -132.12101    0.00514    0.00514      57       1     mtd2
      84   0.619  -132.12098    0.00495    0.00495      58       1     mtd10
      85   0.698  -132.12085    0.00433    0.00433      59       1     hor
      86   0.733  -132.12080    0.00408    0.00408      60       1     hor
      87   0.779  -132.12072    0.00378    0.00743      61       2     hor
      88   0.799  -132.12069    0.00365                                hor
      89   0.797  -132.12069    0.00366    0.01083      62       3     hor
      90   0.803  -132.12068    0.00363                                hor
      91   0.818  -132.12066    0.00354                                hor
      92   0.821  -132.12065    0.00352    0.00352      63       1     hor
      93   0.824  -132.12065    0.00350    0.00350      64       1     hor
      94   0.833  -132.12064    0.00345    0.00689      65       2     gc
      95   0.834  -132.12064    0.00344                                hor
      96   0.839  -132.12063    0.00341    0.00341      66       1     hor
      97   0.816  -132.12066    0.00355    0.00355      67       1     hor
      98   0.840  -132.12063    0.00341    0.00676      68       2     hor
      99   0.849  -132.12061    0.00336                                hor
     100   0.851  -132.12061    0.00334    0.00334      69       1     hor
     101   0.853  -132.12060    0.00333    0.00333      70       1     hor
     102   0.862  -132.12059    0.00328    0.00656      71       2     hor
     103   0.863  -132.12059    0.00328                                hor
     104   0.863  -132.12059    0.00328    0.00979      72       3     hor
     105   0.866  -132.12058    0.00326                                hor
     106   0.869  -132.12058    0.00325                                hor
     107   0.881  -132.12056    0.00318    0.00632      73       2     hor
     108   0.890  -132.12055    0.00313                                hor
     109   0.845  -132.12062    0.00338    0.00338      74       1     hor
     110   0.861  -132.12059    0.00329    0.00654      75       2     hor
     111   0.868  -132.12058    0.00325                                hor
     112   0.896  -132.12054    0.00310    0.00929      76       3     hor
     113   0.897  -132.12053    0.00309                                hor
     114   0.897  -132.12053    0.00309                                hor
     115   0.900  -132.12053    0.00308    0.00613      77       2     hor
     116   0.906  -132.12052    0.00305                                hor
     117   0.907  -132.12052    0.00305    0.00924      78       3     hor
     118   0.882  -132.12056    0.00318                                hor
     119   0.912  -132.12051    0.00302                                hor
     120   0.916  -132.12050    0.00300    0.00300      79       1     hor
     121   0.919  -132.12050    0.00298    0.00606      80       2     hor
     122   0.901  -132.12053    0.00307                                hor
     123   0.924  -132.12049    0.00296    0.00296      81       1     hor
     124   0.926  -132.12049    0.00295    0.00295      82       1     hor
     125   0.929  -132.12048    0.00293    0.00588      83       2     hor
     126   0.927  -132.12049    0.00294                                hor
     127   0.931  -132.12048    0.00293    0.00293      84       1     hor
     128   0.935  -132.12047    0.00290    0.00871      85       3     hor
     129   0.942  -132.12046    0.00287                                hor
     130   0.929  -132.12048    0.00294                                hor
     131   0.906  -132.12052    0.00305    0.00305      86       1     hor
     132   0.944  -132.12046    0.00286    0.00286      87       1     hor
     133   0.948  -132.12045    0.00284    0.00593      88       2     hor
     134   0.898  -132.12053    0.00309                                hor
     135   0.970  -132.12042    0.00274    0.00274      89       1     hor
     136   0.907  -132.12052    0.00305    0.01162      90       4     hor
     137   0.923  -132.12049    0.00296                                hor
     138   0.938  -132.12047    0.00289                                hor
     139   0.973  -132.12041    0.00272                                hor
     140   0.977  -132.12041    0.00270    0.00270      91       1     hor
     141   0.949  -132.12045    0.00284    0.00284      92       1     hor
     142   0.967  -132.12042    0.00275    0.00545      93       2     hor
     143   0.979  -132.12040    0.00270                                hor
     144   0.979  -132.12040    0.00270    0.00536      94       2     hor
     145   0.987  -132.12039    0.00266                                hor
     146   0.988  -132.12039    0.00266    0.00266      95       1     hor
     147   0.989  -132.12039    0.00265    0.00265      96       1     hor
     148   0.998  -132.12037    0.00261    0.00261      97       1     hor
     149   0.999  -132.12037    0.00261    0.00515      98       2     hor
     150   1.014  -132.12035    0.00254                                hor
     151   1.015  -132.12035    0.00254    0.00254      99       1     hor
     152   1.015  -132.12035    0.00254    0.00254     100       1     hor
     153   1.040  -132.12031    0.00243    0.00243     101       1     hor
     154   1.045  -132.12030    0.00241    0.00241     102       1     hor
     155   1.048  -132.12029    0.00240    0.00734     103       3     hor
     156   1.011  -132.12035    0.00256                                hor
     157   1.052  -132.12029    0.00238                                hor
     158   1.052  -132.12029    0.00238    0.00238     104       1     hor
     159   1.060  -132.12027    0.00235    0.00235     105       1     hor
     160   1.062  -132.12027    0.00234    0.00234     106       1     hor
     161   1.065  -132.12027    0.00233    0.00461     107       2     hor
     162   1.079  -132.12024    0.00228                                hor
     163   1.076  -132.12025    0.00229    0.00229     108       1     hor
     164   1.093  -132.12022    0.00222    0.00222     109       1     hor
     165   1.096  -132.12022    0.00221    0.00438     110       2     hor
     166   1.109  -132.12020    0.00216                                hor
     167   1.109  -132.12020    0.00217    0.00217     111       1     hor
     168   1.125  -132.12017    0.00211    0.00211     112       1     hor
     169   1.133  -132.12016    0.00208    0.00208     113       1     hor
     170   1.149  -132.12013    0.00202    0.00202     114       1     hor
     171   1.156  -132.12012    0.00200    0.00200     115       1     hor
     172   1.184  -132.12008    0.00191    0.00191     116       1     hor
T /K                                  :   298.15
E lowest                              :  -132.12196
ensemble average energy (kcal)        :    0.427
ensemble entropy (J/mol K, cal/mol K) :   41.446    9.906
ensemble free energy (kcal/mol)       :   -2.953
population of lowest in %             :    1.405
 number of unique conformers for further calc          116
 list of relative energies saved as "crest.energies"
 
 -----------------
 Wall Time Summary
 -----------------
             test MD wall time :         0h : 0m :19s
                 MTD wall time :         0h : 1m :12s
      multilevel OPT wall time :         0h : 2m :58s
                  MD wall time :         0h : 0m :25s
                  GC wall time :         0h : 0m :15s
--------------------
Overall wall time  : 0h : 5m :21s
 
 CREST terminated normally.
