 
       ==============================================
       |                                            |
       |                 C R E S T                  |
       |                                            |
       |  Conformer-Rotamer Ensemble Sampling Tool  |
       |          based on the GFN methods          |
       |             P.Pracht, S.Grimme             |
       |          Universitaet Bonn, MCTC           |
       ==============================================
       Version 2.12,   Thu 19. Mai 16:32:32 CEST 2022
  Using the xTB program. Compatible with xTB version 6.4.0
 
   Cite work conducted with this code as

   • P.Pracht, F.Bohle, S.Grimme, PCCP, 2020, 22, 7169-7192.
   • S.Grimme, JCTC, 2019, 15, 2847-2862.

   and for works involving QCG as

   • S.Spicher, C.Plett, P.Pracht, A.Hansen, S.Grimme,
     JCTC, 2022, 18 (5), 3174-3189.
 
   with help from:
   C.Bannwarth, F.Bohle, S.Ehlert, S.Grimme,
   C.Plett, P.Pracht, S.Spicher
 
   This program is distributed in the hope that it will be useful,
   but WITHOUT ANY WARRANTY; without even the implied warranty of
   MERCHANTABILITY or FITNESS FOR A PARTICULAR PURPOSE.

 Command line input:
 > crest 00029_r_0.xyz -T 28 -gfn2 -chrg 0 -uhf 0 -rthr 0.25 -shake 1 --mdlen 0.5

  -T 28 (CPUs/Threads selected)
  -gfn2 : Use of GFN2-xTB requested.
  -chrg 0
  -uhf 0
  -rthr 0.25
  --mdlen 0.5 (MD length in ps)
 
 -------------------------
 xTB Geometry Optimization
 -------------------------
 Geometry successfully optimized.
 
------------------------------------------------
Generating MTD length from a flexibility measure
------------------------------------------------
 Calculating WBOs... done.
 Calculating NCI flexibility... done.
     covalent flexibility measure :   0.010
 non-covalent flexibility measure :   0.671
 flexibility measure :   0.040
 t(MTD) / ps set by command line  :     0.5
 t(MTD) / ps    :     0.5
 Σ(t(MTD)) / ps :     7.0 (14 MTDs)
 
-------------------------------------
Starting a trial MTD to test settings
-------------------------------------
 Estimated runtime for one MTD (0.5 ps) on a single thread: 54 sec
 Estimated runtime for a batch of 14 MTDs on 28 threads: 27 sec
 
 list of Vbias parameters applied:
$metadyn    0.00300   1.300
$metadyn    0.00150   1.300
$metadyn    0.00075   1.300
$metadyn    0.00300   0.780
$metadyn    0.00150   0.780
$metadyn    0.00075   0.780
$metadyn    0.00300   0.468
$metadyn    0.00150   0.468
$metadyn    0.00075   0.468
$metadyn    0.00300   0.281
$metadyn    0.00150   0.281
$metadyn    0.00075   0.281
$metadyn    0.00100   0.100
$metadyn    0.00500   0.800
 
*******************************************************************************************
**                        N E W    I T E R A T I O N    C Y C L E                        **
*******************************************************************************************
 
========================================
            MTD Iteration  1
========================================
 
     ========================================
     |         Meta-MD (MTD) Sampling       |
     ========================================
 
Starting Meta-MD  14 with the settings:
     MD time /ps        :     0.5
     dt /fs             :     5.0
     dumpstep(trj) /fs  :     100
     dumpstep(Vbias)/ps :     1.0
     Vbias factor k /Eh :  0.3400
     Vbias exp α /bohr⁻²:    0.80
Starting Meta-MD   2 with the settings:
     MD time /ps        :     0.5
     dt /fs             :     5.0
     dumpstep(trj) /fs  :     100
     dumpstep(Vbias)/ps :     1.0
     Vbias factor k /Eh :  0.1020
     Vbias exp α /bohr⁻²:    1.30
Starting Meta-MD   1 with the settings:
     MD time /ps        :     0.5
     dt /fs             :     5.0
     dumpstep(trj) /fs  :     100
     dumpstep(Vbias)/ps :     1.0
     Vbias factor k /Eh :  0.2040
     Vbias exp α /bohr⁻²:    1.30
Starting Meta-MD   3 with the settings:
     MD time /ps        :     0.5
     dt /fs             :     5.0
     dumpstep(trj) /fs  :     100
     dumpstep(Vbias)/ps :     1.0
     Vbias factor k /Eh :  0.0510
     Vbias exp α /bohr⁻²:    1.30
Starting Meta-MD   4 with the settings:
     MD time /ps        :     0.5
     dt /fs             :     5.0
     dumpstep(trj) /fs  :     100
     dumpstep(Vbias)/ps :     1.0
     Vbias factor k /Eh :  0.2040
     Vbias exp α /bohr⁻²:    0.78
Starting Meta-MD   6 with the settings:
     MD time /ps        :     0.5
     dt /fs             :     5.0
     dumpstep(trj) /fs  :     100
     dumpstep(Vbias)/ps :     1.0
     Vbias factor k /Eh :  0.0510
     Vbias exp α /bohr⁻²:    0.78
Starting Meta-MD   8 with the settings:
     MD time /ps        :     0.5
     dt /fs             :     5.0
     dumpstep(trj) /fs  :     100
     dumpstep(Vbias)/ps :     1.0
     Vbias factor k /Eh :  0.1020
     Vbias exp α /bohr⁻²:    0.47
Starting Meta-MD  10 with the settings:
     MD time /ps        :     0.5
     dt /fs             :     5.0
     dumpstep(trj) /fs  :     100
     dumpstep(Vbias)/ps :     1.0
     Vbias factor k /Eh :  0.2040
     Vbias exp α /bohr⁻²:    0.28
Starting Meta-MD  11 with the settings:
     MD time /ps        :     0.5
     dt /fs             :     5.0
     dumpstep(trj) /fs  :     100
     dumpstep(Vbias)/ps :     1.0
     Vbias factor k /Eh :  0.1020
     Vbias exp α /bohr⁻²:    0.28
Starting Meta-MD   7 with the settings:
     MD time /ps        :     0.5
     dt /fs             :     5.0
     dumpstep(trj) /fs  :     100
     dumpstep(Vbias)/ps :     1.0
     Vbias factor k /Eh :  0.2040
     Vbias exp α /bohr⁻²:    0.47
Starting Meta-MD   9 with the settings:
     MD time /ps        :     0.5
     dt /fs             :     5.0
     dumpstep(trj) /fs  :     100
     dumpstep(Vbias)/ps :     1.0
     Vbias factor k /Eh :  0.0510
     Vbias exp α /bohr⁻²:    0.47
Starting Meta-MD  12 with the settings:
     MD time /ps        :     0.5
     dt /fs             :     5.0
     dumpstep(trj) /fs  :     100
     dumpstep(Vbias)/ps :     1.0
     Vbias factor k /Eh :  0.0510
     Vbias exp α /bohr⁻²:    0.28
Starting Meta-MD  13 with the settings:
     MD time /ps        :     0.5
     dt /fs             :     5.0
     dumpstep(trj) /fs  :     100
     dumpstep(Vbias)/ps :     1.0
     Vbias factor k /Eh :  0.0680
     Vbias exp α /bohr⁻²:    0.10
Starting Meta-MD   5 with the settings:
     MD time /ps        :     0.5
     dt /fs             :     5.0
     dumpstep(trj) /fs  :     100
     dumpstep(Vbias)/ps :     1.0
     Vbias factor k /Eh :  0.1020
     Vbias exp α /bohr⁻²:    0.78
*Meta-MTD 5 finished*
*Meta-MTD 10 finished*
*Meta-MTD 4 finished*
*Meta-MTD 9 finished*
*Meta-MTD 2 finished*
*Meta-MTD 1 finished*
*Meta-MTD 6 finished*
*Meta-MTD 7 finished*
*Meta-MTD 13 finished*
*Meta-MTD 8 finished*
*Meta-MTD 11 finished*
*Meta-MTD 3 finished*
*Meta-MTD 14 finished*
*Meta-MTD 12 finished*
 
-----------------------
Multilevel Optimization
-----------------------
 
 -------------------------
 1. crude pre-optimization
 -------------------------
 Optimizing all 56 structures from file "crest_rotamers_0.xyz" ...
 1 2 3 4 5 6 7 8 9 10 11 12 13 14 15 16 17 18 19 20 21 22 23 24 25 26 27 28 29 30 31 32 33 34 35 36 37 38 39 40 41 42 43 44 45 46 47 48 49 50 51 52 53 54 55 56
 done.
 running RMSDs...
 done.
 E lowest :  -100.56036
 55 structures remain within    12.00 kcal/mol window
 
 -------------------------------------
 2. optimization with tight thresholds
 -------------------------------------
 Optimizing all 56 structures from file "crest_rotamers_1.xyz" ...
 1 2 3 4 5 6 7 8 9 10 11 12 13 14 15 16 17 18 19 20 21 22 23 24 25 26 27 28 29 30 31 32 33 34 35 36 37 38 39 40 41 42 43 44 45 46 47 48 49 50 51 52 53 54 55 56
 done.
 running RMSDs...
 done.
 E lowest :  -100.56158
 35 structures remain within     6.00 kcal/mol window
 
 
========================================
            MTD Iteration  2
========================================
 
     ========================================
     |         Meta-MD (MTD) Sampling       |
     ========================================
 
Starting Meta-MD   1 with the settings:
     MD time /ps        :     0.5
     dt /fs             :     5.0
     dumpstep(trj) /fs  :     100
     dumpstep(Vbias)/ps :     1.0
     Vbias factor k /Eh :  0.2040
     Vbias exp α /bohr⁻²:    1.30
Starting Meta-MD   2 with the settings:
     MD time /ps        :     0.5
     dt /fs             :     5.0
     dumpstep(trj) /fs  :     100
     dumpstep(Vbias)/ps :     1.0
     Vbias factor k /Eh :  0.1020
     Vbias exp α /bohr⁻²:    1.30
Starting Meta-MD   3 with the settings:
     MD time /ps        :     0.5
     dt /fs             :     5.0
     dumpstep(trj) /fs  :     100
     dumpstep(Vbias)/ps :     1.0
     Vbias factor k /Eh :  0.0510
     Vbias exp α /bohr⁻²:    1.30
Starting Meta-MD   4 with the settings:
     MD time /ps        :     0.5
     dt /fs             :     5.0
     dumpstep(trj) /fs  :     100
     dumpstep(Vbias)/ps :     1.0
     Vbias factor k /Eh :  0.2040
     Vbias exp α /bohr⁻²:    0.78
Starting Meta-MD   5 with the settings:
     MD time /ps        :     0.5
     dt /fs             :     5.0
     dumpstep(trj) /fs  :     100
     dumpstep(Vbias)/ps :     1.0
     Vbias factor k /Eh :  0.1020
     Vbias exp α /bohr⁻²:    0.78
Starting Meta-MD   6 with the settings:
     MD time /ps        :     0.5
     dt /fs             :     5.0
     dumpstep(trj) /fs  :     100
     dumpstep(Vbias)/ps :     1.0
     Vbias factor k /Eh :  0.0510
     Vbias exp α /bohr⁻²:    0.78
Starting Meta-MD   7 with the settings:
     MD time /ps        :     0.5
     dt /fs             :     5.0
     dumpstep(trj) /fs  :     100
     dumpstep(Vbias)/ps :     1.0
     Vbias factor k /Eh :  0.2040
     Vbias exp α /bohr⁻²:    0.47
Starting Meta-MD   9 with the settings:
     MD time /ps        :     0.5
     dt /fs             :     5.0
     dumpstep(trj) /fs  :     100
     dumpstep(Vbias)/ps :     1.0
     Vbias factor k /Eh :  0.0510
     Vbias exp α /bohr⁻²:    0.47
Starting Meta-MD   8 with the settings:
     MD time /ps        :     0.5
     dt /fs             :     5.0
     dumpstep(trj) /fs  :     100
     dumpstep(Vbias)/ps :     1.0
     Vbias factor k /Eh :  0.1020
     Vbias exp α /bohr⁻²:    0.47
Starting Meta-MD  12 with the settings:
     MD time /ps        :     0.5
     dt /fs             :     5.0
     dumpstep(trj) /fs  :     100
     dumpstep(Vbias)/ps :     1.0
     Vbias factor k /Eh :  0.0510
     Vbias exp α /bohr⁻²:    0.28
Starting Meta-MD  10 with the settings:
     MD time /ps        :     0.5
     dt /fs             :     5.0
     dumpstep(trj) /fs  :     100
     dumpstep(Vbias)/ps :     1.0
     Vbias factor k /Eh :  0.2040
     Vbias exp α /bohr⁻²:    0.28
Starting Meta-MD  11 with the settings:
     MD time /ps        :     0.5
     dt /fs             :     5.0
     dumpstep(trj) /fs  :     100
     dumpstep(Vbias)/ps :     1.0
     Vbias factor k /Eh :  0.1020
     Vbias exp α /bohr⁻²:    0.28
*Meta-MTD 7 finished*
*Meta-MTD 4 finished*
*Meta-MTD 9 finished*
*Meta-MTD 1 finished*
*Meta-MTD 5 finished*
*Meta-MTD 10 finished*
*Meta-MTD 8 finished*
*Meta-MTD 12 finished*
*Meta-MTD 11 finished*
*Meta-MTD 2 finished*
*Meta-MTD 3 finished*
*Meta-MTD 6 finished*
 
-----------------------
Multilevel Optimization
-----------------------
 
 -------------------------
 1. crude pre-optimization
 -------------------------
 Optimizing all 48 structures from file "crest_rotamers_0.xyz" ...
 1 2 3 4 5 6 7 8 9 10 11 12 13 14 15 16 17 18 19 20 21 22 23 24 25 26 27 28 29 30 31 32 33 34 35 36 37 38 39 40 41 42 43 44 45 46 47 48
 done.
 running RMSDs...
 done.
 E lowest :  -100.56099
 48 structures remain within    12.00 kcal/mol window
 
 -------------------------------------
 2. optimization with tight thresholds
 -------------------------------------
 Optimizing all 49 structures from file "crest_rotamers_1.xyz" ...
 1 2 3 4 5 6 7 8 9 10 11 12 13 14 15 16 17 18 19 20 21 22 23 24 25 26 27 28 29 30 31 32 33 34 35 36 37 38 39 40 41 42 43 44 45 46 47 48 49
 done.
 running RMSDs...
 done.
 E lowest :  -100.56159
 22 structures remain within     6.00 kcal/mol window
 
========================================
            MTD Iterations done         
========================================
 Collecting ensmbles.
 running RMSDs...
 done.
 E lowest :  -100.56159
 55 structures remain within     6.00 kcal/mol window
 
 -------------------------------
 Additional orientation sampling
 -------------------------------
 Optimizing all 42 structures from file "oh_ensemble.xyz" ...
 1 2 3 4 5 6 7 8 9 10 11 12 13 14 15 16 17 18 19 20 21 22 23 24 25 26 27 28 29 30 31 32 33 34 35 36 37 38 39 40 41 42
 done.
 running RMSDs...
 done.
 E lowest :  -100.56159
 86 structures remain within     6.00 kcal/mol window
 
-----------------------------------------------
Additional regular MDs on lowest 4 conformer(s)
-----------------------------------------------
Starting MD   1 with the settings:
     MD time /ps        :     0.2
     MD Temperature /K  :   400.0
     dt /fs             :     5.0
     dumpstep(trj) /fs  :     100
Starting MD   2 with the settings:
     MD time /ps        :     0.2
     MD Temperature /K  :   500.0
     dt /fs             :     5.0
     dumpstep(trj) /fs  :     100
Starting MD   3 with the settings:
     MD time /ps        :     0.2
     MD Temperature /K  :   400.0
     dt /fs             :     5.0
     dumpstep(trj) /fs  :     100
Starting MD   8 with the settings:
     MD time /ps        :     0.2
     MD Temperature /K  :   500.0
     dt /fs             :     5.0
     dumpstep(trj) /fs  :     100
Starting MD   4 with the settings:
     MD time /ps        :     0.2
     MD Temperature /K  :   500.0
     dt /fs             :     5.0
     dumpstep(trj) /fs  :     100
Starting MD   5 with the settings:
     MD time /ps        :     0.2
     MD Temperature /K  :   400.0
     dt /fs             :     5.0
     dumpstep(trj) /fs  :     100
Starting MD   6 with the settings:
     MD time /ps        :     0.2
     MD Temperature /K  :   500.0
     dt /fs             :     5.0
     dumpstep(trj) /fs  :     100
Starting MD   7 with the settings:
     MD time /ps        :     0.2
     MD Temperature /K  :   400.0
     dt /fs             :     5.0
     dumpstep(trj) /fs  :     100
*MD 6 finished*
*MD 7 finished*
*MD 1 finished*
*MD 5 finished*
*MD 4 finished*
*MD 3 finished*
*MD 2 finished*
*MD 8 finished*
 Appending file crest_rotamers_2.xyz with new structures
 
 -------------------------------------------
 Ensemble optimization with tight thresholds
 -------------------------------------------
 Optimizing all 102 structures from file "crest_rotamers_2.xyz" ...
 1 2 3 4 5 6 7 8 9 10 11 12 13 14 15 16 17 18 19 20 21 22 23 24 25 26 27 28 29 30 31 32 33 34 35 36 37 38 39 40 41 42 43 44 45 46 47 48 49 50 51 52 53 54 55 56 57 58 59 60 61 62 63 64 65 66 67 68 69 70 71 72 73 74 75 76 77 78 79 80 81 82 83 84 85 86 87 88 89 90 91 92 93 94 95 96 97 98 99 100 101 102
 done.
 running RMSDs...
 done.
 E lowest :  -100.56159
 90 structures remain within     6.00 kcal/mol window
 
 
     ========================================
     |        Structure Crossing (GC)       |
     ========================================
 =============================
  # threads =          28
 =============================
 input  file name : crest_rotamers_4.xyz
number of atoms                :    68
number of points on xyz files  :    90
conformer energy window  /kcal :    6.00
CN per atom difference cut-off :  0.3000
RMSD threshold                 :  0.5000
max. # of generated structures : 25
 reading xyz file ...
 # in E window                 90
 generating pairs ...        4094
 generated pairs           :        3438
 number of clash discarded :         567
 average rmsd w.r.t input  : 2.61161
 sd of ensemble            : 1.04863
 number of new structures      :          25
 removed identical structures  :          25
 writing           25  TMPCONF* dirs ...
 --------------------------
 GC: loose pre-optimization
 --------------------------
 Starting optimization of generated structures
 25 jobs to do.
 1 2 3 4 5 6 7 8 9 10 11 12 13 14 15 16 17 18 19 20 21 22 23 24 25 
 done.
 Now appending opt.xyz file with new structures
 running RMSDs...
 done.
 E lowest :  -100.56150
 24 structures remain within    10.00 kcal/mol window
 --------------------------------------
 GC: optimization with tight thresholds
 --------------------------------------
 Optimizing all 24 structures from file "crest_rotamers_1.xyz" ...
 1 2 3 4 5 6 7 8 9 10 11 12 13 14 15 16 17 18 19 20 21 22 23 24
 done.
 running RMSDs...
 done.
 E lowest :  -100.56159
 
 
   ================================================
   |           Final Geometry Optimization        |
   ================================================
 ------------------------------------------------
 Ensemble optimization with very tight thresholds
 ------------------------------------------------
 Optimizing all 110 structures from file "crest_rotamers_5.xyz" ...
 1 2 3 4 5 6 7 8 9 10 11 12 13 14 15 16 17 18 19 20 21 22 23 24 25 26 27 28 29 30 31 32 33 34 35 36 37 38 39 40 41 42 43 44 45 46 47 48 49 50 51 52 53 54 55 56 57 58 59 60 61 62 63 64 65 66 67 68 69 70 71 72 73 74 75 76 77 78 79 80 81 82 83 84 85 86 87 88 89 90 91 92 93 94 95 96 97 98 99 100 101 102 103 104 105 106 107 108 109 110
 done.
 running RMSDs...
 done.
 E lowest :  -100.56160
 107 structures remain within     6.00 kcal/mol window
 
 input  file name : crest_rotamers_6.xyz
 output file name : crest_rotamers_7.xyz
 number of atoms                :   68
 number of points on xyz files  :   110
 RMSD threshold                 :   0.2500
 Bconst threshold               :   0.0100
 population threshold           :   0.0500
 conformer energy window  /kcal :   6.0000
 # fragment in coord            :     1
 # bonds in reference structure :    73
 number of reliable points      :   110
 reference state Etot :  -100.561601060000
 number of doubles removed by rot/RMSD         :           3
 total number unique points considered further :         107
       Erel/kcal        Etot weight/tot  conformer     set   degen     origin
       1   0.000  -100.56160    0.01499    0.14677       1      10     md7
       2   0.001  -100.56160    0.01498                                md4
       3   0.001  -100.56160    0.01497                                mtd10
       4   0.007  -100.56159    0.01482                                mtd4
       5   0.021  -100.56157    0.01447                                mtd6
       6   0.008  -100.56159    0.01479                                mtd9
       7   0.023  -100.56156    0.01443                                md3
       8   0.023  -100.56156    0.01442                                mtd9
       9   0.010  -100.56159    0.01474                                mtd2
      10   0.034  -100.56155    0.01416                                mtd3
      11   0.010  -100.56159    0.01474    0.05811       2       4     md8
      12   0.011  -100.56158    0.01471                                mtd9
      13   0.039  -100.56154    0.01404                                mtd5
      14   0.016  -100.56158    0.01460                                mtd9
      15   0.020  -100.56157    0.01451    0.04272       3       3     mtd12
      16   0.049  -100.56152    0.01380                                mtd1
      17   0.023  -100.56156    0.01441                                mtd3
      18   0.059  -100.56151    0.01357    0.04093       4       3     md5
      19   0.061  -100.56150    0.01353                                md6
      20   0.048  -100.56152    0.01383                                md6
      21   0.101  -100.56144    0.01264    0.11191       5       9     gc
      22   0.106  -100.56143    0.01254                                gc
      23   0.106  -100.56143    0.01254                                mtd14
      24   0.107  -100.56143    0.01251                                mtd6
      25   0.109  -100.56143    0.01248                                mtd14
      26   0.109  -100.56143    0.01247                                gc
      27   0.123  -100.56141    0.01218                                gc
      28   0.113  -100.56142    0.01238                                gc
      29   0.124  -100.56140    0.01216                                mtd7
      30   0.131  -100.56139    0.01202    0.06000       6       5     mtd14
      31   0.121  -100.56141    0.01223                                mtd2
      32   0.121  -100.56141    0.01223                                gc
      33   0.149  -100.56136    0.01166                                mtd11
      34   0.139  -100.56138    0.01186                                mtd11
      35   0.149  -100.56136    0.01166    0.02338       7       2     gc
      36   0.146  -100.56137    0.01172                                gc
      37   0.182  -100.56131    0.01103    0.01103       8       1     mtd6
      38   0.201  -100.56128    0.01068    0.02130       9       2     gc
      39   0.204  -100.56128    0.01062                                mtd2
      40   0.207  -100.56127    0.01058    0.01058      10       1     mtd10
      41   0.227  -100.56124    0.01022    0.01022      11       1     mtd6
      42   0.283  -100.56115    0.00931    0.00931      12       1     mtd2
      43   0.297  -100.56113    0.00909    0.06282      13       7     mtd3
      44   0.297  -100.56113    0.00909                                mtd12
      45   0.298  -100.56113    0.00907                                mtd11
      46   0.304  -100.56112    0.00898                                mtd6
      47   0.299  -100.56113    0.00906                                mtd12
      48   0.318  -100.56109    0.00878                                mtd7
      49   0.318  -100.56109    0.00876                                mtd9
      50   0.321  -100.56109    0.00873    0.01746      14       2     mtd6
      51   0.320  -100.56109    0.00873                                mtd4
      52   0.330  -100.56107    0.00859    0.01711      15       2     mtd1
      53   0.335  -100.56107    0.00853                                mtd2
      54   0.340  -100.56106    0.00845    0.03454      16       4     mtd13
      55   0.299  -100.56112    0.00905                                mtd3
      56   0.349  -100.56104    0.00832                                mtd7
      57   0.321  -100.56109    0.00872                                mtd11
      58   0.340  -100.56106    0.00845    0.02619      17       3     mtd3
      59   0.322  -100.56109    0.00870                                mtd7
      60   0.300  -100.56112    0.00904                                mtd9
      61   0.302  -100.56112    0.00901    0.00901      18       1     mtd8
      62   0.325  -100.56108    0.00866    0.01672      19       2     mtd13
      63   0.368  -100.56101    0.00806                                mtd5
      64   0.387  -100.56098    0.00781    0.04494      20       6     mtd9
      65   0.417  -100.56094    0.00742                                hor
      66   0.420  -100.56093    0.00738                                hor
      67   0.427  -100.56092    0.00729                                hor
      68   0.431  -100.56091    0.00725                                hor
      69   0.388  -100.56098    0.00779                                mtd1
      70   0.408  -100.56095    0.00754    0.00754      21       1     hor
      71   0.410  -100.56095    0.00751    0.02242      22       3     hor
      72   0.414  -100.56094    0.00745                                hor
      73   0.415  -100.56094    0.00745                                hor
      74   0.450  -100.56088    0.00702    0.01400      23       2     hor
      75   0.453  -100.56088    0.00698                                hor
      76   0.458  -100.56087    0.00693    0.02062      24       3     hor
      77   0.472  -100.56085    0.00676                                hor
      78   0.458  -100.56087    0.00693                                hor
      79   0.459  -100.56087    0.00691    0.00691      25       1     hor
      80   0.501  -100.56080    0.00644    0.02563      26       4     hor
      81   0.504  -100.56080    0.00640                                hor
      82   0.505  -100.56080    0.00640                                hor
      83   0.506  -100.56079    0.00639                                hor
      84   0.513  -100.56078    0.00632    0.01261      27       2     hor
      85   0.515  -100.56078    0.00629                                hor
      86   0.536  -100.56075    0.00607    0.00607      28       1     hor
      87   0.584  -100.56067    0.00560    0.02220      29       4     hor
      88   0.585  -100.56067    0.00559                                hor
      89   0.593  -100.56066    0.00552                                gc
      90   0.596  -100.56065    0.00549                                hor
      91   0.587  -100.56067    0.00557    0.01649      30       3     hor
      92   0.591  -100.56066    0.00553                                gc
      93   0.607  -100.56063    0.00539                                gc
      94   0.600  -100.56065    0.00545    0.01080      31       2     gc
      95   0.611  -100.56063    0.00535                                gc
      96   0.610  -100.56063    0.00536    0.00536      32       1     gc
      97   0.618  -100.56062    0.00529    0.01054      33       2     gc
      98   0.621  -100.56061    0.00526                                gc
      99   0.637  -100.56059    0.00512    0.01023      34       2     hor
     100   0.638  -100.56058    0.00511                                hor
     101   0.644  -100.56057    0.00506    0.00506      35       1     hor
     102   0.648  -100.56057    0.00503    0.01496      36       3     gc
     103   0.649  -100.56057    0.00502                                gc
     104   0.661  -100.56055    0.00492                                gc
     105   0.703  -100.56048    0.00458    0.00458      37       1     hor
     106   0.705  -100.56048    0.00457    0.00457      38       1     hor
     107   0.733  -100.56043    0.00435    0.00435      39       1     hor
T /K                                  :   298.15
E lowest                              :  -100.56160
ensemble average energy (kcal)        :    0.243
ensemble entropy (J/mol K, cal/mol K) :   38.333    9.162
ensemble free energy (kcal/mol)       :   -2.732
population of lowest in %             :   14.677
 number of unique conformers for further calc           39
 list of relative energies saved as "crest.energies"
 
 -----------------
 Wall Time Summary
 -----------------
             test MD wall time :         0h : 0m :13s
                 MTD wall time :         0h : 0m :29s
      multilevel OPT wall time :         0h : 1m :25s
                  MD wall time :         0h : 0m :27s
                  GC wall time :         0h : 0m :21s
--------------------
Overall wall time  : 0h : 3m :18s
 
 CREST terminated normally.
